[2026-04-01T17:16:08.022+0000] {processor.py:161} INFO - Started process (PID=36) to work on /opt/airflow/dags/nhk_pipeline_dag.py
[2026-04-01T17:16:08.024+0000] {processor.py:830} INFO - Processing file /opt/airflow/dags/nhk_pipeline_dag.py for tasks to queue
[2026-04-01T17:16:08.026+0000] {logging_mixin.py:188} INFO - [2026-04-01T17:16:08.026+0000] {dagbag.py:545} INFO - Filling up the DagBag from /opt/airflow/dags/nhk_pipeline_dag.py
[2026-04-01T17:16:08.420+0000] {processor.py:840} INFO - DAG(s) 'kanji_counter' retrieved from /opt/airflow/dags/nhk_pipeline_dag.py
[2026-04-01T17:16:08.732+0000] {logging_mixin.py:188} INFO - [2026-04-01T17:16:08.732+0000] {override.py:1829} INFO - Created Permission View: can read on DAG:kanji_counter
[2026-04-01T17:16:08.754+0000] {logging_mixin.py:188} INFO - [2026-04-01T17:16:08.754+0000] {override.py:1829} INFO - Created Permission View: can delete on DAG:kanji_counter
[2026-04-01T17:16:08.777+0000] {logging_mixin.py:188} INFO - [2026-04-01T17:16:08.777+0000] {override.py:1829} INFO - Created Permission View: can edit on DAG:kanji_counter
[2026-04-01T17:16:08.778+0000] {logging_mixin.py:188} INFO - [2026-04-01T17:16:08.778+0000] {dag.py:3096} INFO - Sync 1 DAGs
[2026-04-01T17:16:08.789+0000] {logging_mixin.py:188} INFO - [2026-04-01T17:16:08.789+0000] {dag.py:3118} INFO - Creating ORM DAG for kanji_counter
[2026-04-01T17:16:08.799+0000] {logging_mixin.py:188} INFO - [2026-04-01T17:16:08.799+0000] {dag.py:3954} INFO - Setting next_dagrun for kanji_counter to 2026-03-31 00:00:00+00:00, run_after=2026-04-01 00:00:00+00:00
[2026-04-01T17:16:08.970+0000] {processor.py:183} INFO - Processing /opt/airflow/dags/nhk_pipeline_dag.py took 0.952 seconds
[2026-04-01T17:16:39.287+0000] {processor.py:161} INFO - Started process (PID=51) to work on /opt/airflow/dags/nhk_pipeline_dag.py
[2026-04-01T17:16:39.289+0000] {processor.py:830} INFO - Processing file /opt/airflow/dags/nhk_pipeline_dag.py for tasks to queue
[2026-04-01T17:16:39.291+0000] {logging_mixin.py:188} INFO - [2026-04-01T17:16:39.291+0000] {dagbag.py:545} INFO - Filling up the DagBag from /opt/airflow/dags/nhk_pipeline_dag.py
[2026-04-01T17:16:39.504+0000] {processor.py:840} INFO - DAG(s) 'kanji_counter' retrieved from /opt/airflow/dags/nhk_pipeline_dag.py
[2026-04-01T17:16:39.539+0000] {logging_mixin.py:188} INFO - [2026-04-01T17:16:39.539+0000] {dag.py:3096} INFO - Sync 1 DAGs
[2026-04-01T17:16:39.554+0000] {logging_mixin.py:188} INFO - [2026-04-01T17:16:39.553+0000] {dag.py:3954} INFO - Setting next_dagrun for kanji_counter to 2026-03-31 00:00:00+00:00, run_after=2026-04-01 00:00:00+00:00
[2026-04-01T17:16:39.585+0000] {processor.py:183} INFO - Processing /opt/airflow/dags/nhk_pipeline_dag.py took 0.303 seconds
[2026-04-01T17:17:09.856+0000] {processor.py:161} INFO - Started process (PID=73) to work on /opt/airflow/dags/nhk_pipeline_dag.py
[2026-04-01T17:17:09.857+0000] {processor.py:830} INFO - Processing file /opt/airflow/dags/nhk_pipeline_dag.py for tasks to queue
[2026-04-01T17:17:09.860+0000] {logging_mixin.py:188} INFO - [2026-04-01T17:17:09.859+0000] {dagbag.py:545} INFO - Filling up the DagBag from /opt/airflow/dags/nhk_pipeline_dag.py
[2026-04-01T17:17:10.062+0000] {processor.py:840} INFO - DAG(s) 'kanji_counter' retrieved from /opt/airflow/dags/nhk_pipeline_dag.py
[2026-04-01T17:17:10.103+0000] {logging_mixin.py:188} INFO - [2026-04-01T17:17:10.103+0000] {dag.py:3096} INFO - Sync 1 DAGs
[2026-04-01T17:17:10.120+0000] {logging_mixin.py:188} INFO - [2026-04-01T17:17:10.120+0000] {dag.py:3954} INFO - Setting next_dagrun for kanji_counter to 2026-03-31 00:00:00+00:00, run_after=2026-04-01 00:00:00+00:00
[2026-04-01T17:17:10.151+0000] {processor.py:183} INFO - Processing /opt/airflow/dags/nhk_pipeline_dag.py took 0.299 seconds
[2026-04-01T17:17:40.418+0000] {processor.py:161} INFO - Started process (PID=95) to work on /opt/airflow/dags/nhk_pipeline_dag.py
[2026-04-01T17:17:40.419+0000] {processor.py:830} INFO - Processing file /opt/airflow/dags/nhk_pipeline_dag.py for tasks to queue
[2026-04-01T17:17:40.422+0000] {logging_mixin.py:188} INFO - [2026-04-01T17:17:40.421+0000] {dagbag.py:545} INFO - Filling up the DagBag from /opt/airflow/dags/nhk_pipeline_dag.py
[2026-04-01T17:17:40.645+0000] {processor.py:840} INFO - DAG(s) 'kanji_counter' retrieved from /opt/airflow/dags/nhk_pipeline_dag.py
[2026-04-01T17:17:40.690+0000] {logging_mixin.py:188} INFO - [2026-04-01T17:17:40.689+0000] {dag.py:3096} INFO - Sync 1 DAGs
[2026-04-01T17:17:40.709+0000] {logging_mixin.py:188} INFO - [2026-04-01T17:17:40.709+0000] {dag.py:3954} INFO - Setting next_dagrun for kanji_counter to 2026-03-31 00:00:00+00:00, run_after=2026-04-01 00:00:00+00:00
[2026-04-01T17:17:40.739+0000] {processor.py:183} INFO - Processing /opt/airflow/dags/nhk_pipeline_dag.py took 0.326 seconds
[2026-04-01T17:18:11.014+0000] {processor.py:161} INFO - Started process (PID=110) to work on /opt/airflow/dags/nhk_pipeline_dag.py
[2026-04-01T17:18:11.015+0000] {processor.py:830} INFO - Processing file /opt/airflow/dags/nhk_pipeline_dag.py for tasks to queue
[2026-04-01T17:18:11.018+0000] {logging_mixin.py:188} INFO - [2026-04-01T17:18:11.017+0000] {dagbag.py:545} INFO - Filling up the DagBag from /opt/airflow/dags/nhk_pipeline_dag.py
[2026-04-01T17:18:11.212+0000] {processor.py:840} INFO - DAG(s) 'kanji_counter' retrieved from /opt/airflow/dags/nhk_pipeline_dag.py
[2026-04-01T17:18:11.248+0000] {logging_mixin.py:188} INFO - [2026-04-01T17:18:11.247+0000] {dag.py:3096} INFO - Sync 1 DAGs
[2026-04-01T17:18:11.263+0000] {logging_mixin.py:188} INFO - [2026-04-01T17:18:11.263+0000] {dag.py:3954} INFO - Setting next_dagrun for kanji_counter to 2026-03-31 00:00:00+00:00, run_after=2026-04-01 00:00:00+00:00
[2026-04-01T17:18:11.296+0000] {processor.py:183} INFO - Processing /opt/airflow/dags/nhk_pipeline_dag.py took 0.286 seconds
[2026-04-01T17:18:41.556+0000] {processor.py:161} INFO - Started process (PID=133) to work on /opt/airflow/dags/nhk_pipeline_dag.py
[2026-04-01T17:18:41.557+0000] {processor.py:830} INFO - Processing file /opt/airflow/dags/nhk_pipeline_dag.py for tasks to queue
[2026-04-01T17:18:41.560+0000] {logging_mixin.py:188} INFO - [2026-04-01T17:18:41.559+0000] {dagbag.py:545} INFO - Filling up the DagBag from /opt/airflow/dags/nhk_pipeline_dag.py
[2026-04-01T17:18:41.783+0000] {processor.py:840} INFO - DAG(s) 'kanji_counter' retrieved from /opt/airflow/dags/nhk_pipeline_dag.py
[2026-04-01T17:18:41.827+0000] {logging_mixin.py:188} INFO - [2026-04-01T17:18:41.827+0000] {dag.py:3096} INFO - Sync 1 DAGs
[2026-04-01T17:18:41.846+0000] {logging_mixin.py:188} INFO - [2026-04-01T17:18:41.846+0000] {dag.py:3954} INFO - Setting next_dagrun for kanji_counter to 2026-03-31 00:00:00+00:00, run_after=2026-04-01 00:00:00+00:00
[2026-04-01T17:18:42.006+0000] {processor.py:183} INFO - Processing /opt/airflow/dags/nhk_pipeline_dag.py took 0.454 seconds
[2026-04-01T17:19:12.304+0000] {processor.py:161} INFO - Started process (PID=148) to work on /opt/airflow/dags/nhk_pipeline_dag.py
[2026-04-01T17:19:12.305+0000] {processor.py:830} INFO - Processing file /opt/airflow/dags/nhk_pipeline_dag.py for tasks to queue
[2026-04-01T17:19:12.307+0000] {logging_mixin.py:188} INFO - [2026-04-01T17:19:12.307+0000] {dagbag.py:545} INFO - Filling up the DagBag from /opt/airflow/dags/nhk_pipeline_dag.py
[2026-04-01T17:19:12.510+0000] {processor.py:840} INFO - DAG(s) 'kanji_counter' retrieved from /opt/airflow/dags/nhk_pipeline_dag.py
[2026-04-01T17:19:12.548+0000] {logging_mixin.py:188} INFO - [2026-04-01T17:19:12.548+0000] {dag.py:3096} INFO - Sync 1 DAGs
[2026-04-01T17:19:12.685+0000] {logging_mixin.py:188} INFO - [2026-04-01T17:19:12.685+0000] {dag.py:3954} INFO - Setting next_dagrun for kanji_counter to 2026-03-31 00:00:00+00:00, run_after=2026-04-01 00:00:00+00:00
[2026-04-01T17:19:12.714+0000] {processor.py:183} INFO - Processing /opt/airflow/dags/nhk_pipeline_dag.py took 0.415 seconds
[2026-04-01T17:19:43.038+0000] {processor.py:161} INFO - Started process (PID=170) to work on /opt/airflow/dags/nhk_pipeline_dag.py
[2026-04-01T17:19:43.039+0000] {processor.py:830} INFO - Processing file /opt/airflow/dags/nhk_pipeline_dag.py for tasks to queue
[2026-04-01T17:19:43.041+0000] {logging_mixin.py:188} INFO - [2026-04-01T17:19:43.041+0000] {dagbag.py:545} INFO - Filling up the DagBag from /opt/airflow/dags/nhk_pipeline_dag.py
[2026-04-01T17:19:43.243+0000] {processor.py:840} INFO - DAG(s) 'kanji_counter' retrieved from /opt/airflow/dags/nhk_pipeline_dag.py
[2026-04-01T17:19:43.278+0000] {logging_mixin.py:188} INFO - [2026-04-01T17:19:43.277+0000] {dag.py:3096} INFO - Sync 1 DAGs
[2026-04-01T17:19:43.382+0000] {logging_mixin.py:188} INFO - [2026-04-01T17:19:43.382+0000] {dag.py:3954} INFO - Setting next_dagrun for kanji_counter to 2026-03-31 00:00:00+00:00, run_after=2026-04-01 00:00:00+00:00
[2026-04-01T17:19:43.412+0000] {processor.py:183} INFO - Processing /opt/airflow/dags/nhk_pipeline_dag.py took 0.378 seconds
[2026-04-01T17:20:13.732+0000] {processor.py:161} INFO - Started process (PID=185) to work on /opt/airflow/dags/nhk_pipeline_dag.py
[2026-04-01T17:20:13.733+0000] {processor.py:830} INFO - Processing file /opt/airflow/dags/nhk_pipeline_dag.py for tasks to queue
[2026-04-01T17:20:13.735+0000] {logging_mixin.py:188} INFO - [2026-04-01T17:20:13.735+0000] {dagbag.py:545} INFO - Filling up the DagBag from /opt/airflow/dags/nhk_pipeline_dag.py
[2026-04-01T17:20:13.917+0000] {processor.py:840} INFO - DAG(s) 'kanji_counter' retrieved from /opt/airflow/dags/nhk_pipeline_dag.py
[2026-04-01T17:20:14.068+0000] {logging_mixin.py:188} INFO - [2026-04-01T17:20:14.067+0000] {dag.py:3096} INFO - Sync 1 DAGs
[2026-04-01T17:20:14.081+0000] {logging_mixin.py:188} INFO - [2026-04-01T17:20:14.081+0000] {dag.py:3954} INFO - Setting next_dagrun for kanji_counter to 2026-03-31 00:00:00+00:00, run_after=2026-04-01 00:00:00+00:00
[2026-04-01T17:20:14.113+0000] {processor.py:183} INFO - Processing /opt/airflow/dags/nhk_pipeline_dag.py took 0.385 seconds
[2026-04-01T17:20:44.432+0000] {processor.py:161} INFO - Started process (PID=207) to work on /opt/airflow/dags/nhk_pipeline_dag.py
[2026-04-01T17:20:44.433+0000] {processor.py:830} INFO - Processing file /opt/airflow/dags/nhk_pipeline_dag.py for tasks to queue
[2026-04-01T17:20:44.435+0000] {logging_mixin.py:188} INFO - [2026-04-01T17:20:44.435+0000] {dagbag.py:545} INFO - Filling up the DagBag from /opt/airflow/dags/nhk_pipeline_dag.py
[2026-04-01T17:20:44.641+0000] {processor.py:840} INFO - DAG(s) 'kanji_counter' retrieved from /opt/airflow/dags/nhk_pipeline_dag.py
[2026-04-01T17:20:44.680+0000] {logging_mixin.py:188} INFO - [2026-04-01T17:20:44.680+0000] {dag.py:3096} INFO - Sync 1 DAGs
[2026-04-01T17:20:44.697+0000] {logging_mixin.py:188} INFO - [2026-04-01T17:20:44.697+0000] {dag.py:3954} INFO - Setting next_dagrun for kanji_counter to 2026-03-31 00:00:00+00:00, run_after=2026-04-01 00:00:00+00:00
[2026-04-01T17:20:44.728+0000] {processor.py:183} INFO - Processing /opt/airflow/dags/nhk_pipeline_dag.py took 0.300 seconds
[2026-04-01T17:21:15.094+0000] {processor.py:161} INFO - Started process (PID=222) to work on /opt/airflow/dags/nhk_pipeline_dag.py
[2026-04-01T17:21:15.096+0000] {processor.py:830} INFO - Processing file /opt/airflow/dags/nhk_pipeline_dag.py for tasks to queue
[2026-04-01T17:21:15.098+0000] {logging_mixin.py:188} INFO - [2026-04-01T17:21:15.098+0000] {dagbag.py:545} INFO - Filling up the DagBag from /opt/airflow/dags/nhk_pipeline_dag.py
[2026-04-01T17:21:15.435+0000] {processor.py:840} INFO - DAG(s) 'kanji_counter' retrieved from /opt/airflow/dags/nhk_pipeline_dag.py
[2026-04-01T17:21:15.473+0000] {logging_mixin.py:188} INFO - [2026-04-01T17:21:15.472+0000] {dag.py:3096} INFO - Sync 1 DAGs
[2026-04-01T17:21:15.487+0000] {logging_mixin.py:188} INFO - [2026-04-01T17:21:15.487+0000] {dag.py:3954} INFO - Setting next_dagrun for kanji_counter to 2026-03-31 00:00:00+00:00, run_after=2026-04-01 00:00:00+00:00
[2026-04-01T17:21:15.521+0000] {processor.py:183} INFO - Processing /opt/airflow/dags/nhk_pipeline_dag.py took 0.432 seconds
[2026-04-01T17:21:45.847+0000] {processor.py:161} INFO - Started process (PID=243) to work on /opt/airflow/dags/nhk_pipeline_dag.py
[2026-04-01T17:21:45.848+0000] {processor.py:830} INFO - Processing file /opt/airflow/dags/nhk_pipeline_dag.py for tasks to queue
[2026-04-01T17:21:45.850+0000] {logging_mixin.py:188} INFO - [2026-04-01T17:21:45.850+0000] {dagbag.py:545} INFO - Filling up the DagBag from /opt/airflow/dags/nhk_pipeline_dag.py
[2026-04-01T17:21:46.150+0000] {processor.py:840} INFO - DAG(s) 'kanji_counter' retrieved from /opt/airflow/dags/nhk_pipeline_dag.py
[2026-04-01T17:21:46.185+0000] {logging_mixin.py:188} INFO - [2026-04-01T17:21:46.185+0000] {dag.py:3096} INFO - Sync 1 DAGs
[2026-04-01T17:21:46.198+0000] {logging_mixin.py:188} INFO - [2026-04-01T17:21:46.198+0000] {dag.py:3954} INFO - Setting next_dagrun for kanji_counter to 2026-03-31 00:00:00+00:00, run_after=2026-04-01 00:00:00+00:00
[2026-04-01T17:21:46.225+0000] {processor.py:183} INFO - Processing /opt/airflow/dags/nhk_pipeline_dag.py took 0.382 seconds
[2026-04-01T17:22:16.567+0000] {processor.py:161} INFO - Started process (PID=265) to work on /opt/airflow/dags/nhk_pipeline_dag.py
[2026-04-01T17:22:16.568+0000] {processor.py:830} INFO - Processing file /opt/airflow/dags/nhk_pipeline_dag.py for tasks to queue
[2026-04-01T17:22:16.570+0000] {logging_mixin.py:188} INFO - [2026-04-01T17:22:16.570+0000] {dagbag.py:545} INFO - Filling up the DagBag from /opt/airflow/dags/nhk_pipeline_dag.py
[2026-04-01T17:22:16.872+0000] {processor.py:840} INFO - DAG(s) 'kanji_counter' retrieved from /opt/airflow/dags/nhk_pipeline_dag.py
[2026-04-01T17:22:16.906+0000] {logging_mixin.py:188} INFO - [2026-04-01T17:22:16.906+0000] {dag.py:3096} INFO - Sync 1 DAGs
[2026-04-01T17:22:16.920+0000] {logging_mixin.py:188} INFO - [2026-04-01T17:22:16.920+0000] {dag.py:3954} INFO - Setting next_dagrun for kanji_counter to 2026-04-01 00:00:00+00:00, run_after=2026-04-02 00:00:00+00:00
[2026-04-01T17:22:16.950+0000] {processor.py:183} INFO - Processing /opt/airflow/dags/nhk_pipeline_dag.py took 0.389 seconds
[2026-04-01T17:22:47.260+0000] {processor.py:161} INFO - Started process (PID=280) to work on /opt/airflow/dags/nhk_pipeline_dag.py
[2026-04-01T17:22:47.261+0000] {processor.py:830} INFO - Processing file /opt/airflow/dags/nhk_pipeline_dag.py for tasks to queue
[2026-04-01T17:22:47.263+0000] {logging_mixin.py:188} INFO - [2026-04-01T17:22:47.263+0000] {dagbag.py:545} INFO - Filling up the DagBag from /opt/airflow/dags/nhk_pipeline_dag.py
[2026-04-01T17:22:47.567+0000] {processor.py:840} INFO - DAG(s) 'kanji_counter' retrieved from /opt/airflow/dags/nhk_pipeline_dag.py
[2026-04-01T17:22:47.600+0000] {logging_mixin.py:188} INFO - [2026-04-01T17:22:47.600+0000] {dag.py:3096} INFO - Sync 1 DAGs
[2026-04-01T17:22:47.613+0000] {logging_mixin.py:188} INFO - [2026-04-01T17:22:47.613+0000] {dag.py:3954} INFO - Setting next_dagrun for kanji_counter to 2026-04-01 00:00:00+00:00, run_after=2026-04-02 00:00:00+00:00
[2026-04-01T17:22:47.644+0000] {processor.py:183} INFO - Processing /opt/airflow/dags/nhk_pipeline_dag.py took 0.389 seconds
[2026-04-01T17:23:17.950+0000] {processor.py:161} INFO - Started process (PID=302) to work on /opt/airflow/dags/nhk_pipeline_dag.py
[2026-04-01T17:23:17.951+0000] {processor.py:830} INFO - Processing file /opt/airflow/dags/nhk_pipeline_dag.py for tasks to queue
[2026-04-01T17:23:17.953+0000] {logging_mixin.py:188} INFO - [2026-04-01T17:23:17.953+0000] {dagbag.py:545} INFO - Filling up the DagBag from /opt/airflow/dags/nhk_pipeline_dag.py
[2026-04-01T17:23:18.137+0000] {processor.py:840} INFO - DAG(s) 'kanji_counter' retrieved from /opt/airflow/dags/nhk_pipeline_dag.py
[2026-04-01T17:23:18.288+0000] {logging_mixin.py:188} INFO - [2026-04-01T17:23:18.288+0000] {dag.py:3096} INFO - Sync 1 DAGs
[2026-04-01T17:23:18.302+0000] {logging_mixin.py:188} INFO - [2026-04-01T17:23:18.302+0000] {dag.py:3954} INFO - Setting next_dagrun for kanji_counter to 2026-04-01 00:00:00+00:00, run_after=2026-04-02 00:00:00+00:00
[2026-04-01T17:23:18.330+0000] {processor.py:183} INFO - Processing /opt/airflow/dags/nhk_pipeline_dag.py took 0.385 seconds
[2026-04-01T17:23:48.632+0000] {processor.py:161} INFO - Started process (PID=318) to work on /opt/airflow/dags/nhk_pipeline_dag.py
[2026-04-01T17:23:48.634+0000] {processor.py:830} INFO - Processing file /opt/airflow/dags/nhk_pipeline_dag.py for tasks to queue
[2026-04-01T17:23:48.636+0000] {logging_mixin.py:188} INFO - [2026-04-01T17:23:48.636+0000] {dagbag.py:545} INFO - Filling up the DagBag from /opt/airflow/dags/nhk_pipeline_dag.py
[2026-04-01T17:23:48.851+0000] {processor.py:840} INFO - DAG(s) 'kanji_counter' retrieved from /opt/airflow/dags/nhk_pipeline_dag.py
[2026-04-01T17:23:48.889+0000] {logging_mixin.py:188} INFO - [2026-04-01T17:23:48.889+0000] {dag.py:3096} INFO - Sync 1 DAGs
[2026-04-01T17:23:48.904+0000] {logging_mixin.py:188} INFO - [2026-04-01T17:23:48.904+0000] {dag.py:3954} INFO - Setting next_dagrun for kanji_counter to 2026-04-01 00:00:00+00:00, run_after=2026-04-02 00:00:00+00:00
[2026-04-01T17:23:48.937+0000] {processor.py:183} INFO - Processing /opt/airflow/dags/nhk_pipeline_dag.py took 0.310 seconds
[2026-04-01T17:24:19.243+0000] {processor.py:161} INFO - Started process (PID=340) to work on /opt/airflow/dags/nhk_pipeline_dag.py
[2026-04-01T17:24:19.244+0000] {processor.py:830} INFO - Processing file /opt/airflow/dags/nhk_pipeline_dag.py for tasks to queue
[2026-04-01T17:24:19.246+0000] {logging_mixin.py:188} INFO - [2026-04-01T17:24:19.245+0000] {dagbag.py:545} INFO - Filling up the DagBag from /opt/airflow/dags/nhk_pipeline_dag.py
[2026-04-01T17:24:19.559+0000] {processor.py:840} INFO - DAG(s) 'kanji_counter' retrieved from /opt/airflow/dags/nhk_pipeline_dag.py
[2026-04-01T17:24:19.594+0000] {logging_mixin.py:188} INFO - [2026-04-01T17:24:19.594+0000] {dag.py:3096} INFO - Sync 1 DAGs
[2026-04-01T17:24:19.608+0000] {logging_mixin.py:188} INFO - [2026-04-01T17:24:19.608+0000] {dag.py:3954} INFO - Setting next_dagrun for kanji_counter to 2026-04-01 00:00:00+00:00, run_after=2026-04-02 00:00:00+00:00
[2026-04-01T17:24:19.634+0000] {processor.py:183} INFO - Processing /opt/airflow/dags/nhk_pipeline_dag.py took 0.396 seconds
[2026-04-01T17:24:49.920+0000] {processor.py:161} INFO - Started process (PID=355) to work on /opt/airflow/dags/nhk_pipeline_dag.py
[2026-04-01T17:24:49.922+0000] {processor.py:830} INFO - Processing file /opt/airflow/dags/nhk_pipeline_dag.py for tasks to queue
[2026-04-01T17:24:49.926+0000] {logging_mixin.py:188} INFO - [2026-04-01T17:24:49.925+0000] {dagbag.py:545} INFO - Filling up the DagBag from /opt/airflow/dags/nhk_pipeline_dag.py
[2026-04-01T17:24:50.376+0000] {processor.py:840} INFO - DAG(s) 'kanji_counter' retrieved from /opt/airflow/dags/nhk_pipeline_dag.py
[2026-04-01T17:24:50.428+0000] {logging_mixin.py:188} INFO - [2026-04-01T17:24:50.428+0000] {dag.py:3096} INFO - Sync 1 DAGs
[2026-04-01T17:24:50.450+0000] {logging_mixin.py:188} INFO - [2026-04-01T17:24:50.450+0000] {dag.py:3954} INFO - Setting next_dagrun for kanji_counter to 2026-04-01 00:00:00+00:00, run_after=2026-04-02 00:00:00+00:00
[2026-04-01T17:24:50.486+0000] {processor.py:183} INFO - Processing /opt/airflow/dags/nhk_pipeline_dag.py took 0.577 seconds
[2026-04-01T17:25:20.762+0000] {processor.py:161} INFO - Started process (PID=376) to work on /opt/airflow/dags/nhk_pipeline_dag.py
[2026-04-01T17:25:20.763+0000] {processor.py:830} INFO - Processing file /opt/airflow/dags/nhk_pipeline_dag.py for tasks to queue
[2026-04-01T17:25:20.765+0000] {logging_mixin.py:188} INFO - [2026-04-01T17:25:20.764+0000] {dagbag.py:545} INFO - Filling up the DagBag from /opt/airflow/dags/nhk_pipeline_dag.py
[2026-04-01T17:25:21.186+0000] {processor.py:840} INFO - DAG(s) 'kanji_counter' retrieved from /opt/airflow/dags/nhk_pipeline_dag.py
[2026-04-01T17:25:21.228+0000] {logging_mixin.py:188} INFO - [2026-04-01T17:25:21.228+0000] {dag.py:3096} INFO - Sync 1 DAGs
[2026-04-01T17:25:21.246+0000] {logging_mixin.py:188} INFO - [2026-04-01T17:25:21.246+0000] {dag.py:3954} INFO - Setting next_dagrun for kanji_counter to 2026-04-01 00:00:00+00:00, run_after=2026-04-02 00:00:00+00:00
[2026-04-01T17:25:21.282+0000] {processor.py:183} INFO - Processing /opt/airflow/dags/nhk_pipeline_dag.py took 0.525 seconds
[2026-04-01T17:25:51.571+0000] {processor.py:161} INFO - Started process (PID=391) to work on /opt/airflow/dags/nhk_pipeline_dag.py
[2026-04-01T17:25:51.573+0000] {processor.py:830} INFO - Processing file /opt/airflow/dags/nhk_pipeline_dag.py for tasks to queue
[2026-04-01T17:25:51.576+0000] {logging_mixin.py:188} INFO - [2026-04-01T17:25:51.576+0000] {dagbag.py:545} INFO - Filling up the DagBag from /opt/airflow/dags/nhk_pipeline_dag.py
[2026-04-01T17:25:51.993+0000] {processor.py:840} INFO - DAG(s) 'kanji_counter' retrieved from /opt/airflow/dags/nhk_pipeline_dag.py
[2026-04-01T17:25:52.033+0000] {logging_mixin.py:188} INFO - [2026-04-01T17:25:52.033+0000] {dag.py:3096} INFO - Sync 1 DAGs
[2026-04-01T17:25:52.054+0000] {logging_mixin.py:188} INFO - [2026-04-01T17:25:52.054+0000] {dag.py:3954} INFO - Setting next_dagrun for kanji_counter to 2026-04-01 00:00:00+00:00, run_after=2026-04-02 00:00:00+00:00
[2026-04-01T17:25:52.085+0000] {processor.py:183} INFO - Processing /opt/airflow/dags/nhk_pipeline_dag.py took 0.519 seconds
[2026-04-01T17:26:22.386+0000] {processor.py:161} INFO - Started process (PID=413) to work on /opt/airflow/dags/nhk_pipeline_dag.py
[2026-04-01T17:26:22.387+0000] {processor.py:830} INFO - Processing file /opt/airflow/dags/nhk_pipeline_dag.py for tasks to queue
[2026-04-01T17:26:22.389+0000] {logging_mixin.py:188} INFO - [2026-04-01T17:26:22.389+0000] {dagbag.py:545} INFO - Filling up the DagBag from /opt/airflow/dags/nhk_pipeline_dag.py
[2026-04-01T17:26:22.604+0000] {processor.py:840} INFO - DAG(s) 'kanji_counter' retrieved from /opt/airflow/dags/nhk_pipeline_dag.py
[2026-04-01T17:26:22.838+0000] {logging_mixin.py:188} INFO - [2026-04-01T17:26:22.838+0000] {dag.py:3096} INFO - Sync 1 DAGs
[2026-04-01T17:26:22.863+0000] {logging_mixin.py:188} INFO - [2026-04-01T17:26:22.862+0000] {dag.py:3954} INFO - Setting next_dagrun for kanji_counter to 2026-04-01 00:00:00+00:00, run_after=2026-04-02 00:00:00+00:00
[2026-04-01T17:26:22.903+0000] {processor.py:183} INFO - Processing /opt/airflow/dags/nhk_pipeline_dag.py took 0.522 seconds
[2026-04-01T17:26:53.265+0000] {processor.py:161} INFO - Started process (PID=428) to work on /opt/airflow/dags/nhk_pipeline_dag.py
[2026-04-01T17:26:53.267+0000] {processor.py:830} INFO - Processing file /opt/airflow/dags/nhk_pipeline_dag.py for tasks to queue
[2026-04-01T17:26:53.269+0000] {logging_mixin.py:188} INFO - [2026-04-01T17:26:53.269+0000] {dagbag.py:545} INFO - Filling up the DagBag from /opt/airflow/dags/nhk_pipeline_dag.py
[2026-04-01T17:26:53.459+0000] {processor.py:840} INFO - DAG(s) 'kanji_counter' retrieved from /opt/airflow/dags/nhk_pipeline_dag.py
[2026-04-01T17:26:53.495+0000] {logging_mixin.py:188} INFO - [2026-04-01T17:26:53.495+0000] {dag.py:3096} INFO - Sync 1 DAGs
[2026-04-01T17:26:53.509+0000] {logging_mixin.py:188} INFO - [2026-04-01T17:26:53.509+0000] {dag.py:3954} INFO - Setting next_dagrun for kanji_counter to 2026-04-01 00:00:00+00:00, run_after=2026-04-02 00:00:00+00:00
[2026-04-01T17:26:53.537+0000] {processor.py:183} INFO - Processing /opt/airflow/dags/nhk_pipeline_dag.py took 0.278 seconds
[2026-04-01T17:27:23.819+0000] {processor.py:161} INFO - Started process (PID=449) to work on /opt/airflow/dags/nhk_pipeline_dag.py
[2026-04-01T17:27:23.820+0000] {processor.py:830} INFO - Processing file /opt/airflow/dags/nhk_pipeline_dag.py for tasks to queue
[2026-04-01T17:27:23.822+0000] {logging_mixin.py:188} INFO - [2026-04-01T17:27:23.821+0000] {dagbag.py:545} INFO - Filling up the DagBag from /opt/airflow/dags/nhk_pipeline_dag.py
[2026-04-01T17:27:24.154+0000] {processor.py:840} INFO - DAG(s) 'kanji_counter' retrieved from /opt/airflow/dags/nhk_pipeline_dag.py
[2026-04-01T17:27:24.184+0000] {logging_mixin.py:188} INFO - [2026-04-01T17:27:24.184+0000] {dag.py:3096} INFO - Sync 1 DAGs
[2026-04-01T17:27:24.196+0000] {logging_mixin.py:188} INFO - [2026-04-01T17:27:24.195+0000] {dag.py:3954} INFO - Setting next_dagrun for kanji_counter to 2026-04-01 00:00:00+00:00, run_after=2026-04-02 00:00:00+00:00
[2026-04-01T17:27:24.225+0000] {processor.py:183} INFO - Processing /opt/airflow/dags/nhk_pipeline_dag.py took 0.410 seconds
[2026-04-01T17:27:54.545+0000] {processor.py:161} INFO - Started process (PID=471) to work on /opt/airflow/dags/nhk_pipeline_dag.py
[2026-04-01T17:27:54.546+0000] {processor.py:830} INFO - Processing file /opt/airflow/dags/nhk_pipeline_dag.py for tasks to queue
[2026-04-01T17:27:54.548+0000] {logging_mixin.py:188} INFO - [2026-04-01T17:27:54.548+0000] {dagbag.py:545} INFO - Filling up the DagBag from /opt/airflow/dags/nhk_pipeline_dag.py
[2026-04-01T17:27:54.906+0000] {processor.py:840} INFO - DAG(s) 'kanji_counter' retrieved from /opt/airflow/dags/nhk_pipeline_dag.py
[2026-04-01T17:27:54.939+0000] {logging_mixin.py:188} INFO - [2026-04-01T17:27:54.939+0000] {dag.py:3096} INFO - Sync 1 DAGs
[2026-04-01T17:27:54.951+0000] {logging_mixin.py:188} INFO - [2026-04-01T17:27:54.951+0000] {dag.py:3954} INFO - Setting next_dagrun for kanji_counter to 2026-04-01 00:00:00+00:00, run_after=2026-04-02 00:00:00+00:00
[2026-04-01T17:27:54.983+0000] {processor.py:183} INFO - Processing /opt/airflow/dags/nhk_pipeline_dag.py took 0.443 seconds
[2026-04-01T17:28:25.309+0000] {processor.py:161} INFO - Started process (PID=486) to work on /opt/airflow/dags/nhk_pipeline_dag.py
[2026-04-01T17:28:25.311+0000] {processor.py:830} INFO - Processing file /opt/airflow/dags/nhk_pipeline_dag.py for tasks to queue
[2026-04-01T17:28:25.313+0000] {logging_mixin.py:188} INFO - [2026-04-01T17:28:25.312+0000] {dagbag.py:545} INFO - Filling up the DagBag from /opt/airflow/dags/nhk_pipeline_dag.py
[2026-04-01T17:28:25.635+0000] {processor.py:840} INFO - DAG(s) 'kanji_counter' retrieved from /opt/airflow/dags/nhk_pipeline_dag.py
[2026-04-01T17:28:25.667+0000] {logging_mixin.py:188} INFO - [2026-04-01T17:28:25.666+0000] {dag.py:3096} INFO - Sync 1 DAGs
[2026-04-01T17:28:25.679+0000] {logging_mixin.py:188} INFO - [2026-04-01T17:28:25.679+0000] {dag.py:3954} INFO - Setting next_dagrun for kanji_counter to 2026-04-01 00:00:00+00:00, run_after=2026-04-02 00:00:00+00:00
[2026-04-01T17:28:25.709+0000] {processor.py:183} INFO - Processing /opt/airflow/dags/nhk_pipeline_dag.py took 0.404 seconds
[2026-04-01T17:28:56.036+0000] {processor.py:161} INFO - Started process (PID=508) to work on /opt/airflow/dags/nhk_pipeline_dag.py
[2026-04-01T17:28:56.037+0000] {processor.py:830} INFO - Processing file /opt/airflow/dags/nhk_pipeline_dag.py for tasks to queue
[2026-04-01T17:28:56.039+0000] {logging_mixin.py:188} INFO - [2026-04-01T17:28:56.039+0000] {dagbag.py:545} INFO - Filling up the DagBag from /opt/airflow/dags/nhk_pipeline_dag.py
[2026-04-01T17:28:56.346+0000] {processor.py:840} INFO - DAG(s) 'kanji_counter' retrieved from /opt/airflow/dags/nhk_pipeline_dag.py
[2026-04-01T17:28:56.380+0000] {logging_mixin.py:188} INFO - [2026-04-01T17:28:56.380+0000] {dag.py:3096} INFO - Sync 1 DAGs
[2026-04-01T17:28:56.395+0000] {logging_mixin.py:188} INFO - [2026-04-01T17:28:56.394+0000] {dag.py:3954} INFO - Setting next_dagrun for kanji_counter to 2026-04-01 00:00:00+00:00, run_after=2026-04-02 00:00:00+00:00
[2026-04-01T17:28:56.422+0000] {processor.py:183} INFO - Processing /opt/airflow/dags/nhk_pipeline_dag.py took 0.392 seconds
[2026-04-01T17:29:26.746+0000] {processor.py:161} INFO - Started process (PID=523) to work on /opt/airflow/dags/nhk_pipeline_dag.py
[2026-04-01T17:29:26.747+0000] {processor.py:830} INFO - Processing file /opt/airflow/dags/nhk_pipeline_dag.py for tasks to queue
[2026-04-01T17:29:26.749+0000] {logging_mixin.py:188} INFO - [2026-04-01T17:29:26.749+0000] {dagbag.py:545} INFO - Filling up the DagBag from /opt/airflow/dags/nhk_pipeline_dag.py
[2026-04-01T17:29:26.961+0000] {processor.py:840} INFO - DAG(s) 'kanji_counter' retrieved from /opt/airflow/dags/nhk_pipeline_dag.py
[2026-04-01T17:29:27.000+0000] {logging_mixin.py:188} INFO - [2026-04-01T17:29:26.999+0000] {dag.py:3096} INFO - Sync 1 DAGs
[2026-04-01T17:29:27.122+0000] {logging_mixin.py:188} INFO - [2026-04-01T17:29:27.121+0000] {dag.py:3954} INFO - Setting next_dagrun for kanji_counter to 2026-04-01 00:00:00+00:00, run_after=2026-04-02 00:00:00+00:00
[2026-04-01T17:29:27.148+0000] {processor.py:183} INFO - Processing /opt/airflow/dags/nhk_pipeline_dag.py took 0.408 seconds
[2026-04-01T17:29:57.478+0000] {processor.py:161} INFO - Started process (PID=544) to work on /opt/airflow/dags/nhk_pipeline_dag.py
[2026-04-01T17:29:57.480+0000] {processor.py:830} INFO - Processing file /opt/airflow/dags/nhk_pipeline_dag.py for tasks to queue
[2026-04-01T17:29:57.482+0000] {logging_mixin.py:188} INFO - [2026-04-01T17:29:57.481+0000] {dagbag.py:545} INFO - Filling up the DagBag from /opt/airflow/dags/nhk_pipeline_dag.py
[2026-04-01T17:29:57.702+0000] {processor.py:840} INFO - DAG(s) 'kanji_counter' retrieved from /opt/airflow/dags/nhk_pipeline_dag.py
[2026-04-01T17:29:57.842+0000] {logging_mixin.py:188} INFO - [2026-04-01T17:29:57.842+0000] {dag.py:3096} INFO - Sync 1 DAGs
[2026-04-01T17:29:57.854+0000] {logging_mixin.py:188} INFO - [2026-04-01T17:29:57.854+0000] {dag.py:3954} INFO - Setting next_dagrun for kanji_counter to 2026-04-01 00:00:00+00:00, run_after=2026-04-02 00:00:00+00:00
[2026-04-01T17:29:57.886+0000] {processor.py:183} INFO - Processing /opt/airflow/dags/nhk_pipeline_dag.py took 0.412 seconds
[2026-04-01T17:30:28.206+0000] {processor.py:161} INFO - Started process (PID=566) to work on /opt/airflow/dags/nhk_pipeline_dag.py
[2026-04-01T17:30:28.207+0000] {processor.py:830} INFO - Processing file /opt/airflow/dags/nhk_pipeline_dag.py for tasks to queue
[2026-04-01T17:30:28.210+0000] {logging_mixin.py:188} INFO - [2026-04-01T17:30:28.209+0000] {dagbag.py:545} INFO - Filling up the DagBag from /opt/airflow/dags/nhk_pipeline_dag.py
[2026-04-01T17:30:28.429+0000] {processor.py:840} INFO - DAG(s) 'kanji_counter' retrieved from /opt/airflow/dags/nhk_pipeline_dag.py
[2026-04-01T17:30:28.472+0000] {logging_mixin.py:188} INFO - [2026-04-01T17:30:28.472+0000] {dag.py:3096} INFO - Sync 1 DAGs
[2026-04-01T17:30:28.492+0000] {logging_mixin.py:188} INFO - [2026-04-01T17:30:28.491+0000] {dag.py:3954} INFO - Setting next_dagrun for kanji_counter to 2026-04-01 00:00:00+00:00, run_after=2026-04-02 00:00:00+00:00
[2026-04-01T17:30:28.523+0000] {processor.py:183} INFO - Processing /opt/airflow/dags/nhk_pipeline_dag.py took 0.324 seconds
[2026-04-01T17:30:58.807+0000] {processor.py:161} INFO - Started process (PID=581) to work on /opt/airflow/dags/nhk_pipeline_dag.py
[2026-04-01T17:30:58.808+0000] {processor.py:830} INFO - Processing file /opt/airflow/dags/nhk_pipeline_dag.py for tasks to queue
[2026-04-01T17:30:58.810+0000] {logging_mixin.py:188} INFO - [2026-04-01T17:30:58.810+0000] {dagbag.py:545} INFO - Filling up the DagBag from /opt/airflow/dags/nhk_pipeline_dag.py
[2026-04-01T17:30:59.127+0000] {processor.py:840} INFO - DAG(s) 'kanji_counter' retrieved from /opt/airflow/dags/nhk_pipeline_dag.py
[2026-04-01T17:30:59.158+0000] {logging_mixin.py:188} INFO - [2026-04-01T17:30:59.158+0000] {dag.py:3096} INFO - Sync 1 DAGs
[2026-04-01T17:30:59.170+0000] {logging_mixin.py:188} INFO - [2026-04-01T17:30:59.170+0000] {dag.py:3954} INFO - Setting next_dagrun for kanji_counter to 2026-04-01 00:00:00+00:00, run_after=2026-04-02 00:00:00+00:00
[2026-04-01T17:30:59.198+0000] {processor.py:183} INFO - Processing /opt/airflow/dags/nhk_pipeline_dag.py took 0.397 seconds
[2026-04-01T17:31:29.610+0000] {processor.py:161} INFO - Started process (PID=603) to work on /opt/airflow/dags/nhk_pipeline_dag.py
[2026-04-01T17:31:29.612+0000] {processor.py:830} INFO - Processing file /opt/airflow/dags/nhk_pipeline_dag.py for tasks to queue
[2026-04-01T17:31:29.614+0000] {logging_mixin.py:188} INFO - [2026-04-01T17:31:29.614+0000] {dagbag.py:545} INFO - Filling up the DagBag from /opt/airflow/dags/nhk_pipeline_dag.py
[2026-04-01T17:31:29.955+0000] {processor.py:840} INFO - DAG(s) 'kanji_counter' retrieved from /opt/airflow/dags/nhk_pipeline_dag.py
[2026-04-01T17:31:29.984+0000] {logging_mixin.py:188} INFO - [2026-04-01T17:31:29.984+0000] {dag.py:3096} INFO - Sync 1 DAGs
[2026-04-01T17:31:29.995+0000] {logging_mixin.py:188} INFO - [2026-04-01T17:31:29.995+0000] {dag.py:3954} INFO - Setting next_dagrun for kanji_counter to 2026-04-01 00:00:00+00:00, run_after=2026-04-02 00:00:00+00:00
[2026-04-01T17:31:30.031+0000] {processor.py:183} INFO - Processing /opt/airflow/dags/nhk_pipeline_dag.py took 0.428 seconds
[2026-04-01T17:32:00.322+0000] {processor.py:161} INFO - Started process (PID=618) to work on /opt/airflow/dags/nhk_pipeline_dag.py
[2026-04-01T17:32:00.323+0000] {processor.py:830} INFO - Processing file /opt/airflow/dags/nhk_pipeline_dag.py for tasks to queue
[2026-04-01T17:32:00.325+0000] {logging_mixin.py:188} INFO - [2026-04-01T17:32:00.325+0000] {dagbag.py:545} INFO - Filling up the DagBag from /opt/airflow/dags/nhk_pipeline_dag.py
[2026-04-01T17:32:00.674+0000] {processor.py:840} INFO - DAG(s) 'kanji_counter' retrieved from /opt/airflow/dags/nhk_pipeline_dag.py
[2026-04-01T17:32:00.711+0000] {logging_mixin.py:188} INFO - [2026-04-01T17:32:00.710+0000] {dag.py:3096} INFO - Sync 1 DAGs
[2026-04-01T17:32:00.725+0000] {logging_mixin.py:188} INFO - [2026-04-01T17:32:00.725+0000] {dag.py:3954} INFO - Setting next_dagrun for kanji_counter to 2026-04-01 00:00:00+00:00, run_after=2026-04-02 00:00:00+00:00
[2026-04-01T17:32:00.757+0000] {processor.py:183} INFO - Processing /opt/airflow/dags/nhk_pipeline_dag.py took 0.439 seconds
[2026-04-01T17:32:31.057+0000] {processor.py:161} INFO - Started process (PID=640) to work on /opt/airflow/dags/nhk_pipeline_dag.py
[2026-04-01T17:32:31.059+0000] {processor.py:830} INFO - Processing file /opt/airflow/dags/nhk_pipeline_dag.py for tasks to queue
[2026-04-01T17:32:31.060+0000] {logging_mixin.py:188} INFO - [2026-04-01T17:32:31.060+0000] {dagbag.py:545} INFO - Filling up the DagBag from /opt/airflow/dags/nhk_pipeline_dag.py
[2026-04-01T17:32:31.273+0000] {processor.py:840} INFO - DAG(s) 'kanji_counter' retrieved from /opt/airflow/dags/nhk_pipeline_dag.py
[2026-04-01T17:32:31.433+0000] {logging_mixin.py:188} INFO - [2026-04-01T17:32:31.432+0000] {dag.py:3096} INFO - Sync 1 DAGs
[2026-04-01T17:32:31.451+0000] {logging_mixin.py:188} INFO - [2026-04-01T17:32:31.451+0000] {dag.py:3954} INFO - Setting next_dagrun for kanji_counter to 2026-04-01 00:00:00+00:00, run_after=2026-04-02 00:00:00+00:00
[2026-04-01T17:32:31.481+0000] {processor.py:183} INFO - Processing /opt/airflow/dags/nhk_pipeline_dag.py took 0.428 seconds
[2026-04-01T17:33:01.782+0000] {processor.py:161} INFO - Started process (PID=655) to work on /opt/airflow/dags/nhk_pipeline_dag.py
[2026-04-01T17:33:01.784+0000] {processor.py:830} INFO - Processing file /opt/airflow/dags/nhk_pipeline_dag.py for tasks to queue
[2026-04-01T17:33:01.785+0000] {logging_mixin.py:188} INFO - [2026-04-01T17:33:01.785+0000] {dagbag.py:545} INFO - Filling up the DagBag from /opt/airflow/dags/nhk_pipeline_dag.py
[2026-04-01T17:33:01.990+0000] {processor.py:840} INFO - DAG(s) 'kanji_counter' retrieved from /opt/airflow/dags/nhk_pipeline_dag.py
[2026-04-01T17:33:02.030+0000] {logging_mixin.py:188} INFO - [2026-04-01T17:33:02.029+0000] {dag.py:3096} INFO - Sync 1 DAGs
[2026-04-01T17:33:02.045+0000] {logging_mixin.py:188} INFO - [2026-04-01T17:33:02.045+0000] {dag.py:3954} INFO - Setting next_dagrun for kanji_counter to 2026-04-01 00:00:00+00:00, run_after=2026-04-02 00:00:00+00:00
[2026-04-01T17:33:02.071+0000] {processor.py:183} INFO - Processing /opt/airflow/dags/nhk_pipeline_dag.py took 0.294 seconds
[2026-04-01T17:33:32.354+0000] {processor.py:161} INFO - Started process (PID=677) to work on /opt/airflow/dags/nhk_pipeline_dag.py
[2026-04-01T17:33:32.356+0000] {processor.py:830} INFO - Processing file /opt/airflow/dags/nhk_pipeline_dag.py for tasks to queue
[2026-04-01T17:33:32.357+0000] {logging_mixin.py:188} INFO - [2026-04-01T17:33:32.357+0000] {dagbag.py:545} INFO - Filling up the DagBag from /opt/airflow/dags/nhk_pipeline_dag.py
[2026-04-01T17:33:32.611+0000] {processor.py:840} INFO - DAG(s) 'kanji_counter' retrieved from /opt/airflow/dags/nhk_pipeline_dag.py
[2026-04-01T17:33:32.645+0000] {logging_mixin.py:188} INFO - [2026-04-01T17:33:32.645+0000] {dag.py:3096} INFO - Sync 1 DAGs
[2026-04-01T17:33:32.660+0000] {logging_mixin.py:188} INFO - [2026-04-01T17:33:32.660+0000] {dag.py:3954} INFO - Setting next_dagrun for kanji_counter to 2026-04-01 00:00:00+00:00, run_after=2026-04-02 00:00:00+00:00
[2026-04-01T17:33:32.691+0000] {processor.py:183} INFO - Processing /opt/airflow/dags/nhk_pipeline_dag.py took 0.341 seconds
[2026-04-01T17:34:02.977+0000] {processor.py:161} INFO - Started process (PID=692) to work on /opt/airflow/dags/nhk_pipeline_dag.py
[2026-04-01T17:34:02.978+0000] {processor.py:830} INFO - Processing file /opt/airflow/dags/nhk_pipeline_dag.py for tasks to queue
[2026-04-01T17:34:02.979+0000] {logging_mixin.py:188} INFO - [2026-04-01T17:34:02.979+0000] {dagbag.py:545} INFO - Filling up the DagBag from /opt/airflow/dags/nhk_pipeline_dag.py
[2026-04-01T17:34:03.323+0000] {processor.py:840} INFO - DAG(s) 'kanji_counter' retrieved from /opt/airflow/dags/nhk_pipeline_dag.py
[2026-04-01T17:34:03.366+0000] {logging_mixin.py:188} INFO - [2026-04-01T17:34:03.365+0000] {dag.py:3096} INFO - Sync 1 DAGs
[2026-04-01T17:34:03.386+0000] {logging_mixin.py:188} INFO - [2026-04-01T17:34:03.386+0000] {dag.py:3954} INFO - Setting next_dagrun for kanji_counter to 2026-04-01 00:00:00+00:00, run_after=2026-04-02 00:00:00+00:00
[2026-04-01T17:34:03.421+0000] {processor.py:183} INFO - Processing /opt/airflow/dags/nhk_pipeline_dag.py took 0.449 seconds
[2026-04-01T17:34:33.768+0000] {processor.py:161} INFO - Started process (PID=714) to work on /opt/airflow/dags/nhk_pipeline_dag.py
[2026-04-01T17:34:33.769+0000] {processor.py:830} INFO - Processing file /opt/airflow/dags/nhk_pipeline_dag.py for tasks to queue
[2026-04-01T17:34:33.770+0000] {logging_mixin.py:188} INFO - [2026-04-01T17:34:33.770+0000] {dagbag.py:545} INFO - Filling up the DagBag from /opt/airflow/dags/nhk_pipeline_dag.py
[2026-04-01T17:34:34.070+0000] {processor.py:840} INFO - DAG(s) 'kanji_counter' retrieved from /opt/airflow/dags/nhk_pipeline_dag.py
[2026-04-01T17:34:34.104+0000] {logging_mixin.py:188} INFO - [2026-04-01T17:34:34.104+0000] {dag.py:3096} INFO - Sync 1 DAGs
[2026-04-01T17:34:34.117+0000] {logging_mixin.py:188} INFO - [2026-04-01T17:34:34.117+0000] {dag.py:3954} INFO - Setting next_dagrun for kanji_counter to 2026-04-01 00:00:00+00:00, run_after=2026-04-02 00:00:00+00:00
[2026-04-01T17:34:34.143+0000] {processor.py:183} INFO - Processing /opt/airflow/dags/nhk_pipeline_dag.py took 0.380 seconds
[2026-04-01T17:35:04.476+0000] {processor.py:161} INFO - Started process (PID=736) to work on /opt/airflow/dags/nhk_pipeline_dag.py
[2026-04-01T17:35:04.478+0000] {processor.py:830} INFO - Processing file /opt/airflow/dags/nhk_pipeline_dag.py for tasks to queue
[2026-04-01T17:35:04.481+0000] {logging_mixin.py:188} INFO - [2026-04-01T17:35:04.480+0000] {dagbag.py:545} INFO - Filling up the DagBag from /opt/airflow/dags/nhk_pipeline_dag.py
[2026-04-01T17:35:04.778+0000] {processor.py:840} INFO - DAG(s) 'kanji_counter' retrieved from /opt/airflow/dags/nhk_pipeline_dag.py
[2026-04-01T17:35:04.806+0000] {logging_mixin.py:188} INFO - [2026-04-01T17:35:04.806+0000] {dag.py:3096} INFO - Sync 1 DAGs
[2026-04-01T17:35:04.818+0000] {logging_mixin.py:188} INFO - [2026-04-01T17:35:04.818+0000] {dag.py:3954} INFO - Setting next_dagrun for kanji_counter to 2026-04-01 00:00:00+00:00, run_after=2026-04-02 00:00:00+00:00
[2026-04-01T17:35:04.848+0000] {processor.py:183} INFO - Processing /opt/airflow/dags/nhk_pipeline_dag.py took 0.377 seconds
[2026-04-01T17:35:35.166+0000] {processor.py:161} INFO - Started process (PID=751) to work on /opt/airflow/dags/nhk_pipeline_dag.py
[2026-04-01T17:35:35.167+0000] {processor.py:830} INFO - Processing file /opt/airflow/dags/nhk_pipeline_dag.py for tasks to queue
[2026-04-01T17:35:35.170+0000] {logging_mixin.py:188} INFO - [2026-04-01T17:35:35.169+0000] {dagbag.py:545} INFO - Filling up the DagBag from /opt/airflow/dags/nhk_pipeline_dag.py
[2026-04-01T17:35:35.373+0000] {processor.py:840} INFO - DAG(s) 'kanji_counter' retrieved from /opt/airflow/dags/nhk_pipeline_dag.py
[2026-04-01T17:35:35.415+0000] {logging_mixin.py:188} INFO - [2026-04-01T17:35:35.415+0000] {dag.py:3096} INFO - Sync 1 DAGs
[2026-04-01T17:35:35.552+0000] {logging_mixin.py:188} INFO - [2026-04-01T17:35:35.552+0000] {dag.py:3954} INFO - Setting next_dagrun for kanji_counter to 2026-04-01 00:00:00+00:00, run_after=2026-04-02 00:00:00+00:00
[2026-04-01T17:35:35.586+0000] {processor.py:183} INFO - Processing /opt/airflow/dags/nhk_pipeline_dag.py took 0.426 seconds
[2026-04-01T17:36:05.889+0000] {processor.py:161} INFO - Started process (PID=773) to work on /opt/airflow/dags/nhk_pipeline_dag.py
[2026-04-01T17:36:05.890+0000] {processor.py:830} INFO - Processing file /opt/airflow/dags/nhk_pipeline_dag.py for tasks to queue
[2026-04-01T17:36:05.892+0000] {logging_mixin.py:188} INFO - [2026-04-01T17:36:05.892+0000] {dagbag.py:545} INFO - Filling up the DagBag from /opt/airflow/dags/nhk_pipeline_dag.py
[2026-04-01T17:36:06.092+0000] {processor.py:840} INFO - DAG(s) 'kanji_counter' retrieved from /opt/airflow/dags/nhk_pipeline_dag.py
[2026-04-01T17:36:06.244+0000] {logging_mixin.py:188} INFO - [2026-04-01T17:36:06.243+0000] {dag.py:3096} INFO - Sync 1 DAGs
[2026-04-01T17:36:06.257+0000] {logging_mixin.py:188} INFO - [2026-04-01T17:36:06.257+0000] {dag.py:3954} INFO - Setting next_dagrun for kanji_counter to 2026-04-01 00:00:00+00:00, run_after=2026-04-02 00:00:00+00:00
[2026-04-01T17:36:06.285+0000] {processor.py:183} INFO - Processing /opt/airflow/dags/nhk_pipeline_dag.py took 0.400 seconds
[2026-04-01T17:36:36.634+0000] {processor.py:161} INFO - Started process (PID=787) to work on /opt/airflow/dags/nhk_pipeline_dag.py
[2026-04-01T17:36:36.635+0000] {processor.py:830} INFO - Processing file /opt/airflow/dags/nhk_pipeline_dag.py for tasks to queue
[2026-04-01T17:36:36.637+0000] {logging_mixin.py:188} INFO - [2026-04-01T17:36:36.637+0000] {dagbag.py:545} INFO - Filling up the DagBag from /opt/airflow/dags/nhk_pipeline_dag.py
[2026-04-01T17:36:36.941+0000] {processor.py:840} INFO - DAG(s) 'kanji_counter' retrieved from /opt/airflow/dags/nhk_pipeline_dag.py
[2026-04-01T17:36:36.977+0000] {logging_mixin.py:188} INFO - [2026-04-01T17:36:36.976+0000] {dag.py:3096} INFO - Sync 1 DAGs
[2026-04-01T17:36:36.989+0000] {logging_mixin.py:188} INFO - [2026-04-01T17:36:36.989+0000] {dag.py:3954} INFO - Setting next_dagrun for kanji_counter to 2026-04-01 00:00:00+00:00, run_after=2026-04-02 00:00:00+00:00
[2026-04-01T17:36:37.019+0000] {processor.py:183} INFO - Processing /opt/airflow/dags/nhk_pipeline_dag.py took 0.389 seconds
[2026-04-01T17:37:07.310+0000] {processor.py:161} INFO - Started process (PID=809) to work on /opt/airflow/dags/nhk_pipeline_dag.py
[2026-04-01T17:37:07.312+0000] {processor.py:830} INFO - Processing file /opt/airflow/dags/nhk_pipeline_dag.py for tasks to queue
[2026-04-01T17:37:07.313+0000] {logging_mixin.py:188} INFO - [2026-04-01T17:37:07.313+0000] {dagbag.py:545} INFO - Filling up the DagBag from /opt/airflow/dags/nhk_pipeline_dag.py
[2026-04-01T17:37:07.617+0000] {processor.py:840} INFO - DAG(s) 'kanji_counter' retrieved from /opt/airflow/dags/nhk_pipeline_dag.py
[2026-04-01T17:37:07.650+0000] {logging_mixin.py:188} INFO - [2026-04-01T17:37:07.650+0000] {dag.py:3096} INFO - Sync 1 DAGs
[2026-04-01T17:37:07.664+0000] {logging_mixin.py:188} INFO - [2026-04-01T17:37:07.664+0000] {dag.py:3954} INFO - Setting next_dagrun for kanji_counter to 2026-04-01 00:00:00+00:00, run_after=2026-04-02 00:00:00+00:00
[2026-04-01T17:37:07.691+0000] {processor.py:183} INFO - Processing /opt/airflow/dags/nhk_pipeline_dag.py took 0.385 seconds
[2026-04-01T17:37:37.998+0000] {processor.py:161} INFO - Started process (PID=824) to work on /opt/airflow/dags/nhk_pipeline_dag.py
[2026-04-01T17:37:37.999+0000] {processor.py:830} INFO - Processing file /opt/airflow/dags/nhk_pipeline_dag.py for tasks to queue
[2026-04-01T17:37:38.001+0000] {logging_mixin.py:188} INFO - [2026-04-01T17:37:38.001+0000] {dagbag.py:545} INFO - Filling up the DagBag from /opt/airflow/dags/nhk_pipeline_dag.py
[2026-04-01T17:37:38.330+0000] {processor.py:840} INFO - DAG(s) 'kanji_counter' retrieved from /opt/airflow/dags/nhk_pipeline_dag.py
[2026-04-01T17:37:38.366+0000] {logging_mixin.py:188} INFO - [2026-04-01T17:37:38.365+0000] {dag.py:3096} INFO - Sync 1 DAGs
[2026-04-01T17:37:38.380+0000] {logging_mixin.py:188} INFO - [2026-04-01T17:37:38.380+0000] {dag.py:3954} INFO - Setting next_dagrun for kanji_counter to 2026-04-01 00:00:00+00:00, run_after=2026-04-02 00:00:00+00:00
[2026-04-01T17:37:38.416+0000] {processor.py:183} INFO - Processing /opt/airflow/dags/nhk_pipeline_dag.py took 0.421 seconds
[2026-04-01T17:38:08.732+0000] {processor.py:161} INFO - Started process (PID=846) to work on /opt/airflow/dags/nhk_pipeline_dag.py
[2026-04-01T17:38:08.734+0000] {processor.py:830} INFO - Processing file /opt/airflow/dags/nhk_pipeline_dag.py for tasks to queue
[2026-04-01T17:38:08.736+0000] {logging_mixin.py:188} INFO - [2026-04-01T17:38:08.736+0000] {dagbag.py:545} INFO - Filling up the DagBag from /opt/airflow/dags/nhk_pipeline_dag.py
[2026-04-01T17:38:09.096+0000] {processor.py:840} INFO - DAG(s) 'kanji_counter' retrieved from /opt/airflow/dags/nhk_pipeline_dag.py
[2026-04-01T17:38:09.137+0000] {logging_mixin.py:188} INFO - [2026-04-01T17:38:09.136+0000] {dag.py:3096} INFO - Sync 1 DAGs
[2026-04-01T17:38:09.155+0000] {logging_mixin.py:188} INFO - [2026-04-01T17:38:09.155+0000] {dag.py:3954} INFO - Setting next_dagrun for kanji_counter to 2026-04-01 00:00:00+00:00, run_after=2026-04-02 00:00:00+00:00
[2026-04-01T17:38:09.188+0000] {processor.py:183} INFO - Processing /opt/airflow/dags/nhk_pipeline_dag.py took 0.462 seconds
[2026-04-01T17:38:39.517+0000] {processor.py:161} INFO - Started process (PID=868) to work on /opt/airflow/dags/nhk_pipeline_dag.py
[2026-04-01T17:38:39.519+0000] {processor.py:830} INFO - Processing file /opt/airflow/dags/nhk_pipeline_dag.py for tasks to queue
[2026-04-01T17:38:39.521+0000] {logging_mixin.py:188} INFO - [2026-04-01T17:38:39.521+0000] {dagbag.py:545} INFO - Filling up the DagBag from /opt/airflow/dags/nhk_pipeline_dag.py
[2026-04-01T17:38:39.726+0000] {processor.py:840} INFO - DAG(s) 'kanji_counter' retrieved from /opt/airflow/dags/nhk_pipeline_dag.py
[2026-04-01T17:38:39.892+0000] {logging_mixin.py:188} INFO - [2026-04-01T17:38:39.892+0000] {dag.py:3096} INFO - Sync 1 DAGs
[2026-04-01T17:38:39.905+0000] {logging_mixin.py:188} INFO - [2026-04-01T17:38:39.905+0000] {dag.py:3954} INFO - Setting next_dagrun for kanji_counter to 2026-04-01 00:00:00+00:00, run_after=2026-04-02 00:00:00+00:00
[2026-04-01T17:38:39.932+0000] {processor.py:183} INFO - Processing /opt/airflow/dags/nhk_pipeline_dag.py took 0.420 seconds
[2026-04-01T17:39:10.209+0000] {processor.py:161} INFO - Started process (PID=883) to work on /opt/airflow/dags/nhk_pipeline_dag.py
[2026-04-01T17:39:10.210+0000] {processor.py:830} INFO - Processing file /opt/airflow/dags/nhk_pipeline_dag.py for tasks to queue
[2026-04-01T17:39:10.212+0000] {logging_mixin.py:188} INFO - [2026-04-01T17:39:10.212+0000] {dagbag.py:545} INFO - Filling up the DagBag from /opt/airflow/dags/nhk_pipeline_dag.py
[2026-04-01T17:39:10.407+0000] {processor.py:840} INFO - DAG(s) 'kanji_counter' retrieved from /opt/airflow/dags/nhk_pipeline_dag.py
[2026-04-01T17:39:10.443+0000] {logging_mixin.py:188} INFO - [2026-04-01T17:39:10.443+0000] {dag.py:3096} INFO - Sync 1 DAGs
[2026-04-01T17:39:10.458+0000] {logging_mixin.py:188} INFO - [2026-04-01T17:39:10.458+0000] {dag.py:3954} INFO - Setting next_dagrun for kanji_counter to 2026-04-01 00:00:00+00:00, run_after=2026-04-02 00:00:00+00:00
[2026-04-01T17:39:10.489+0000] {processor.py:183} INFO - Processing /opt/airflow/dags/nhk_pipeline_dag.py took 0.284 seconds
[2026-04-01T17:39:40.780+0000] {processor.py:161} INFO - Started process (PID=905) to work on /opt/airflow/dags/nhk_pipeline_dag.py
[2026-04-01T17:39:40.781+0000] {processor.py:830} INFO - Processing file /opt/airflow/dags/nhk_pipeline_dag.py for tasks to queue
[2026-04-01T17:39:40.782+0000] {logging_mixin.py:188} INFO - [2026-04-01T17:39:40.782+0000] {dagbag.py:545} INFO - Filling up the DagBag from /opt/airflow/dags/nhk_pipeline_dag.py
[2026-04-01T17:39:41.079+0000] {processor.py:840} INFO - DAG(s) 'kanji_counter' retrieved from /opt/airflow/dags/nhk_pipeline_dag.py
[2026-04-01T17:39:41.109+0000] {logging_mixin.py:188} INFO - [2026-04-01T17:39:41.109+0000] {dag.py:3096} INFO - Sync 1 DAGs
[2026-04-01T17:39:41.122+0000] {logging_mixin.py:188} INFO - [2026-04-01T17:39:41.122+0000] {dag.py:3954} INFO - Setting next_dagrun for kanji_counter to 2026-04-01 00:00:00+00:00, run_after=2026-04-02 00:00:00+00:00
[2026-04-01T17:39:41.153+0000] {processor.py:183} INFO - Processing /opt/airflow/dags/nhk_pipeline_dag.py took 0.377 seconds
[2026-04-01T17:40:11.457+0000] {processor.py:161} INFO - Started process (PID=920) to work on /opt/airflow/dags/nhk_pipeline_dag.py
[2026-04-01T17:40:11.458+0000] {processor.py:830} INFO - Processing file /opt/airflow/dags/nhk_pipeline_dag.py for tasks to queue
[2026-04-01T17:40:11.459+0000] {logging_mixin.py:188} INFO - [2026-04-01T17:40:11.459+0000] {dagbag.py:545} INFO - Filling up the DagBag from /opt/airflow/dags/nhk_pipeline_dag.py
[2026-04-01T17:40:11.732+0000] {processor.py:840} INFO - DAG(s) 'kanji_counter' retrieved from /opt/airflow/dags/nhk_pipeline_dag.py
[2026-04-01T17:40:11.765+0000] {logging_mixin.py:188} INFO - [2026-04-01T17:40:11.765+0000] {dag.py:3096} INFO - Sync 1 DAGs
[2026-04-01T17:40:11.777+0000] {logging_mixin.py:188} INFO - [2026-04-01T17:40:11.776+0000] {dag.py:3954} INFO - Setting next_dagrun for kanji_counter to 2026-04-01 00:00:00+00:00, run_after=2026-04-02 00:00:00+00:00
[2026-04-01T17:40:11.808+0000] {processor.py:183} INFO - Processing /opt/airflow/dags/nhk_pipeline_dag.py took 0.355 seconds
[2026-04-01T17:40:42.126+0000] {processor.py:161} INFO - Started process (PID=942) to work on /opt/airflow/dags/nhk_pipeline_dag.py
[2026-04-01T17:40:42.127+0000] {processor.py:830} INFO - Processing file /opt/airflow/dags/nhk_pipeline_dag.py for tasks to queue
[2026-04-01T17:40:42.130+0000] {logging_mixin.py:188} INFO - [2026-04-01T17:40:42.129+0000] {dagbag.py:545} INFO - Filling up the DagBag from /opt/airflow/dags/nhk_pipeline_dag.py
[2026-04-01T17:40:42.465+0000] {processor.py:840} INFO - DAG(s) 'kanji_counter' retrieved from /opt/airflow/dags/nhk_pipeline_dag.py
[2026-04-01T17:40:42.499+0000] {logging_mixin.py:188} INFO - [2026-04-01T17:40:42.499+0000] {dag.py:3096} INFO - Sync 1 DAGs
[2026-04-01T17:40:42.513+0000] {logging_mixin.py:188} INFO - [2026-04-01T17:40:42.513+0000] {dag.py:3954} INFO - Setting next_dagrun for kanji_counter to 2026-04-01 00:00:00+00:00, run_after=2026-04-02 00:00:00+00:00
[2026-04-01T17:40:42.546+0000] {processor.py:183} INFO - Processing /opt/airflow/dags/nhk_pipeline_dag.py took 0.424 seconds
[2026-04-01T17:41:12.933+0000] {processor.py:161} INFO - Started process (PID=964) to work on /opt/airflow/dags/nhk_pipeline_dag.py
[2026-04-01T17:41:12.934+0000] {processor.py:830} INFO - Processing file /opt/airflow/dags/nhk_pipeline_dag.py for tasks to queue
[2026-04-01T17:41:12.936+0000] {logging_mixin.py:188} INFO - [2026-04-01T17:41:12.936+0000] {dagbag.py:545} INFO - Filling up the DagBag from /opt/airflow/dags/nhk_pipeline_dag.py
[2026-04-01T17:41:13.268+0000] {processor.py:840} INFO - DAG(s) 'kanji_counter' retrieved from /opt/airflow/dags/nhk_pipeline_dag.py
[2026-04-01T17:41:13.309+0000] {logging_mixin.py:188} INFO - [2026-04-01T17:41:13.309+0000] {dag.py:3096} INFO - Sync 1 DAGs
[2026-04-01T17:41:13.323+0000] {logging_mixin.py:188} INFO - [2026-04-01T17:41:13.323+0000] {dag.py:3954} INFO - Setting next_dagrun for kanji_counter to 2026-04-01 00:00:00+00:00, run_after=2026-04-02 00:00:00+00:00
[2026-04-01T17:41:13.356+0000] {processor.py:183} INFO - Processing /opt/airflow/dags/nhk_pipeline_dag.py took 0.428 seconds
[2026-04-01T17:41:43.659+0000] {processor.py:161} INFO - Started process (PID=979) to work on /opt/airflow/dags/nhk_pipeline_dag.py
[2026-04-01T17:41:43.661+0000] {processor.py:830} INFO - Processing file /opt/airflow/dags/nhk_pipeline_dag.py for tasks to queue
[2026-04-01T17:41:43.663+0000] {logging_mixin.py:188} INFO - [2026-04-01T17:41:43.663+0000] {dagbag.py:545} INFO - Filling up the DagBag from /opt/airflow/dags/nhk_pipeline_dag.py
[2026-04-01T17:41:43.859+0000] {processor.py:840} INFO - DAG(s) 'kanji_counter' retrieved from /opt/airflow/dags/nhk_pipeline_dag.py
[2026-04-01T17:41:43.986+0000] {logging_mixin.py:188} INFO - [2026-04-01T17:41:43.986+0000] {dag.py:3096} INFO - Sync 1 DAGs
[2026-04-01T17:41:44.000+0000] {logging_mixin.py:188} INFO - [2026-04-01T17:41:44.000+0000] {dag.py:3954} INFO - Setting next_dagrun for kanji_counter to 2026-04-01 00:00:00+00:00, run_after=2026-04-02 00:00:00+00:00
[2026-04-01T17:41:44.033+0000] {processor.py:183} INFO - Processing /opt/airflow/dags/nhk_pipeline_dag.py took 0.378 seconds
[2026-04-01T17:42:14.329+0000] {processor.py:161} INFO - Started process (PID=1001) to work on /opt/airflow/dags/nhk_pipeline_dag.py
[2026-04-01T17:42:14.330+0000] {processor.py:830} INFO - Processing file /opt/airflow/dags/nhk_pipeline_dag.py for tasks to queue
[2026-04-01T17:42:14.332+0000] {logging_mixin.py:188} INFO - [2026-04-01T17:42:14.332+0000] {dagbag.py:545} INFO - Filling up the DagBag from /opt/airflow/dags/nhk_pipeline_dag.py
[2026-04-01T17:42:14.526+0000] {processor.py:840} INFO - DAG(s) 'kanji_counter' retrieved from /opt/airflow/dags/nhk_pipeline_dag.py
[2026-04-01T17:42:14.563+0000] {logging_mixin.py:188} INFO - [2026-04-01T17:42:14.563+0000] {dag.py:3096} INFO - Sync 1 DAGs
[2026-04-01T17:42:14.578+0000] {logging_mixin.py:188} INFO - [2026-04-01T17:42:14.578+0000] {dag.py:3954} INFO - Setting next_dagrun for kanji_counter to 2026-04-01 00:00:00+00:00, run_after=2026-04-02 00:00:00+00:00
[2026-04-01T17:42:14.604+0000] {processor.py:183} INFO - Processing /opt/airflow/dags/nhk_pipeline_dag.py took 0.280 seconds
[2026-04-01T17:42:45.360+0000] {processor.py:161} INFO - Started process (PID=1016) to work on /opt/airflow/dags/nhk_pipeline_dag.py
[2026-04-01T17:42:45.361+0000] {processor.py:830} INFO - Processing file /opt/airflow/dags/nhk_pipeline_dag.py for tasks to queue
[2026-04-01T17:42:45.363+0000] {logging_mixin.py:188} INFO - [2026-04-01T17:42:45.363+0000] {dagbag.py:545} INFO - Filling up the DagBag from /opt/airflow/dags/nhk_pipeline_dag.py
[2026-04-01T17:42:45.732+0000] {processor.py:840} INFO - DAG(s) 'kanji_counter' retrieved from /opt/airflow/dags/nhk_pipeline_dag.py
[2026-04-01T17:42:45.765+0000] {logging_mixin.py:188} INFO - [2026-04-01T17:42:45.765+0000] {dag.py:3096} INFO - Sync 1 DAGs
[2026-04-01T17:42:45.778+0000] {logging_mixin.py:188} INFO - [2026-04-01T17:42:45.778+0000] {dag.py:3954} INFO - Setting next_dagrun for kanji_counter to 2026-04-01 00:00:00+00:00, run_after=2026-04-02 00:00:00+00:00
[2026-04-01T17:42:45.810+0000] {processor.py:183} INFO - Processing /opt/airflow/dags/nhk_pipeline_dag.py took 0.454 seconds
[2026-04-01T17:43:16.109+0000] {processor.py:161} INFO - Started process (PID=1038) to work on /opt/airflow/dags/nhk_pipeline_dag.py
[2026-04-01T17:43:16.110+0000] {processor.py:830} INFO - Processing file /opt/airflow/dags/nhk_pipeline_dag.py for tasks to queue
[2026-04-01T17:43:16.112+0000] {logging_mixin.py:188} INFO - [2026-04-01T17:43:16.112+0000] {dagbag.py:545} INFO - Filling up the DagBag from /opt/airflow/dags/nhk_pipeline_dag.py
[2026-04-01T17:43:16.462+0000] {processor.py:840} INFO - DAG(s) 'kanji_counter' retrieved from /opt/airflow/dags/nhk_pipeline_dag.py
[2026-04-01T17:43:16.498+0000] {logging_mixin.py:188} INFO - [2026-04-01T17:43:16.498+0000] {dag.py:3096} INFO - Sync 1 DAGs
[2026-04-01T17:43:16.511+0000] {logging_mixin.py:188} INFO - [2026-04-01T17:43:16.511+0000] {dag.py:3954} INFO - Setting next_dagrun for kanji_counter to 2026-04-01 00:00:00+00:00, run_after=2026-04-02 00:00:00+00:00
[2026-04-01T17:43:16.546+0000] {processor.py:183} INFO - Processing /opt/airflow/dags/nhk_pipeline_dag.py took 0.442 seconds
[2026-04-01T17:43:46.863+0000] {processor.py:161} INFO - Started process (PID=1053) to work on /opt/airflow/dags/nhk_pipeline_dag.py
[2026-04-01T17:43:46.864+0000] {processor.py:830} INFO - Processing file /opt/airflow/dags/nhk_pipeline_dag.py for tasks to queue
[2026-04-01T17:43:46.866+0000] {logging_mixin.py:188} INFO - [2026-04-01T17:43:46.865+0000] {dagbag.py:545} INFO - Filling up the DagBag from /opt/airflow/dags/nhk_pipeline_dag.py
[2026-04-01T17:43:47.157+0000] {processor.py:840} INFO - DAG(s) 'kanji_counter' retrieved from /opt/airflow/dags/nhk_pipeline_dag.py
[2026-04-01T17:43:47.195+0000] {logging_mixin.py:188} INFO - [2026-04-01T17:43:47.195+0000] {dag.py:3096} INFO - Sync 1 DAGs
[2026-04-01T17:43:47.208+0000] {logging_mixin.py:188} INFO - [2026-04-01T17:43:47.208+0000] {dag.py:3954} INFO - Setting next_dagrun for kanji_counter to 2026-04-01 00:00:00+00:00, run_after=2026-04-02 00:00:00+00:00
[2026-04-01T17:43:47.239+0000] {processor.py:183} INFO - Processing /opt/airflow/dags/nhk_pipeline_dag.py took 0.381 seconds
[2026-04-01T17:44:17.530+0000] {processor.py:161} INFO - Started process (PID=1075) to work on /opt/airflow/dags/nhk_pipeline_dag.py
[2026-04-01T17:44:17.531+0000] {processor.py:830} INFO - Processing file /opt/airflow/dags/nhk_pipeline_dag.py for tasks to queue
[2026-04-01T17:44:17.533+0000] {logging_mixin.py:188} INFO - [2026-04-01T17:44:17.532+0000] {dagbag.py:545} INFO - Filling up the DagBag from /opt/airflow/dags/nhk_pipeline_dag.py
[2026-04-01T17:44:17.863+0000] {processor.py:840} INFO - DAG(s) 'kanji_counter' retrieved from /opt/airflow/dags/nhk_pipeline_dag.py
[2026-04-01T17:44:17.900+0000] {logging_mixin.py:188} INFO - [2026-04-01T17:44:17.900+0000] {dag.py:3096} INFO - Sync 1 DAGs
[2026-04-01T17:44:17.917+0000] {logging_mixin.py:188} INFO - [2026-04-01T17:44:17.917+0000] {dag.py:3954} INFO - Setting next_dagrun for kanji_counter to 2026-04-01 00:00:00+00:00, run_after=2026-04-02 00:00:00+00:00
[2026-04-01T17:44:17.948+0000] {processor.py:183} INFO - Processing /opt/airflow/dags/nhk_pipeline_dag.py took 0.422 seconds
[2026-04-01T17:44:48.244+0000] {processor.py:161} INFO - Started process (PID=1099) to work on /opt/airflow/dags/nhk_pipeline_dag.py
[2026-04-01T17:44:48.245+0000] {processor.py:830} INFO - Processing file /opt/airflow/dags/nhk_pipeline_dag.py for tasks to queue
[2026-04-01T17:44:48.247+0000] {logging_mixin.py:188} INFO - [2026-04-01T17:44:48.247+0000] {dagbag.py:545} INFO - Filling up the DagBag from /opt/airflow/dags/nhk_pipeline_dag.py
[2026-04-01T17:44:48.464+0000] {processor.py:840} INFO - DAG(s) 'kanji_counter' retrieved from /opt/airflow/dags/nhk_pipeline_dag.py
[2026-04-01T17:44:48.638+0000] {logging_mixin.py:188} INFO - [2026-04-01T17:44:48.638+0000] {dag.py:3096} INFO - Sync 1 DAGs
[2026-04-01T17:44:48.651+0000] {logging_mixin.py:188} INFO - [2026-04-01T17:44:48.651+0000] {dag.py:3954} INFO - Setting next_dagrun for kanji_counter to 2026-04-01 00:00:00+00:00, run_after=2026-04-02 00:00:00+00:00
[2026-04-01T17:44:48.683+0000] {processor.py:183} INFO - Processing /opt/airflow/dags/nhk_pipeline_dag.py took 0.445 seconds
[2026-04-01T17:45:18.971+0000] {processor.py:161} INFO - Started process (PID=1114) to work on /opt/airflow/dags/nhk_pipeline_dag.py
[2026-04-01T17:45:18.972+0000] {processor.py:830} INFO - Processing file /opt/airflow/dags/nhk_pipeline_dag.py for tasks to queue
[2026-04-01T17:45:18.975+0000] {logging_mixin.py:188} INFO - [2026-04-01T17:45:18.974+0000] {dagbag.py:545} INFO - Filling up the DagBag from /opt/airflow/dags/nhk_pipeline_dag.py
[2026-04-01T17:45:19.176+0000] {processor.py:840} INFO - DAG(s) 'kanji_counter' retrieved from /opt/airflow/dags/nhk_pipeline_dag.py
[2026-04-01T17:45:19.216+0000] {logging_mixin.py:188} INFO - [2026-04-01T17:45:19.216+0000] {dag.py:3096} INFO - Sync 1 DAGs
[2026-04-01T17:45:19.232+0000] {logging_mixin.py:188} INFO - [2026-04-01T17:45:19.232+0000] {dag.py:3954} INFO - Setting next_dagrun for kanji_counter to 2026-04-01 00:00:00+00:00, run_after=2026-04-02 00:00:00+00:00
[2026-04-01T17:45:19.265+0000] {processor.py:183} INFO - Processing /opt/airflow/dags/nhk_pipeline_dag.py took 0.298 seconds
[2026-04-01T17:45:49.532+0000] {processor.py:161} INFO - Started process (PID=1136) to work on /opt/airflow/dags/nhk_pipeline_dag.py
[2026-04-01T17:45:49.534+0000] {processor.py:830} INFO - Processing file /opt/airflow/dags/nhk_pipeline_dag.py for tasks to queue
[2026-04-01T17:45:49.535+0000] {logging_mixin.py:188} INFO - [2026-04-01T17:45:49.535+0000] {dagbag.py:545} INFO - Filling up the DagBag from /opt/airflow/dags/nhk_pipeline_dag.py
[2026-04-01T17:45:49.839+0000] {processor.py:840} INFO - DAG(s) 'kanji_counter' retrieved from /opt/airflow/dags/nhk_pipeline_dag.py
[2026-04-01T17:45:49.871+0000] {logging_mixin.py:188} INFO - [2026-04-01T17:45:49.870+0000] {dag.py:3096} INFO - Sync 1 DAGs
[2026-04-01T17:45:49.883+0000] {logging_mixin.py:188} INFO - [2026-04-01T17:45:49.883+0000] {dag.py:3954} INFO - Setting next_dagrun for kanji_counter to 2026-04-01 00:00:00+00:00, run_after=2026-04-02 00:00:00+00:00
[2026-04-01T17:45:49.914+0000] {processor.py:183} INFO - Processing /opt/airflow/dags/nhk_pipeline_dag.py took 0.386 seconds
[2026-04-01T17:46:20.268+0000] {processor.py:161} INFO - Started process (PID=1151) to work on /opt/airflow/dags/nhk_pipeline_dag.py
[2026-04-01T17:46:20.269+0000] {processor.py:830} INFO - Processing file /opt/airflow/dags/nhk_pipeline_dag.py for tasks to queue
[2026-04-01T17:46:20.271+0000] {logging_mixin.py:188} INFO - [2026-04-01T17:46:20.271+0000] {dagbag.py:545} INFO - Filling up the DagBag from /opt/airflow/dags/nhk_pipeline_dag.py
[2026-04-01T17:46:20.576+0000] {processor.py:840} INFO - DAG(s) 'kanji_counter' retrieved from /opt/airflow/dags/nhk_pipeline_dag.py
[2026-04-01T17:46:20.609+0000] {logging_mixin.py:188} INFO - [2026-04-01T17:46:20.609+0000] {dag.py:3096} INFO - Sync 1 DAGs
[2026-04-01T17:46:20.622+0000] {logging_mixin.py:188} INFO - [2026-04-01T17:46:20.622+0000] {dag.py:3954} INFO - Setting next_dagrun for kanji_counter to 2026-04-01 00:00:00+00:00, run_after=2026-04-02 00:00:00+00:00
[2026-04-01T17:46:20.655+0000] {processor.py:183} INFO - Processing /opt/airflow/dags/nhk_pipeline_dag.py took 0.392 seconds
[2026-04-01T17:46:50.938+0000] {processor.py:161} INFO - Started process (PID=1173) to work on /opt/airflow/dags/nhk_pipeline_dag.py
[2026-04-01T17:46:50.939+0000] {processor.py:830} INFO - Processing file /opt/airflow/dags/nhk_pipeline_dag.py for tasks to queue
[2026-04-01T17:46:50.942+0000] {logging_mixin.py:188} INFO - [2026-04-01T17:46:50.941+0000] {dagbag.py:545} INFO - Filling up the DagBag from /opt/airflow/dags/nhk_pipeline_dag.py
[2026-04-01T17:46:51.300+0000] {processor.py:840} INFO - DAG(s) 'kanji_counter' retrieved from /opt/airflow/dags/nhk_pipeline_dag.py
[2026-04-01T17:46:51.339+0000] {logging_mixin.py:188} INFO - [2026-04-01T17:46:51.339+0000] {dag.py:3096} INFO - Sync 1 DAGs
[2026-04-01T17:46:51.355+0000] {logging_mixin.py:188} INFO - [2026-04-01T17:46:51.355+0000] {dag.py:3954} INFO - Setting next_dagrun for kanji_counter to 2026-04-01 00:00:00+00:00, run_after=2026-04-02 00:00:00+00:00
[2026-04-01T17:46:51.382+0000] {processor.py:183} INFO - Processing /opt/airflow/dags/nhk_pipeline_dag.py took 0.450 seconds
[2026-04-01T17:47:21.672+0000] {processor.py:161} INFO - Started process (PID=1188) to work on /opt/airflow/dags/nhk_pipeline_dag.py
[2026-04-01T17:47:21.673+0000] {processor.py:830} INFO - Processing file /opt/airflow/dags/nhk_pipeline_dag.py for tasks to queue
[2026-04-01T17:47:21.676+0000] {logging_mixin.py:188} INFO - [2026-04-01T17:47:21.675+0000] {dagbag.py:545} INFO - Filling up the DagBag from /opt/airflow/dags/nhk_pipeline_dag.py
[2026-04-01T17:47:21.989+0000] {processor.py:840} INFO - DAG(s) 'kanji_counter' retrieved from /opt/airflow/dags/nhk_pipeline_dag.py
[2026-04-01T17:47:22.022+0000] {logging_mixin.py:188} INFO - [2026-04-01T17:47:22.022+0000] {dag.py:3096} INFO - Sync 1 DAGs
[2026-04-01T17:47:22.035+0000] {logging_mixin.py:188} INFO - [2026-04-01T17:47:22.035+0000] {dag.py:3954} INFO - Setting next_dagrun for kanji_counter to 2026-04-01 00:00:00+00:00, run_after=2026-04-02 00:00:00+00:00
[2026-04-01T17:47:22.062+0000] {processor.py:183} INFO - Processing /opt/airflow/dags/nhk_pipeline_dag.py took 0.393 seconds
[2026-04-01T17:47:52.365+0000] {processor.py:161} INFO - Started process (PID=1210) to work on /opt/airflow/dags/nhk_pipeline_dag.py
[2026-04-01T17:47:52.366+0000] {processor.py:830} INFO - Processing file /opt/airflow/dags/nhk_pipeline_dag.py for tasks to queue
[2026-04-01T17:47:52.368+0000] {logging_mixin.py:188} INFO - [2026-04-01T17:47:52.368+0000] {dagbag.py:545} INFO - Filling up the DagBag from /opt/airflow/dags/nhk_pipeline_dag.py
[2026-04-01T17:47:52.559+0000] {processor.py:840} INFO - DAG(s) 'kanji_counter' retrieved from /opt/airflow/dags/nhk_pipeline_dag.py
[2026-04-01T17:47:52.692+0000] {logging_mixin.py:188} INFO - [2026-04-01T17:47:52.691+0000] {dag.py:3096} INFO - Sync 1 DAGs
[2026-04-01T17:47:52.704+0000] {logging_mixin.py:188} INFO - [2026-04-01T17:47:52.704+0000] {dag.py:3954} INFO - Setting next_dagrun for kanji_counter to 2026-04-01 00:00:00+00:00, run_after=2026-04-02 00:00:00+00:00
[2026-04-01T17:47:52.733+0000] {processor.py:183} INFO - Processing /opt/airflow/dags/nhk_pipeline_dag.py took 0.372 seconds
[2026-04-01T17:48:23.039+0000] {processor.py:161} INFO - Started process (PID=1224) to work on /opt/airflow/dags/nhk_pipeline_dag.py
[2026-04-01T17:48:23.041+0000] {processor.py:830} INFO - Processing file /opt/airflow/dags/nhk_pipeline_dag.py for tasks to queue
[2026-04-01T17:48:23.043+0000] {logging_mixin.py:188} INFO - [2026-04-01T17:48:23.043+0000] {dagbag.py:545} INFO - Filling up the DagBag from /opt/airflow/dags/nhk_pipeline_dag.py
[2026-04-01T17:48:23.242+0000] {processor.py:840} INFO - DAG(s) 'kanji_counter' retrieved from /opt/airflow/dags/nhk_pipeline_dag.py
[2026-04-01T17:48:23.283+0000] {logging_mixin.py:188} INFO - [2026-04-01T17:48:23.283+0000] {dag.py:3096} INFO - Sync 1 DAGs
[2026-04-01T17:48:23.302+0000] {logging_mixin.py:188} INFO - [2026-04-01T17:48:23.302+0000] {dag.py:3954} INFO - Setting next_dagrun for kanji_counter to 2026-04-01 00:00:00+00:00, run_after=2026-04-02 00:00:00+00:00
[2026-04-01T17:48:23.332+0000] {processor.py:183} INFO - Processing /opt/airflow/dags/nhk_pipeline_dag.py took 0.298 seconds
[2026-04-01T17:48:53.588+0000] {processor.py:161} INFO - Started process (PID=1246) to work on /opt/airflow/dags/nhk_pipeline_dag.py
[2026-04-01T17:48:53.589+0000] {processor.py:830} INFO - Processing file /opt/airflow/dags/nhk_pipeline_dag.py for tasks to queue
[2026-04-01T17:48:53.591+0000] {logging_mixin.py:188} INFO - [2026-04-01T17:48:53.591+0000] {dagbag.py:545} INFO - Filling up the DagBag from /opt/airflow/dags/nhk_pipeline_dag.py
[2026-04-01T17:48:53.910+0000] {processor.py:840} INFO - DAG(s) 'kanji_counter' retrieved from /opt/airflow/dags/nhk_pipeline_dag.py
[2026-04-01T17:48:53.947+0000] {logging_mixin.py:188} INFO - [2026-04-01T17:48:53.946+0000] {dag.py:3096} INFO - Sync 1 DAGs
[2026-04-01T17:48:53.960+0000] {logging_mixin.py:188} INFO - [2026-04-01T17:48:53.960+0000] {dag.py:3954} INFO - Setting next_dagrun for kanji_counter to 2026-04-01 00:00:00+00:00, run_after=2026-04-02 00:00:00+00:00
[2026-04-01T17:48:53.989+0000] {processor.py:183} INFO - Processing /opt/airflow/dags/nhk_pipeline_dag.py took 0.405 seconds
[2026-04-01T17:49:24.306+0000] {processor.py:161} INFO - Started process (PID=1268) to work on /opt/airflow/dags/nhk_pipeline_dag.py
[2026-04-01T17:49:24.307+0000] {processor.py:830} INFO - Processing file /opt/airflow/dags/nhk_pipeline_dag.py for tasks to queue
[2026-04-01T17:49:24.310+0000] {logging_mixin.py:188} INFO - [2026-04-01T17:49:24.309+0000] {dagbag.py:545} INFO - Filling up the DagBag from /opt/airflow/dags/nhk_pipeline_dag.py
[2026-04-01T17:49:24.623+0000] {processor.py:840} INFO - DAG(s) 'kanji_counter' retrieved from /opt/airflow/dags/nhk_pipeline_dag.py
[2026-04-01T17:49:24.660+0000] {logging_mixin.py:188} INFO - [2026-04-01T17:49:24.659+0000] {dag.py:3096} INFO - Sync 1 DAGs
[2026-04-01T17:49:24.675+0000] {logging_mixin.py:188} INFO - [2026-04-01T17:49:24.675+0000] {dag.py:3954} INFO - Setting next_dagrun for kanji_counter to 2026-04-01 00:00:00+00:00, run_after=2026-04-02 00:00:00+00:00
[2026-04-01T17:49:24.709+0000] {processor.py:183} INFO - Processing /opt/airflow/dags/nhk_pipeline_dag.py took 0.409 seconds
[2026-04-01T17:49:54.981+0000] {processor.py:161} INFO - Started process (PID=1283) to work on /opt/airflow/dags/nhk_pipeline_dag.py
[2026-04-01T17:49:54.982+0000] {processor.py:830} INFO - Processing file /opt/airflow/dags/nhk_pipeline_dag.py for tasks to queue
[2026-04-01T17:49:54.985+0000] {logging_mixin.py:188} INFO - [2026-04-01T17:49:54.984+0000] {dagbag.py:545} INFO - Filling up the DagBag from /opt/airflow/dags/nhk_pipeline_dag.py
[2026-04-01T17:49:55.294+0000] {processor.py:840} INFO - DAG(s) 'kanji_counter' retrieved from /opt/airflow/dags/nhk_pipeline_dag.py
[2026-04-01T17:49:55.327+0000] {logging_mixin.py:188} INFO - [2026-04-01T17:49:55.326+0000] {dag.py:3096} INFO - Sync 1 DAGs
[2026-04-01T17:49:55.342+0000] {logging_mixin.py:188} INFO - [2026-04-01T17:49:55.342+0000] {dag.py:3954} INFO - Setting next_dagrun for kanji_counter to 2026-04-01 00:00:00+00:00, run_after=2026-04-02 00:00:00+00:00
[2026-04-01T17:49:55.368+0000] {processor.py:183} INFO - Processing /opt/airflow/dags/nhk_pipeline_dag.py took 0.394 seconds
[2026-04-01T17:50:25.667+0000] {processor.py:161} INFO - Started process (PID=1305) to work on /opt/airflow/dags/nhk_pipeline_dag.py
[2026-04-01T17:50:25.668+0000] {processor.py:830} INFO - Processing file /opt/airflow/dags/nhk_pipeline_dag.py for tasks to queue
[2026-04-01T17:50:25.672+0000] {logging_mixin.py:188} INFO - [2026-04-01T17:50:25.671+0000] {dagbag.py:545} INFO - Filling up the DagBag from /opt/airflow/dags/nhk_pipeline_dag.py
[2026-04-01T17:50:26.011+0000] {processor.py:840} INFO - DAG(s) 'kanji_counter' retrieved from /opt/airflow/dags/nhk_pipeline_dag.py
[2026-04-01T17:50:26.046+0000] {logging_mixin.py:188} INFO - [2026-04-01T17:50:26.046+0000] {dag.py:3096} INFO - Sync 1 DAGs
[2026-04-01T17:50:26.062+0000] {logging_mixin.py:188} INFO - [2026-04-01T17:50:26.062+0000] {dag.py:3954} INFO - Setting next_dagrun for kanji_counter to 2026-04-01 00:00:00+00:00, run_after=2026-04-02 00:00:00+00:00
[2026-04-01T17:50:26.092+0000] {processor.py:183} INFO - Processing /opt/airflow/dags/nhk_pipeline_dag.py took 0.429 seconds
[2026-04-01T17:50:56.403+0000] {processor.py:161} INFO - Started process (PID=1320) to work on /opt/airflow/dags/nhk_pipeline_dag.py
[2026-04-01T17:50:56.405+0000] {processor.py:830} INFO - Processing file /opt/airflow/dags/nhk_pipeline_dag.py for tasks to queue
[2026-04-01T17:50:56.407+0000] {logging_mixin.py:188} INFO - [2026-04-01T17:50:56.407+0000] {dagbag.py:545} INFO - Filling up the DagBag from /opt/airflow/dags/nhk_pipeline_dag.py
[2026-04-01T17:50:56.608+0000] {processor.py:840} INFO - DAG(s) 'kanji_counter' retrieved from /opt/airflow/dags/nhk_pipeline_dag.py
[2026-04-01T17:50:56.756+0000] {logging_mixin.py:188} INFO - [2026-04-01T17:50:56.755+0000] {dag.py:3096} INFO - Sync 1 DAGs
[2026-04-01T17:50:56.770+0000] {logging_mixin.py:188} INFO - [2026-04-01T17:50:56.770+0000] {dag.py:3954} INFO - Setting next_dagrun for kanji_counter to 2026-04-01 00:00:00+00:00, run_after=2026-04-02 00:00:00+00:00
[2026-04-01T17:50:56.797+0000] {processor.py:183} INFO - Processing /opt/airflow/dags/nhk_pipeline_dag.py took 0.398 seconds
[2026-04-01T17:51:27.081+0000] {processor.py:161} INFO - Started process (PID=1342) to work on /opt/airflow/dags/nhk_pipeline_dag.py
[2026-04-01T17:51:27.082+0000] {processor.py:830} INFO - Processing file /opt/airflow/dags/nhk_pipeline_dag.py for tasks to queue
[2026-04-01T17:51:27.084+0000] {logging_mixin.py:188} INFO - [2026-04-01T17:51:27.084+0000] {dagbag.py:545} INFO - Filling up the DagBag from /opt/airflow/dags/nhk_pipeline_dag.py
[2026-04-01T17:51:27.294+0000] {processor.py:840} INFO - DAG(s) 'kanji_counter' retrieved from /opt/airflow/dags/nhk_pipeline_dag.py
[2026-04-01T17:51:27.329+0000] {logging_mixin.py:188} INFO - [2026-04-01T17:51:27.329+0000] {dag.py:3096} INFO - Sync 1 DAGs
[2026-04-01T17:51:27.344+0000] {logging_mixin.py:188} INFO - [2026-04-01T17:51:27.344+0000] {dag.py:3954} INFO - Setting next_dagrun for kanji_counter to 2026-04-01 00:00:00+00:00, run_after=2026-04-02 00:00:00+00:00
[2026-04-01T17:51:27.377+0000] {processor.py:183} INFO - Processing /opt/airflow/dags/nhk_pipeline_dag.py took 0.302 seconds
[2026-04-01T17:51:57.650+0000] {processor.py:161} INFO - Started process (PID=1357) to work on /opt/airflow/dags/nhk_pipeline_dag.py
[2026-04-01T17:51:57.651+0000] {processor.py:830} INFO - Processing file /opt/airflow/dags/nhk_pipeline_dag.py for tasks to queue
[2026-04-01T17:51:57.653+0000] {logging_mixin.py:188} INFO - [2026-04-01T17:51:57.653+0000] {dagbag.py:545} INFO - Filling up the DagBag from /opt/airflow/dags/nhk_pipeline_dag.py
[2026-04-01T17:51:57.964+0000] {processor.py:840} INFO - DAG(s) 'kanji_counter' retrieved from /opt/airflow/dags/nhk_pipeline_dag.py
[2026-04-01T17:51:57.998+0000] {logging_mixin.py:188} INFO - [2026-04-01T17:51:57.998+0000] {dag.py:3096} INFO - Sync 1 DAGs
[2026-04-01T17:51:58.012+0000] {logging_mixin.py:188} INFO - [2026-04-01T17:51:58.012+0000] {dag.py:3954} INFO - Setting next_dagrun for kanji_counter to 2026-04-01 00:00:00+00:00, run_after=2026-04-02 00:00:00+00:00
[2026-04-01T17:51:58.040+0000] {processor.py:183} INFO - Processing /opt/airflow/dags/nhk_pipeline_dag.py took 0.395 seconds
[2026-04-01T17:52:28.329+0000] {processor.py:161} INFO - Started process (PID=1379) to work on /opt/airflow/dags/nhk_pipeline_dag.py
[2026-04-01T17:52:28.330+0000] {processor.py:830} INFO - Processing file /opt/airflow/dags/nhk_pipeline_dag.py for tasks to queue
[2026-04-01T17:52:28.332+0000] {logging_mixin.py:188} INFO - [2026-04-01T17:52:28.332+0000] {dagbag.py:545} INFO - Filling up the DagBag from /opt/airflow/dags/nhk_pipeline_dag.py
[2026-04-01T17:52:28.662+0000] {processor.py:840} INFO - DAG(s) 'kanji_counter' retrieved from /opt/airflow/dags/nhk_pipeline_dag.py
[2026-04-01T17:52:28.694+0000] {logging_mixin.py:188} INFO - [2026-04-01T17:52:28.693+0000] {dag.py:3096} INFO - Sync 1 DAGs
[2026-04-01T17:52:28.707+0000] {logging_mixin.py:188} INFO - [2026-04-01T17:52:28.707+0000] {dag.py:3954} INFO - Setting next_dagrun for kanji_counter to 2026-04-01 00:00:00+00:00, run_after=2026-04-02 00:00:00+00:00
[2026-04-01T17:52:28.734+0000] {processor.py:183} INFO - Processing /opt/airflow/dags/nhk_pipeline_dag.py took 0.410 seconds
[2026-04-01T17:52:59.040+0000] {processor.py:161} INFO - Started process (PID=1401) to work on /opt/airflow/dags/nhk_pipeline_dag.py
[2026-04-01T17:52:59.041+0000] {processor.py:830} INFO - Processing file /opt/airflow/dags/nhk_pipeline_dag.py for tasks to queue
[2026-04-01T17:52:59.043+0000] {logging_mixin.py:188} INFO - [2026-04-01T17:52:59.043+0000] {dagbag.py:545} INFO - Filling up the DagBag from /opt/airflow/dags/nhk_pipeline_dag.py
[2026-04-01T17:52:59.390+0000] {processor.py:840} INFO - DAG(s) 'kanji_counter' retrieved from /opt/airflow/dags/nhk_pipeline_dag.py
[2026-04-01T17:52:59.427+0000] {logging_mixin.py:188} INFO - [2026-04-01T17:52:59.426+0000] {dag.py:3096} INFO - Sync 1 DAGs
[2026-04-01T17:52:59.443+0000] {logging_mixin.py:188} INFO - [2026-04-01T17:52:59.442+0000] {dag.py:3954} INFO - Setting next_dagrun for kanji_counter to 2026-04-01 00:00:00+00:00, run_after=2026-04-02 00:00:00+00:00
[2026-04-01T17:52:59.475+0000] {processor.py:183} INFO - Processing /opt/airflow/dags/nhk_pipeline_dag.py took 0.439 seconds
[2026-04-01T17:53:29.749+0000] {processor.py:161} INFO - Started process (PID=1416) to work on /opt/airflow/dags/nhk_pipeline_dag.py
[2026-04-01T17:53:29.751+0000] {processor.py:830} INFO - Processing file /opt/airflow/dags/nhk_pipeline_dag.py for tasks to queue
[2026-04-01T17:53:29.752+0000] {logging_mixin.py:188} INFO - [2026-04-01T17:53:29.752+0000] {dagbag.py:545} INFO - Filling up the DagBag from /opt/airflow/dags/nhk_pipeline_dag.py
[2026-04-01T17:53:30.062+0000] {processor.py:840} INFO - DAG(s) 'kanji_counter' retrieved from /opt/airflow/dags/nhk_pipeline_dag.py
[2026-04-01T17:53:30.094+0000] {logging_mixin.py:188} INFO - [2026-04-01T17:53:30.094+0000] {dag.py:3096} INFO - Sync 1 DAGs
[2026-04-01T17:53:30.109+0000] {logging_mixin.py:188} INFO - [2026-04-01T17:53:30.109+0000] {dag.py:3954} INFO - Setting next_dagrun for kanji_counter to 2026-04-01 00:00:00+00:00, run_after=2026-04-02 00:00:00+00:00
[2026-04-01T17:53:30.135+0000] {processor.py:183} INFO - Processing /opt/airflow/dags/nhk_pipeline_dag.py took 0.391 seconds
[2026-04-01T17:54:00.419+0000] {processor.py:161} INFO - Started process (PID=1438) to work on /opt/airflow/dags/nhk_pipeline_dag.py
[2026-04-01T17:54:00.420+0000] {processor.py:830} INFO - Processing file /opt/airflow/dags/nhk_pipeline_dag.py for tasks to queue
[2026-04-01T17:54:00.422+0000] {logging_mixin.py:188} INFO - [2026-04-01T17:54:00.422+0000] {dagbag.py:545} INFO - Filling up the DagBag from /opt/airflow/dags/nhk_pipeline_dag.py
[2026-04-01T17:54:00.636+0000] {processor.py:840} INFO - DAG(s) 'kanji_counter' retrieved from /opt/airflow/dags/nhk_pipeline_dag.py
[2026-04-01T17:54:00.808+0000] {logging_mixin.py:188} INFO - [2026-04-01T17:54:00.808+0000] {dag.py:3096} INFO - Sync 1 DAGs
[2026-04-01T17:54:00.823+0000] {logging_mixin.py:188} INFO - [2026-04-01T17:54:00.823+0000] {dag.py:3954} INFO - Setting next_dagrun for kanji_counter to 2026-04-01 00:00:00+00:00, run_after=2026-04-02 00:00:00+00:00
[2026-04-01T17:54:00.852+0000] {processor.py:183} INFO - Processing /opt/airflow/dags/nhk_pipeline_dag.py took 0.439 seconds
[2026-04-01T17:54:31.149+0000] {processor.py:161} INFO - Started process (PID=1453) to work on /opt/airflow/dags/nhk_pipeline_dag.py
[2026-04-01T17:54:31.151+0000] {processor.py:830} INFO - Processing file /opt/airflow/dags/nhk_pipeline_dag.py for tasks to queue
[2026-04-01T17:54:31.153+0000] {logging_mixin.py:188} INFO - [2026-04-01T17:54:31.152+0000] {dagbag.py:545} INFO - Filling up the DagBag from /opt/airflow/dags/nhk_pipeline_dag.py
[2026-04-01T17:54:31.374+0000] {processor.py:840} INFO - DAG(s) 'kanji_counter' retrieved from /opt/airflow/dags/nhk_pipeline_dag.py
[2026-04-01T17:54:31.412+0000] {logging_mixin.py:188} INFO - [2026-04-01T17:54:31.412+0000] {dag.py:3096} INFO - Sync 1 DAGs
[2026-04-01T17:54:31.426+0000] {logging_mixin.py:188} INFO - [2026-04-01T17:54:31.426+0000] {dag.py:3954} INFO - Setting next_dagrun for kanji_counter to 2026-04-01 00:00:00+00:00, run_after=2026-04-02 00:00:00+00:00
[2026-04-01T17:54:31.456+0000] {processor.py:183} INFO - Processing /opt/airflow/dags/nhk_pipeline_dag.py took 0.311 seconds
[2026-04-01T17:55:01.732+0000] {processor.py:161} INFO - Started process (PID=1475) to work on /opt/airflow/dags/nhk_pipeline_dag.py
[2026-04-01T17:55:01.734+0000] {processor.py:830} INFO - Processing file /opt/airflow/dags/nhk_pipeline_dag.py for tasks to queue
[2026-04-01T17:55:01.737+0000] {logging_mixin.py:188} INFO - [2026-04-01T17:55:01.737+0000] {dagbag.py:545} INFO - Filling up the DagBag from /opt/airflow/dags/nhk_pipeline_dag.py
[2026-04-01T17:55:02.111+0000] {processor.py:840} INFO - DAG(s) 'kanji_counter' retrieved from /opt/airflow/dags/nhk_pipeline_dag.py
[2026-04-01T17:55:02.144+0000] {logging_mixin.py:188} INFO - [2026-04-01T17:55:02.144+0000] {dag.py:3096} INFO - Sync 1 DAGs
[2026-04-01T17:55:02.157+0000] {logging_mixin.py:188} INFO - [2026-04-01T17:55:02.157+0000] {dag.py:3954} INFO - Setting next_dagrun for kanji_counter to 2026-04-01 00:00:00+00:00, run_after=2026-04-02 00:00:00+00:00
[2026-04-01T17:55:02.184+0000] {processor.py:183} INFO - Processing /opt/airflow/dags/nhk_pipeline_dag.py took 0.460 seconds
[2026-04-01T17:55:32.476+0000] {processor.py:161} INFO - Started process (PID=1490) to work on /opt/airflow/dags/nhk_pipeline_dag.py
[2026-04-01T17:55:32.478+0000] {processor.py:830} INFO - Processing file /opt/airflow/dags/nhk_pipeline_dag.py for tasks to queue
[2026-04-01T17:55:32.480+0000] {logging_mixin.py:188} INFO - [2026-04-01T17:55:32.479+0000] {dagbag.py:545} INFO - Filling up the DagBag from /opt/airflow/dags/nhk_pipeline_dag.py
[2026-04-01T17:55:32.896+0000] {processor.py:840} INFO - DAG(s) 'kanji_counter' retrieved from /opt/airflow/dags/nhk_pipeline_dag.py
[2026-04-01T17:55:32.933+0000] {logging_mixin.py:188} INFO - [2026-04-01T17:55:32.932+0000] {dag.py:3096} INFO - Sync 1 DAGs
[2026-04-01T17:55:32.948+0000] {logging_mixin.py:188} INFO - [2026-04-01T17:55:32.947+0000] {dag.py:3954} INFO - Setting next_dagrun for kanji_counter to 2026-04-01 00:00:00+00:00, run_after=2026-04-02 00:00:00+00:00
[2026-04-01T17:55:32.982+0000] {processor.py:183} INFO - Processing /opt/airflow/dags/nhk_pipeline_dag.py took 0.510 seconds
[2026-04-01T17:56:03.286+0000] {processor.py:161} INFO - Started process (PID=1512) to work on /opt/airflow/dags/nhk_pipeline_dag.py
[2026-04-01T17:56:03.287+0000] {processor.py:830} INFO - Processing file /opt/airflow/dags/nhk_pipeline_dag.py for tasks to queue
[2026-04-01T17:56:03.290+0000] {logging_mixin.py:188} INFO - [2026-04-01T17:56:03.290+0000] {dagbag.py:545} INFO - Filling up the DagBag from /opt/airflow/dags/nhk_pipeline_dag.py
[2026-04-01T17:56:03.644+0000] {processor.py:840} INFO - DAG(s) 'kanji_counter' retrieved from /opt/airflow/dags/nhk_pipeline_dag.py
[2026-04-01T17:56:03.680+0000] {logging_mixin.py:188} INFO - [2026-04-01T17:56:03.680+0000] {dag.py:3096} INFO - Sync 1 DAGs
[2026-04-01T17:56:03.693+0000] {logging_mixin.py:188} INFO - [2026-04-01T17:56:03.693+0000] {dag.py:3954} INFO - Setting next_dagrun for kanji_counter to 2026-04-01 00:00:00+00:00, run_after=2026-04-02 00:00:00+00:00
[2026-04-01T17:56:03.718+0000] {processor.py:183} INFO - Processing /opt/airflow/dags/nhk_pipeline_dag.py took 0.438 seconds
[2026-04-01T17:56:34.105+0000] {processor.py:161} INFO - Started process (PID=1526) to work on /opt/airflow/dags/nhk_pipeline_dag.py
[2026-04-01T17:56:34.107+0000] {processor.py:830} INFO - Processing file /opt/airflow/dags/nhk_pipeline_dag.py for tasks to queue
[2026-04-01T17:56:34.109+0000] {logging_mixin.py:188} INFO - [2026-04-01T17:56:34.109+0000] {dagbag.py:545} INFO - Filling up the DagBag from /opt/airflow/dags/nhk_pipeline_dag.py
[2026-04-01T17:56:34.443+0000] {processor.py:840} INFO - DAG(s) 'kanji_counter' retrieved from /opt/airflow/dags/nhk_pipeline_dag.py
[2026-04-01T17:56:34.477+0000] {logging_mixin.py:188} INFO - [2026-04-01T17:56:34.477+0000] {dag.py:3096} INFO - Sync 1 DAGs
[2026-04-01T17:56:34.494+0000] {logging_mixin.py:188} INFO - [2026-04-01T17:56:34.494+0000] {dag.py:3954} INFO - Setting next_dagrun for kanji_counter to 2026-04-01 00:00:00+00:00, run_after=2026-04-02 00:00:00+00:00
[2026-04-01T17:56:34.523+0000] {processor.py:183} INFO - Processing /opt/airflow/dags/nhk_pipeline_dag.py took 0.423 seconds
[2026-04-01T17:57:04.821+0000] {processor.py:161} INFO - Started process (PID=1548) to work on /opt/airflow/dags/nhk_pipeline_dag.py
[2026-04-01T17:57:04.823+0000] {processor.py:830} INFO - Processing file /opt/airflow/dags/nhk_pipeline_dag.py for tasks to queue
[2026-04-01T17:57:04.825+0000] {logging_mixin.py:188} INFO - [2026-04-01T17:57:04.825+0000] {dagbag.py:545} INFO - Filling up the DagBag from /opt/airflow/dags/nhk_pipeline_dag.py
[2026-04-01T17:57:05.010+0000] {processor.py:840} INFO - DAG(s) 'kanji_counter' retrieved from /opt/airflow/dags/nhk_pipeline_dag.py
[2026-04-01T17:57:05.170+0000] {logging_mixin.py:188} INFO - [2026-04-01T17:57:05.169+0000] {dag.py:3096} INFO - Sync 1 DAGs
[2026-04-01T17:57:05.185+0000] {logging_mixin.py:188} INFO - [2026-04-01T17:57:05.185+0000] {dag.py:3954} INFO - Setting next_dagrun for kanji_counter to 2026-04-01 00:00:00+00:00, run_after=2026-04-02 00:00:00+00:00
[2026-04-01T17:57:05.214+0000] {processor.py:183} INFO - Processing /opt/airflow/dags/nhk_pipeline_dag.py took 0.399 seconds
[2026-04-01T17:57:35.495+0000] {processor.py:161} INFO - Started process (PID=1563) to work on /opt/airflow/dags/nhk_pipeline_dag.py
[2026-04-01T17:57:35.497+0000] {processor.py:830} INFO - Processing file /opt/airflow/dags/nhk_pipeline_dag.py for tasks to queue
[2026-04-01T17:57:35.499+0000] {logging_mixin.py:188} INFO - [2026-04-01T17:57:35.498+0000] {dagbag.py:545} INFO - Filling up the DagBag from /opt/airflow/dags/nhk_pipeline_dag.py
[2026-04-01T17:57:35.702+0000] {processor.py:840} INFO - DAG(s) 'kanji_counter' retrieved from /opt/airflow/dags/nhk_pipeline_dag.py
[2026-04-01T17:57:35.852+0000] {logging_mixin.py:188} INFO - [2026-04-01T17:57:35.852+0000] {dag.py:3096} INFO - Sync 1 DAGs
[2026-04-01T17:57:35.866+0000] {logging_mixin.py:188} INFO - [2026-04-01T17:57:35.866+0000] {dag.py:3954} INFO - Setting next_dagrun for kanji_counter to 2026-04-01 00:00:00+00:00, run_after=2026-04-02 00:00:00+00:00
[2026-04-01T17:57:35.890+0000] {processor.py:183} INFO - Processing /opt/airflow/dags/nhk_pipeline_dag.py took 0.401 seconds
