[2025-06-07T20:07:27.993+0000] {local_task_job_runner.py:120} INFO - ::group::Pre task execution logs
[2025-06-07T20:07:28.028+0000] {taskinstance.py:2076} INFO - Dependencies all met for dep_context=non-requeueable deps ti=<TaskInstance: kanji_counter.task_zero scheduled__2025-06-06T00:00:00+00:00 [queued]>
[2025-06-07T20:07:28.034+0000] {taskinstance.py:2076} INFO - Dependencies all met for dep_context=requeueable deps ti=<TaskInstance: kanji_counter.task_zero scheduled__2025-06-06T00:00:00+00:00 [queued]>
[2025-06-07T20:07:28.034+0000] {taskinstance.py:2306} INFO - Starting attempt 1 of 3
[2025-06-07T20:07:28.049+0000] {taskinstance.py:2330} INFO - Executing <Task(BashOperator): task_zero> on 2025-06-06 00:00:00+00:00
[2025-06-07T20:07:28.057+0000] {warnings.py:110} WARNING - /home/airflow/.local/lib/python3.12/site-packages/airflow/task/task_runner/standard_task_runner.py:61: DeprecationWarning: This process (pid=94) is multi-threaded, use of fork() may lead to deadlocks in the child.
  pid = os.fork()

[2025-06-07T20:07:28.058+0000] {standard_task_runner.py:63} INFO - Started process 95 to run task
[2025-06-07T20:07:28.058+0000] {standard_task_runner.py:90} INFO - Running: ['airflow', 'tasks', 'run', 'kanji_counter', 'task_zero', 'scheduled__2025-06-06T00:00:00+00:00', '--job-id', '2', '--raw', '--subdir', 'DAGS_FOLDER/nhk_pipeline_dag.py', '--cfg-path', '/tmp/tmpqbfbfh0r']
[2025-06-07T20:07:28.060+0000] {standard_task_runner.py:91} INFO - Job 2: Subtask task_zero
[2025-06-07T20:07:28.094+0000] {warnings.py:110} WARNING - /home/airflow/.local/lib/python3.12/site-packages/airflow/settings.py:195: DeprecationWarning: The sql_alchemy_conn option in [core] has been moved to the sql_alchemy_conn option in [database] - the old setting has been used, but please update your config.
  SQL_ALCHEMY_CONN = conf.get("database", "SQL_ALCHEMY_CONN")

[2025-06-07T20:07:28.159+0000] {task_command.py:426} INFO - Running <TaskInstance: kanji_counter.task_zero scheduled__2025-06-06T00:00:00+00:00 [running]> on host 476681d334d3
[2025-06-07T20:07:28.301+0000] {taskinstance.py:2648} INFO - Exporting env vars: AIRFLOW_CTX_DAG_OWNER='airflow' AIRFLOW_CTX_DAG_ID='kanji_counter' AIRFLOW_CTX_TASK_ID='task_zero' AIRFLOW_CTX_EXECUTION_DATE='2025-06-06T00:00:00+00:00' AIRFLOW_CTX_TRY_NUMBER='1' AIRFLOW_CTX_DAG_RUN_ID='scheduled__2025-06-06T00:00:00+00:00'
[2025-06-07T20:07:28.302+0000] {taskinstance.py:430} INFO - ::endgroup::
[2025-06-07T20:07:28.327+0000] {subprocess.py:63} INFO - Tmp dir root location: /tmp
[2025-06-07T20:07:28.328+0000] {subprocess.py:75} INFO - Running command: ['/usr/bin/bash', '-c', 'pip install beautifulsoup4']
[2025-06-07T20:07:28.339+0000] {subprocess.py:86} INFO - Output:
[2025-06-07T20:07:29.498+0000] {subprocess.py:93} INFO - Requirement already satisfied: beautifulsoup4 in /home/airflow/.local/lib/python3.12/site-packages (4.12.3)
[2025-06-07T20:07:29.502+0000] {subprocess.py:93} INFO - Requirement already satisfied: soupsieve>1.2 in /home/airflow/.local/lib/python3.12/site-packages (from beautifulsoup4) (2.5)
[2025-06-07T20:07:31.506+0000] {subprocess.py:93} INFO - 
[2025-06-07T20:07:31.506+0000] {subprocess.py:93} INFO - [notice] A new release of pip is available: 24.0 -> 25.1.1
[2025-06-07T20:07:31.507+0000] {subprocess.py:93} INFO - [notice] To update, run: pip install --upgrade pip
[2025-06-07T20:07:31.568+0000] {subprocess.py:97} INFO - Command exited with return code 0
[2025-06-07T20:07:31.569+0000] {taskinstance.py:441} INFO - ::group::Post task execution logs
[2025-06-07T20:07:31.627+0000] {taskinstance.py:1206} INFO - Marking task as SUCCESS. dag_id=kanji_counter, task_id=task_zero, run_id=scheduled__2025-06-06T00:00:00+00:00, execution_date=20250606T000000, start_date=20250607T200728, end_date=20250607T200731
[2025-06-07T20:07:31.680+0000] {local_task_job_runner.py:240} INFO - Task exited with return code 0
[2025-06-07T20:07:31.716+0000] {taskinstance.py:3498} INFO - 1 downstream tasks scheduled from follow-on schedule check
[2025-06-07T20:07:31.724+0000] {local_task_job_runner.py:222} INFO - ::endgroup::
