[2025-06-07T05:21:19.310+0000] {manager.py:470} INFO - Processing files using up to 2 processes at a time 
[2025-06-07T05:21:19.311+0000] {manager.py:471} INFO - Process each file at most once every 30 seconds
[2025-06-07T05:21:19.312+0000] {manager.py:472} INFO - Checking for new files in /opt/airflow/dags every 300 seconds
[2025-06-07T05:21:19.313+0000] {manager.py:737} INFO - Searching for files in /opt/airflow/dags
[2025-06-07T05:21:19.340+0000] {manager.py:740} INFO - There are 1 files in /opt/airflow/dags
[2025-06-07T05:21:19.474+0000] {manager.py:878} INFO - 
================================================================================
DAG File Processing Stats

File Path                                PID  Runtime      # DAGs    # Errors  Last Runtime    Last Run
-------------------------------------  -----  ---------  --------  ----------  --------------  ----------
/opt/airflow/dags/nhk_pipeline_dag.py     31  0.04s             0           0
================================================================================
[2025-06-07T05:21:49.657+0000] {manager.py:878} INFO - 
================================================================================
DAG File Processing Stats

File Path                              PID    Runtime      # DAGs    # Errors  Last Runtime    Last Run
-------------------------------------  -----  ---------  --------  ----------  --------------  -------------------
/opt/airflow/dags/nhk_pipeline_dag.py                           0           1  0.31s           2025-06-07T05:21:19
================================================================================
[2025-06-07T05:22:20.067+0000] {manager.py:878} INFO - 
================================================================================
DAG File Processing Stats

File Path                              PID    Runtime      # DAGs    # Errors  Last Runtime    Last Run
-------------------------------------  -----  ---------  --------  ----------  --------------  -------------------
/opt/airflow/dags/nhk_pipeline_dag.py                           0           1  0.19s           2025-06-07T05:21:50
================================================================================
[2025-06-07T05:22:50.430+0000] {manager.py:878} INFO - 
================================================================================
DAG File Processing Stats

File Path                              PID    Runtime      # DAGs    # Errors  Last Runtime    Last Run
-------------------------------------  -----  ---------  --------  ----------  --------------  -------------------
/opt/airflow/dags/nhk_pipeline_dag.py                           0           1  0.20s           2025-06-07T05:22:20
================================================================================
[2025-06-07T05:23:20.775+0000] {manager.py:878} INFO - 
================================================================================
DAG File Processing Stats

File Path                              PID    Runtime      # DAGs    # Errors  Last Runtime    Last Run
-------------------------------------  -----  ---------  --------  ----------  --------------  -------------------
/opt/airflow/dags/nhk_pipeline_dag.py                           0           1  0.18s           2025-06-07T05:22:50
================================================================================
[2025-06-07T05:23:51.087+0000] {manager.py:878} INFO - 
================================================================================
DAG File Processing Stats

File Path                              PID    Runtime      # DAGs    # Errors  Last Runtime    Last Run
-------------------------------------  -----  ---------  --------  ----------  --------------  -------------------
/opt/airflow/dags/nhk_pipeline_dag.py                           0           1  0.22s           2025-06-07T05:23:21
================================================================================
[2025-06-07T05:24:21.508+0000] {manager.py:878} INFO - 
================================================================================
DAG File Processing Stats

File Path                              PID    Runtime      # DAGs    # Errors  Last Runtime    Last Run
-------------------------------------  -----  ---------  --------  ----------  --------------  -------------------
/opt/airflow/dags/nhk_pipeline_dag.py                           0           1  0.20s           2025-06-07T05:23:51
================================================================================
[2025-06-07T05:24:51.828+0000] {manager.py:878} INFO - 
================================================================================
DAG File Processing Stats

File Path                              PID    Runtime      # DAGs    # Errors  Last Runtime    Last Run
-------------------------------------  -----  ---------  --------  ----------  --------------  -------------------
/opt/airflow/dags/nhk_pipeline_dag.py                           0           1  0.17s           2025-06-07T05:24:21
================================================================================
[2025-06-07T05:25:22.119+0000] {manager.py:878} INFO - 
================================================================================
DAG File Processing Stats

File Path                              PID    Runtime      # DAGs    # Errors  Last Runtime    Last Run
-------------------------------------  -----  ---------  --------  ----------  --------------  -------------------
/opt/airflow/dags/nhk_pipeline_dag.py                           0           1  0.17s           2025-06-07T05:24:52
================================================================================
[2025-06-07T05:25:52.432+0000] {manager.py:878} INFO - 
================================================================================
DAG File Processing Stats

File Path                              PID    Runtime      # DAGs    # Errors  Last Runtime    Last Run
-------------------------------------  -----  ---------  --------  ----------  --------------  -------------------
/opt/airflow/dags/nhk_pipeline_dag.py                           0           1  0.17s           2025-06-07T05:25:22
================================================================================
[2025-06-07T05:26:19.755+0000] {manager.py:737} INFO - Searching for files in /opt/airflow/dags
[2025-06-07T05:26:19.781+0000] {manager.py:740} INFO - There are 1 files in /opt/airflow/dags
[2025-06-07T05:26:22.826+0000] {manager.py:878} INFO - 
================================================================================
DAG File Processing Stats

File Path                                PID  Runtime      # DAGs    # Errors  Last Runtime    Last Run
-------------------------------------  -----  ---------  --------  ----------  --------------  -------------------
/opt/airflow/dags/nhk_pipeline_dag.py    210  0.00s             0           1  0.17s           2025-06-07T05:25:52
================================================================================
[2025-06-07T05:26:53.090+0000] {manager.py:878} INFO - 
================================================================================
DAG File Processing Stats

File Path                                PID  Runtime      # DAGs    # Errors  Last Runtime    Last Run
-------------------------------------  -----  ---------  --------  ----------  --------------  -------------------
/opt/airflow/dags/nhk_pipeline_dag.py    225  0.00s             0           1  0.17s           2025-06-07T05:26:22
================================================================================
[2025-06-07T05:27:23.286+0000] {manager.py:878} INFO - 
================================================================================
DAG File Processing Stats

File Path                                PID  Runtime      # DAGs    # Errors  Last Runtime    Last Run
-------------------------------------  -----  ---------  --------  ----------  --------------  -------------------
/opt/airflow/dags/nhk_pipeline_dag.py    247  0.00s             0           1  0.17s           2025-06-07T05:26:53
================================================================================
[2025-06-07T05:27:53.537+0000] {manager.py:878} INFO - 
================================================================================
DAG File Processing Stats

File Path                                PID  Runtime      # DAGs    # Errors  Last Runtime    Last Run
-------------------------------------  -----  ---------  --------  ----------  --------------  -------------------
/opt/airflow/dags/nhk_pipeline_dag.py    262  0.01s             0           1  0.18s           2025-06-07T05:27:23
================================================================================
[2025-06-07T05:28:23.792+0000] {manager.py:878} INFO - 
================================================================================
DAG File Processing Stats

File Path                              PID    Runtime      # DAGs    # Errors  Last Runtime    Last Run
-------------------------------------  -----  ---------  --------  ----------  --------------  -------------------
/opt/airflow/dags/nhk_pipeline_dag.py                           0           1  0.28s           2025-06-07T05:27:53
================================================================================
[2025-06-07T05:28:54.095+0000] {manager.py:878} INFO - 
================================================================================
DAG File Processing Stats

File Path                              PID    Runtime      # DAGs    # Errors  Last Runtime    Last Run
-------------------------------------  -----  ---------  --------  ----------  --------------  -------------------
/opt/airflow/dags/nhk_pipeline_dag.py                           0           1  0.17s           2025-06-07T05:28:24
================================================================================
[2025-06-07T05:29:24.467+0000] {manager.py:878} INFO - 
================================================================================
DAG File Processing Stats

File Path                              PID    Runtime      # DAGs    # Errors  Last Runtime    Last Run
-------------------------------------  -----  ---------  --------  ----------  --------------  -------------------
/opt/airflow/dags/nhk_pipeline_dag.py                           0           1  0.17s           2025-06-07T05:28:54
================================================================================
[2025-06-07T05:29:54.787+0000] {manager.py:878} INFO - 
================================================================================
DAG File Processing Stats

File Path                              PID    Runtime      # DAGs    # Errors  Last Runtime    Last Run
-------------------------------------  -----  ---------  --------  ----------  --------------  -------------------
/opt/airflow/dags/nhk_pipeline_dag.py                           0           1  0.18s           2025-06-07T05:29:24
================================================================================
[2025-06-07T05:30:25.192+0000] {manager.py:878} INFO - 
================================================================================
DAG File Processing Stats

File Path                                PID  Runtime      # DAGs    # Errors  Last Runtime    Last Run
-------------------------------------  -----  ---------  --------  ----------  --------------  -------------------
/opt/airflow/dags/nhk_pipeline_dag.py    349  0.00s             0           1  0.18s           2025-06-07T05:29:55
================================================================================
[2025-06-07T05:30:55.504+0000] {manager.py:878} INFO - 
================================================================================
DAG File Processing Stats

File Path                                PID  Runtime      # DAGs    # Errors  Last Runtime    Last Run
-------------------------------------  -----  ---------  --------  ----------  --------------  -------------------
/opt/airflow/dags/nhk_pipeline_dag.py    371  0.01s             0           1  0.16s           2025-06-07T05:30:25
================================================================================
[2025-06-07T05:31:19.825+0000] {manager.py:737} INFO - Searching for files in /opt/airflow/dags
[2025-06-07T05:31:19.845+0000] {manager.py:740} INFO - There are 1 files in /opt/airflow/dags
[2025-06-07T05:31:25.743+0000] {manager.py:878} INFO - 
================================================================================
DAG File Processing Stats

File Path                                PID  Runtime      # DAGs    # Errors  Last Runtime    Last Run
-------------------------------------  -----  ---------  --------  ----------  --------------  -------------------
/opt/airflow/dags/nhk_pipeline_dag.py    385  0.00s             0           1  0.23s           2025-06-07T05:30:55
================================================================================
[2025-06-07T05:31:55.744+0000] {manager.py:452} INFO - Exiting gracefully upon receiving signal 15
[2025-06-07T05:51:00.511+0000] {manager.py:470} INFO - Processing files using up to 2 processes at a time 
[2025-06-07T05:51:00.512+0000] {manager.py:471} INFO - Process each file at most once every 30 seconds
[2025-06-07T05:51:00.514+0000] {manager.py:472} INFO - Checking for new files in /opt/airflow/dags every 300 seconds
[2025-06-07T05:51:00.515+0000] {manager.py:737} INFO - Searching for files in /opt/airflow/dags
[2025-06-07T05:51:00.546+0000] {manager.py:740} INFO - There are 1 files in /opt/airflow/dags
[2025-06-07T05:51:00.666+0000] {manager.py:878} INFO - 
================================================================================
DAG File Processing Stats

File Path                                PID  Runtime      # DAGs    # Errors  Last Runtime    Last Run
-------------------------------------  -----  ---------  --------  ----------  --------------  ----------
/opt/airflow/dags/nhk_pipeline_dag.py     31  0.03s             0           0
================================================================================
[2025-06-07T05:51:30.815+0000] {manager.py:878} INFO - 
================================================================================
DAG File Processing Stats

File Path                              PID    Runtime      # DAGs    # Errors  Last Runtime    Last Run
-------------------------------------  -----  ---------  --------  ----------  --------------  -------------------
/opt/airflow/dags/nhk_pipeline_dag.py                           0           1  0.33s           2025-06-07T05:51:00
================================================================================
[2025-06-07T05:52:01.299+0000] {manager.py:878} INFO - 
================================================================================
DAG File Processing Stats

File Path                              PID    Runtime      # DAGs    # Errors  Last Runtime    Last Run
-------------------------------------  -----  ---------  --------  ----------  --------------  -------------------
/opt/airflow/dags/nhk_pipeline_dag.py                           0           1  0.29s           2025-06-07T05:51:31
================================================================================
[2025-06-07T05:52:31.688+0000] {manager.py:878} INFO - 
================================================================================
DAG File Processing Stats

File Path                              PID    Runtime      # DAGs    # Errors  Last Runtime    Last Run
-------------------------------------  -----  ---------  --------  ----------  --------------  -------------------
/opt/airflow/dags/nhk_pipeline_dag.py                           0           1  0.22s           2025-06-07T05:52:01
================================================================================
[2025-06-07T05:53:02.109+0000] {manager.py:878} INFO - 
================================================================================
DAG File Processing Stats

File Path                              PID    Runtime      # DAGs    # Errors  Last Runtime    Last Run
-------------------------------------  -----  ---------  --------  ----------  --------------  -------------------
/opt/airflow/dags/nhk_pipeline_dag.py                           0           1  0.25s           2025-06-07T05:52:32
================================================================================
[2025-06-07T05:53:32.498+0000] {manager.py:878} INFO - 
================================================================================
DAG File Processing Stats

File Path                              PID    Runtime      # DAGs    # Errors  Last Runtime    Last Run
-------------------------------------  -----  ---------  --------  ----------  --------------  -------------------
/opt/airflow/dags/nhk_pipeline_dag.py                           0           1  0.24s           2025-06-07T05:53:02
================================================================================
[2025-06-07T05:53:47.415+0000] {manager.py:452} INFO - Exiting gracefully upon receiving signal 15
[2025-06-07T05:54:34.334+0000] {manager.py:470} INFO - Processing files using up to 2 processes at a time 
[2025-06-07T05:54:34.335+0000] {manager.py:471} INFO - Process each file at most once every 30 seconds
[2025-06-07T05:54:34.336+0000] {manager.py:472} INFO - Checking for new files in /opt/airflow/dags every 300 seconds
[2025-06-07T05:54:34.337+0000] {manager.py:737} INFO - Searching for files in /opt/airflow/dags
[2025-06-07T05:54:34.361+0000] {manager.py:740} INFO - There are 1 files in /opt/airflow/dags
[2025-06-07T05:54:34.471+0000] {manager.py:878} INFO - 
================================================================================
DAG File Processing Stats

File Path                                PID  Runtime      # DAGs    # Errors  Last Runtime    Last Run
-------------------------------------  -----  ---------  --------  ----------  --------------  ----------
/opt/airflow/dags/nhk_pipeline_dag.py     31  0.03s             0           0
================================================================================
[2025-06-07T05:55:04.594+0000] {manager.py:878} INFO - 
================================================================================
DAG File Processing Stats

File Path                              PID    Runtime      # DAGs    # Errors  Last Runtime    Last Run
-------------------------------------  -----  ---------  --------  ----------  --------------  -------------------
/opt/airflow/dags/nhk_pipeline_dag.py                           1           0  0.67s           2025-06-07T05:54:35
================================================================================
[2025-06-07T05:55:34.856+0000] {manager.py:878} INFO - 
================================================================================
DAG File Processing Stats

File Path                              PID    Runtime      # DAGs    # Errors  Last Runtime    Last Run
-------------------------------------  -----  ---------  --------  ----------  --------------  -------------------
/opt/airflow/dags/nhk_pipeline_dag.py                           1           0  0.46s           2025-06-07T05:55:05
================================================================================
[2025-06-07T05:56:05.040+0000] {manager.py:878} INFO - 
================================================================================
DAG File Processing Stats

File Path                              PID    Runtime      # DAGs    # Errors  Last Runtime    Last Run
-------------------------------------  -----  ---------  --------  ----------  --------------  -------------------
/opt/airflow/dags/nhk_pipeline_dag.py                           1           0  0.28s           2025-06-07T05:55:36
================================================================================
[2025-06-07T05:56:35.442+0000] {manager.py:878} INFO - 
================================================================================
DAG File Processing Stats

File Path                              PID    Runtime      # DAGs    # Errors  Last Runtime    Last Run
-------------------------------------  -----  ---------  --------  ----------  --------------  -------------------
/opt/airflow/dags/nhk_pipeline_dag.py                           1           0  0.28s           2025-06-07T05:56:06
================================================================================
[2025-06-07T05:57:06.034+0000] {manager.py:878} INFO - 
================================================================================
DAG File Processing Stats

File Path                              PID    Runtime      # DAGs    # Errors  Last Runtime    Last Run
-------------------------------------  -----  ---------  --------  ----------  --------------  -------------------
/opt/airflow/dags/nhk_pipeline_dag.py                           1           0  0.25s           2025-06-07T05:56:36
================================================================================
[2025-06-07T05:57:36.264+0000] {manager.py:878} INFO - 
================================================================================
DAG File Processing Stats

File Path                              PID    Runtime      # DAGs    # Errors  Last Runtime    Last Run
-------------------------------------  -----  ---------  --------  ----------  --------------  -------------------
/opt/airflow/dags/nhk_pipeline_dag.py                           1           0  0.26s           2025-06-07T05:57:07
================================================================================
[2025-06-07T05:58:06.621+0000] {manager.py:878} INFO - 
================================================================================
DAG File Processing Stats

File Path                              PID    Runtime      # DAGs    # Errors  Last Runtime    Last Run
-------------------------------------  -----  ---------  --------  ----------  --------------  -------------------
/opt/airflow/dags/nhk_pipeline_dag.py                           1           0  1.05s           2025-06-07T05:57:38
================================================================================
[2025-06-07T05:58:36.789+0000] {manager.py:878} INFO - 
================================================================================
DAG File Processing Stats

File Path                              PID    Runtime      # DAGs    # Errors  Last Runtime    Last Run
-------------------------------------  -----  ---------  --------  ----------  --------------  -------------------
/opt/airflow/dags/nhk_pipeline_dag.py                           1           0  0.41s           2025-06-07T05:58:09
================================================================================
[2025-06-07T05:59:06.821+0000] {manager.py:878} INFO - 
================================================================================
DAG File Processing Stats

File Path                              PID    Runtime      # DAGs    # Errors  Last Runtime    Last Run
-------------------------------------  -----  ---------  --------  ----------  --------------  -------------------
/opt/airflow/dags/nhk_pipeline_dag.py                           1           0  0.42s           2025-06-07T05:58:39
================================================================================
[2025-06-07T05:59:34.358+0000] {manager.py:737} INFO - Searching for files in /opt/airflow/dags
[2025-06-07T05:59:34.384+0000] {manager.py:740} INFO - There are 1 files in /opt/airflow/dags
[2025-06-07T05:59:36.967+0000] {manager.py:878} INFO - 
================================================================================
DAG File Processing Stats

File Path                              PID    Runtime      # DAGs    # Errors  Last Runtime    Last Run
-------------------------------------  -----  ---------  --------  ----------  --------------  -------------------
/opt/airflow/dags/nhk_pipeline_dag.py                           1           0  0.38s           2025-06-07T05:59:10
================================================================================
[2025-06-07T06:00:07.006+0000] {manager.py:878} INFO - 
================================================================================
DAG File Processing Stats

File Path                              PID    Runtime      # DAGs    # Errors  Last Runtime    Last Run
-------------------------------------  -----  ---------  --------  ----------  --------------  -------------------
/opt/airflow/dags/nhk_pipeline_dag.py                           1           0  0.42s           2025-06-07T05:59:40
================================================================================
[2025-06-07T06:00:37.179+0000] {manager.py:878} INFO - 
================================================================================
DAG File Processing Stats

File Path                              PID    Runtime      # DAGs    # Errors  Last Runtime    Last Run
-------------------------------------  -----  ---------  --------  ----------  --------------  -------------------
/opt/airflow/dags/nhk_pipeline_dag.py                           1           0  0.38s           2025-06-07T06:00:11
================================================================================
[2025-06-07T06:00:44.088+0000] {manager.py:452} INFO - Exiting gracefully upon receiving signal 15
