[2025-06-10T01:04:46.051+0000] {local_task_job_runner.py:120} INFO - ::group::Pre task execution logs
[2025-06-10T01:04:46.090+0000] {taskinstance.py:2076} INFO - Dependencies all met for dep_context=non-requeueable deps ti=<TaskInstance: kanji_counter.task_two scheduled__2025-06-09T00:00:00+00:00 [queued]>
[2025-06-10T01:04:46.098+0000] {taskinstance.py:2076} INFO - Dependencies all met for dep_context=requeueable deps ti=<TaskInstance: kanji_counter.task_two scheduled__2025-06-09T00:00:00+00:00 [queued]>
[2025-06-10T01:04:46.098+0000] {taskinstance.py:2306} INFO - Starting attempt 1 of 1
[2025-06-10T01:04:46.115+0000] {taskinstance.py:2330} INFO - Executing <Task(PythonOperator): task_two> on 2025-06-09 00:00:00+00:00
[2025-06-10T01:04:46.122+0000] {warnings.py:110} WARNING - /home/airflow/.local/lib/python3.12/site-packages/airflow/task/task_runner/standard_task_runner.py:61: DeprecationWarning: This process (pid=2297) is multi-threaded, use of fork() may lead to deadlocks in the child.
  pid = os.fork()

[2025-06-10T01:04:46.124+0000] {standard_task_runner.py:63} INFO - Started process 2298 to run task
[2025-06-10T01:04:46.124+0000] {standard_task_runner.py:90} INFO - Running: ['airflow', 'tasks', 'run', 'kanji_counter', 'task_two', 'scheduled__2025-06-09T00:00:00+00:00', '--job-id', '3', '--raw', '--subdir', 'DAGS_FOLDER/nhk_pipeline_dag.py', '--cfg-path', '/tmp/tmpoir67pgq']
[2025-06-10T01:04:46.126+0000] {standard_task_runner.py:91} INFO - Job 3: Subtask task_two
[2025-06-10T01:04:46.162+0000] {warnings.py:110} WARNING - /home/airflow/.local/lib/python3.12/site-packages/airflow/settings.py:195: DeprecationWarning: The sql_alchemy_conn option in [core] has been moved to the sql_alchemy_conn option in [database] - the old setting has been used, but please update your config.
  SQL_ALCHEMY_CONN = conf.get("database", "SQL_ALCHEMY_CONN")

[2025-06-10T01:04:46.232+0000] {task_command.py:426} INFO - Running <TaskInstance: kanji_counter.task_two scheduled__2025-06-09T00:00:00+00:00 [running]> on host 871dded07756
[2025-06-10T01:04:46.390+0000] {taskinstance.py:2648} INFO - Exporting env vars: AIRFLOW_CTX_DAG_OWNER='airflow' AIRFLOW_CTX_DAG_ID='kanji_counter' AIRFLOW_CTX_TASK_ID='task_two' AIRFLOW_CTX_EXECUTION_DATE='2025-06-09T00:00:00+00:00' AIRFLOW_CTX_TRY_NUMBER='1' AIRFLOW_CTX_DAG_RUN_ID='scheduled__2025-06-09T00:00:00+00:00'
[2025-06-10T01:04:46.392+0000] {taskinstance.py:430} INFO - ::endgroup::
[2025-06-10T01:04:46.437+0000] {logging_mixin.py:188} INFO - ❌ Error during batch processing: command find requires authentication, full error: {'ok': 0.0, 'errmsg': 'command find requires authentication', 'code': 13, 'codeName': 'Unauthorized'}
[2025-06-10T01:04:46.438+0000] {logging_mixin.py:188} INFO - 🎉 Done! Total documents processed: 0
[2025-06-10T01:04:46.438+0000] {python.py:237} INFO - Done. Returned value was: None
[2025-06-10T01:04:46.439+0000] {taskinstance.py:441} INFO - ::group::Post task execution logs
[2025-06-10T01:04:46.465+0000] {taskinstance.py:1206} INFO - Marking task as SUCCESS. dag_id=kanji_counter, task_id=task_two, run_id=scheduled__2025-06-09T00:00:00+00:00, execution_date=20250609T000000, start_date=20250610T010446, end_date=20250610T010446
[2025-06-10T01:04:46.498+0000] {local_task_job_runner.py:240} INFO - Task exited with return code 0
[2025-06-10T01:04:46.531+0000] {taskinstance.py:3498} INFO - 0 downstream tasks scheduled from follow-on schedule check
[2025-06-10T01:04:46.533+0000] {local_task_job_runner.py:222} INFO - ::endgroup::
[2025-06-10T02:24:36.898+0000] {local_task_job_runner.py:120} INFO - ::group::Pre task execution logs
[2025-06-10T02:24:36.956+0000] {taskinstance.py:2076} INFO - Dependencies all met for dep_context=non-requeueable deps ti=<TaskInstance: kanji_counter.task_two scheduled__2025-06-09T00:00:00+00:00 [queued]>
[2025-06-10T02:24:36.970+0000] {taskinstance.py:2076} INFO - Dependencies all met for dep_context=requeueable deps ti=<TaskInstance: kanji_counter.task_two scheduled__2025-06-09T00:00:00+00:00 [queued]>
[2025-06-10T02:24:36.970+0000] {taskinstance.py:2306} INFO - Starting attempt 1 of 1
[2025-06-10T02:24:36.999+0000] {taskinstance.py:2330} INFO - Executing <Task(PythonOperator): task_two> on 2025-06-09 00:00:00+00:00
[2025-06-10T02:24:37.007+0000] {warnings.py:110} WARNING - /home/airflow/.local/lib/python3.12/site-packages/airflow/task/task_runner/standard_task_runner.py:61: DeprecationWarning: This process (pid=79) is multi-threaded, use of fork() may lead to deadlocks in the child.
  pid = os.fork()

[2025-06-10T02:24:37.009+0000] {standard_task_runner.py:63} INFO - Started process 80 to run task
[2025-06-10T02:24:37.011+0000] {standard_task_runner.py:90} INFO - Running: ['airflow', 'tasks', 'run', 'kanji_counter', 'task_two', 'scheduled__2025-06-09T00:00:00+00:00', '--job-id', '3', '--raw', '--subdir', 'DAGS_FOLDER/nhk_pipeline_dag.py', '--cfg-path', '/tmp/tmp74b8wrp0']
[2025-06-10T02:24:37.014+0000] {standard_task_runner.py:91} INFO - Job 3: Subtask task_two
[2025-06-10T02:24:37.058+0000] {warnings.py:110} WARNING - /home/airflow/.local/lib/python3.12/site-packages/airflow/settings.py:195: DeprecationWarning: The sql_alchemy_conn option in [core] has been moved to the sql_alchemy_conn option in [database] - the old setting has been used, but please update your config.
  SQL_ALCHEMY_CONN = conf.get("database", "SQL_ALCHEMY_CONN")

[2025-06-10T02:24:37.133+0000] {task_command.py:426} INFO - Running <TaskInstance: kanji_counter.task_two scheduled__2025-06-09T00:00:00+00:00 [running]> on host f11218625f84
[2025-06-10T02:24:37.296+0000] {taskinstance.py:2648} INFO - Exporting env vars: AIRFLOW_CTX_DAG_OWNER='airflow' AIRFLOW_CTX_DAG_ID='kanji_counter' AIRFLOW_CTX_TASK_ID='task_two' AIRFLOW_CTX_EXECUTION_DATE='2025-06-09T00:00:00+00:00' AIRFLOW_CTX_TRY_NUMBER='1' AIRFLOW_CTX_DAG_RUN_ID='scheduled__2025-06-09T00:00:00+00:00'
[2025-06-10T02:24:37.297+0000] {taskinstance.py:430} INFO - ::endgroup::
[2025-06-10T02:24:37.343+0000] {logging_mixin.py:188} INFO - ❌ Error during batch processing: command find requires authentication, full error: {'ok': 0.0, 'errmsg': 'command find requires authentication', 'code': 13, 'codeName': 'Unauthorized'}
[2025-06-10T02:24:37.344+0000] {logging_mixin.py:188} INFO - 🎉 Done! Total documents processed: 0
[2025-06-10T02:24:37.344+0000] {python.py:237} INFO - Done. Returned value was: None
[2025-06-10T02:24:37.345+0000] {taskinstance.py:441} INFO - ::group::Post task execution logs
[2025-06-10T02:24:37.370+0000] {taskinstance.py:1206} INFO - Marking task as SUCCESS. dag_id=kanji_counter, task_id=task_two, run_id=scheduled__2025-06-09T00:00:00+00:00, execution_date=20250609T000000, start_date=20250610T022436, end_date=20250610T022437
[2025-06-10T02:24:37.426+0000] {local_task_job_runner.py:240} INFO - Task exited with return code 0
[2025-06-10T02:24:37.458+0000] {taskinstance.py:3498} INFO - 0 downstream tasks scheduled from follow-on schedule check
[2025-06-10T02:24:37.461+0000] {local_task_job_runner.py:222} INFO - ::endgroup::
