[2025-06-12T22:12:25.899+0000] {processor.py:161} INFO - Started process (PID=32) to work on /opt/airflow/dags/nhk_pipeline_dag.py
[2025-06-12T22:12:25.900+0000] {processor.py:830} INFO - Processing file /opt/airflow/dags/nhk_pipeline_dag.py for tasks to queue
[2025-06-12T22:12:25.901+0000] {logging_mixin.py:188} INFO - [2025-06-12T22:12:25.901+0000] {dagbag.py:545} INFO - Filling up the DagBag from /opt/airflow/dags/nhk_pipeline_dag.py
[2025-06-12T22:12:26.139+0000] {logging_mixin.py:188} INFO - [2025-06-12T22:12:26.135+0000] {dagbag.py:355} ERROR - Failed to import: /opt/airflow/dags/nhk_pipeline_dag.py
Traceback (most recent call last):
  File "/home/airflow/.local/lib/python3.12/site-packages/airflow/models/dagbag.py", line 351, in parse
    loader.exec_module(new_module)
  File "<frozen importlib._bootstrap_external>", line 995, in exec_module
  File "<frozen importlib._bootstrap>", line 488, in _call_with_frames_removed
  File "/opt/airflow/dags/nhk_pipeline_dag.py", line 7, in <module>
    from scrapeNHKnews import scrape_NHK
ImportError: cannot import name 'scrape_NHK' from 'scrapeNHKnews' (/opt/airflow/scrapeNHKnews.py)
[2025-06-12T22:12:26.141+0000] {processor.py:842} WARNING - No viable dags retrieved from /opt/airflow/dags/nhk_pipeline_dag.py
[2025-06-12T22:12:26.189+0000] {processor.py:183} INFO - Processing /opt/airflow/dags/nhk_pipeline_dag.py took 0.294 seconds
[2025-06-12T22:12:56.364+0000] {processor.py:161} INFO - Started process (PID=54) to work on /opt/airflow/dags/nhk_pipeline_dag.py
[2025-06-12T22:12:56.366+0000] {processor.py:830} INFO - Processing file /opt/airflow/dags/nhk_pipeline_dag.py for tasks to queue
[2025-06-12T22:12:56.369+0000] {logging_mixin.py:188} INFO - [2025-06-12T22:12:56.369+0000] {dagbag.py:545} INFO - Filling up the DagBag from /opt/airflow/dags/nhk_pipeline_dag.py
[2025-06-12T22:12:56.493+0000] {logging_mixin.py:188} INFO - [2025-06-12T22:12:56.478+0000] {dagbag.py:355} ERROR - Failed to import: /opt/airflow/dags/nhk_pipeline_dag.py
Traceback (most recent call last):
  File "/home/airflow/.local/lib/python3.12/site-packages/airflow/models/dagbag.py", line 351, in parse
    loader.exec_module(new_module)
  File "<frozen importlib._bootstrap_external>", line 995, in exec_module
  File "<frozen importlib._bootstrap>", line 488, in _call_with_frames_removed
  File "/opt/airflow/dags/nhk_pipeline_dag.py", line 7, in <module>
    from scrapeNHKnews import scrape_NHK
ImportError: cannot import name 'scrape_NHK' from 'scrapeNHKnews' (/opt/airflow/scrapeNHKnews.py)
[2025-06-12T22:12:56.495+0000] {processor.py:842} WARNING - No viable dags retrieved from /opt/airflow/dags/nhk_pipeline_dag.py
[2025-06-12T22:12:56.543+0000] {processor.py:183} INFO - Processing /opt/airflow/dags/nhk_pipeline_dag.py took 0.190 seconds
[2025-06-12T22:13:26.697+0000] {processor.py:161} INFO - Started process (PID=70) to work on /opt/airflow/dags/nhk_pipeline_dag.py
[2025-06-12T22:13:26.698+0000] {processor.py:830} INFO - Processing file /opt/airflow/dags/nhk_pipeline_dag.py for tasks to queue
[2025-06-12T22:13:26.700+0000] {logging_mixin.py:188} INFO - [2025-06-12T22:13:26.699+0000] {dagbag.py:545} INFO - Filling up the DagBag from /opt/airflow/dags/nhk_pipeline_dag.py
[2025-06-12T22:13:26.798+0000] {logging_mixin.py:188} INFO - [2025-06-12T22:13:26.793+0000] {dagbag.py:355} ERROR - Failed to import: /opt/airflow/dags/nhk_pipeline_dag.py
Traceback (most recent call last):
  File "/home/airflow/.local/lib/python3.12/site-packages/airflow/models/dagbag.py", line 351, in parse
    loader.exec_module(new_module)
  File "<frozen importlib._bootstrap_external>", line 995, in exec_module
  File "<frozen importlib._bootstrap>", line 488, in _call_with_frames_removed
  File "/opt/airflow/dags/nhk_pipeline_dag.py", line 7, in <module>
    from scrapeNHKnews import scrape_NHK
ImportError: cannot import name 'scrape_NHK' from 'scrapeNHKnews' (/opt/airflow/scrapeNHKnews.py)
[2025-06-12T22:13:26.800+0000] {processor.py:842} WARNING - No viable dags retrieved from /opt/airflow/dags/nhk_pipeline_dag.py
[2025-06-12T22:13:27.091+0000] {processor.py:183} INFO - Processing /opt/airflow/dags/nhk_pipeline_dag.py took 0.399 seconds
[2025-06-12T22:13:57.252+0000] {processor.py:161} INFO - Started process (PID=85) to work on /opt/airflow/dags/nhk_pipeline_dag.py
[2025-06-12T22:13:57.253+0000] {processor.py:830} INFO - Processing file /opt/airflow/dags/nhk_pipeline_dag.py for tasks to queue
[2025-06-12T22:13:57.255+0000] {logging_mixin.py:188} INFO - [2025-06-12T22:13:57.255+0000] {dagbag.py:545} INFO - Filling up the DagBag from /opt/airflow/dags/nhk_pipeline_dag.py
[2025-06-12T22:13:57.347+0000] {logging_mixin.py:188} INFO - [2025-06-12T22:13:57.343+0000] {dagbag.py:355} ERROR - Failed to import: /opt/airflow/dags/nhk_pipeline_dag.py
Traceback (most recent call last):
  File "/home/airflow/.local/lib/python3.12/site-packages/airflow/models/dagbag.py", line 351, in parse
    loader.exec_module(new_module)
  File "<frozen importlib._bootstrap_external>", line 995, in exec_module
  File "<frozen importlib._bootstrap>", line 488, in _call_with_frames_removed
  File "/opt/airflow/dags/nhk_pipeline_dag.py", line 7, in <module>
    from scrapeNHKnews import scrape_NHK
ImportError: cannot import name 'scrape_NHK' from 'scrapeNHKnews' (/opt/airflow/scrapeNHKnews.py)
[2025-06-12T22:13:57.350+0000] {processor.py:842} WARNING - No viable dags retrieved from /opt/airflow/dags/nhk_pipeline_dag.py
[2025-06-12T22:13:57.387+0000] {processor.py:183} INFO - Processing /opt/airflow/dags/nhk_pipeline_dag.py took 0.140 seconds
[2025-06-12T22:14:27.554+0000] {processor.py:161} INFO - Started process (PID=107) to work on /opt/airflow/dags/nhk_pipeline_dag.py
[2025-06-12T22:14:27.555+0000] {processor.py:830} INFO - Processing file /opt/airflow/dags/nhk_pipeline_dag.py for tasks to queue
[2025-06-12T22:14:27.556+0000] {logging_mixin.py:188} INFO - [2025-06-12T22:14:27.556+0000] {dagbag.py:545} INFO - Filling up the DagBag from /opt/airflow/dags/nhk_pipeline_dag.py
[2025-06-12T22:14:27.650+0000] {logging_mixin.py:188} INFO - [2025-06-12T22:14:27.645+0000] {dagbag.py:355} ERROR - Failed to import: /opt/airflow/dags/nhk_pipeline_dag.py
Traceback (most recent call last):
  File "/home/airflow/.local/lib/python3.12/site-packages/airflow/models/dagbag.py", line 351, in parse
    loader.exec_module(new_module)
  File "<frozen importlib._bootstrap_external>", line 995, in exec_module
  File "<frozen importlib._bootstrap>", line 488, in _call_with_frames_removed
  File "/opt/airflow/dags/nhk_pipeline_dag.py", line 7, in <module>
    from scrapeNHKnews import scrape_NHK
ImportError: cannot import name 'scrape_NHK' from 'scrapeNHKnews' (/opt/airflow/scrapeNHKnews.py)
[2025-06-12T22:14:27.652+0000] {processor.py:842} WARNING - No viable dags retrieved from /opt/airflow/dags/nhk_pipeline_dag.py
[2025-06-12T22:14:27.689+0000] {processor.py:183} INFO - Processing /opt/airflow/dags/nhk_pipeline_dag.py took 0.139 seconds
[2025-06-12T22:14:57.854+0000] {processor.py:161} INFO - Started process (PID=123) to work on /opt/airflow/dags/nhk_pipeline_dag.py
[2025-06-12T22:14:57.855+0000] {processor.py:830} INFO - Processing file /opt/airflow/dags/nhk_pipeline_dag.py for tasks to queue
[2025-06-12T22:14:57.857+0000] {logging_mixin.py:188} INFO - [2025-06-12T22:14:57.856+0000] {dagbag.py:545} INFO - Filling up the DagBag from /opt/airflow/dags/nhk_pipeline_dag.py
[2025-06-12T22:14:57.949+0000] {logging_mixin.py:188} INFO - [2025-06-12T22:14:57.945+0000] {dagbag.py:355} ERROR - Failed to import: /opt/airflow/dags/nhk_pipeline_dag.py
Traceback (most recent call last):
  File "/home/airflow/.local/lib/python3.12/site-packages/airflow/models/dagbag.py", line 351, in parse
    loader.exec_module(new_module)
  File "<frozen importlib._bootstrap_external>", line 995, in exec_module
  File "<frozen importlib._bootstrap>", line 488, in _call_with_frames_removed
  File "/opt/airflow/dags/nhk_pipeline_dag.py", line 7, in <module>
    from scrapeNHKnews import scrape_NHK
ImportError: cannot import name 'scrape_NHK' from 'scrapeNHKnews' (/opt/airflow/scrapeNHKnews.py)
[2025-06-12T22:14:57.951+0000] {processor.py:842} WARNING - No viable dags retrieved from /opt/airflow/dags/nhk_pipeline_dag.py
[2025-06-12T22:14:57.988+0000] {processor.py:183} INFO - Processing /opt/airflow/dags/nhk_pipeline_dag.py took 0.138 seconds
[2025-06-12T22:15:28.157+0000] {processor.py:161} INFO - Started process (PID=144) to work on /opt/airflow/dags/nhk_pipeline_dag.py
[2025-06-12T22:15:28.158+0000] {processor.py:830} INFO - Processing file /opt/airflow/dags/nhk_pipeline_dag.py for tasks to queue
[2025-06-12T22:15:28.159+0000] {logging_mixin.py:188} INFO - [2025-06-12T22:15:28.159+0000] {dagbag.py:545} INFO - Filling up the DagBag from /opt/airflow/dags/nhk_pipeline_dag.py
[2025-06-12T22:15:28.251+0000] {logging_mixin.py:188} INFO - [2025-06-12T22:15:28.247+0000] {dagbag.py:355} ERROR - Failed to import: /opt/airflow/dags/nhk_pipeline_dag.py
Traceback (most recent call last):
  File "/home/airflow/.local/lib/python3.12/site-packages/airflow/models/dagbag.py", line 351, in parse
    loader.exec_module(new_module)
  File "<frozen importlib._bootstrap_external>", line 995, in exec_module
  File "<frozen importlib._bootstrap>", line 488, in _call_with_frames_removed
  File "/opt/airflow/dags/nhk_pipeline_dag.py", line 7, in <module>
    from scrapeNHKnews import scrape_NHK
ImportError: cannot import name 'scrape_NHK' from 'scrapeNHKnews' (/opt/airflow/scrapeNHKnews.py)
[2025-06-12T22:15:28.253+0000] {processor.py:842} WARNING - No viable dags retrieved from /opt/airflow/dags/nhk_pipeline_dag.py
[2025-06-12T22:15:28.291+0000] {processor.py:183} INFO - Processing /opt/airflow/dags/nhk_pipeline_dag.py took 0.138 seconds
[2025-06-12T22:15:58.441+0000] {processor.py:161} INFO - Started process (PID=159) to work on /opt/airflow/dags/nhk_pipeline_dag.py
[2025-06-12T22:15:58.441+0000] {processor.py:830} INFO - Processing file /opt/airflow/dags/nhk_pipeline_dag.py for tasks to queue
[2025-06-12T22:15:58.443+0000] {logging_mixin.py:188} INFO - [2025-06-12T22:15:58.443+0000] {dagbag.py:545} INFO - Filling up the DagBag from /opt/airflow/dags/nhk_pipeline_dag.py
[2025-06-12T22:15:58.536+0000] {logging_mixin.py:188} INFO - [2025-06-12T22:15:58.532+0000] {dagbag.py:355} ERROR - Failed to import: /opt/airflow/dags/nhk_pipeline_dag.py
Traceback (most recent call last):
  File "/home/airflow/.local/lib/python3.12/site-packages/airflow/models/dagbag.py", line 351, in parse
    loader.exec_module(new_module)
  File "<frozen importlib._bootstrap_external>", line 995, in exec_module
  File "<frozen importlib._bootstrap>", line 488, in _call_with_frames_removed
  File "/opt/airflow/dags/nhk_pipeline_dag.py", line 7, in <module>
    from scrapeNHKnews import scrape_NHK
ImportError: cannot import name 'scrape_NHK' from 'scrapeNHKnews' (/opt/airflow/scrapeNHKnews.py)
[2025-06-12T22:15:58.538+0000] {processor.py:842} WARNING - No viable dags retrieved from /opt/airflow/dags/nhk_pipeline_dag.py
[2025-06-12T22:15:58.576+0000] {processor.py:183} INFO - Processing /opt/airflow/dags/nhk_pipeline_dag.py took 0.139 seconds
[2025-06-12T22:16:28.730+0000] {processor.py:161} INFO - Started process (PID=181) to work on /opt/airflow/dags/nhk_pipeline_dag.py
[2025-06-12T22:16:28.732+0000] {processor.py:830} INFO - Processing file /opt/airflow/dags/nhk_pipeline_dag.py for tasks to queue
[2025-06-12T22:16:28.734+0000] {logging_mixin.py:188} INFO - [2025-06-12T22:16:28.734+0000] {dagbag.py:545} INFO - Filling up the DagBag from /opt/airflow/dags/nhk_pipeline_dag.py
[2025-06-12T22:16:28.834+0000] {logging_mixin.py:188} INFO - [2025-06-12T22:16:28.830+0000] {dagbag.py:355} ERROR - Failed to import: /opt/airflow/dags/nhk_pipeline_dag.py
Traceback (most recent call last):
  File "/home/airflow/.local/lib/python3.12/site-packages/airflow/models/dagbag.py", line 351, in parse
    loader.exec_module(new_module)
  File "<frozen importlib._bootstrap_external>", line 995, in exec_module
  File "<frozen importlib._bootstrap>", line 488, in _call_with_frames_removed
  File "/opt/airflow/dags/nhk_pipeline_dag.py", line 7, in <module>
    from scrapeNHKnews import scrape_NHK
ImportError: cannot import name 'scrape_NHK' from 'scrapeNHKnews' (/opt/airflow/scrapeNHKnews.py)
[2025-06-12T22:16:28.836+0000] {processor.py:842} WARNING - No viable dags retrieved from /opt/airflow/dags/nhk_pipeline_dag.py
[2025-06-12T22:16:28.883+0000] {processor.py:183} INFO - Processing /opt/airflow/dags/nhk_pipeline_dag.py took 0.158 seconds
[2025-06-12T23:48:24.847+0000] {processor.py:161} INFO - Started process (PID=32) to work on /opt/airflow/dags/nhk_pipeline_dag.py
[2025-06-12T23:48:24.848+0000] {processor.py:830} INFO - Processing file /opt/airflow/dags/nhk_pipeline_dag.py for tasks to queue
[2025-06-12T23:48:24.850+0000] {logging_mixin.py:188} INFO - [2025-06-12T23:48:24.849+0000] {dagbag.py:545} INFO - Filling up the DagBag from /opt/airflow/dags/nhk_pipeline_dag.py
[2025-06-12T23:48:24.997+0000] {logging_mixin.py:188} INFO - [2025-06-12T23:48:24.993+0000] {dagbag.py:355} ERROR - Failed to import: /opt/airflow/dags/nhk_pipeline_dag.py
Traceback (most recent call last):
  File "/home/airflow/.local/lib/python3.12/site-packages/airflow/models/dagbag.py", line 351, in parse
    loader.exec_module(new_module)
  File "<frozen importlib._bootstrap_external>", line 995, in exec_module
  File "<frozen importlib._bootstrap>", line 488, in _call_with_frames_removed
  File "/opt/airflow/dags/nhk_pipeline_dag.py", line 7, in <module>
    from scrapeNHKnews import scrape_NHK
ImportError: cannot import name 'scrape_NHK' from 'scrapeNHKnews' (/opt/airflow/scrapeNHKnews.py)
[2025-06-12T23:48:24.999+0000] {processor.py:842} WARNING - No viable dags retrieved from /opt/airflow/dags/nhk_pipeline_dag.py
[2025-06-12T23:48:25.037+0000] {processor.py:183} INFO - Processing /opt/airflow/dags/nhk_pipeline_dag.py took 0.198 seconds
[2025-06-12T23:48:55.221+0000] {processor.py:161} INFO - Started process (PID=54) to work on /opt/airflow/dags/nhk_pipeline_dag.py
[2025-06-12T23:48:55.222+0000] {processor.py:830} INFO - Processing file /opt/airflow/dags/nhk_pipeline_dag.py for tasks to queue
[2025-06-12T23:48:55.224+0000] {logging_mixin.py:188} INFO - [2025-06-12T23:48:55.224+0000] {dagbag.py:545} INFO - Filling up the DagBag from /opt/airflow/dags/nhk_pipeline_dag.py
[2025-06-12T23:48:55.347+0000] {logging_mixin.py:188} INFO - [2025-06-12T23:48:55.342+0000] {dagbag.py:355} ERROR - Failed to import: /opt/airflow/dags/nhk_pipeline_dag.py
Traceback (most recent call last):
  File "/home/airflow/.local/lib/python3.12/site-packages/airflow/models/dagbag.py", line 351, in parse
    loader.exec_module(new_module)
  File "<frozen importlib._bootstrap_external>", line 995, in exec_module
  File "<frozen importlib._bootstrap>", line 488, in _call_with_frames_removed
  File "/opt/airflow/dags/nhk_pipeline_dag.py", line 7, in <module>
    from scrapeNHKnews import scrape_NHK
ImportError: cannot import name 'scrape_NHK' from 'scrapeNHKnews' (/opt/airflow/scrapeNHKnews.py)
[2025-06-12T23:48:55.349+0000] {processor.py:842} WARNING - No viable dags retrieved from /opt/airflow/dags/nhk_pipeline_dag.py
[2025-06-12T23:48:55.398+0000] {processor.py:183} INFO - Processing /opt/airflow/dags/nhk_pipeline_dag.py took 0.184 seconds
[2025-06-12T23:49:25.552+0000] {processor.py:161} INFO - Started process (PID=69) to work on /opt/airflow/dags/nhk_pipeline_dag.py
[2025-06-12T23:49:25.553+0000] {processor.py:830} INFO - Processing file /opt/airflow/dags/nhk_pipeline_dag.py for tasks to queue
[2025-06-12T23:49:25.554+0000] {logging_mixin.py:188} INFO - [2025-06-12T23:49:25.554+0000] {dagbag.py:545} INFO - Filling up the DagBag from /opt/airflow/dags/nhk_pipeline_dag.py
[2025-06-12T23:49:25.644+0000] {logging_mixin.py:188} INFO - [2025-06-12T23:49:25.640+0000] {dagbag.py:355} ERROR - Failed to import: /opt/airflow/dags/nhk_pipeline_dag.py
Traceback (most recent call last):
  File "/home/airflow/.local/lib/python3.12/site-packages/airflow/models/dagbag.py", line 351, in parse
    loader.exec_module(new_module)
  File "<frozen importlib._bootstrap_external>", line 995, in exec_module
  File "<frozen importlib._bootstrap>", line 488, in _call_with_frames_removed
  File "/opt/airflow/dags/nhk_pipeline_dag.py", line 7, in <module>
    from scrapeNHKnews import scrape_NHK
ImportError: cannot import name 'scrape_NHK' from 'scrapeNHKnews' (/opt/airflow/scrapeNHKnews.py)
[2025-06-12T23:49:25.646+0000] {processor.py:842} WARNING - No viable dags retrieved from /opt/airflow/dags/nhk_pipeline_dag.py
[2025-06-12T23:49:25.683+0000] {processor.py:183} INFO - Processing /opt/airflow/dags/nhk_pipeline_dag.py took 0.135 seconds
[2025-06-12T23:49:55.829+0000] {processor.py:161} INFO - Started process (PID=84) to work on /opt/airflow/dags/nhk_pipeline_dag.py
[2025-06-12T23:49:55.830+0000] {processor.py:830} INFO - Processing file /opt/airflow/dags/nhk_pipeline_dag.py for tasks to queue
[2025-06-12T23:49:55.831+0000] {logging_mixin.py:188} INFO - [2025-06-12T23:49:55.831+0000] {dagbag.py:545} INFO - Filling up the DagBag from /opt/airflow/dags/nhk_pipeline_dag.py
[2025-06-12T23:49:55.920+0000] {logging_mixin.py:188} INFO - [2025-06-12T23:49:55.916+0000] {dagbag.py:355} ERROR - Failed to import: /opt/airflow/dags/nhk_pipeline_dag.py
Traceback (most recent call last):
  File "/home/airflow/.local/lib/python3.12/site-packages/airflow/models/dagbag.py", line 351, in parse
    loader.exec_module(new_module)
  File "<frozen importlib._bootstrap_external>", line 995, in exec_module
  File "<frozen importlib._bootstrap>", line 488, in _call_with_frames_removed
  File "/opt/airflow/dags/nhk_pipeline_dag.py", line 7, in <module>
    from scrapeNHKnews import scrape_NHK
ImportError: cannot import name 'scrape_NHK' from 'scrapeNHKnews' (/opt/airflow/scrapeNHKnews.py)
[2025-06-12T23:49:55.922+0000] {processor.py:842} WARNING - No viable dags retrieved from /opt/airflow/dags/nhk_pipeline_dag.py
[2025-06-12T23:49:55.958+0000] {processor.py:183} INFO - Processing /opt/airflow/dags/nhk_pipeline_dag.py took 0.133 seconds
[2025-06-12T23:50:26.097+0000] {processor.py:161} INFO - Started process (PID=106) to work on /opt/airflow/dags/nhk_pipeline_dag.py
[2025-06-12T23:50:26.098+0000] {processor.py:830} INFO - Processing file /opt/airflow/dags/nhk_pipeline_dag.py for tasks to queue
[2025-06-12T23:50:26.099+0000] {logging_mixin.py:188} INFO - [2025-06-12T23:50:26.099+0000] {dagbag.py:545} INFO - Filling up the DagBag from /opt/airflow/dags/nhk_pipeline_dag.py
[2025-06-12T23:50:26.190+0000] {logging_mixin.py:188} INFO - [2025-06-12T23:50:26.186+0000] {dagbag.py:355} ERROR - Failed to import: /opt/airflow/dags/nhk_pipeline_dag.py
Traceback (most recent call last):
  File "/home/airflow/.local/lib/python3.12/site-packages/airflow/models/dagbag.py", line 351, in parse
    loader.exec_module(new_module)
  File "<frozen importlib._bootstrap_external>", line 995, in exec_module
  File "<frozen importlib._bootstrap>", line 488, in _call_with_frames_removed
  File "/opt/airflow/dags/nhk_pipeline_dag.py", line 7, in <module>
    from scrapeNHKnews import scrape_NHK
ImportError: cannot import name 'scrape_NHK' from 'scrapeNHKnews' (/opt/airflow/scrapeNHKnews.py)
[2025-06-12T23:50:26.192+0000] {processor.py:842} WARNING - No viable dags retrieved from /opt/airflow/dags/nhk_pipeline_dag.py
[2025-06-12T23:50:26.227+0000] {processor.py:183} INFO - Processing /opt/airflow/dags/nhk_pipeline_dag.py took 0.134 seconds
[2025-06-12T23:50:56.380+0000] {processor.py:161} INFO - Started process (PID=121) to work on /opt/airflow/dags/nhk_pipeline_dag.py
[2025-06-12T23:50:56.380+0000] {processor.py:830} INFO - Processing file /opt/airflow/dags/nhk_pipeline_dag.py for tasks to queue
[2025-06-12T23:50:56.382+0000] {logging_mixin.py:188} INFO - [2025-06-12T23:50:56.381+0000] {dagbag.py:545} INFO - Filling up the DagBag from /opt/airflow/dags/nhk_pipeline_dag.py
[2025-06-12T23:50:56.470+0000] {logging_mixin.py:188} INFO - [2025-06-12T23:50:56.466+0000] {dagbag.py:355} ERROR - Failed to import: /opt/airflow/dags/nhk_pipeline_dag.py
Traceback (most recent call last):
  File "/home/airflow/.local/lib/python3.12/site-packages/airflow/models/dagbag.py", line 351, in parse
    loader.exec_module(new_module)
  File "<frozen importlib._bootstrap_external>", line 995, in exec_module
  File "<frozen importlib._bootstrap>", line 488, in _call_with_frames_removed
  File "/opt/airflow/dags/nhk_pipeline_dag.py", line 7, in <module>
    from scrapeNHKnews import scrape_NHK
ImportError: cannot import name 'scrape_NHK' from 'scrapeNHKnews' (/opt/airflow/scrapeNHKnews.py)
[2025-06-12T23:50:56.471+0000] {processor.py:842} WARNING - No viable dags retrieved from /opt/airflow/dags/nhk_pipeline_dag.py
[2025-06-12T23:50:56.508+0000] {processor.py:183} INFO - Processing /opt/airflow/dags/nhk_pipeline_dag.py took 0.133 seconds
[2025-06-12T23:51:26.648+0000] {processor.py:161} INFO - Started process (PID=143) to work on /opt/airflow/dags/nhk_pipeline_dag.py
[2025-06-12T23:51:26.649+0000] {processor.py:830} INFO - Processing file /opt/airflow/dags/nhk_pipeline_dag.py for tasks to queue
[2025-06-12T23:51:26.651+0000] {logging_mixin.py:188} INFO - [2025-06-12T23:51:26.651+0000] {dagbag.py:545} INFO - Filling up the DagBag from /opt/airflow/dags/nhk_pipeline_dag.py
[2025-06-12T23:51:26.756+0000] {logging_mixin.py:188} INFO - [2025-06-12T23:51:26.752+0000] {dagbag.py:355} ERROR - Failed to import: /opt/airflow/dags/nhk_pipeline_dag.py
Traceback (most recent call last):
  File "/home/airflow/.local/lib/python3.12/site-packages/airflow/models/dagbag.py", line 351, in parse
    loader.exec_module(new_module)
  File "<frozen importlib._bootstrap_external>", line 995, in exec_module
  File "<frozen importlib._bootstrap>", line 488, in _call_with_frames_removed
  File "/opt/airflow/dags/nhk_pipeline_dag.py", line 7, in <module>
    from scrapeNHKnews import scrape_NHK
ImportError: cannot import name 'scrape_NHK' from 'scrapeNHKnews' (/opt/airflow/scrapeNHKnews.py)
[2025-06-12T23:51:26.758+0000] {processor.py:842} WARNING - No viable dags retrieved from /opt/airflow/dags/nhk_pipeline_dag.py
[2025-06-12T23:51:26.806+0000] {processor.py:183} INFO - Processing /opt/airflow/dags/nhk_pipeline_dag.py took 0.164 seconds
[2025-06-12T23:51:56.988+0000] {processor.py:161} INFO - Started process (PID=158) to work on /opt/airflow/dags/nhk_pipeline_dag.py
[2025-06-12T23:51:56.989+0000] {processor.py:830} INFO - Processing file /opt/airflow/dags/nhk_pipeline_dag.py for tasks to queue
[2025-06-12T23:51:56.990+0000] {logging_mixin.py:188} INFO - [2025-06-12T23:51:56.990+0000] {dagbag.py:545} INFO - Filling up the DagBag from /opt/airflow/dags/nhk_pipeline_dag.py
[2025-06-12T23:51:57.081+0000] {logging_mixin.py:188} INFO - [2025-06-12T23:51:57.077+0000] {dagbag.py:355} ERROR - Failed to import: /opt/airflow/dags/nhk_pipeline_dag.py
Traceback (most recent call last):
  File "/home/airflow/.local/lib/python3.12/site-packages/airflow/models/dagbag.py", line 351, in parse
    loader.exec_module(new_module)
  File "<frozen importlib._bootstrap_external>", line 995, in exec_module
  File "<frozen importlib._bootstrap>", line 488, in _call_with_frames_removed
  File "/opt/airflow/dags/nhk_pipeline_dag.py", line 7, in <module>
    from scrapeNHKnews import scrape_NHK
ImportError: cannot import name 'scrape_NHK' from 'scrapeNHKnews' (/opt/airflow/scrapeNHKnews.py)
[2025-06-12T23:51:57.083+0000] {processor.py:842} WARNING - No viable dags retrieved from /opt/airflow/dags/nhk_pipeline_dag.py
[2025-06-12T23:51:57.121+0000] {processor.py:183} INFO - Processing /opt/airflow/dags/nhk_pipeline_dag.py took 0.136 seconds
[2025-06-12T23:52:07.048+0000] {processor.py:161} INFO - Started process (PID=166) to work on /opt/airflow/dags/nhk_pipeline_dag.py
[2025-06-12T23:52:07.049+0000] {processor.py:830} INFO - Processing file /opt/airflow/dags/nhk_pipeline_dag.py for tasks to queue
[2025-06-12T23:52:07.050+0000] {logging_mixin.py:188} INFO - [2025-06-12T23:52:07.050+0000] {dagbag.py:545} INFO - Filling up the DagBag from /opt/airflow/dags/nhk_pipeline_dag.py
[2025-06-12T23:52:07.282+0000] {processor.py:840} INFO - DAG(s) 'kanji_counter' retrieved from /opt/airflow/dags/nhk_pipeline_dag.py
[2025-06-12T23:52:07.778+0000] {logging_mixin.py:188} INFO - [2025-06-12T23:52:07.778+0000] {override.py:1829} INFO - Created Permission View: can edit on DAG:kanji_counter
[2025-06-12T23:52:07.787+0000] {logging_mixin.py:188} INFO - [2025-06-12T23:52:07.787+0000] {override.py:1829} INFO - Created Permission View: can delete on DAG:kanji_counter
[2025-06-12T23:52:07.795+0000] {logging_mixin.py:188} INFO - [2025-06-12T23:52:07.795+0000] {override.py:1829} INFO - Created Permission View: can read on DAG:kanji_counter
[2025-06-12T23:52:07.795+0000] {logging_mixin.py:188} INFO - [2025-06-12T23:52:07.795+0000] {dag.py:3096} INFO - Sync 1 DAGs
[2025-06-12T23:52:07.803+0000] {logging_mixin.py:188} INFO - [2025-06-12T23:52:07.803+0000] {dag.py:3118} INFO - Creating ORM DAG for kanji_counter
[2025-06-12T23:52:07.810+0000] {logging_mixin.py:188} INFO - [2025-06-12T23:52:07.810+0000] {dag.py:3954} INFO - Setting next_dagrun for kanji_counter to 2025-06-11 00:00:00+00:00, run_after=2025-06-12 00:00:00+00:00
[2025-06-12T23:52:07.831+0000] {processor.py:183} INFO - Processing /opt/airflow/dags/nhk_pipeline_dag.py took 0.788 seconds
[2025-06-12T23:53:09.155+0000] {processor.py:161} INFO - Started process (PID=32) to work on /opt/airflow/dags/nhk_pipeline_dag.py
[2025-06-12T23:53:09.156+0000] {processor.py:830} INFO - Processing file /opt/airflow/dags/nhk_pipeline_dag.py for tasks to queue
[2025-06-12T23:53:09.158+0000] {logging_mixin.py:188} INFO - [2025-06-12T23:53:09.157+0000] {dagbag.py:545} INFO - Filling up the DagBag from /opt/airflow/dags/nhk_pipeline_dag.py
[2025-06-12T23:53:09.372+0000] {processor.py:840} INFO - DAG(s) 'kanji_counter' retrieved from /opt/airflow/dags/nhk_pipeline_dag.py
[2025-06-12T23:53:09.705+0000] {logging_mixin.py:188} INFO - [2025-06-12T23:53:09.702+0000] {override.py:1829} INFO - Created Permission View: can read on DAG:kanji_counter
[2025-06-12T23:53:09.751+0000] {logging_mixin.py:188} INFO - [2025-06-12T23:53:09.751+0000] {override.py:1829} INFO - Created Permission View: can delete on DAG:kanji_counter
[2025-06-12T23:53:09.761+0000] {logging_mixin.py:188} INFO - [2025-06-12T23:53:09.760+0000] {override.py:1829} INFO - Created Permission View: can edit on DAG:kanji_counter
[2025-06-12T23:53:09.762+0000] {logging_mixin.py:188} INFO - [2025-06-12T23:53:09.761+0000] {dag.py:3096} INFO - Sync 1 DAGs
[2025-06-12T23:53:09.780+0000] {logging_mixin.py:188} INFO - [2025-06-12T23:53:09.778+0000] {dag.py:3118} INFO - Creating ORM DAG for kanji_counter
[2025-06-12T23:53:09.803+0000] {logging_mixin.py:188} INFO - [2025-06-12T23:53:09.802+0000] {dag.py:3954} INFO - Setting next_dagrun for kanji_counter to 2025-06-11 00:00:00+00:00, run_after=2025-06-12 00:00:00+00:00
[2025-06-12T23:53:10.114+0000] {processor.py:183} INFO - Processing /opt/airflow/dags/nhk_pipeline_dag.py took 0.964 seconds
[2025-06-12T23:53:40.338+0000] {processor.py:161} INFO - Started process (PID=47) to work on /opt/airflow/dags/nhk_pipeline_dag.py
[2025-06-12T23:53:40.339+0000] {processor.py:830} INFO - Processing file /opt/airflow/dags/nhk_pipeline_dag.py for tasks to queue
[2025-06-12T23:53:40.340+0000] {logging_mixin.py:188} INFO - [2025-06-12T23:53:40.340+0000] {dagbag.py:545} INFO - Filling up the DagBag from /opt/airflow/dags/nhk_pipeline_dag.py
[2025-06-12T23:53:40.489+0000] {processor.py:840} INFO - DAG(s) 'kanji_counter' retrieved from /opt/airflow/dags/nhk_pipeline_dag.py
[2025-06-12T23:53:40.530+0000] {logging_mixin.py:188} INFO - [2025-06-12T23:53:40.529+0000] {dag.py:3096} INFO - Sync 1 DAGs
[2025-06-12T23:53:40.551+0000] {logging_mixin.py:188} INFO - [2025-06-12T23:53:40.551+0000] {dag.py:3954} INFO - Setting next_dagrun for kanji_counter to 2025-06-11 00:00:00+00:00, run_after=2025-06-12 00:00:00+00:00
[2025-06-12T23:53:40.586+0000] {processor.py:183} INFO - Processing /opt/airflow/dags/nhk_pipeline_dag.py took 0.253 seconds
[2025-06-12T23:54:10.749+0000] {processor.py:161} INFO - Started process (PID=69) to work on /opt/airflow/dags/nhk_pipeline_dag.py
[2025-06-12T23:54:10.750+0000] {processor.py:830} INFO - Processing file /opt/airflow/dags/nhk_pipeline_dag.py for tasks to queue
[2025-06-12T23:54:10.757+0000] {logging_mixin.py:188} INFO - [2025-06-12T23:54:10.752+0000] {dagbag.py:545} INFO - Filling up the DagBag from /opt/airflow/dags/nhk_pipeline_dag.py
[2025-06-12T23:54:10.909+0000] {processor.py:840} INFO - DAG(s) 'kanji_counter' retrieved from /opt/airflow/dags/nhk_pipeline_dag.py
[2025-06-12T23:54:10.950+0000] {logging_mixin.py:188} INFO - [2025-06-12T23:54:10.949+0000] {dag.py:3096} INFO - Sync 1 DAGs
[2025-06-12T23:54:10.966+0000] {logging_mixin.py:188} INFO - [2025-06-12T23:54:10.966+0000] {dag.py:3954} INFO - Setting next_dagrun for kanji_counter to 2025-06-12 00:00:00+00:00, run_after=2025-06-13 00:00:00+00:00
[2025-06-12T23:54:10.983+0000] {processor.py:183} INFO - Processing /opt/airflow/dags/nhk_pipeline_dag.py took 0.238 seconds
[2025-06-12T23:54:41.139+0000] {processor.py:161} INFO - Started process (PID=85) to work on /opt/airflow/dags/nhk_pipeline_dag.py
[2025-06-12T23:54:41.139+0000] {processor.py:830} INFO - Processing file /opt/airflow/dags/nhk_pipeline_dag.py for tasks to queue
[2025-06-12T23:54:41.142+0000] {logging_mixin.py:188} INFO - [2025-06-12T23:54:41.141+0000] {dagbag.py:545} INFO - Filling up the DagBag from /opt/airflow/dags/nhk_pipeline_dag.py
[2025-06-12T23:54:41.285+0000] {processor.py:840} INFO - DAG(s) 'kanji_counter' retrieved from /opt/airflow/dags/nhk_pipeline_dag.py
[2025-06-12T23:54:41.328+0000] {logging_mixin.py:188} INFO - [2025-06-12T23:54:41.327+0000] {dag.py:3096} INFO - Sync 1 DAGs
[2025-06-12T23:54:41.345+0000] {logging_mixin.py:188} INFO - [2025-06-12T23:54:41.345+0000] {dag.py:3954} INFO - Setting next_dagrun for kanji_counter to 2025-06-12 00:00:00+00:00, run_after=2025-06-13 00:00:00+00:00
[2025-06-12T23:54:41.362+0000] {processor.py:183} INFO - Processing /opt/airflow/dags/nhk_pipeline_dag.py took 0.229 seconds
[2025-06-12T23:55:11.516+0000] {processor.py:161} INFO - Started process (PID=107) to work on /opt/airflow/dags/nhk_pipeline_dag.py
[2025-06-12T23:55:11.517+0000] {processor.py:830} INFO - Processing file /opt/airflow/dags/nhk_pipeline_dag.py for tasks to queue
[2025-06-12T23:55:11.519+0000] {logging_mixin.py:188} INFO - [2025-06-12T23:55:11.518+0000] {dagbag.py:545} INFO - Filling up the DagBag from /opt/airflow/dags/nhk_pipeline_dag.py
[2025-06-12T23:55:11.656+0000] {processor.py:840} INFO - DAG(s) 'kanji_counter' retrieved from /opt/airflow/dags/nhk_pipeline_dag.py
[2025-06-12T23:55:11.698+0000] {logging_mixin.py:188} INFO - [2025-06-12T23:55:11.697+0000] {dag.py:3096} INFO - Sync 1 DAGs
[2025-06-12T23:55:11.715+0000] {logging_mixin.py:188} INFO - [2025-06-12T23:55:11.715+0000] {dag.py:3954} INFO - Setting next_dagrun for kanji_counter to 2025-06-12 00:00:00+00:00, run_after=2025-06-13 00:00:00+00:00
[2025-06-12T23:55:11.735+0000] {processor.py:183} INFO - Processing /opt/airflow/dags/nhk_pipeline_dag.py took 0.223 seconds
[2025-06-12T23:56:06.482+0000] {processor.py:161} INFO - Started process (PID=31) to work on /opt/airflow/dags/nhk_pipeline_dag.py
[2025-06-12T23:56:06.483+0000] {processor.py:830} INFO - Processing file /opt/airflow/dags/nhk_pipeline_dag.py for tasks to queue
[2025-06-12T23:56:06.485+0000] {logging_mixin.py:188} INFO - [2025-06-12T23:56:06.485+0000] {dagbag.py:545} INFO - Filling up the DagBag from /opt/airflow/dags/nhk_pipeline_dag.py
[2025-06-12T23:56:06.773+0000] {processor.py:840} INFO - DAG(s) 'kanji_counter' retrieved from /opt/airflow/dags/nhk_pipeline_dag.py
[2025-06-12T23:56:07.089+0000] {logging_mixin.py:188} INFO - [2025-06-12T23:56:07.088+0000] {dag.py:3096} INFO - Sync 1 DAGs
[2025-06-12T23:56:07.108+0000] {logging_mixin.py:188} INFO - [2025-06-12T23:56:07.108+0000] {dag.py:3954} INFO - Setting next_dagrun for kanji_counter to 2025-06-12 00:00:00+00:00, run_after=2025-06-13 00:00:00+00:00
[2025-06-12T23:56:07.328+0000] {processor.py:183} INFO - Processing /opt/airflow/dags/nhk_pipeline_dag.py took 0.851 seconds
[2025-06-12T23:56:37.557+0000] {processor.py:161} INFO - Started process (PID=46) to work on /opt/airflow/dags/nhk_pipeline_dag.py
[2025-06-12T23:56:37.558+0000] {processor.py:830} INFO - Processing file /opt/airflow/dags/nhk_pipeline_dag.py for tasks to queue
[2025-06-12T23:56:37.560+0000] {logging_mixin.py:188} INFO - [2025-06-12T23:56:37.560+0000] {dagbag.py:545} INFO - Filling up the DagBag from /opt/airflow/dags/nhk_pipeline_dag.py
[2025-06-12T23:56:37.711+0000] {processor.py:840} INFO - DAG(s) 'kanji_counter' retrieved from /opt/airflow/dags/nhk_pipeline_dag.py
[2025-06-12T23:56:37.750+0000] {logging_mixin.py:188} INFO - [2025-06-12T23:56:37.750+0000] {dag.py:3096} INFO - Sync 1 DAGs
[2025-06-12T23:56:37.766+0000] {logging_mixin.py:188} INFO - [2025-06-12T23:56:37.766+0000] {dag.py:3954} INFO - Setting next_dagrun for kanji_counter to 2025-06-12 00:00:00+00:00, run_after=2025-06-13 00:00:00+00:00
[2025-06-12T23:56:37.784+0000] {processor.py:183} INFO - Processing /opt/airflow/dags/nhk_pipeline_dag.py took 0.232 seconds
[2025-06-12T23:57:08.034+0000] {processor.py:161} INFO - Started process (PID=68) to work on /opt/airflow/dags/nhk_pipeline_dag.py
[2025-06-12T23:57:08.035+0000] {processor.py:830} INFO - Processing file /opt/airflow/dags/nhk_pipeline_dag.py for tasks to queue
[2025-06-12T23:57:08.037+0000] {logging_mixin.py:188} INFO - [2025-06-12T23:57:08.037+0000] {dagbag.py:545} INFO - Filling up the DagBag from /opt/airflow/dags/nhk_pipeline_dag.py
[2025-06-12T23:57:08.191+0000] {processor.py:840} INFO - DAG(s) 'kanji_counter' retrieved from /opt/airflow/dags/nhk_pipeline_dag.py
[2025-06-12T23:57:08.229+0000] {logging_mixin.py:188} INFO - [2025-06-12T23:57:08.228+0000] {dag.py:3096} INFO - Sync 1 DAGs
[2025-06-12T23:57:08.244+0000] {logging_mixin.py:188} INFO - [2025-06-12T23:57:08.244+0000] {dag.py:3954} INFO - Setting next_dagrun for kanji_counter to 2025-06-12 00:00:00+00:00, run_after=2025-06-13 00:00:00+00:00
[2025-06-12T23:57:08.260+0000] {processor.py:183} INFO - Processing /opt/airflow/dags/nhk_pipeline_dag.py took 0.230 seconds
[2025-06-12T23:57:38.436+0000] {processor.py:161} INFO - Started process (PID=83) to work on /opt/airflow/dags/nhk_pipeline_dag.py
[2025-06-12T23:57:38.438+0000] {processor.py:830} INFO - Processing file /opt/airflow/dags/nhk_pipeline_dag.py for tasks to queue
[2025-06-12T23:57:38.447+0000] {logging_mixin.py:188} INFO - [2025-06-12T23:57:38.446+0000] {dagbag.py:545} INFO - Filling up the DagBag from /opt/airflow/dags/nhk_pipeline_dag.py
[2025-06-12T23:57:38.679+0000] {processor.py:840} INFO - DAG(s) 'kanji_counter' retrieved from /opt/airflow/dags/nhk_pipeline_dag.py
[2025-06-12T23:57:38.718+0000] {logging_mixin.py:188} INFO - [2025-06-12T23:57:38.718+0000] {dag.py:3096} INFO - Sync 1 DAGs
[2025-06-12T23:57:38.740+0000] {logging_mixin.py:188} INFO - [2025-06-12T23:57:38.740+0000] {dag.py:3954} INFO - Setting next_dagrun for kanji_counter to 2025-06-12 00:00:00+00:00, run_after=2025-06-13 00:00:00+00:00
[2025-06-12T23:57:38.764+0000] {processor.py:183} INFO - Processing /opt/airflow/dags/nhk_pipeline_dag.py took 0.336 seconds
