[2025-06-10T01:04:30.705+0000] {local_task_job_runner.py:120} INFO - ::group::Pre task execution logs
[2025-06-10T01:04:30.748+0000] {taskinstance.py:2076} INFO - Dependencies all met for dep_context=non-requeueable deps ti=<TaskInstance: kanji_counter.task_one scheduled__2025-06-09T00:00:00+00:00 [queued]>
[2025-06-10T01:04:30.757+0000] {taskinstance.py:2076} INFO - Dependencies all met for dep_context=requeueable deps ti=<TaskInstance: kanji_counter.task_one scheduled__2025-06-09T00:00:00+00:00 [queued]>
[2025-06-10T01:04:30.757+0000] {taskinstance.py:2306} INFO - Starting attempt 1 of 1
[2025-06-10T01:04:30.775+0000] {taskinstance.py:2330} INFO - Executing <Task(PythonOperator): task_one> on 2025-06-09 00:00:00+00:00
[2025-06-10T01:04:30.786+0000] {warnings.py:110} WARNING - /home/airflow/.local/lib/python3.12/site-packages/airflow/task/task_runner/standard_task_runner.py:61: DeprecationWarning: This process (pid=2285) is multi-threaded, use of fork() may lead to deadlocks in the child.
  pid = os.fork()

[2025-06-10T01:04:30.787+0000] {standard_task_runner.py:63} INFO - Started process 2286 to run task
[2025-06-10T01:04:30.787+0000] {standard_task_runner.py:90} INFO - Running: ['airflow', 'tasks', 'run', 'kanji_counter', 'task_one', 'scheduled__2025-06-09T00:00:00+00:00', '--job-id', '2', '--raw', '--subdir', 'DAGS_FOLDER/nhk_pipeline_dag.py', '--cfg-path', '/tmp/tmpdga5zmwq']
[2025-06-10T01:04:30.789+0000] {standard_task_runner.py:91} INFO - Job 2: Subtask task_one
[2025-06-10T01:04:30.830+0000] {warnings.py:110} WARNING - /home/airflow/.local/lib/python3.12/site-packages/airflow/settings.py:195: DeprecationWarning: The sql_alchemy_conn option in [core] has been moved to the sql_alchemy_conn option in [database] - the old setting has been used, but please update your config.
  SQL_ALCHEMY_CONN = conf.get("database", "SQL_ALCHEMY_CONN")

[2025-06-10T01:04:30.903+0000] {task_command.py:426} INFO - Running <TaskInstance: kanji_counter.task_one scheduled__2025-06-09T00:00:00+00:00 [running]> on host 871dded07756
[2025-06-10T01:04:31.064+0000] {taskinstance.py:2648} INFO - Exporting env vars: AIRFLOW_CTX_DAG_OWNER='airflow' AIRFLOW_CTX_DAG_ID='kanji_counter' AIRFLOW_CTX_TASK_ID='task_one' AIRFLOW_CTX_EXECUTION_DATE='2025-06-09T00:00:00+00:00' AIRFLOW_CTX_TRY_NUMBER='1' AIRFLOW_CTX_DAG_RUN_ID='scheduled__2025-06-09T00:00:00+00:00'
[2025-06-10T01:04:31.065+0000] {taskinstance.py:430} INFO - ::endgroup::
[2025-06-10T01:04:44.564+0000] {logging_mixin.py:188} INFO - [!] Playwright fallback failed: HTTPConnectionPool(host='nhk-playwright', port=5010): Max retries exceeded with url: /render (Caused by NameResolutionError("<urllib3.connection.HTTPConnection object at 0x7f49445ae6c0>: Failed to resolve 'nhk-playwright' ([Errno -3] Temporary failure in name resolution)"))
[2025-06-10T01:04:44.629+0000] {logging_mixin.py:188} INFO - Article collection created!
[2025-06-10T01:04:44.629+0000] {logging_mixin.py:188} INFO - Inserted 303 documents.
[2025-06-10T01:04:44.630+0000] {python.py:237} INFO - Done. Returned value was: None
[2025-06-10T01:04:44.631+0000] {taskinstance.py:441} INFO - ::group::Post task execution logs
[2025-06-10T01:04:44.657+0000] {taskinstance.py:1206} INFO - Marking task as SUCCESS. dag_id=kanji_counter, task_id=task_one, run_id=scheduled__2025-06-09T00:00:00+00:00, execution_date=20250609T000000, start_date=20250610T010430, end_date=20250610T010444
[2025-06-10T01:04:44.708+0000] {local_task_job_runner.py:240} INFO - Task exited with return code 0
[2025-06-10T01:04:44.743+0000] {taskinstance.py:3498} INFO - 1 downstream tasks scheduled from follow-on schedule check
[2025-06-10T01:04:44.748+0000] {local_task_job_runner.py:222} INFO - ::endgroup::
[2025-06-10T02:24:30.637+0000] {local_task_job_runner.py:120} INFO - ::group::Pre task execution logs
[2025-06-10T02:24:30.674+0000] {taskinstance.py:2076} INFO - Dependencies all met for dep_context=non-requeueable deps ti=<TaskInstance: kanji_counter.task_one scheduled__2025-06-09T00:00:00+00:00 [queued]>
[2025-06-10T02:24:30.680+0000] {taskinstance.py:2076} INFO - Dependencies all met for dep_context=requeueable deps ti=<TaskInstance: kanji_counter.task_one scheduled__2025-06-09T00:00:00+00:00 [queued]>
[2025-06-10T02:24:30.681+0000] {taskinstance.py:2306} INFO - Starting attempt 1 of 1
[2025-06-10T02:24:30.695+0000] {taskinstance.py:2330} INFO - Executing <Task(PythonOperator): task_one> on 2025-06-09 00:00:00+00:00
[2025-06-10T02:24:30.703+0000] {warnings.py:110} WARNING - /home/airflow/.local/lib/python3.12/site-packages/airflow/task/task_runner/standard_task_runner.py:61: DeprecationWarning: This process (pid=74) is multi-threaded, use of fork() may lead to deadlocks in the child.
  pid = os.fork()

[2025-06-10T02:24:30.704+0000] {standard_task_runner.py:63} INFO - Started process 75 to run task
[2025-06-10T02:24:30.705+0000] {standard_task_runner.py:90} INFO - Running: ['airflow', 'tasks', 'run', 'kanji_counter', 'task_one', 'scheduled__2025-06-09T00:00:00+00:00', '--job-id', '2', '--raw', '--subdir', 'DAGS_FOLDER/nhk_pipeline_dag.py', '--cfg-path', '/tmp/tmppeinc9z7']
[2025-06-10T02:24:30.706+0000] {standard_task_runner.py:91} INFO - Job 2: Subtask task_one
[2025-06-10T02:24:30.739+0000] {warnings.py:110} WARNING - /home/airflow/.local/lib/python3.12/site-packages/airflow/settings.py:195: DeprecationWarning: The sql_alchemy_conn option in [core] has been moved to the sql_alchemy_conn option in [database] - the old setting has been used, but please update your config.
  SQL_ALCHEMY_CONN = conf.get("database", "SQL_ALCHEMY_CONN")

[2025-06-10T02:24:30.807+0000] {task_command.py:426} INFO - Running <TaskInstance: kanji_counter.task_one scheduled__2025-06-09T00:00:00+00:00 [running]> on host f11218625f84
[2025-06-10T02:24:30.949+0000] {taskinstance.py:2648} INFO - Exporting env vars: AIRFLOW_CTX_DAG_OWNER='airflow' AIRFLOW_CTX_DAG_ID='kanji_counter' AIRFLOW_CTX_TASK_ID='task_one' AIRFLOW_CTX_EXECUTION_DATE='2025-06-09T00:00:00+00:00' AIRFLOW_CTX_TRY_NUMBER='1' AIRFLOW_CTX_DAG_RUN_ID='scheduled__2025-06-09T00:00:00+00:00'
[2025-06-10T02:24:30.950+0000] {taskinstance.py:430} INFO - ::endgroup::
[2025-06-10T02:24:35.870+0000] {logging_mixin.py:188} INFO - Article collection created!
[2025-06-10T02:24:35.871+0000] {logging_mixin.py:188} INFO - Inserted 359 documents.
[2025-06-10T02:24:35.872+0000] {python.py:237} INFO - Done. Returned value was: None
[2025-06-10T02:24:35.872+0000] {taskinstance.py:441} INFO - ::group::Post task execution logs
[2025-06-10T02:24:35.898+0000] {taskinstance.py:1206} INFO - Marking task as SUCCESS. dag_id=kanji_counter, task_id=task_one, run_id=scheduled__2025-06-09T00:00:00+00:00, execution_date=20250609T000000, start_date=20250610T022430, end_date=20250610T022435
[2025-06-10T02:24:35.921+0000] {local_task_job_runner.py:240} INFO - Task exited with return code 0
[2025-06-10T02:24:35.954+0000] {taskinstance.py:3498} INFO - 1 downstream tasks scheduled from follow-on schedule check
[2025-06-10T02:24:35.958+0000] {local_task_job_runner.py:222} INFO - ::endgroup::
