[2025-06-07T20:44:49.837+0000] {local_task_job_runner.py:120} INFO - ::group::Pre task execution logs
[2025-06-07T20:44:49.889+0000] {taskinstance.py:2076} INFO - Dependencies all met for dep_context=non-requeueable deps ti=<TaskInstance: kanji_counter.task_two scheduled__2025-06-06T00:00:00+00:00 [queued]>
[2025-06-07T20:44:49.895+0000] {taskinstance.py:2076} INFO - Dependencies all met for dep_context=requeueable deps ti=<TaskInstance: kanji_counter.task_two scheduled__2025-06-06T00:00:00+00:00 [queued]>
[2025-06-07T20:44:49.895+0000] {taskinstance.py:2306} INFO - Starting attempt 1 of 1
[2025-06-07T20:44:49.910+0000] {taskinstance.py:2330} INFO - Executing <Task(PythonOperator): task_two> on 2025-06-06 00:00:00+00:00
[2025-06-07T20:44:49.916+0000] {warnings.py:110} WARNING - /home/airflow/.local/lib/python3.12/site-packages/airflow/task/task_runner/standard_task_runner.py:61: DeprecationWarning: This process (pid=419) is multi-threaded, use of fork() may lead to deadlocks in the child.
  pid = os.fork()

[2025-06-07T20:44:49.917+0000] {standard_task_runner.py:63} INFO - Started process 428 to run task
[2025-06-07T20:44:49.918+0000] {standard_task_runner.py:90} INFO - Running: ['airflow', 'tasks', 'run', 'kanji_counter', 'task_two', 'scheduled__2025-06-06T00:00:00+00:00', '--job-id', '3', '--raw', '--subdir', 'DAGS_FOLDER/nhk_pipeline_dag.py', '--cfg-path', '/tmp/tmpk99qgw6w']
[2025-06-07T20:44:49.920+0000] {standard_task_runner.py:91} INFO - Job 3: Subtask task_two
[2025-06-07T20:44:49.963+0000] {warnings.py:110} WARNING - /home/airflow/.local/lib/python3.12/site-packages/airflow/settings.py:195: DeprecationWarning: The sql_alchemy_conn option in [core] has been moved to the sql_alchemy_conn option in [database] - the old setting has been used, but please update your config.
  SQL_ALCHEMY_CONN = conf.get("database", "SQL_ALCHEMY_CONN")

[2025-06-07T20:44:50.037+0000] {task_command.py:426} INFO - Running <TaskInstance: kanji_counter.task_two scheduled__2025-06-06T00:00:00+00:00 [running]> on host e9ce04e50b23
[2025-06-07T20:44:50.190+0000] {taskinstance.py:2648} INFO - Exporting env vars: AIRFLOW_CTX_DAG_OWNER='airflow' AIRFLOW_CTX_DAG_ID='kanji_counter' AIRFLOW_CTX_TASK_ID='task_two' AIRFLOW_CTX_EXECUTION_DATE='2025-06-06T00:00:00+00:00' AIRFLOW_CTX_TRY_NUMBER='1' AIRFLOW_CTX_DAG_RUN_ID='scheduled__2025-06-06T00:00:00+00:00'
[2025-06-07T20:44:50.192+0000] {taskinstance.py:430} INFO - ::endgroup::
[2025-06-07T20:44:50.215+0000] {logging_mixin.py:188} INFO - Database error while getting last processed ID: 2003 (HY000): Can't connect to MySQL server on 'localhost:3306' (111)
[2025-06-07T20:44:50.216+0000] {taskinstance.py:441} INFO - ::group::Post task execution logs
[2025-06-07T20:44:50.217+0000] {taskinstance.py:2905} ERROR - Task failed with exception
Traceback (most recent call last):
  File "/home/airflow/.local/lib/python3.12/site-packages/airflow/models/taskinstance.py", line 465, in _execute_task
    result = _execute_callable(context=context, **execute_callable_kwargs)
             ^^^^^^^^^^^^^^^^^^^^^^^^^^^^^^^^^^^^^^^^^^^^^^^^^^^^^^^^^^^^^
  File "/home/airflow/.local/lib/python3.12/site-packages/airflow/models/taskinstance.py", line 432, in _execute_callable
    return execute_callable(context=context, **execute_callable_kwargs)
           ^^^^^^^^^^^^^^^^^^^^^^^^^^^^^^^^^^^^^^^^^^^^^^^^^^^^^^^^^^^^
  File "/home/airflow/.local/lib/python3.12/site-packages/airflow/models/baseoperator.py", line 400, in wrapper
    return func(self, *args, **kwargs)
           ^^^^^^^^^^^^^^^^^^^^^^^^^^^
  File "/home/airflow/.local/lib/python3.12/site-packages/airflow/operators/python.py", line 235, in execute
    return_value = self.execute_callable()
                   ^^^^^^^^^^^^^^^^^^^^^^^
  File "/home/airflow/.local/lib/python3.12/site-packages/airflow/operators/python.py", line 252, in execute_callable
    return self.python_callable(*self.op_args, **self.op_kwargs)
           ^^^^^^^^^^^^^^^^^^^^^^^^^^^^^^^^^^^^^^^^^^^^^^^^^^^^^
  File "/opt/airflow/count_kanji.py", line 126, in batch_process
    last_processed_id = get_last_processed_id()
                        ^^^^^^^^^^^^^^^^^^^^^^^
  File "/opt/airflow/count_kanji.py", line 51, in get_last_processed_id
    cursor.close()
    ^^^^^^
UnboundLocalError: cannot access local variable 'cursor' where it is not associated with a value
[2025-06-07T20:44:50.243+0000] {taskinstance.py:1206} INFO - Marking task as FAILED. dag_id=kanji_counter, task_id=task_two, run_id=scheduled__2025-06-06T00:00:00+00:00, execution_date=20250606T000000, start_date=20250607T204449, end_date=20250607T204450
[2025-06-07T20:44:50.255+0000] {standard_task_runner.py:110} ERROR - Failed to execute job 3 for task task_two (cannot access local variable 'cursor' where it is not associated with a value; 428)
[2025-06-07T20:44:50.291+0000] {local_task_job_runner.py:240} INFO - Task exited with return code 1
[2025-06-07T20:44:50.324+0000] {taskinstance.py:3498} INFO - 0 downstream tasks scheduled from follow-on schedule check
[2025-06-07T20:44:50.325+0000] {local_task_job_runner.py:222} INFO - ::endgroup::
[2025-06-07T20:57:54.772+0000] {local_task_job_runner.py:120} INFO - ::group::Pre task execution logs
[2025-06-07T20:57:54.812+0000] {taskinstance.py:2076} INFO - Dependencies all met for dep_context=non-requeueable deps ti=<TaskInstance: kanji_counter.task_two scheduled__2025-06-06T00:00:00+00:00 [queued]>
[2025-06-07T20:57:54.818+0000] {taskinstance.py:2076} INFO - Dependencies all met for dep_context=requeueable deps ti=<TaskInstance: kanji_counter.task_two scheduled__2025-06-06T00:00:00+00:00 [queued]>
[2025-06-07T20:57:54.818+0000] {taskinstance.py:2306} INFO - Starting attempt 1 of 1
[2025-06-07T20:57:54.833+0000] {taskinstance.py:2330} INFO - Executing <Task(PythonOperator): task_two> on 2025-06-06 00:00:00+00:00
[2025-06-07T20:57:54.840+0000] {warnings.py:110} WARNING - /home/airflow/.local/lib/python3.12/site-packages/airflow/task/task_runner/standard_task_runner.py:61: DeprecationWarning: This process (pid=208) is multi-threaded, use of fork() may lead to deadlocks in the child.
  pid = os.fork()

[2025-06-07T20:57:54.841+0000] {standard_task_runner.py:63} INFO - Started process 209 to run task
[2025-06-07T20:57:54.841+0000] {standard_task_runner.py:90} INFO - Running: ['airflow', 'tasks', 'run', 'kanji_counter', 'task_two', 'scheduled__2025-06-06T00:00:00+00:00', '--job-id', '3', '--raw', '--subdir', 'DAGS_FOLDER/nhk_pipeline_dag.py', '--cfg-path', '/tmp/tmp64yw92e2']
[2025-06-07T20:57:54.844+0000] {standard_task_runner.py:91} INFO - Job 3: Subtask task_two
[2025-06-07T20:57:54.880+0000] {warnings.py:110} WARNING - /home/airflow/.local/lib/python3.12/site-packages/airflow/settings.py:195: DeprecationWarning: The sql_alchemy_conn option in [core] has been moved to the sql_alchemy_conn option in [database] - the old setting has been used, but please update your config.
  SQL_ALCHEMY_CONN = conf.get("database", "SQL_ALCHEMY_CONN")

[2025-06-07T20:57:54.948+0000] {task_command.py:426} INFO - Running <TaskInstance: kanji_counter.task_two scheduled__2025-06-06T00:00:00+00:00 [running]> on host 473827b81757
[2025-06-07T20:57:55.107+0000] {taskinstance.py:2648} INFO - Exporting env vars: AIRFLOW_CTX_DAG_OWNER='airflow' AIRFLOW_CTX_DAG_ID='kanji_counter' AIRFLOW_CTX_TASK_ID='task_two' AIRFLOW_CTX_EXECUTION_DATE='2025-06-06T00:00:00+00:00' AIRFLOW_CTX_TRY_NUMBER='1' AIRFLOW_CTX_DAG_RUN_ID='scheduled__2025-06-06T00:00:00+00:00'
[2025-06-07T20:57:55.109+0000] {taskinstance.py:430} INFO - ::endgroup::
[2025-06-07T20:57:55.137+0000] {logging_mixin.py:188} INFO - ❌ Error during batch processing: 2003 (HY000): Can't connect to MySQL server on 'localhost:3306' (111)
[2025-06-07T20:57:55.138+0000] {logging_mixin.py:188} INFO - 🎉 Done! Total documents processed: 0
[2025-06-07T20:57:55.141+0000] {python.py:237} INFO - Done. Returned value was: None
[2025-06-07T20:57:55.145+0000] {taskinstance.py:441} INFO - ::group::Post task execution logs
[2025-06-07T20:57:55.177+0000] {taskinstance.py:1206} INFO - Marking task as SUCCESS. dag_id=kanji_counter, task_id=task_two, run_id=scheduled__2025-06-06T00:00:00+00:00, execution_date=20250606T000000, start_date=20250607T205754, end_date=20250607T205755
[2025-06-07T20:57:55.215+0000] {local_task_job_runner.py:240} INFO - Task exited with return code 0
[2025-06-07T20:57:55.272+0000] {taskinstance.py:3498} INFO - 0 downstream tasks scheduled from follow-on schedule check
[2025-06-07T20:57:55.274+0000] {local_task_job_runner.py:222} INFO - ::endgroup::
[2025-06-07T21:20:56.277+0000] {local_task_job_runner.py:120} INFO - ::group::Pre task execution logs
[2025-06-07T21:20:56.311+0000] {taskinstance.py:2076} INFO - Dependencies all met for dep_context=non-requeueable deps ti=<TaskInstance: kanji_counter.task_two scheduled__2025-06-06T00:00:00+00:00 [queued]>
[2025-06-07T21:20:56.317+0000] {taskinstance.py:2076} INFO - Dependencies all met for dep_context=requeueable deps ti=<TaskInstance: kanji_counter.task_two scheduled__2025-06-06T00:00:00+00:00 [queued]>
[2025-06-07T21:20:56.318+0000] {taskinstance.py:2306} INFO - Starting attempt 1 of 1
[2025-06-07T21:20:56.333+0000] {taskinstance.py:2330} INFO - Executing <Task(PythonOperator): task_two> on 2025-06-06 00:00:00+00:00
[2025-06-07T21:20:56.339+0000] {warnings.py:110} WARNING - /home/airflow/.local/lib/python3.12/site-packages/airflow/task/task_runner/standard_task_runner.py:61: DeprecationWarning: This process (pid=77) is multi-threaded, use of fork() may lead to deadlocks in the child.
  pid = os.fork()

[2025-06-07T21:20:56.340+0000] {standard_task_runner.py:63} INFO - Started process 78 to run task
[2025-06-07T21:20:56.340+0000] {standard_task_runner.py:90} INFO - Running: ['airflow', 'tasks', 'run', 'kanji_counter', 'task_two', 'scheduled__2025-06-06T00:00:00+00:00', '--job-id', '3', '--raw', '--subdir', 'DAGS_FOLDER/nhk_pipeline_dag.py', '--cfg-path', '/tmp/tmpbcionflc']
[2025-06-07T21:20:56.342+0000] {standard_task_runner.py:91} INFO - Job 3: Subtask task_two
[2025-06-07T21:20:56.374+0000] {warnings.py:110} WARNING - /home/airflow/.local/lib/python3.12/site-packages/airflow/settings.py:195: DeprecationWarning: The sql_alchemy_conn option in [core] has been moved to the sql_alchemy_conn option in [database] - the old setting has been used, but please update your config.
  SQL_ALCHEMY_CONN = conf.get("database", "SQL_ALCHEMY_CONN")

[2025-06-07T21:20:56.436+0000] {task_command.py:426} INFO - Running <TaskInstance: kanji_counter.task_two scheduled__2025-06-06T00:00:00+00:00 [running]> on host f5c24a476d14
[2025-06-07T21:20:56.592+0000] {taskinstance.py:2648} INFO - Exporting env vars: AIRFLOW_CTX_DAG_OWNER='airflow' AIRFLOW_CTX_DAG_ID='kanji_counter' AIRFLOW_CTX_TASK_ID='task_two' AIRFLOW_CTX_EXECUTION_DATE='2025-06-06T00:00:00+00:00' AIRFLOW_CTX_TRY_NUMBER='1' AIRFLOW_CTX_DAG_RUN_ID='scheduled__2025-06-06T00:00:00+00:00'
[2025-06-07T21:20:56.593+0000] {taskinstance.py:430} INFO - ::endgroup::
[2025-06-07T21:20:56.704+0000] {logging_mixin.py:188} INFO - ✅ Processed 330 documents. Last ID: 6844ad3779bd68e36880b119
[2025-06-07T21:20:56.709+0000] {logging_mixin.py:188} INFO - ✅ No more documents to process.
[2025-06-07T21:20:56.710+0000] {logging_mixin.py:188} INFO - 🎉 Done! Total documents processed: 330
[2025-06-07T21:20:56.711+0000] {python.py:237} INFO - Done. Returned value was: None
[2025-06-07T21:20:56.712+0000] {taskinstance.py:441} INFO - ::group::Post task execution logs
[2025-06-07T21:20:56.736+0000] {taskinstance.py:1206} INFO - Marking task as SUCCESS. dag_id=kanji_counter, task_id=task_two, run_id=scheduled__2025-06-06T00:00:00+00:00, execution_date=20250606T000000, start_date=20250607T212056, end_date=20250607T212056
[2025-06-07T21:20:56.753+0000] {local_task_job_runner.py:240} INFO - Task exited with return code 0
[2025-06-07T21:20:56.784+0000] {taskinstance.py:3498} INFO - 0 downstream tasks scheduled from follow-on schedule check
[2025-06-07T21:20:56.785+0000] {local_task_job_runner.py:222} INFO - ::endgroup::
