[2025-06-12T23:56:42.940+0000] {local_task_job_runner.py:120} INFO - ::group::Pre task execution logs
[2025-06-12T23:56:42.989+0000] {taskinstance.py:2076} INFO - Dependencies all met for dep_context=non-requeueable deps ti=<TaskInstance: kanji_counter.task_one manual__2025-06-12T23:56:40.504796+00:00 [queued]>
[2025-06-12T23:56:42.997+0000] {taskinstance.py:2076} INFO - Dependencies all met for dep_context=requeueable deps ti=<TaskInstance: kanji_counter.task_one manual__2025-06-12T23:56:40.504796+00:00 [queued]>
[2025-06-12T23:56:42.997+0000] {taskinstance.py:2306} INFO - Starting attempt 1 of 1
[2025-06-12T23:56:43.013+0000] {taskinstance.py:2330} INFO - Executing <Task(PythonOperator): task_one> on 2025-06-12 23:56:40.504796+00:00
[2025-06-12T23:56:43.022+0000] {warnings.py:110} WARNING - /home/airflow/.local/lib/python3.12/site-packages/airflow/task/task_runner/standard_task_runner.py:61: DeprecationWarning: This process (pid=70) is multi-threaded, use of fork() may lead to deadlocks in the child.
  pid = os.fork()

[2025-06-12T23:56:43.023+0000] {standard_task_runner.py:63} INFO - Started process 71 to run task
[2025-06-12T23:56:43.023+0000] {standard_task_runner.py:90} INFO - Running: ['airflow', 'tasks', 'run', 'kanji_counter', 'task_one', 'manual__2025-06-12T23:56:40.504796+00:00', '--job-id', '4', '--raw', '--subdir', 'DAGS_FOLDER/nhk_pipeline_dag.py', '--cfg-path', '/tmp/tmpkykcr9r_']
[2025-06-12T23:56:43.027+0000] {standard_task_runner.py:91} INFO - Job 4: Subtask task_one
[2025-06-12T23:56:43.065+0000] {warnings.py:110} WARNING - /home/airflow/.local/lib/python3.12/site-packages/airflow/settings.py:195: DeprecationWarning: The sql_alchemy_conn option in [core] has been moved to the sql_alchemy_conn option in [database] - the old setting has been used, but please update your config.
  SQL_ALCHEMY_CONN = conf.get("database", "SQL_ALCHEMY_CONN")

[2025-06-12T23:56:43.134+0000] {task_command.py:426} INFO - Running <TaskInstance: kanji_counter.task_one manual__2025-06-12T23:56:40.504796+00:00 [running]> on host b8bf37d1fd13
[2025-06-12T23:56:43.297+0000] {taskinstance.py:2648} INFO - Exporting env vars: AIRFLOW_CTX_DAG_OWNER='airflow' AIRFLOW_CTX_DAG_ID='kanji_counter' AIRFLOW_CTX_TASK_ID='task_one' AIRFLOW_CTX_EXECUTION_DATE='2025-06-12T23:56:40.504796+00:00' AIRFLOW_CTX_TRY_NUMBER='1' AIRFLOW_CTX_DAG_RUN_ID='manual__2025-06-12T23:56:40.504796+00:00'
[2025-06-12T23:56:43.299+0000] {taskinstance.py:430} INFO - ::endgroup::
[2025-06-12T23:56:45.965+0000] {taskinstance.py:441} INFO - ::group::Post task execution logs
[2025-06-12T23:56:45.967+0000] {taskinstance.py:2905} ERROR - Task failed with exception
Traceback (most recent call last):
  File "/home/airflow/.local/lib/python3.12/site-packages/airflow/models/taskinstance.py", line 465, in _execute_task
    result = _execute_callable(context=context, **execute_callable_kwargs)
             ^^^^^^^^^^^^^^^^^^^^^^^^^^^^^^^^^^^^^^^^^^^^^^^^^^^^^^^^^^^^^
  File "/home/airflow/.local/lib/python3.12/site-packages/airflow/models/taskinstance.py", line 432, in _execute_callable
    return execute_callable(context=context, **execute_callable_kwargs)
           ^^^^^^^^^^^^^^^^^^^^^^^^^^^^^^^^^^^^^^^^^^^^^^^^^^^^^^^^^^^^
  File "/home/airflow/.local/lib/python3.12/site-packages/airflow/models/baseoperator.py", line 400, in wrapper
    return func(self, *args, **kwargs)
           ^^^^^^^^^^^^^^^^^^^^^^^^^^^
  File "/home/airflow/.local/lib/python3.12/site-packages/airflow/operators/python.py", line 235, in execute
    return_value = self.execute_callable()
                   ^^^^^^^^^^^^^^^^^^^^^^^
  File "/home/airflow/.local/lib/python3.12/site-packages/airflow/operators/python.py", line 252, in execute_callable
    return self.python_callable(*self.op_args, **self.op_kwargs)
           ^^^^^^^^^^^^^^^^^^^^^^^^^^^^^^^^^^^^^^^^^^^^^^^^^^^^^
  File "/opt/airflow/scrapeNHKnews.py", line 113, in main
    load_mongo(content)
  File "/opt/airflow/load_mongo.py", line 20, in load_mongo
    result = article_collection.insert_many(content)
             ^^^^^^^^^^^^^^^^^^^^^^^^^^^^^^^^^^^^^^^
  File "/home/airflow/.local/lib/python3.12/site-packages/pymongo/_csot.py", line 119, in csot_wrapper
    return func(self, *args, **kwargs)
           ^^^^^^^^^^^^^^^^^^^^^^^^^^^
  File "/home/airflow/.local/lib/python3.12/site-packages/pymongo/synchronous/collection.py", line 974, in insert_many
    blk.ops = list(gen())
              ^^^^^^^^^^^
  File "/home/airflow/.local/lib/python3.12/site-packages/pymongo/synchronous/collection.py", line 965, in gen
    common.validate_is_document_type("document", document)
  File "/home/airflow/.local/lib/python3.12/site-packages/pymongo/common.py", line 563, in validate_is_document_type
    raise TypeError(
TypeError: document must be an instance of dict, bson.son.SON, bson.raw_bson.RawBSONDocument, or a type that inherits from collections.MutableMapping
[2025-06-12T23:56:46.012+0000] {taskinstance.py:1206} INFO - Marking task as FAILED. dag_id=kanji_counter, task_id=task_one, run_id=manual__2025-06-12T23:56:40.504796+00:00, execution_date=20250612T235640, start_date=20250612T235642, end_date=20250612T235646
[2025-06-12T23:56:46.027+0000] {standard_task_runner.py:110} ERROR - Failed to execute job 4 for task task_one (document must be an instance of dict, bson.son.SON, bson.raw_bson.RawBSONDocument, or a type that inherits from collections.MutableMapping; 71)
[2025-06-12T23:56:46.044+0000] {local_task_job_runner.py:240} INFO - Task exited with return code 1
[2025-06-12T23:56:46.089+0000] {taskinstance.py:3498} INFO - 0 downstream tasks scheduled from follow-on schedule check
[2025-06-12T23:56:46.097+0000] {local_task_job_runner.py:222} INFO - ::endgroup::
