[2026-04-03T18:00:00.429+0000] {local_task_job_runner.py:120} INFO - ::group::Pre task execution logs
[2026-04-03T18:00:00.460+0000] {taskinstance.py:2076} INFO - Dependencies all met for dep_context=non-requeueable deps ti=<TaskInstance: kanji_counter.task_two scheduled__2026-04-02T00:00:00+00:00 [queued]>
[2026-04-03T18:00:00.467+0000] {taskinstance.py:2076} INFO - Dependencies all met for dep_context=requeueable deps ti=<TaskInstance: kanji_counter.task_two scheduled__2026-04-02T00:00:00+00:00 [queued]>
[2026-04-03T18:00:00.468+0000] {taskinstance.py:2306} INFO - Starting attempt 1 of 1
[2026-04-03T18:00:00.485+0000] {taskinstance.py:2330} INFO - Executing <Task(PythonOperator): task_two> on 2026-04-02 00:00:00+00:00
[2026-04-03T18:00:00.489+0000] {warnings.py:110} WARNING - /home/airflow/.local/lib/python3.12/site-packages/airflow/task/task_runner/standard_task_runner.py:61: DeprecationWarning: This process (pid=78) is multi-threaded, use of fork() may lead to deadlocks in the child.
  pid = os.fork()

[2026-04-03T18:00:00.490+0000] {standard_task_runner.py:63} INFO - Started process 79 to run task
[2026-04-03T18:00:00.491+0000] {standard_task_runner.py:90} INFO - Running: ['airflow', 'tasks', 'run', 'kanji_counter', 'task_two', 'scheduled__2026-04-02T00:00:00+00:00', '--job-id', '11', '--raw', '--subdir', 'DAGS_FOLDER/nhk_pipeline_dag.py', '--cfg-path', '/tmp/tmpc1sddk99']
[2026-04-03T18:00:00.493+0000] {standard_task_runner.py:91} INFO - Job 11: Subtask task_two
[2026-04-03T18:00:00.533+0000] {warnings.py:110} WARNING - /home/airflow/.local/lib/python3.12/site-packages/airflow/settings.py:195: DeprecationWarning: The sql_alchemy_conn option in [core] has been moved to the sql_alchemy_conn option in [database] - the old setting has been used, but please update your config.
  SQL_ALCHEMY_CONN = conf.get("database", "SQL_ALCHEMY_CONN")

[2026-04-03T18:00:00.600+0000] {task_command.py:426} INFO - Running <TaskInstance: kanji_counter.task_two scheduled__2026-04-02T00:00:00+00:00 [running]> on host b11942d3304d
[2026-04-03T18:00:00.747+0000] {taskinstance.py:2648} INFO - Exporting env vars: AIRFLOW_CTX_DAG_OWNER='airflow' AIRFLOW_CTX_DAG_ID='kanji_counter' AIRFLOW_CTX_TASK_ID='task_two' AIRFLOW_CTX_EXECUTION_DATE='2026-04-02T00:00:00+00:00' AIRFLOW_CTX_TRY_NUMBER='1' AIRFLOW_CTX_DAG_RUN_ID='scheduled__2026-04-02T00:00:00+00:00'
[2026-04-03T18:00:00.749+0000] {taskinstance.py:430} INFO - ::endgroup::
[2026-04-03T18:00:00.780+0000] {logging_mixin.py:188} INFO - 🔎 Fetching last processed ID from metadata...
[2026-04-03T18:00:00.800+0000] {logging_mixin.py:188} INFO - ✅ Successfully connected to MySQL.
[2026-04-03T18:00:00.804+0000] {logging_mixin.py:188} INFO - ⚠️ No processed ID found in metadata.
[2026-04-03T18:00:00.823+0000] {logging_mixin.py:188} INFO - ✅ Successfully connected to MySQL.
[2026-04-03T18:00:00.840+0000] {logging_mixin.py:188} INFO - ✅ No more documents to process.
[2026-04-03T18:00:00.841+0000] {logging_mixin.py:188} INFO - 🎉 Done! Total documents processed: 0
[2026-04-03T18:00:00.843+0000] {python.py:237} INFO - Done. Returned value was: None
[2026-04-03T18:00:00.844+0000] {taskinstance.py:441} INFO - ::group::Post task execution logs
[2026-04-03T18:00:00.868+0000] {taskinstance.py:1206} INFO - Marking task as SUCCESS. dag_id=kanji_counter, task_id=task_two, run_id=scheduled__2026-04-02T00:00:00+00:00, execution_date=20260402T000000, start_date=20260403T180000, end_date=20260403T180000
[2026-04-03T18:00:00.906+0000] {local_task_job_runner.py:240} INFO - Task exited with return code 0
[2026-04-03T18:00:00.934+0000] {taskinstance.py:3498} INFO - 0 downstream tasks scheduled from follow-on schedule check
[2026-04-03T18:00:00.935+0000] {local_task_job_runner.py:222} INFO - ::endgroup::
