[2026-04-03T17:59:28.221+0000] {local_task_job_runner.py:120} INFO - ::group::Pre task execution logs
[2026-04-03T17:59:28.257+0000] {taskinstance.py:2076} INFO - Dependencies all met for dep_context=non-requeueable deps ti=<TaskInstance: kanji_counter.task_one scheduled__2026-04-02T00:00:00+00:00 [queued]>
[2026-04-03T17:59:28.264+0000] {taskinstance.py:2076} INFO - Dependencies all met for dep_context=requeueable deps ti=<TaskInstance: kanji_counter.task_one scheduled__2026-04-02T00:00:00+00:00 [queued]>
[2026-04-03T17:59:28.267+0000] {taskinstance.py:2306} INFO - Starting attempt 1 of 1
[2026-04-03T17:59:28.287+0000] {taskinstance.py:2330} INFO - Executing <Task(PythonOperator): task_one> on 2026-04-02 00:00:00+00:00
[2026-04-03T17:59:28.291+0000] {warnings.py:110} WARNING - /home/airflow/.local/lib/python3.12/site-packages/airflow/task/task_runner/standard_task_runner.py:61: DeprecationWarning: This process (pid=55) is multi-threaded, use of fork() may lead to deadlocks in the child.
  pid = os.fork()

[2026-04-03T17:59:28.293+0000] {standard_task_runner.py:63} INFO - Started process 56 to run task
[2026-04-03T17:59:28.293+0000] {standard_task_runner.py:90} INFO - Running: ['airflow', 'tasks', 'run', 'kanji_counter', 'task_one', 'scheduled__2026-04-02T00:00:00+00:00', '--job-id', '10', '--raw', '--subdir', 'DAGS_FOLDER/nhk_pipeline_dag.py', '--cfg-path', '/tmp/tmpbmy71i66']
[2026-04-03T17:59:28.297+0000] {standard_task_runner.py:91} INFO - Job 10: Subtask task_one
[2026-04-03T17:59:28.339+0000] {warnings.py:110} WARNING - /home/airflow/.local/lib/python3.12/site-packages/airflow/settings.py:195: DeprecationWarning: The sql_alchemy_conn option in [core] has been moved to the sql_alchemy_conn option in [database] - the old setting has been used, but please update your config.
  SQL_ALCHEMY_CONN = conf.get("database", "SQL_ALCHEMY_CONN")

[2026-04-03T17:59:28.412+0000] {task_command.py:426} INFO - Running <TaskInstance: kanji_counter.task_one scheduled__2026-04-02T00:00:00+00:00 [running]> on host b11942d3304d
[2026-04-03T17:59:28.571+0000] {taskinstance.py:2648} INFO - Exporting env vars: AIRFLOW_CTX_DAG_OWNER='airflow' AIRFLOW_CTX_DAG_ID='kanji_counter' AIRFLOW_CTX_TASK_ID='task_one' AIRFLOW_CTX_EXECUTION_DATE='2026-04-02T00:00:00+00:00' AIRFLOW_CTX_TRY_NUMBER='1' AIRFLOW_CTX_DAG_RUN_ID='scheduled__2026-04-02T00:00:00+00:00'
[2026-04-03T17:59:28.573+0000] {taskinstance.py:430} INFO - ::endgroup::
[2026-04-03T17:59:59.437+0000] {logging_mixin.py:188} INFO - [!] Playwright HTML fetch failed for https://news.web.nhk/newsweb: 500 Server Error: INTERNAL SERVER ERROR for url: http://playwright:5010/html
[2026-04-03T17:59:59.438+0000] {logging_mixin.py:188} INFO - ⚠️ No articles extracted. Skipping MongoDB insert.
[2026-04-03T17:59:59.439+0000] {python.py:237} INFO - Done. Returned value was: None
[2026-04-03T17:59:59.439+0000] {taskinstance.py:441} INFO - ::group::Post task execution logs
[2026-04-03T17:59:59.465+0000] {taskinstance.py:1206} INFO - Marking task as SUCCESS. dag_id=kanji_counter, task_id=task_one, run_id=scheduled__2026-04-02T00:00:00+00:00, execution_date=20260402T000000, start_date=20260403T175928, end_date=20260403T175959
[2026-04-03T17:59:59.502+0000] {local_task_job_runner.py:240} INFO - Task exited with return code 0
[2026-04-03T17:59:59.535+0000] {taskinstance.py:3498} INFO - 1 downstream tasks scheduled from follow-on schedule check
[2026-04-03T17:59:59.545+0000] {local_task_job_runner.py:222} INFO - ::endgroup::
