[2025-06-13T04:16:09.639+0000] {local_task_job_runner.py:120} INFO - ::group::Pre task execution logs
[2025-06-13T04:16:09.690+0000] {taskinstance.py:2076} INFO - Dependencies all met for dep_context=non-requeueable deps ti=<TaskInstance: kanji_counter.task_one scheduled__2025-06-12T00:00:00+00:00 [queued]>
[2025-06-13T04:16:09.698+0000] {taskinstance.py:2076} INFO - Dependencies all met for dep_context=requeueable deps ti=<TaskInstance: kanji_counter.task_one scheduled__2025-06-12T00:00:00+00:00 [queued]>
[2025-06-13T04:16:09.698+0000] {taskinstance.py:2306} INFO - Starting attempt 1 of 1
[2025-06-13T04:16:09.717+0000] {taskinstance.py:2330} INFO - Executing <Task(PythonOperator): task_one> on 2025-06-12 00:00:00+00:00
[2025-06-13T04:16:09.726+0000] {warnings.py:110} WARNING - /home/airflow/.local/lib/python3.12/site-packages/airflow/task/task_runner/standard_task_runner.py:61: DeprecationWarning: This process (pid=355) is multi-threaded, use of fork() may lead to deadlocks in the child.
  pid = os.fork()

[2025-06-13T04:16:09.727+0000] {standard_task_runner.py:63} INFO - Started process 356 to run task
[2025-06-13T04:16:09.727+0000] {standard_task_runner.py:90} INFO - Running: ['airflow', 'tasks', 'run', 'kanji_counter', 'task_one', 'scheduled__2025-06-12T00:00:00+00:00', '--job-id', '2', '--raw', '--subdir', 'DAGS_FOLDER/nhk_pipeline_dag.py', '--cfg-path', '/tmp/tmpqvjdadi8']
[2025-06-13T04:16:09.729+0000] {standard_task_runner.py:91} INFO - Job 2: Subtask task_one
[2025-06-13T04:16:09.766+0000] {warnings.py:110} WARNING - /home/airflow/.local/lib/python3.12/site-packages/airflow/settings.py:195: DeprecationWarning: The sql_alchemy_conn option in [core] has been moved to the sql_alchemy_conn option in [database] - the old setting has been used, but please update your config.
  SQL_ALCHEMY_CONN = conf.get("database", "SQL_ALCHEMY_CONN")

[2025-06-13T04:16:09.833+0000] {task_command.py:426} INFO - Running <TaskInstance: kanji_counter.task_one scheduled__2025-06-12T00:00:00+00:00 [running]> on host 2a3a0ff38bcd
[2025-06-13T04:16:09.996+0000] {taskinstance.py:2648} INFO - Exporting env vars: AIRFLOW_CTX_DAG_OWNER='airflow' AIRFLOW_CTX_DAG_ID='kanji_counter' AIRFLOW_CTX_TASK_ID='task_one' AIRFLOW_CTX_EXECUTION_DATE='2025-06-12T00:00:00+00:00' AIRFLOW_CTX_TRY_NUMBER='1' AIRFLOW_CTX_DAG_RUN_ID='scheduled__2025-06-12T00:00:00+00:00'
[2025-06-13T04:16:09.997+0000] {taskinstance.py:430} INFO - ::endgroup::
[2025-06-13T04:16:15.286+0000] {logging_mixin.py:188} INFO - Article collection created!
[2025-06-13T04:16:15.287+0000] {logging_mixin.py:188} INFO - Inserted 368 documents.
[2025-06-13T04:16:15.287+0000] {python.py:237} INFO - Done. Returned value was: None
[2025-06-13T04:16:15.288+0000] {taskinstance.py:441} INFO - ::group::Post task execution logs
[2025-06-13T04:16:15.316+0000] {taskinstance.py:1206} INFO - Marking task as SUCCESS. dag_id=kanji_counter, task_id=task_one, run_id=scheduled__2025-06-12T00:00:00+00:00, execution_date=20250612T000000, start_date=20250613T041609, end_date=20250613T041615
[2025-06-13T04:16:15.358+0000] {local_task_job_runner.py:240} INFO - Task exited with return code 0
[2025-06-13T04:16:15.392+0000] {taskinstance.py:3498} INFO - 1 downstream tasks scheduled from follow-on schedule check
[2025-06-13T04:16:15.397+0000] {local_task_job_runner.py:222} INFO - ::endgroup::
[2025-06-13T04:26:09.694+0000] {local_task_job_runner.py:120} INFO - ::group::Pre task execution logs
[2025-06-13T04:26:09.736+0000] {taskinstance.py:2076} INFO - Dependencies all met for dep_context=non-requeueable deps ti=<TaskInstance: kanji_counter.task_one scheduled__2025-06-12T00:00:00+00:00 [queued]>
[2025-06-13T04:26:09.742+0000] {taskinstance.py:2076} INFO - Dependencies all met for dep_context=requeueable deps ti=<TaskInstance: kanji_counter.task_one scheduled__2025-06-12T00:00:00+00:00 [queued]>
[2025-06-13T04:26:09.743+0000] {taskinstance.py:2306} INFO - Starting attempt 1 of 1
[2025-06-13T04:26:09.756+0000] {taskinstance.py:2330} INFO - Executing <Task(PythonOperator): task_one> on 2025-06-12 00:00:00+00:00
[2025-06-13T04:26:09.765+0000] {warnings.py:110} WARNING - /home/airflow/.local/lib/python3.12/site-packages/airflow/task/task_runner/standard_task_runner.py:61: DeprecationWarning: This process (pid=188) is multi-threaded, use of fork() may lead to deadlocks in the child.
  pid = os.fork()

[2025-06-13T04:26:09.766+0000] {standard_task_runner.py:63} INFO - Started process 189 to run task
[2025-06-13T04:26:09.766+0000] {standard_task_runner.py:90} INFO - Running: ['airflow', 'tasks', 'run', 'kanji_counter', 'task_one', 'scheduled__2025-06-12T00:00:00+00:00', '--job-id', '2', '--raw', '--subdir', 'DAGS_FOLDER/nhk_pipeline_dag.py', '--cfg-path', '/tmp/tmph1ch6br7']
[2025-06-13T04:26:09.771+0000] {standard_task_runner.py:91} INFO - Job 2: Subtask task_one
[2025-06-13T04:26:09.804+0000] {warnings.py:110} WARNING - /home/airflow/.local/lib/python3.12/site-packages/airflow/settings.py:195: DeprecationWarning: The sql_alchemy_conn option in [core] has been moved to the sql_alchemy_conn option in [database] - the old setting has been used, but please update your config.
  SQL_ALCHEMY_CONN = conf.get("database", "SQL_ALCHEMY_CONN")

[2025-06-13T04:26:09.868+0000] {task_command.py:426} INFO - Running <TaskInstance: kanji_counter.task_one scheduled__2025-06-12T00:00:00+00:00 [running]> on host f1962a5bdfc5
[2025-06-13T04:26:10.031+0000] {taskinstance.py:2648} INFO - Exporting env vars: AIRFLOW_CTX_DAG_OWNER='airflow' AIRFLOW_CTX_DAG_ID='kanji_counter' AIRFLOW_CTX_TASK_ID='task_one' AIRFLOW_CTX_EXECUTION_DATE='2025-06-12T00:00:00+00:00' AIRFLOW_CTX_TRY_NUMBER='1' AIRFLOW_CTX_DAG_RUN_ID='scheduled__2025-06-12T00:00:00+00:00'
[2025-06-13T04:26:10.032+0000] {taskinstance.py:430} INFO - ::endgroup::
[2025-06-13T04:26:18.132+0000] {logging_mixin.py:188} INFO - Article collection created!
[2025-06-13T04:26:18.132+0000] {logging_mixin.py:188} INFO - Inserted 572 documents.
[2025-06-13T04:26:18.133+0000] {python.py:237} INFO - Done. Returned value was: None
[2025-06-13T04:26:18.133+0000] {taskinstance.py:441} INFO - ::group::Post task execution logs
[2025-06-13T04:26:18.159+0000] {taskinstance.py:1206} INFO - Marking task as SUCCESS. dag_id=kanji_counter, task_id=task_one, run_id=scheduled__2025-06-12T00:00:00+00:00, execution_date=20250612T000000, start_date=20250613T042609, end_date=20250613T042618
[2025-06-13T04:26:18.195+0000] {local_task_job_runner.py:240} INFO - Task exited with return code 0
[2025-06-13T04:26:18.228+0000] {taskinstance.py:3498} INFO - 1 downstream tasks scheduled from follow-on schedule check
[2025-06-13T04:26:18.233+0000] {local_task_job_runner.py:222} INFO - ::endgroup::
[2025-06-13T14:25:30.254+0000] {local_task_job_runner.py:120} INFO - ::group::Pre task execution logs
[2025-06-13T14:25:30.288+0000] {taskinstance.py:2076} INFO - Dependencies all met for dep_context=non-requeueable deps ti=<TaskInstance: kanji_counter.task_one scheduled__2025-06-12T00:00:00+00:00 [queued]>
[2025-06-13T14:25:30.295+0000] {taskinstance.py:2076} INFO - Dependencies all met for dep_context=requeueable deps ti=<TaskInstance: kanji_counter.task_one scheduled__2025-06-12T00:00:00+00:00 [queued]>
[2025-06-13T14:25:30.296+0000] {taskinstance.py:2306} INFO - Starting attempt 1 of 1
[2025-06-13T14:25:30.317+0000] {taskinstance.py:2330} INFO - Executing <Task(PythonOperator): task_one> on 2025-06-12 00:00:00+00:00
[2025-06-13T14:25:30.321+0000] {warnings.py:110} WARNING - /home/airflow/.local/lib/python3.12/site-packages/airflow/task/task_runner/standard_task_runner.py:61: DeprecationWarning: This process (pid=314) is multi-threaded, use of fork() may lead to deadlocks in the child.
  pid = os.fork()

[2025-06-13T14:25:30.324+0000] {standard_task_runner.py:63} INFO - Started process 315 to run task
[2025-06-13T14:25:30.323+0000] {standard_task_runner.py:90} INFO - Running: ['airflow', 'tasks', 'run', 'kanji_counter', 'task_one', 'scheduled__2025-06-12T00:00:00+00:00', '--job-id', '2', '--raw', '--subdir', 'DAGS_FOLDER/nhk_pipeline_dag.py', '--cfg-path', '/tmp/tmp4nu39n1k']
[2025-06-13T14:25:30.329+0000] {standard_task_runner.py:91} INFO - Job 2: Subtask task_one
[2025-06-13T14:25:30.372+0000] {warnings.py:110} WARNING - /home/airflow/.local/lib/python3.12/site-packages/airflow/settings.py:195: DeprecationWarning: The sql_alchemy_conn option in [core] has been moved to the sql_alchemy_conn option in [database] - the old setting has been used, but please update your config.
  SQL_ALCHEMY_CONN = conf.get("database", "SQL_ALCHEMY_CONN")

[2025-06-13T14:25:30.438+0000] {task_command.py:426} INFO - Running <TaskInstance: kanji_counter.task_one scheduled__2025-06-12T00:00:00+00:00 [running]> on host 625ee76c07ac
[2025-06-13T14:25:30.608+0000] {taskinstance.py:2648} INFO - Exporting env vars: AIRFLOW_CTX_DAG_OWNER='airflow' AIRFLOW_CTX_DAG_ID='kanji_counter' AIRFLOW_CTX_TASK_ID='task_one' AIRFLOW_CTX_EXECUTION_DATE='2025-06-12T00:00:00+00:00' AIRFLOW_CTX_TRY_NUMBER='1' AIRFLOW_CTX_DAG_RUN_ID='scheduled__2025-06-12T00:00:00+00:00'
[2025-06-13T14:25:30.610+0000] {taskinstance.py:430} INFO - ::endgroup::
[2025-06-13T14:25:39.866+0000] {logging_mixin.py:188} INFO - Article collection created!
[2025-06-13T14:25:39.866+0000] {logging_mixin.py:188} INFO - Inserted 744 documents.
[2025-06-13T14:25:39.867+0000] {python.py:237} INFO - Done. Returned value was: None
[2025-06-13T14:25:39.868+0000] {taskinstance.py:441} INFO - ::group::Post task execution logs
[2025-06-13T14:25:39.891+0000] {taskinstance.py:1206} INFO - Marking task as SUCCESS. dag_id=kanji_counter, task_id=task_one, run_id=scheduled__2025-06-12T00:00:00+00:00, execution_date=20250612T000000, start_date=20250613T142530, end_date=20250613T142539
[2025-06-13T14:25:39.934+0000] {local_task_job_runner.py:240} INFO - Task exited with return code 0
[2025-06-13T14:25:39.963+0000] {taskinstance.py:3498} INFO - 1 downstream tasks scheduled from follow-on schedule check
[2025-06-13T14:25:39.973+0000] {local_task_job_runner.py:222} INFO - ::endgroup::
[2025-06-13T14:57:17.608+0000] {local_task_job_runner.py:120} INFO - ::group::Pre task execution logs
[2025-06-13T14:57:17.654+0000] {taskinstance.py:2076} INFO - Dependencies all met for dep_context=non-requeueable deps ti=<TaskInstance: kanji_counter.task_one scheduled__2025-06-12T00:00:00+00:00 [queued]>
[2025-06-13T14:57:17.664+0000] {taskinstance.py:2076} INFO - Dependencies all met for dep_context=requeueable deps ti=<TaskInstance: kanji_counter.task_one scheduled__2025-06-12T00:00:00+00:00 [queued]>
[2025-06-13T14:57:17.665+0000] {taskinstance.py:2306} INFO - Starting attempt 1 of 1
[2025-06-13T14:57:17.689+0000] {taskinstance.py:2330} INFO - Executing <Task(PythonOperator): task_one> on 2025-06-12 00:00:00+00:00
[2025-06-13T14:57:17.697+0000] {warnings.py:110} WARNING - /home/airflow/.local/lib/python3.12/site-packages/airflow/task/task_runner/standard_task_runner.py:61: DeprecationWarning: This process (pid=97) is multi-threaded, use of fork() may lead to deadlocks in the child.
  pid = os.fork()

[2025-06-13T14:57:17.704+0000] {standard_task_runner.py:63} INFO - Started process 106 to run task
[2025-06-13T14:57:17.699+0000] {standard_task_runner.py:90} INFO - Running: ['airflow', 'tasks', 'run', 'kanji_counter', 'task_one', 'scheduled__2025-06-12T00:00:00+00:00', '--job-id', '2', '--raw', '--subdir', 'DAGS_FOLDER/nhk_pipeline_dag.py', '--cfg-path', '/tmp/tmpqytnk96h']
[2025-06-13T14:57:17.709+0000] {standard_task_runner.py:91} INFO - Job 2: Subtask task_one
[2025-06-13T14:57:17.772+0000] {warnings.py:110} WARNING - /home/airflow/.local/lib/python3.12/site-packages/airflow/settings.py:195: DeprecationWarning: The sql_alchemy_conn option in [core] has been moved to the sql_alchemy_conn option in [database] - the old setting has been used, but please update your config.
  SQL_ALCHEMY_CONN = conf.get("database", "SQL_ALCHEMY_CONN")

[2025-06-13T14:57:17.857+0000] {task_command.py:426} INFO - Running <TaskInstance: kanji_counter.task_one scheduled__2025-06-12T00:00:00+00:00 [running]> on host b65a7d5ae9bd
[2025-06-13T14:57:18.023+0000] {taskinstance.py:2648} INFO - Exporting env vars: AIRFLOW_CTX_DAG_OWNER='airflow' AIRFLOW_CTX_DAG_ID='kanji_counter' AIRFLOW_CTX_TASK_ID='task_one' AIRFLOW_CTX_EXECUTION_DATE='2025-06-12T00:00:00+00:00' AIRFLOW_CTX_TRY_NUMBER='1' AIRFLOW_CTX_DAG_RUN_ID='scheduled__2025-06-12T00:00:00+00:00'
[2025-06-13T14:57:18.025+0000] {taskinstance.py:430} INFO - ::endgroup::
[2025-06-13T14:57:27.869+0000] {logging_mixin.py:188} INFO - Article collection created!
[2025-06-13T14:57:27.869+0000] {logging_mixin.py:188} INFO - Inserted 743 documents.
[2025-06-13T14:57:27.870+0000] {python.py:237} INFO - Done. Returned value was: None
[2025-06-13T14:57:27.871+0000] {taskinstance.py:441} INFO - ::group::Post task execution logs
[2025-06-13T14:57:27.894+0000] {taskinstance.py:1206} INFO - Marking task as SUCCESS. dag_id=kanji_counter, task_id=task_one, run_id=scheduled__2025-06-12T00:00:00+00:00, execution_date=20250612T000000, start_date=20250613T145717, end_date=20250613T145727
[2025-06-13T14:57:27.925+0000] {local_task_job_runner.py:240} INFO - Task exited with return code 0
[2025-06-13T14:57:27.955+0000] {taskinstance.py:3498} INFO - 1 downstream tasks scheduled from follow-on schedule check
[2025-06-13T14:57:27.964+0000] {local_task_job_runner.py:222} INFO - ::endgroup::
[2025-06-13T15:23:05.507+0000] {local_task_job_runner.py:120} INFO - ::group::Pre task execution logs
[2025-06-13T15:23:05.548+0000] {taskinstance.py:2076} INFO - Dependencies all met for dep_context=non-requeueable deps ti=<TaskInstance: kanji_counter.task_one scheduled__2025-06-12T00:00:00+00:00 [queued]>
[2025-06-13T15:23:05.556+0000] {taskinstance.py:2076} INFO - Dependencies all met for dep_context=requeueable deps ti=<TaskInstance: kanji_counter.task_one scheduled__2025-06-12T00:00:00+00:00 [queued]>
[2025-06-13T15:23:05.557+0000] {taskinstance.py:2306} INFO - Starting attempt 1 of 1
[2025-06-13T15:23:05.573+0000] {taskinstance.py:2330} INFO - Executing <Task(PythonOperator): task_one> on 2025-06-12 00:00:00+00:00
[2025-06-13T15:23:05.578+0000] {warnings.py:110} WARNING - /home/airflow/.local/lib/python3.12/site-packages/airflow/task/task_runner/standard_task_runner.py:61: DeprecationWarning: This process (pid=69) is multi-threaded, use of fork() may lead to deadlocks in the child.
  pid = os.fork()

[2025-06-13T15:23:05.579+0000] {standard_task_runner.py:63} INFO - Started process 70 to run task
[2025-06-13T15:23:05.580+0000] {standard_task_runner.py:90} INFO - Running: ['airflow', 'tasks', 'run', 'kanji_counter', 'task_one', 'scheduled__2025-06-12T00:00:00+00:00', '--job-id', '2', '--raw', '--subdir', 'DAGS_FOLDER/nhk_pipeline_dag.py', '--cfg-path', '/tmp/tmpc9bav_x3']
[2025-06-13T15:23:05.585+0000] {standard_task_runner.py:91} INFO - Job 2: Subtask task_one
[2025-06-13T15:23:05.626+0000] {warnings.py:110} WARNING - /home/airflow/.local/lib/python3.12/site-packages/airflow/settings.py:195: DeprecationWarning: The sql_alchemy_conn option in [core] has been moved to the sql_alchemy_conn option in [database] - the old setting has been used, but please update your config.
  SQL_ALCHEMY_CONN = conf.get("database", "SQL_ALCHEMY_CONN")

[2025-06-13T15:23:05.693+0000] {task_command.py:426} INFO - Running <TaskInstance: kanji_counter.task_one scheduled__2025-06-12T00:00:00+00:00 [running]> on host 42a1b15d1501
[2025-06-13T15:23:05.855+0000] {taskinstance.py:2648} INFO - Exporting env vars: AIRFLOW_CTX_DAG_OWNER='airflow' AIRFLOW_CTX_DAG_ID='kanji_counter' AIRFLOW_CTX_TASK_ID='task_one' AIRFLOW_CTX_EXECUTION_DATE='2025-06-12T00:00:00+00:00' AIRFLOW_CTX_TRY_NUMBER='1' AIRFLOW_CTX_DAG_RUN_ID='scheduled__2025-06-12T00:00:00+00:00'
[2025-06-13T15:23:05.856+0000] {taskinstance.py:430} INFO - ::endgroup::
[2025-06-13T15:23:14.632+0000] {logging_mixin.py:188} INFO - Article collection created!
[2025-06-13T15:23:14.633+0000] {logging_mixin.py:188} INFO - Inserted 716 documents.
[2025-06-13T15:23:14.634+0000] {python.py:237} INFO - Done. Returned value was: None
[2025-06-13T15:23:14.635+0000] {taskinstance.py:441} INFO - ::group::Post task execution logs
[2025-06-13T15:23:14.663+0000] {taskinstance.py:1206} INFO - Marking task as SUCCESS. dag_id=kanji_counter, task_id=task_one, run_id=scheduled__2025-06-12T00:00:00+00:00, execution_date=20250612T000000, start_date=20250613T152305, end_date=20250613T152314
[2025-06-13T15:23:14.747+0000] {local_task_job_runner.py:240} INFO - Task exited with return code 0
[2025-06-13T15:23:14.780+0000] {taskinstance.py:3498} INFO - 1 downstream tasks scheduled from follow-on schedule check
[2025-06-13T15:23:14.789+0000] {local_task_job_runner.py:222} INFO - ::endgroup::
[2025-06-13T16:07:26.771+0000] {local_task_job_runner.py:120} INFO - ::group::Pre task execution logs
[2025-06-13T16:07:26.805+0000] {taskinstance.py:2076} INFO - Dependencies all met for dep_context=non-requeueable deps ti=<TaskInstance: kanji_counter.task_one scheduled__2025-06-12T00:00:00+00:00 [queued]>
[2025-06-13T16:07:26.811+0000] {taskinstance.py:2076} INFO - Dependencies all met for dep_context=requeueable deps ti=<TaskInstance: kanji_counter.task_one scheduled__2025-06-12T00:00:00+00:00 [queued]>
[2025-06-13T16:07:26.812+0000] {taskinstance.py:2306} INFO - Starting attempt 1 of 1
[2025-06-13T16:07:26.834+0000] {taskinstance.py:2330} INFO - Executing <Task(PythonOperator): task_one> on 2025-06-12 00:00:00+00:00
[2025-06-13T16:07:26.838+0000] {warnings.py:110} WARNING - /home/airflow/.local/lib/python3.12/site-packages/airflow/task/task_runner/standard_task_runner.py:61: DeprecationWarning: This process (pid=69) is multi-threaded, use of fork() may lead to deadlocks in the child.
  pid = os.fork()

[2025-06-13T16:07:26.839+0000] {standard_task_runner.py:63} INFO - Started process 70 to run task
[2025-06-13T16:07:26.840+0000] {standard_task_runner.py:90} INFO - Running: ['airflow', 'tasks', 'run', 'kanji_counter', 'task_one', 'scheduled__2025-06-12T00:00:00+00:00', '--job-id', '2', '--raw', '--subdir', 'DAGS_FOLDER/nhk_pipeline_dag.py', '--cfg-path', '/tmp/tmp81s5mozz']
[2025-06-13T16:07:26.845+0000] {standard_task_runner.py:91} INFO - Job 2: Subtask task_one
[2025-06-13T16:07:26.884+0000] {warnings.py:110} WARNING - /home/airflow/.local/lib/python3.12/site-packages/airflow/settings.py:195: DeprecationWarning: The sql_alchemy_conn option in [core] has been moved to the sql_alchemy_conn option in [database] - the old setting has been used, but please update your config.
  SQL_ALCHEMY_CONN = conf.get("database", "SQL_ALCHEMY_CONN")

[2025-06-13T16:07:26.945+0000] {task_command.py:426} INFO - Running <TaskInstance: kanji_counter.task_one scheduled__2025-06-12T00:00:00+00:00 [running]> on host b0d721df2a0e
[2025-06-13T16:07:27.089+0000] {taskinstance.py:2648} INFO - Exporting env vars: AIRFLOW_CTX_DAG_OWNER='airflow' AIRFLOW_CTX_DAG_ID='kanji_counter' AIRFLOW_CTX_TASK_ID='task_one' AIRFLOW_CTX_EXECUTION_DATE='2025-06-12T00:00:00+00:00' AIRFLOW_CTX_TRY_NUMBER='1' AIRFLOW_CTX_DAG_RUN_ID='scheduled__2025-06-12T00:00:00+00:00'
[2025-06-13T16:07:27.090+0000] {taskinstance.py:430} INFO - ::endgroup::
[2025-06-13T16:07:36.541+0000] {logging_mixin.py:188} INFO - Article collection created!
[2025-06-13T16:07:36.541+0000] {logging_mixin.py:188} INFO - Inserted 736 documents.
[2025-06-13T16:07:36.542+0000] {python.py:237} INFO - Done. Returned value was: None
[2025-06-13T16:07:36.543+0000] {taskinstance.py:441} INFO - ::group::Post task execution logs
[2025-06-13T16:07:36.567+0000] {taskinstance.py:1206} INFO - Marking task as SUCCESS. dag_id=kanji_counter, task_id=task_one, run_id=scheduled__2025-06-12T00:00:00+00:00, execution_date=20250612T000000, start_date=20250613T160726, end_date=20250613T160736
[2025-06-13T16:07:36.616+0000] {local_task_job_runner.py:240} INFO - Task exited with return code 0
[2025-06-13T16:07:36.645+0000] {taskinstance.py:3498} INFO - 1 downstream tasks scheduled from follow-on schedule check
[2025-06-13T16:07:36.656+0000] {local_task_job_runner.py:222} INFO - ::endgroup::
[2025-06-13T16:29:10.874+0000] {local_task_job_runner.py:120} INFO - ::group::Pre task execution logs
[2025-06-13T16:29:10.919+0000] {taskinstance.py:2076} INFO - Dependencies all met for dep_context=non-requeueable deps ti=<TaskInstance: kanji_counter.task_one scheduled__2025-06-12T00:00:00+00:00 [queued]>
[2025-06-13T16:29:10.928+0000] {taskinstance.py:2076} INFO - Dependencies all met for dep_context=requeueable deps ti=<TaskInstance: kanji_counter.task_one scheduled__2025-06-12T00:00:00+00:00 [queued]>
[2025-06-13T16:29:10.929+0000] {taskinstance.py:2306} INFO - Starting attempt 1 of 1
[2025-06-13T16:29:10.948+0000] {taskinstance.py:2330} INFO - Executing <Task(PythonOperator): task_one> on 2025-06-12 00:00:00+00:00
[2025-06-13T16:29:10.955+0000] {warnings.py:110} WARNING - /home/airflow/.local/lib/python3.12/site-packages/airflow/task/task_runner/standard_task_runner.py:61: DeprecationWarning: This process (pid=118) is multi-threaded, use of fork() may lead to deadlocks in the child.
  pid = os.fork()

[2025-06-13T16:29:10.958+0000] {standard_task_runner.py:63} INFO - Started process 119 to run task
[2025-06-13T16:29:10.957+0000] {standard_task_runner.py:90} INFO - Running: ['airflow', 'tasks', 'run', 'kanji_counter', 'task_one', 'scheduled__2025-06-12T00:00:00+00:00', '--job-id', '2', '--raw', '--subdir', 'DAGS_FOLDER/nhk_pipeline_dag.py', '--cfg-path', '/tmp/tmpk62kug8g']
[2025-06-13T16:29:10.967+0000] {standard_task_runner.py:91} INFO - Job 2: Subtask task_one
[2025-06-13T16:29:11.021+0000] {warnings.py:110} WARNING - /home/airflow/.local/lib/python3.12/site-packages/airflow/settings.py:195: DeprecationWarning: The sql_alchemy_conn option in [core] has been moved to the sql_alchemy_conn option in [database] - the old setting has been used, but please update your config.
  SQL_ALCHEMY_CONN = conf.get("database", "SQL_ALCHEMY_CONN")

[2025-06-13T16:29:11.104+0000] {task_command.py:426} INFO - Running <TaskInstance: kanji_counter.task_one scheduled__2025-06-12T00:00:00+00:00 [running]> on host 52005c7f0e53
[2025-06-13T16:29:11.303+0000] {taskinstance.py:2648} INFO - Exporting env vars: AIRFLOW_CTX_DAG_OWNER='airflow' AIRFLOW_CTX_DAG_ID='kanji_counter' AIRFLOW_CTX_TASK_ID='task_one' AIRFLOW_CTX_EXECUTION_DATE='2025-06-12T00:00:00+00:00' AIRFLOW_CTX_TRY_NUMBER='1' AIRFLOW_CTX_DAG_RUN_ID='scheduled__2025-06-12T00:00:00+00:00'
[2025-06-13T16:29:11.305+0000] {taskinstance.py:430} INFO - ::endgroup::
[2025-06-13T16:29:20.908+0000] {logging_mixin.py:188} INFO - Article collection created!
[2025-06-13T16:29:20.908+0000] {logging_mixin.py:188} INFO - Inserted 717 documents.
[2025-06-13T16:29:20.909+0000] {python.py:237} INFO - Done. Returned value was: None
[2025-06-13T16:29:20.910+0000] {taskinstance.py:441} INFO - ::group::Post task execution logs
[2025-06-13T16:29:20.940+0000] {taskinstance.py:1206} INFO - Marking task as SUCCESS. dag_id=kanji_counter, task_id=task_one, run_id=scheduled__2025-06-12T00:00:00+00:00, execution_date=20250612T000000, start_date=20250613T162910, end_date=20250613T162920
[2025-06-13T16:29:21.007+0000] {local_task_job_runner.py:240} INFO - Task exited with return code 0
[2025-06-13T16:29:21.038+0000] {taskinstance.py:3498} INFO - 1 downstream tasks scheduled from follow-on schedule check
[2025-06-13T16:29:21.046+0000] {local_task_job_runner.py:222} INFO - ::endgroup::
[2025-06-13T16:33:08.817+0000] {local_task_job_runner.py:120} INFO - ::group::Pre task execution logs
[2025-06-13T16:33:08.851+0000] {taskinstance.py:2076} INFO - Dependencies all met for dep_context=non-requeueable deps ti=<TaskInstance: kanji_counter.task_one scheduled__2025-06-12T00:00:00+00:00 [queued]>
[2025-06-13T16:33:08.858+0000] {taskinstance.py:2076} INFO - Dependencies all met for dep_context=requeueable deps ti=<TaskInstance: kanji_counter.task_one scheduled__2025-06-12T00:00:00+00:00 [queued]>
[2025-06-13T16:33:08.858+0000] {taskinstance.py:2306} INFO - Starting attempt 1 of 1
[2025-06-13T16:33:08.876+0000] {taskinstance.py:2330} INFO - Executing <Task(PythonOperator): task_one> on 2025-06-12 00:00:00+00:00
[2025-06-13T16:33:08.881+0000] {warnings.py:110} WARNING - /home/airflow/.local/lib/python3.12/site-packages/airflow/task/task_runner/standard_task_runner.py:61: DeprecationWarning: This process (pid=76) is multi-threaded, use of fork() may lead to deadlocks in the child.
  pid = os.fork()

[2025-06-13T16:33:08.882+0000] {standard_task_runner.py:63} INFO - Started process 77 to run task
[2025-06-13T16:33:08.882+0000] {standard_task_runner.py:90} INFO - Running: ['airflow', 'tasks', 'run', 'kanji_counter', 'task_one', 'scheduled__2025-06-12T00:00:00+00:00', '--job-id', '2', '--raw', '--subdir', 'DAGS_FOLDER/nhk_pipeline_dag.py', '--cfg-path', '/tmp/tmpcae3ez4b']
[2025-06-13T16:33:08.884+0000] {standard_task_runner.py:91} INFO - Job 2: Subtask task_one
[2025-06-13T16:33:08.923+0000] {warnings.py:110} WARNING - /home/airflow/.local/lib/python3.12/site-packages/airflow/settings.py:195: DeprecationWarning: The sql_alchemy_conn option in [core] has been moved to the sql_alchemy_conn option in [database] - the old setting has been used, but please update your config.
  SQL_ALCHEMY_CONN = conf.get("database", "SQL_ALCHEMY_CONN")

[2025-06-13T16:33:08.987+0000] {task_command.py:426} INFO - Running <TaskInstance: kanji_counter.task_one scheduled__2025-06-12T00:00:00+00:00 [running]> on host c9081693afb5
[2025-06-13T16:33:09.133+0000] {taskinstance.py:2648} INFO - Exporting env vars: AIRFLOW_CTX_DAG_OWNER='airflow' AIRFLOW_CTX_DAG_ID='kanji_counter' AIRFLOW_CTX_TASK_ID='task_one' AIRFLOW_CTX_EXECUTION_DATE='2025-06-12T00:00:00+00:00' AIRFLOW_CTX_TRY_NUMBER='1' AIRFLOW_CTX_DAG_RUN_ID='scheduled__2025-06-12T00:00:00+00:00'
[2025-06-13T16:33:09.135+0000] {taskinstance.py:430} INFO - ::endgroup::
[2025-06-13T16:33:14.633+0000] {logging_mixin.py:188} INFO - Article collection created!
[2025-06-13T16:33:14.634+0000] {logging_mixin.py:188} INFO - Inserted 684 documents.
[2025-06-13T16:33:14.635+0000] {python.py:237} INFO - Done. Returned value was: None
[2025-06-13T16:33:14.635+0000] {taskinstance.py:441} INFO - ::group::Post task execution logs
[2025-06-13T16:33:14.661+0000] {taskinstance.py:1206} INFO - Marking task as SUCCESS. dag_id=kanji_counter, task_id=task_one, run_id=scheduled__2025-06-12T00:00:00+00:00, execution_date=20250612T000000, start_date=20250613T163308, end_date=20250613T163314
[2025-06-13T16:33:14.714+0000] {local_task_job_runner.py:240} INFO - Task exited with return code 0
[2025-06-13T16:33:14.752+0000] {taskinstance.py:3498} INFO - 1 downstream tasks scheduled from follow-on schedule check
[2025-06-13T16:33:14.763+0000] {local_task_job_runner.py:222} INFO - ::endgroup::
