[2026-04-02T18:10:51.505+0000] {local_task_job_runner.py:120} INFO - ::group::Pre task execution logs
[2026-04-02T18:10:51.539+0000] {taskinstance.py:2076} INFO - Dependencies all met for dep_context=non-requeueable deps ti=<TaskInstance: kanji_counter.task_one manual__2026-04-02T18:10:49.956365+00:00 [queued]>
[2026-04-02T18:10:51.546+0000] {taskinstance.py:2076} INFO - Dependencies all met for dep_context=requeueable deps ti=<TaskInstance: kanji_counter.task_one manual__2026-04-02T18:10:49.956365+00:00 [queued]>
[2026-04-02T18:10:51.552+0000] {taskinstance.py:2306} INFO - Starting attempt 1 of 1
[2026-04-02T18:10:51.573+0000] {taskinstance.py:2330} INFO - Executing <Task(PythonOperator): task_one> on 2026-04-02 18:10:49.956365+00:00
[2026-04-02T18:10:51.578+0000] {warnings.py:110} WARNING - /home/airflow/.local/lib/python3.12/site-packages/airflow/task/task_runner/standard_task_runner.py:61: DeprecationWarning: This process (pid=121) is multi-threaded, use of fork() may lead to deadlocks in the child.
  pid = os.fork()

[2026-04-02T18:10:51.579+0000] {standard_task_runner.py:63} INFO - Started process 122 to run task
[2026-04-02T18:10:51.579+0000] {standard_task_runner.py:90} INFO - Running: ['airflow', 'tasks', 'run', 'kanji_counter', 'task_one', 'manual__2026-04-02T18:10:49.956365+00:00', '--job-id', '8', '--raw', '--subdir', 'DAGS_FOLDER/nhk_pipeline_dag.py', '--cfg-path', '/tmp/tmpyg548eu3']
[2026-04-02T18:10:51.585+0000] {standard_task_runner.py:91} INFO - Job 8: Subtask task_one
[2026-04-02T18:10:51.626+0000] {warnings.py:110} WARNING - /home/airflow/.local/lib/python3.12/site-packages/airflow/settings.py:195: DeprecationWarning: The sql_alchemy_conn option in [core] has been moved to the sql_alchemy_conn option in [database] - the old setting has been used, but please update your config.
  SQL_ALCHEMY_CONN = conf.get("database", "SQL_ALCHEMY_CONN")

[2026-04-02T18:10:51.691+0000] {task_command.py:426} INFO - Running <TaskInstance: kanji_counter.task_one manual__2026-04-02T18:10:49.956365+00:00 [running]> on host 11007bde3670
[2026-04-02T18:10:51.838+0000] {taskinstance.py:2648} INFO - Exporting env vars: AIRFLOW_CTX_DAG_OWNER='airflow' AIRFLOW_CTX_DAG_ID='kanji_counter' AIRFLOW_CTX_TASK_ID='task_one' AIRFLOW_CTX_EXECUTION_DATE='2026-04-02T18:10:49.956365+00:00' AIRFLOW_CTX_TRY_NUMBER='1' AIRFLOW_CTX_DAG_RUN_ID='manual__2026-04-02T18:10:49.956365+00:00'
[2026-04-02T18:10:51.840+0000] {taskinstance.py:430} INFO - ::endgroup::
[2026-04-02T18:10:53.122+0000] {logging_mixin.py:188} INFO - [!] Playwright HTML fetch failed for https://www3.nhk.or.jp/news/: 500 Server Error: INTERNAL SERVER ERROR for url: http://playwright:5010/html
[2026-04-02T18:10:53.158+0000] {taskinstance.py:441} INFO - ::group::Post task execution logs
[2026-04-02T18:10:53.159+0000] {taskinstance.py:2905} ERROR - Task failed with exception
Traceback (most recent call last):
  File "/home/airflow/.local/lib/python3.12/site-packages/airflow/models/taskinstance.py", line 465, in _execute_task
    result = _execute_callable(context=context, **execute_callable_kwargs)
             ^^^^^^^^^^^^^^^^^^^^^^^^^^^^^^^^^^^^^^^^^^^^^^^^^^^^^^^^^^^^^
  File "/home/airflow/.local/lib/python3.12/site-packages/airflow/models/taskinstance.py", line 432, in _execute_callable
    return execute_callable(context=context, **execute_callable_kwargs)
           ^^^^^^^^^^^^^^^^^^^^^^^^^^^^^^^^^^^^^^^^^^^^^^^^^^^^^^^^^^^^
  File "/home/airflow/.local/lib/python3.12/site-packages/airflow/models/baseoperator.py", line 400, in wrapper
    return func(self, *args, **kwargs)
           ^^^^^^^^^^^^^^^^^^^^^^^^^^^
  File "/home/airflow/.local/lib/python3.12/site-packages/airflow/operators/python.py", line 235, in execute
    return_value = self.execute_callable()
                   ^^^^^^^^^^^^^^^^^^^^^^^
  File "/home/airflow/.local/lib/python3.12/site-packages/airflow/operators/python.py", line 252, in execute_callable
    return self.python_callable(*self.op_args, **self.op_kwargs)
           ^^^^^^^^^^^^^^^^^^^^^^^^^^^^^^^^^^^^^^^^^^^^^^^^^^^^^
  File "/opt/airflow/scrapeNHKnews.py", line 120, in main
    load_mongo(content)
  File "/opt/airflow/load_mongo.py", line 19, in load_mongo
    result = article_collection.insert_many(content)
             ^^^^^^^^^^^^^^^^^^^^^^^^^^^^^^^^^^^^^^^
  File "/home/airflow/.local/lib/python3.12/site-packages/pymongo/_csot.py", line 119, in csot_wrapper
    return func(self, *args, **kwargs)
           ^^^^^^^^^^^^^^^^^^^^^^^^^^^
  File "/home/airflow/.local/lib/python3.12/site-packages/pymongo/synchronous/collection.py", line 959, in insert_many
    raise TypeError("documents must be a non-empty list")
TypeError: documents must be a non-empty list
[2026-04-02T18:10:53.190+0000] {taskinstance.py:1206} INFO - Marking task as FAILED. dag_id=kanji_counter, task_id=task_one, run_id=manual__2026-04-02T18:10:49.956365+00:00, execution_date=20260402T181049, start_date=20260402T181051, end_date=20260402T181053
[2026-04-02T18:10:53.214+0000] {standard_task_runner.py:110} ERROR - Failed to execute job 8 for task task_one (documents must be a non-empty list; 122)
[2026-04-02T18:10:53.239+0000] {local_task_job_runner.py:240} INFO - Task exited with return code 1
[2026-04-02T18:10:53.273+0000] {taskinstance.py:3498} INFO - 0 downstream tasks scheduled from follow-on schedule check
[2026-04-02T18:10:53.285+0000] {local_task_job_runner.py:222} INFO - ::endgroup::
