[2025-05-23T14:55:35.453+0000] {manager.py:470} INFO - Processing files using up to 2 processes at a time 
[2025-05-23T14:55:35.454+0000] {manager.py:471} INFO - Process each file at most once every 30 seconds
[2025-05-23T14:55:35.455+0000] {manager.py:472} INFO - Checking for new files in /opt/airflow/dags every 300 seconds
[2025-05-23T14:55:35.456+0000] {manager.py:737} INFO - Searching for files in /opt/airflow/dags
[2025-05-23T14:55:35.459+0000] {manager.py:740} INFO - There are 0 files in /opt/airflow/dags
[2025-05-23T15:00:35.663+0000] {manager.py:737} INFO - Searching for files in /opt/airflow/dags
[2025-05-23T15:00:35.669+0000] {manager.py:740} INFO - There are 0 files in /opt/airflow/dags
[2025-05-23T15:05:35.748+0000] {manager.py:737} INFO - Searching for files in /opt/airflow/dags
[2025-05-23T15:05:35.751+0000] {manager.py:740} INFO - There are 0 files in /opt/airflow/dags
[2025-05-23T15:10:35.832+0000] {manager.py:737} INFO - Searching for files in /opt/airflow/dags
[2025-05-23T15:10:35.835+0000] {manager.py:740} INFO - There are 0 files in /opt/airflow/dags
[2025-05-23T15:15:35.892+0000] {manager.py:737} INFO - Searching for files in /opt/airflow/dags
[2025-05-23T15:15:35.895+0000] {manager.py:740} INFO - There are 0 files in /opt/airflow/dags
[2025-05-23T15:20:35.952+0000] {manager.py:737} INFO - Searching for files in /opt/airflow/dags
[2025-05-23T15:20:35.955+0000] {manager.py:740} INFO - There are 0 files in /opt/airflow/dags
[2025-05-23T15:25:36.041+0000] {manager.py:737} INFO - Searching for files in /opt/airflow/dags
[2025-05-23T15:25:36.044+0000] {manager.py:740} INFO - There are 0 files in /opt/airflow/dags
[2025-05-23T15:30:36.116+0000] {manager.py:737} INFO - Searching for files in /opt/airflow/dags
[2025-05-23T15:30:36.119+0000] {manager.py:740} INFO - There are 0 files in /opt/airflow/dags
[2025-05-23T15:35:36.329+0000] {manager.py:737} INFO - Searching for files in /opt/airflow/dags
[2025-05-23T15:35:36.331+0000] {manager.py:740} INFO - There are 0 files in /opt/airflow/dags
[2025-05-23T15:40:36.420+0000] {manager.py:737} INFO - Searching for files in /opt/airflow/dags
[2025-05-23T15:40:36.424+0000] {manager.py:740} INFO - There are 0 files in /opt/airflow/dags
[2025-05-23T15:45:36.485+0000] {manager.py:737} INFO - Searching for files in /opt/airflow/dags
[2025-05-23T15:45:36.488+0000] {manager.py:740} INFO - There are 0 files in /opt/airflow/dags
[2025-05-23T15:50:36.558+0000] {manager.py:737} INFO - Searching for files in /opt/airflow/dags
[2025-05-23T15:50:36.561+0000] {manager.py:740} INFO - There are 0 files in /opt/airflow/dags
[2025-05-23T15:55:36.641+0000] {manager.py:737} INFO - Searching for files in /opt/airflow/dags
[2025-05-23T15:55:36.645+0000] {manager.py:740} INFO - There are 0 files in /opt/airflow/dags
[2025-05-23T16:00:36.728+0000] {manager.py:737} INFO - Searching for files in /opt/airflow/dags
[2025-05-23T16:00:36.731+0000] {manager.py:740} INFO - There are 0 files in /opt/airflow/dags
[2025-05-23T16:03:18.016+0000] {manager.py:452} INFO - Exiting gracefully upon receiving signal 15
[2025-05-23T16:50:45.061+0000] {manager.py:470} INFO - Processing files using up to 2 processes at a time 
[2025-05-23T16:50:45.062+0000] {manager.py:471} INFO - Process each file at most once every 30 seconds
[2025-05-23T16:50:45.063+0000] {manager.py:472} INFO - Checking for new files in /opt/airflow/dags every 300 seconds
[2025-05-23T16:50:45.064+0000] {manager.py:737} INFO - Searching for files in /opt/airflow/dags
[2025-05-23T16:50:45.067+0000] {manager.py:740} INFO - There are 0 files in /opt/airflow/dags
[2025-05-23T16:55:20.738+0000] {manager.py:452} INFO - Exiting gracefully upon receiving signal 15
[2025-05-23T16:58:34.137+0000] {manager.py:470} INFO - Processing files using up to 2 processes at a time 
[2025-05-23T16:58:34.137+0000] {manager.py:471} INFO - Process each file at most once every 30 seconds
[2025-05-23T16:58:34.138+0000] {manager.py:472} INFO - Checking for new files in /opt/airflow/dags every 300 seconds
[2025-05-23T16:58:34.139+0000] {manager.py:737} INFO - Searching for files in /opt/airflow/dags
[2025-05-23T16:58:34.144+0000] {manager.py:740} INFO - There are 0 files in /opt/airflow/dags
[2025-05-23T17:03:34.236+0000] {manager.py:737} INFO - Searching for files in /opt/airflow/dags
[2025-05-23T17:03:34.238+0000] {manager.py:740} INFO - There are 0 files in /opt/airflow/dags
[2025-05-23T17:08:34.285+0000] {manager.py:737} INFO - Searching for files in /opt/airflow/dags
[2025-05-23T17:08:34.288+0000] {manager.py:740} INFO - There are 0 files in /opt/airflow/dags
[2025-05-23T17:13:34.296+0000] {manager.py:737} INFO - Searching for files in /opt/airflow/dags
[2025-05-23T17:13:34.299+0000] {manager.py:740} INFO - There are 0 files in /opt/airflow/dags
[2025-05-23T17:18:34.313+0000] {manager.py:737} INFO - Searching for files in /opt/airflow/dags
[2025-05-23T17:18:34.316+0000] {manager.py:740} INFO - There are 0 files in /opt/airflow/dags
[2025-05-23T17:23:35.315+0000] {manager.py:737} INFO - Searching for files in /opt/airflow/dags
[2025-05-23T17:23:35.319+0000] {manager.py:740} INFO - There are 0 files in /opt/airflow/dags
[2025-05-23T17:28:35.384+0000] {manager.py:737} INFO - Searching for files in /opt/airflow/dags
[2025-05-23T17:28:35.387+0000] {manager.py:740} INFO - There are 0 files in /opt/airflow/dags
[2025-05-23T17:33:36.383+0000] {manager.py:737} INFO - Searching for files in /opt/airflow/dags
[2025-05-23T17:33:36.386+0000] {manager.py:740} INFO - There are 0 files in /opt/airflow/dags
[2025-05-23T17:38:36.411+0000] {manager.py:737} INFO - Searching for files in /opt/airflow/dags
[2025-05-23T17:38:36.414+0000] {manager.py:740} INFO - There are 0 files in /opt/airflow/dags
[2025-05-23T17:43:36.529+0000] {manager.py:737} INFO - Searching for files in /opt/airflow/dags
[2025-05-23T17:43:36.532+0000] {manager.py:740} INFO - There are 0 files in /opt/airflow/dags
[2025-05-23T17:48:36.560+0000] {manager.py:737} INFO - Searching for files in /opt/airflow/dags
[2025-05-23T17:48:36.562+0000] {manager.py:740} INFO - There are 0 files in /opt/airflow/dags
[2025-05-23T17:49:11.447+0000] {manager.py:452} INFO - Exiting gracefully upon receiving signal 15
[2025-06-07T03:54:19.965+0000] {manager.py:470} INFO - Processing files using up to 2 processes at a time 
[2025-06-07T03:54:19.966+0000] {manager.py:471} INFO - Process each file at most once every 30 seconds
[2025-06-07T03:54:19.967+0000] {manager.py:472} INFO - Checking for new files in /opt/airflow/dags every 300 seconds
[2025-06-07T03:54:19.968+0000] {manager.py:737} INFO - Searching for files in /opt/airflow/dags
[2025-06-07T03:54:19.971+0000] {manager.py:740} INFO - There are 0 files in /opt/airflow/dags
[2025-06-07T03:59:20.034+0000] {manager.py:737} INFO - Searching for files in /opt/airflow/dags
[2025-06-07T03:59:20.037+0000] {manager.py:740} INFO - There are 0 files in /opt/airflow/dags
[2025-06-07T04:04:20.084+0000] {manager.py:737} INFO - Searching for files in /opt/airflow/dags
[2025-06-07T04:04:20.088+0000] {manager.py:740} INFO - There are 0 files in /opt/airflow/dags
[2025-06-07T04:09:20.115+0000] {manager.py:737} INFO - Searching for files in /opt/airflow/dags
[2025-06-07T04:09:20.118+0000] {manager.py:740} INFO - There are 0 files in /opt/airflow/dags
[2025-06-07T04:10:27.150+0000] {manager.py:452} INFO - Exiting gracefully upon receiving signal 15
[2025-06-07T04:11:12.629+0000] {manager.py:470} INFO - Processing files using up to 2 processes at a time 
[2025-06-07T04:11:12.629+0000] {manager.py:471} INFO - Process each file at most once every 30 seconds
[2025-06-07T04:11:12.630+0000] {manager.py:472} INFO - Checking for new files in /opt/airflow/dags every 300 seconds
[2025-06-07T04:11:12.631+0000] {manager.py:737} INFO - Searching for files in /opt/airflow/dags
[2025-06-07T04:11:12.634+0000] {manager.py:740} INFO - There are 0 files in /opt/airflow/dags
[2025-06-07T04:16:12.774+0000] {manager.py:737} INFO - Searching for files in /opt/airflow/dags
[2025-06-07T04:16:12.779+0000] {manager.py:740} INFO - There are 0 files in /opt/airflow/dags
[2025-06-07T04:16:54.031+0000] {manager.py:452} INFO - Exiting gracefully upon receiving signal 15
[2025-06-07T04:17:36.234+0000] {manager.py:470} INFO - Processing files using up to 2 processes at a time 
[2025-06-07T04:17:36.235+0000] {manager.py:471} INFO - Process each file at most once every 30 seconds
[2025-06-07T04:17:36.237+0000] {manager.py:472} INFO - Checking for new files in /opt/airflow/dags every 300 seconds
[2025-06-07T04:17:36.238+0000] {manager.py:737} INFO - Searching for files in /opt/airflow/dags
[2025-06-07T04:17:36.241+0000] {manager.py:740} INFO - There are 0 files in /opt/airflow/dags
[2025-06-07T04:22:36.369+0000] {manager.py:737} INFO - Searching for files in /opt/airflow/dags
[2025-06-07T04:22:36.373+0000] {manager.py:740} INFO - There are 0 files in /opt/airflow/dags
[2025-06-07T04:27:36.482+0000] {manager.py:737} INFO - Searching for files in /opt/airflow/dags
[2025-06-07T04:27:36.486+0000] {manager.py:740} INFO - There are 0 files in /opt/airflow/dags
[2025-06-07T04:32:36.506+0000] {manager.py:737} INFO - Searching for files in /opt/airflow/dags
[2025-06-07T04:32:36.510+0000] {manager.py:740} INFO - There are 0 files in /opt/airflow/dags
[2025-06-07T04:37:36.552+0000] {manager.py:737} INFO - Searching for files in /opt/airflow/dags
[2025-06-07T04:37:36.555+0000] {manager.py:740} INFO - There are 0 files in /opt/airflow/dags
[2025-06-07T04:42:36.574+0000] {manager.py:737} INFO - Searching for files in /opt/airflow/dags
[2025-06-07T04:42:36.577+0000] {manager.py:740} INFO - There are 0 files in /opt/airflow/dags
[2025-06-07T04:46:19.952+0000] {manager.py:452} INFO - Exiting gracefully upon receiving signal 15
[2025-06-07T04:48:30.796+0000] {manager.py:470} INFO - Processing files using up to 2 processes at a time 
[2025-06-07T04:48:30.797+0000] {manager.py:471} INFO - Process each file at most once every 30 seconds
[2025-06-07T04:48:30.798+0000] {manager.py:472} INFO - Checking for new files in /opt/airflow/dags every 300 seconds
[2025-06-07T04:48:30.800+0000] {manager.py:737} INFO - Searching for files in /opt/airflow/dags
[2025-06-07T04:48:30.804+0000] {manager.py:740} INFO - There are 0 files in /opt/airflow/dags
[2025-06-07T04:53:30.898+0000] {manager.py:737} INFO - Searching for files in /opt/airflow/dags
[2025-06-07T04:53:30.901+0000] {manager.py:740} INFO - There are 0 files in /opt/airflow/dags
[2025-06-07T04:58:30.916+0000] {manager.py:737} INFO - Searching for files in /opt/airflow/dags
[2025-06-07T04:58:30.918+0000] {manager.py:740} INFO - There are 0 files in /opt/airflow/dags
[2025-06-07T04:58:58.044+0000] {manager.py:452} INFO - Exiting gracefully upon receiving signal 15
[2025-06-07T04:59:57.454+0000] {manager.py:470} INFO - Processing files using up to 2 processes at a time 
[2025-06-07T04:59:57.458+0000] {manager.py:471} INFO - Process each file at most once every 30 seconds
[2025-06-07T04:59:57.459+0000] {manager.py:472} INFO - Checking for new files in /opt/airflow/dags every 300 seconds
[2025-06-07T04:59:57.460+0000] {manager.py:737} INFO - Searching for files in /opt/airflow/dags
[2025-06-07T04:59:57.463+0000] {manager.py:740} INFO - There are 0 files in /opt/airflow/dags
[2025-06-07T05:04:50.315+0000] {manager.py:452} INFO - Exiting gracefully upon receiving signal 15
[2025-06-07T05:05:38.984+0000] {manager.py:470} INFO - Processing files using up to 2 processes at a time 
[2025-06-07T05:05:38.986+0000] {manager.py:471} INFO - Process each file at most once every 30 seconds
[2025-06-07T05:05:38.987+0000] {manager.py:472} INFO - Checking for new files in /opt/airflow/dags every 300 seconds
[2025-06-07T05:05:38.988+0000] {manager.py:737} INFO - Searching for files in /opt/airflow/dags
[2025-06-07T05:05:38.997+0000] {manager.py:740} INFO - There are 0 files in /opt/airflow/dags
[2025-06-07T05:10:39.162+0000] {manager.py:737} INFO - Searching for files in /opt/airflow/dags
[2025-06-07T05:10:39.169+0000] {manager.py:740} INFO - There are 0 files in /opt/airflow/dags
[2025-06-07T05:13:54.634+0000] {manager.py:452} INFO - Exiting gracefully upon receiving signal 15
