[2025-06-16T17:52:27.726+0000] {processor.py:161} INFO - Started process (PID=35) to work on /opt/airflow/dags/nhk_pipeline_dag.py
[2025-06-16T17:52:27.727+0000] {processor.py:830} INFO - Processing file /opt/airflow/dags/nhk_pipeline_dag.py for tasks to queue
[2025-06-16T17:52:27.728+0000] {logging_mixin.py:188} INFO - [2025-06-16T17:52:27.728+0000] {dagbag.py:545} INFO - Filling up the DagBag from /opt/airflow/dags/nhk_pipeline_dag.py
[2025-06-16T17:52:28.039+0000] {logging_mixin.py:188} INFO - [2025-06-16T17:52:28.031+0000] {dagbag.py:355} ERROR - Failed to import: /opt/airflow/dags/nhk_pipeline_dag.py
Traceback (most recent call last):
  File "/home/airflow/.local/lib/python3.12/site-packages/airflow/models/dagbag.py", line 351, in parse
    loader.exec_module(new_module)
  File "<frozen importlib._bootstrap_external>", line 995, in exec_module
  File "<frozen importlib._bootstrap>", line 488, in _call_with_frames_removed
  File "/opt/airflow/dags/nhk_pipeline_dag.py", line 8, in <module>
    from count_kanji import batch_process
ModuleNotFoundError: No module named 'count_kanji'
[2025-06-16T17:52:28.044+0000] {processor.py:842} WARNING - No viable dags retrieved from /opt/airflow/dags/nhk_pipeline_dag.py
[2025-06-16T17:52:28.092+0000] {processor.py:183} INFO - Processing /opt/airflow/dags/nhk_pipeline_dag.py took 0.370 seconds
[2025-06-16T17:52:58.347+0000] {processor.py:161} INFO - Started process (PID=50) to work on /opt/airflow/dags/nhk_pipeline_dag.py
[2025-06-16T17:52:58.348+0000] {processor.py:830} INFO - Processing file /opt/airflow/dags/nhk_pipeline_dag.py for tasks to queue
[2025-06-16T17:52:58.351+0000] {logging_mixin.py:188} INFO - [2025-06-16T17:52:58.350+0000] {dagbag.py:545} INFO - Filling up the DagBag from /opt/airflow/dags/nhk_pipeline_dag.py
[2025-06-16T17:52:58.545+0000] {logging_mixin.py:188} INFO - [2025-06-16T17:52:58.536+0000] {dagbag.py:355} ERROR - Failed to import: /opt/airflow/dags/nhk_pipeline_dag.py
Traceback (most recent call last):
  File "/home/airflow/.local/lib/python3.12/site-packages/airflow/models/dagbag.py", line 351, in parse
    loader.exec_module(new_module)
  File "<frozen importlib._bootstrap_external>", line 995, in exec_module
  File "<frozen importlib._bootstrap>", line 488, in _call_with_frames_removed
  File "/opt/airflow/dags/nhk_pipeline_dag.py", line 8, in <module>
    from count_kanji import batch_process
ModuleNotFoundError: No module named 'count_kanji'
[2025-06-16T17:52:58.547+0000] {processor.py:842} WARNING - No viable dags retrieved from /opt/airflow/dags/nhk_pipeline_dag.py
[2025-06-16T17:52:58.593+0000] {processor.py:183} INFO - Processing /opt/airflow/dags/nhk_pipeline_dag.py took 0.251 seconds
[2025-06-16T17:53:28.843+0000] {processor.py:161} INFO - Started process (PID=71) to work on /opt/airflow/dags/nhk_pipeline_dag.py
[2025-06-16T17:53:28.844+0000] {processor.py:830} INFO - Processing file /opt/airflow/dags/nhk_pipeline_dag.py for tasks to queue
[2025-06-16T17:53:28.846+0000] {logging_mixin.py:188} INFO - [2025-06-16T17:53:28.846+0000] {dagbag.py:545} INFO - Filling up the DagBag from /opt/airflow/dags/nhk_pipeline_dag.py
[2025-06-16T17:53:29.021+0000] {logging_mixin.py:188} INFO - [2025-06-16T17:53:29.013+0000] {dagbag.py:355} ERROR - Failed to import: /opt/airflow/dags/nhk_pipeline_dag.py
Traceback (most recent call last):
  File "/home/airflow/.local/lib/python3.12/site-packages/airflow/models/dagbag.py", line 351, in parse
    loader.exec_module(new_module)
  File "<frozen importlib._bootstrap_external>", line 995, in exec_module
  File "<frozen importlib._bootstrap>", line 488, in _call_with_frames_removed
  File "/opt/airflow/dags/nhk_pipeline_dag.py", line 8, in <module>
    from count_kanji import batch_process
ModuleNotFoundError: No module named 'count_kanji'
[2025-06-16T17:53:29.024+0000] {processor.py:842} WARNING - No viable dags retrieved from /opt/airflow/dags/nhk_pipeline_dag.py
[2025-06-16T17:53:29.065+0000] {processor.py:183} INFO - Processing /opt/airflow/dags/nhk_pipeline_dag.py took 0.227 seconds
[2025-06-16T17:53:59.306+0000] {processor.py:161} INFO - Started process (PID=86) to work on /opt/airflow/dags/nhk_pipeline_dag.py
[2025-06-16T17:53:59.307+0000] {processor.py:830} INFO - Processing file /opt/airflow/dags/nhk_pipeline_dag.py for tasks to queue
[2025-06-16T17:53:59.309+0000] {logging_mixin.py:188} INFO - [2025-06-16T17:53:59.309+0000] {dagbag.py:545} INFO - Filling up the DagBag from /opt/airflow/dags/nhk_pipeline_dag.py
[2025-06-16T17:53:59.487+0000] {logging_mixin.py:188} INFO - [2025-06-16T17:53:59.479+0000] {dagbag.py:355} ERROR - Failed to import: /opt/airflow/dags/nhk_pipeline_dag.py
Traceback (most recent call last):
  File "/home/airflow/.local/lib/python3.12/site-packages/airflow/models/dagbag.py", line 351, in parse
    loader.exec_module(new_module)
  File "<frozen importlib._bootstrap_external>", line 995, in exec_module
  File "<frozen importlib._bootstrap>", line 488, in _call_with_frames_removed
  File "/opt/airflow/dags/nhk_pipeline_dag.py", line 8, in <module>
    from count_kanji import batch_process
ModuleNotFoundError: No module named 'count_kanji'
[2025-06-16T17:53:59.490+0000] {processor.py:842} WARNING - No viable dags retrieved from /opt/airflow/dags/nhk_pipeline_dag.py
[2025-06-16T17:53:59.534+0000] {processor.py:183} INFO - Processing /opt/airflow/dags/nhk_pipeline_dag.py took 0.233 seconds
[2025-06-16T17:54:29.818+0000] {processor.py:161} INFO - Started process (PID=108) to work on /opt/airflow/dags/nhk_pipeline_dag.py
[2025-06-16T17:54:29.819+0000] {processor.py:830} INFO - Processing file /opt/airflow/dags/nhk_pipeline_dag.py for tasks to queue
[2025-06-16T17:54:29.821+0000] {logging_mixin.py:188} INFO - [2025-06-16T17:54:29.821+0000] {dagbag.py:545} INFO - Filling up the DagBag from /opt/airflow/dags/nhk_pipeline_dag.py
[2025-06-16T17:54:30.003+0000] {logging_mixin.py:188} INFO - [2025-06-16T17:54:29.994+0000] {dagbag.py:355} ERROR - Failed to import: /opt/airflow/dags/nhk_pipeline_dag.py
Traceback (most recent call last):
  File "/home/airflow/.local/lib/python3.12/site-packages/airflow/models/dagbag.py", line 351, in parse
    loader.exec_module(new_module)
  File "<frozen importlib._bootstrap_external>", line 995, in exec_module
  File "<frozen importlib._bootstrap>", line 488, in _call_with_frames_removed
  File "/opt/airflow/dags/nhk_pipeline_dag.py", line 8, in <module>
    from count_kanji import batch_process
ModuleNotFoundError: No module named 'count_kanji'
[2025-06-16T17:54:30.006+0000] {processor.py:842} WARNING - No viable dags retrieved from /opt/airflow/dags/nhk_pipeline_dag.py
[2025-06-16T17:54:30.053+0000] {processor.py:183} INFO - Processing /opt/airflow/dags/nhk_pipeline_dag.py took 0.239 seconds
[2025-06-16T17:54:31.843+0000] {processor.py:161} INFO - Started process (PID=109) to work on /opt/airflow/dags/nhk_pipeline_dag.py
[2025-06-16T17:54:31.844+0000] {processor.py:830} INFO - Processing file /opt/airflow/dags/nhk_pipeline_dag.py for tasks to queue
[2025-06-16T17:54:31.847+0000] {logging_mixin.py:188} INFO - [2025-06-16T17:54:31.846+0000] {dagbag.py:545} INFO - Filling up the DagBag from /opt/airflow/dags/nhk_pipeline_dag.py
[2025-06-16T17:54:32.071+0000] {processor.py:840} INFO - DAG(s) 'kanji_counter' retrieved from /opt/airflow/dags/nhk_pipeline_dag.py
[2025-06-16T17:54:32.395+0000] {logging_mixin.py:188} INFO - [2025-06-16T17:54:32.395+0000] {override.py:1829} INFO - Created Permission View: can edit on DAG:kanji_counter
[2025-06-16T17:54:32.410+0000] {logging_mixin.py:188} INFO - [2025-06-16T17:54:32.409+0000] {override.py:1829} INFO - Created Permission View: can read on DAG:kanji_counter
[2025-06-16T17:54:32.422+0000] {logging_mixin.py:188} INFO - [2025-06-16T17:54:32.421+0000] {override.py:1829} INFO - Created Permission View: can delete on DAG:kanji_counter
[2025-06-16T17:54:32.423+0000] {logging_mixin.py:188} INFO - [2025-06-16T17:54:32.423+0000] {dag.py:3096} INFO - Sync 1 DAGs
[2025-06-16T17:54:32.430+0000] {logging_mixin.py:188} INFO - [2025-06-16T17:54:32.429+0000] {dag.py:3118} INFO - Creating ORM DAG for kanji_counter
[2025-06-16T17:54:32.437+0000] {logging_mixin.py:188} INFO - [2025-06-16T17:54:32.437+0000] {dag.py:3954} INFO - Setting next_dagrun for kanji_counter to 2025-06-15 00:00:00+00:00, run_after=2025-06-16 00:00:00+00:00
[2025-06-16T17:54:32.480+0000] {processor.py:183} INFO - Processing /opt/airflow/dags/nhk_pipeline_dag.py took 0.643 seconds
[2025-06-16T17:55:34.469+0000] {processor.py:161} INFO - Started process (PID=37) to work on /opt/airflow/dags/nhk_pipeline_dag.py
[2025-06-16T17:55:34.470+0000] {processor.py:830} INFO - Processing file /opt/airflow/dags/nhk_pipeline_dag.py for tasks to queue
[2025-06-16T17:55:34.472+0000] {logging_mixin.py:188} INFO - [2025-06-16T17:55:34.472+0000] {dagbag.py:545} INFO - Filling up the DagBag from /opt/airflow/dags/nhk_pipeline_dag.py
[2025-06-16T17:55:34.721+0000] {processor.py:840} INFO - DAG(s) 'kanji_counter' retrieved from /opt/airflow/dags/nhk_pipeline_dag.py
[2025-06-16T17:55:34.931+0000] {logging_mixin.py:188} INFO - [2025-06-16T17:55:34.931+0000] {override.py:1829} INFO - Created Permission View: can read on DAG:kanji_counter
[2025-06-16T17:55:34.955+0000] {logging_mixin.py:188} INFO - [2025-06-16T17:55:34.955+0000] {override.py:1829} INFO - Created Permission View: can delete on DAG:kanji_counter
[2025-06-16T17:55:34.974+0000] {logging_mixin.py:188} INFO - [2025-06-16T17:55:34.974+0000] {override.py:1829} INFO - Created Permission View: can edit on DAG:kanji_counter
[2025-06-16T17:55:34.975+0000] {logging_mixin.py:188} INFO - [2025-06-16T17:55:34.975+0000] {dag.py:3096} INFO - Sync 1 DAGs
[2025-06-16T17:55:34.986+0000] {logging_mixin.py:188} INFO - [2025-06-16T17:55:34.986+0000] {dag.py:3118} INFO - Creating ORM DAG for kanji_counter
[2025-06-16T17:55:34.995+0000] {logging_mixin.py:188} INFO - [2025-06-16T17:55:34.995+0000] {dag.py:3954} INFO - Setting next_dagrun for kanji_counter to 2025-06-15 00:00:00+00:00, run_after=2025-06-16 00:00:00+00:00
[2025-06-16T17:55:35.138+0000] {processor.py:183} INFO - Processing /opt/airflow/dags/nhk_pipeline_dag.py took 0.674 seconds
[2025-06-16T17:56:05.430+0000] {processor.py:161} INFO - Started process (PID=52) to work on /opt/airflow/dags/nhk_pipeline_dag.py
[2025-06-16T17:56:05.431+0000] {processor.py:830} INFO - Processing file /opt/airflow/dags/nhk_pipeline_dag.py for tasks to queue
[2025-06-16T17:56:05.433+0000] {logging_mixin.py:188} INFO - [2025-06-16T17:56:05.433+0000] {dagbag.py:545} INFO - Filling up the DagBag from /opt/airflow/dags/nhk_pipeline_dag.py
[2025-06-16T17:56:05.624+0000] {processor.py:840} INFO - DAG(s) 'kanji_counter' retrieved from /opt/airflow/dags/nhk_pipeline_dag.py
[2025-06-16T17:56:05.660+0000] {logging_mixin.py:188} INFO - [2025-06-16T17:56:05.660+0000] {dag.py:3096} INFO - Sync 1 DAGs
[2025-06-16T17:56:05.675+0000] {logging_mixin.py:188} INFO - [2025-06-16T17:56:05.675+0000] {dag.py:3954} INFO - Setting next_dagrun for kanji_counter to 2025-06-15 00:00:00+00:00, run_after=2025-06-16 00:00:00+00:00
[2025-06-16T17:56:05.709+0000] {processor.py:183} INFO - Processing /opt/airflow/dags/nhk_pipeline_dag.py took 0.284 seconds
[2025-06-16T17:56:35.965+0000] {processor.py:161} INFO - Started process (PID=74) to work on /opt/airflow/dags/nhk_pipeline_dag.py
[2025-06-16T17:56:35.966+0000] {processor.py:830} INFO - Processing file /opt/airflow/dags/nhk_pipeline_dag.py for tasks to queue
[2025-06-16T17:56:35.968+0000] {logging_mixin.py:188} INFO - [2025-06-16T17:56:35.968+0000] {dagbag.py:545} INFO - Filling up the DagBag from /opt/airflow/dags/nhk_pipeline_dag.py
[2025-06-16T17:56:36.190+0000] {processor.py:840} INFO - DAG(s) 'kanji_counter' retrieved from /opt/airflow/dags/nhk_pipeline_dag.py
[2025-06-16T17:56:36.231+0000] {logging_mixin.py:188} INFO - [2025-06-16T17:56:36.231+0000] {dag.py:3096} INFO - Sync 1 DAGs
[2025-06-16T17:56:36.248+0000] {logging_mixin.py:188} INFO - [2025-06-16T17:56:36.248+0000] {dag.py:3954} INFO - Setting next_dagrun for kanji_counter to 2025-06-15 00:00:00+00:00, run_after=2025-06-16 00:00:00+00:00
[2025-06-16T17:56:36.273+0000] {processor.py:183} INFO - Processing /opt/airflow/dags/nhk_pipeline_dag.py took 0.313 seconds
[2025-06-16T17:57:06.540+0000] {processor.py:161} INFO - Started process (PID=89) to work on /opt/airflow/dags/nhk_pipeline_dag.py
[2025-06-16T17:57:06.541+0000] {processor.py:830} INFO - Processing file /opt/airflow/dags/nhk_pipeline_dag.py for tasks to queue
[2025-06-16T17:57:06.544+0000] {logging_mixin.py:188} INFO - [2025-06-16T17:57:06.543+0000] {dagbag.py:545} INFO - Filling up the DagBag from /opt/airflow/dags/nhk_pipeline_dag.py
[2025-06-16T17:57:06.724+0000] {processor.py:840} INFO - DAG(s) 'kanji_counter' retrieved from /opt/airflow/dags/nhk_pipeline_dag.py
[2025-06-16T17:57:06.763+0000] {logging_mixin.py:188} INFO - [2025-06-16T17:57:06.763+0000] {dag.py:3096} INFO - Sync 1 DAGs
[2025-06-16T17:57:06.780+0000] {logging_mixin.py:188} INFO - [2025-06-16T17:57:06.779+0000] {dag.py:3954} INFO - Setting next_dagrun for kanji_counter to 2025-06-15 00:00:00+00:00, run_after=2025-06-16 00:00:00+00:00
[2025-06-16T17:57:06.813+0000] {processor.py:183} INFO - Processing /opt/airflow/dags/nhk_pipeline_dag.py took 0.277 seconds
[2025-06-16T17:57:37.101+0000] {processor.py:161} INFO - Started process (PID=112) to work on /opt/airflow/dags/nhk_pipeline_dag.py
[2025-06-16T17:57:37.102+0000] {processor.py:830} INFO - Processing file /opt/airflow/dags/nhk_pipeline_dag.py for tasks to queue
[2025-06-16T17:57:37.104+0000] {logging_mixin.py:188} INFO - [2025-06-16T17:57:37.104+0000] {dagbag.py:545} INFO - Filling up the DagBag from /opt/airflow/dags/nhk_pipeline_dag.py
[2025-06-16T17:57:37.288+0000] {processor.py:840} INFO - DAG(s) 'kanji_counter' retrieved from /opt/airflow/dags/nhk_pipeline_dag.py
[2025-06-16T17:57:37.325+0000] {logging_mixin.py:188} INFO - [2025-06-16T17:57:37.325+0000] {dag.py:3096} INFO - Sync 1 DAGs
[2025-06-16T17:57:37.340+0000] {logging_mixin.py:188} INFO - [2025-06-16T17:57:37.340+0000] {dag.py:3954} INFO - Setting next_dagrun for kanji_counter to 2025-06-15 00:00:00+00:00, run_after=2025-06-16 00:00:00+00:00
[2025-06-16T17:57:37.367+0000] {processor.py:183} INFO - Processing /opt/airflow/dags/nhk_pipeline_dag.py took 0.271 seconds
[2025-06-16T17:58:07.649+0000] {processor.py:161} INFO - Started process (PID=127) to work on /opt/airflow/dags/nhk_pipeline_dag.py
[2025-06-16T17:58:07.650+0000] {processor.py:830} INFO - Processing file /opt/airflow/dags/nhk_pipeline_dag.py for tasks to queue
[2025-06-16T17:58:07.652+0000] {logging_mixin.py:188} INFO - [2025-06-16T17:58:07.652+0000] {dagbag.py:545} INFO - Filling up the DagBag from /opt/airflow/dags/nhk_pipeline_dag.py
[2025-06-16T17:58:07.839+0000] {processor.py:840} INFO - DAG(s) 'kanji_counter' retrieved from /opt/airflow/dags/nhk_pipeline_dag.py
[2025-06-16T17:58:07.872+0000] {logging_mixin.py:188} INFO - [2025-06-16T17:58:07.872+0000] {dag.py:3096} INFO - Sync 1 DAGs
[2025-06-16T17:58:07.887+0000] {logging_mixin.py:188} INFO - [2025-06-16T17:58:07.887+0000] {dag.py:3954} INFO - Setting next_dagrun for kanji_counter to 2025-06-15 00:00:00+00:00, run_after=2025-06-16 00:00:00+00:00
[2025-06-16T17:58:08.040+0000] {processor.py:183} INFO - Processing /opt/airflow/dags/nhk_pipeline_dag.py took 0.395 seconds
[2025-06-16T17:58:38.371+0000] {processor.py:161} INFO - Started process (PID=149) to work on /opt/airflow/dags/nhk_pipeline_dag.py
[2025-06-16T17:58:38.372+0000] {processor.py:830} INFO - Processing file /opt/airflow/dags/nhk_pipeline_dag.py for tasks to queue
[2025-06-16T17:58:38.374+0000] {logging_mixin.py:188} INFO - [2025-06-16T17:58:38.374+0000] {dagbag.py:545} INFO - Filling up the DagBag from /opt/airflow/dags/nhk_pipeline_dag.py
[2025-06-16T17:58:38.561+0000] {processor.py:840} INFO - DAG(s) 'kanji_counter' retrieved from /opt/airflow/dags/nhk_pipeline_dag.py
[2025-06-16T17:58:38.595+0000] {logging_mixin.py:188} INFO - [2025-06-16T17:58:38.594+0000] {dag.py:3096} INFO - Sync 1 DAGs
[2025-06-16T17:58:38.715+0000] {logging_mixin.py:188} INFO - [2025-06-16T17:58:38.714+0000] {dag.py:3954} INFO - Setting next_dagrun for kanji_counter to 2025-06-15 00:00:00+00:00, run_after=2025-06-16 00:00:00+00:00
[2025-06-16T17:58:38.740+0000] {processor.py:183} INFO - Processing /opt/airflow/dags/nhk_pipeline_dag.py took 0.373 seconds
[2025-06-16T17:59:09.042+0000] {processor.py:161} INFO - Started process (PID=171) to work on /opt/airflow/dags/nhk_pipeline_dag.py
[2025-06-16T17:59:09.044+0000] {processor.py:830} INFO - Processing file /opt/airflow/dags/nhk_pipeline_dag.py for tasks to queue
[2025-06-16T17:59:09.046+0000] {logging_mixin.py:188} INFO - [2025-06-16T17:59:09.046+0000] {dagbag.py:545} INFO - Filling up the DagBag from /opt/airflow/dags/nhk_pipeline_dag.py
[2025-06-16T17:59:09.257+0000] {processor.py:840} INFO - DAG(s) 'kanji_counter' retrieved from /opt/airflow/dags/nhk_pipeline_dag.py
[2025-06-16T17:59:09.296+0000] {logging_mixin.py:188} INFO - [2025-06-16T17:59:09.295+0000] {dag.py:3096} INFO - Sync 1 DAGs
[2025-06-16T17:59:09.424+0000] {logging_mixin.py:188} INFO - [2025-06-16T17:59:09.424+0000] {dag.py:3954} INFO - Setting next_dagrun for kanji_counter to 2025-06-15 00:00:00+00:00, run_after=2025-06-16 00:00:00+00:00
[2025-06-16T17:59:09.454+0000] {processor.py:183} INFO - Processing /opt/airflow/dags/nhk_pipeline_dag.py took 0.417 seconds
[2025-06-16T17:59:39.781+0000] {processor.py:161} INFO - Started process (PID=185) to work on /opt/airflow/dags/nhk_pipeline_dag.py
[2025-06-16T17:59:39.782+0000] {processor.py:830} INFO - Processing file /opt/airflow/dags/nhk_pipeline_dag.py for tasks to queue
[2025-06-16T17:59:39.784+0000] {logging_mixin.py:188} INFO - [2025-06-16T17:59:39.784+0000] {dagbag.py:545} INFO - Filling up the DagBag from /opt/airflow/dags/nhk_pipeline_dag.py
[2025-06-16T17:59:39.981+0000] {processor.py:840} INFO - DAG(s) 'kanji_counter' retrieved from /opt/airflow/dags/nhk_pipeline_dag.py
[2025-06-16T17:59:40.128+0000] {logging_mixin.py:188} INFO - [2025-06-16T17:59:40.128+0000] {dag.py:3096} INFO - Sync 1 DAGs
[2025-06-16T17:59:40.141+0000] {logging_mixin.py:188} INFO - [2025-06-16T17:59:40.141+0000] {dag.py:3954} INFO - Setting next_dagrun for kanji_counter to 2025-06-15 00:00:00+00:00, run_after=2025-06-16 00:00:00+00:00
[2025-06-16T17:59:40.172+0000] {processor.py:183} INFO - Processing /opt/airflow/dags/nhk_pipeline_dag.py took 0.396 seconds
[2025-06-16T18:00:10.460+0000] {processor.py:161} INFO - Started process (PID=207) to work on /opt/airflow/dags/nhk_pipeline_dag.py
[2025-06-16T18:00:10.461+0000] {processor.py:830} INFO - Processing file /opt/airflow/dags/nhk_pipeline_dag.py for tasks to queue
[2025-06-16T18:00:10.463+0000] {logging_mixin.py:188} INFO - [2025-06-16T18:00:10.463+0000] {dagbag.py:545} INFO - Filling up the DagBag from /opt/airflow/dags/nhk_pipeline_dag.py
[2025-06-16T18:00:10.649+0000] {processor.py:840} INFO - DAG(s) 'kanji_counter' retrieved from /opt/airflow/dags/nhk_pipeline_dag.py
[2025-06-16T18:00:10.689+0000] {logging_mixin.py:188} INFO - [2025-06-16T18:00:10.688+0000] {dag.py:3096} INFO - Sync 1 DAGs
[2025-06-16T18:00:10.705+0000] {logging_mixin.py:188} INFO - [2025-06-16T18:00:10.705+0000] {dag.py:3954} INFO - Setting next_dagrun for kanji_counter to 2025-06-15 00:00:00+00:00, run_after=2025-06-16 00:00:00+00:00
[2025-06-16T18:00:10.734+0000] {processor.py:183} INFO - Processing /opt/airflow/dags/nhk_pipeline_dag.py took 0.278 seconds
[2025-06-16T18:00:40.998+0000] {processor.py:161} INFO - Started process (PID=222) to work on /opt/airflow/dags/nhk_pipeline_dag.py
[2025-06-16T18:00:40.999+0000] {processor.py:830} INFO - Processing file /opt/airflow/dags/nhk_pipeline_dag.py for tasks to queue
[2025-06-16T18:00:41.002+0000] {logging_mixin.py:188} INFO - [2025-06-16T18:00:41.001+0000] {dagbag.py:545} INFO - Filling up the DagBag from /opt/airflow/dags/nhk_pipeline_dag.py
[2025-06-16T18:00:41.299+0000] {processor.py:840} INFO - DAG(s) 'kanji_counter' retrieved from /opt/airflow/dags/nhk_pipeline_dag.py
[2025-06-16T18:00:41.334+0000] {logging_mixin.py:188} INFO - [2025-06-16T18:00:41.334+0000] {dag.py:3096} INFO - Sync 1 DAGs
[2025-06-16T18:00:41.347+0000] {logging_mixin.py:188} INFO - [2025-06-16T18:00:41.347+0000] {dag.py:3954} INFO - Setting next_dagrun for kanji_counter to 2025-06-15 00:00:00+00:00, run_after=2025-06-16 00:00:00+00:00
[2025-06-16T18:00:41.373+0000] {processor.py:183} INFO - Processing /opt/airflow/dags/nhk_pipeline_dag.py took 0.379 seconds
[2025-06-16T18:01:11.661+0000] {processor.py:161} INFO - Started process (PID=245) to work on /opt/airflow/dags/nhk_pipeline_dag.py
[2025-06-16T18:01:11.662+0000] {processor.py:830} INFO - Processing file /opt/airflow/dags/nhk_pipeline_dag.py for tasks to queue
[2025-06-16T18:01:11.664+0000] {logging_mixin.py:188} INFO - [2025-06-16T18:01:11.664+0000] {dagbag.py:545} INFO - Filling up the DagBag from /opt/airflow/dags/nhk_pipeline_dag.py
[2025-06-16T18:01:11.966+0000] {processor.py:840} INFO - DAG(s) 'kanji_counter' retrieved from /opt/airflow/dags/nhk_pipeline_dag.py
[2025-06-16T18:01:11.999+0000] {logging_mixin.py:188} INFO - [2025-06-16T18:01:11.999+0000] {dag.py:3096} INFO - Sync 1 DAGs
[2025-06-16T18:01:12.011+0000] {logging_mixin.py:188} INFO - [2025-06-16T18:01:12.011+0000] {dag.py:3954} INFO - Setting next_dagrun for kanji_counter to 2025-06-15 00:00:00+00:00, run_after=2025-06-16 00:00:00+00:00
[2025-06-16T18:01:12.037+0000] {processor.py:183} INFO - Processing /opt/airflow/dags/nhk_pipeline_dag.py took 0.381 seconds
[2025-06-16T18:01:42.283+0000] {processor.py:161} INFO - Started process (PID=260) to work on /opt/airflow/dags/nhk_pipeline_dag.py
[2025-06-16T18:01:42.284+0000] {processor.py:830} INFO - Processing file /opt/airflow/dags/nhk_pipeline_dag.py for tasks to queue
[2025-06-16T18:01:42.286+0000] {logging_mixin.py:188} INFO - [2025-06-16T18:01:42.286+0000] {dagbag.py:545} INFO - Filling up the DagBag from /opt/airflow/dags/nhk_pipeline_dag.py
[2025-06-16T18:01:42.586+0000] {processor.py:840} INFO - DAG(s) 'kanji_counter' retrieved from /opt/airflow/dags/nhk_pipeline_dag.py
[2025-06-16T18:01:42.625+0000] {logging_mixin.py:188} INFO - [2025-06-16T18:01:42.624+0000] {dag.py:3096} INFO - Sync 1 DAGs
[2025-06-16T18:01:42.640+0000] {logging_mixin.py:188} INFO - [2025-06-16T18:01:42.640+0000] {dag.py:3954} INFO - Setting next_dagrun for kanji_counter to 2025-06-16 00:00:00+00:00, run_after=2025-06-17 00:00:00+00:00
[2025-06-16T18:01:42.669+0000] {processor.py:183} INFO - Processing /opt/airflow/dags/nhk_pipeline_dag.py took 0.392 seconds
[2025-06-16T18:02:12.909+0000] {processor.py:161} INFO - Started process (PID=282) to work on /opt/airflow/dags/nhk_pipeline_dag.py
[2025-06-16T18:02:12.910+0000] {processor.py:830} INFO - Processing file /opt/airflow/dags/nhk_pipeline_dag.py for tasks to queue
[2025-06-16T18:02:12.912+0000] {logging_mixin.py:188} INFO - [2025-06-16T18:02:12.912+0000] {dagbag.py:545} INFO - Filling up the DagBag from /opt/airflow/dags/nhk_pipeline_dag.py
[2025-06-16T18:02:13.230+0000] {processor.py:840} INFO - DAG(s) 'kanji_counter' retrieved from /opt/airflow/dags/nhk_pipeline_dag.py
[2025-06-16T18:02:13.265+0000] {logging_mixin.py:188} INFO - [2025-06-16T18:02:13.265+0000] {dag.py:3096} INFO - Sync 1 DAGs
[2025-06-16T18:02:13.279+0000] {logging_mixin.py:188} INFO - [2025-06-16T18:02:13.279+0000] {dag.py:3954} INFO - Setting next_dagrun for kanji_counter to 2025-06-16 00:00:00+00:00, run_after=2025-06-17 00:00:00+00:00
[2025-06-16T18:02:13.303+0000] {processor.py:183} INFO - Processing /opt/airflow/dags/nhk_pipeline_dag.py took 0.398 seconds
[2025-06-16T18:02:43.537+0000] {processor.py:161} INFO - Started process (PID=297) to work on /opt/airflow/dags/nhk_pipeline_dag.py
[2025-06-16T18:02:43.539+0000] {processor.py:830} INFO - Processing file /opt/airflow/dags/nhk_pipeline_dag.py for tasks to queue
[2025-06-16T18:02:43.541+0000] {logging_mixin.py:188} INFO - [2025-06-16T18:02:43.541+0000] {dagbag.py:545} INFO - Filling up the DagBag from /opt/airflow/dags/nhk_pipeline_dag.py
[2025-06-16T18:02:43.720+0000] {processor.py:840} INFO - DAG(s) 'kanji_counter' retrieved from /opt/airflow/dags/nhk_pipeline_dag.py
[2025-06-16T18:02:43.905+0000] {logging_mixin.py:188} INFO - [2025-06-16T18:02:43.905+0000] {dag.py:3096} INFO - Sync 1 DAGs
[2025-06-16T18:02:43.921+0000] {logging_mixin.py:188} INFO - [2025-06-16T18:02:43.920+0000] {dag.py:3954} INFO - Setting next_dagrun for kanji_counter to 2025-06-16 00:00:00+00:00, run_after=2025-06-17 00:00:00+00:00
[2025-06-16T18:02:43.947+0000] {processor.py:183} INFO - Processing /opt/airflow/dags/nhk_pipeline_dag.py took 0.417 seconds
[2025-06-16T18:03:14.195+0000] {processor.py:161} INFO - Started process (PID=319) to work on /opt/airflow/dags/nhk_pipeline_dag.py
[2025-06-16T18:03:14.196+0000] {processor.py:830} INFO - Processing file /opt/airflow/dags/nhk_pipeline_dag.py for tasks to queue
[2025-06-16T18:03:14.198+0000] {logging_mixin.py:188} INFO - [2025-06-16T18:03:14.198+0000] {dagbag.py:545} INFO - Filling up the DagBag from /opt/airflow/dags/nhk_pipeline_dag.py
[2025-06-16T18:03:14.401+0000] {processor.py:840} INFO - DAG(s) 'kanji_counter' retrieved from /opt/airflow/dags/nhk_pipeline_dag.py
[2025-06-16T18:03:14.445+0000] {logging_mixin.py:188} INFO - [2025-06-16T18:03:14.445+0000] {dag.py:3096} INFO - Sync 1 DAGs
[2025-06-16T18:03:14.464+0000] {logging_mixin.py:188} INFO - [2025-06-16T18:03:14.464+0000] {dag.py:3954} INFO - Setting next_dagrun for kanji_counter to 2025-06-16 00:00:00+00:00, run_after=2025-06-17 00:00:00+00:00
[2025-06-16T18:03:14.494+0000] {processor.py:183} INFO - Processing /opt/airflow/dags/nhk_pipeline_dag.py took 0.304 seconds
[2025-06-16T18:03:44.707+0000] {processor.py:161} INFO - Started process (PID=342) to work on /opt/airflow/dags/nhk_pipeline_dag.py
[2025-06-16T18:03:44.708+0000] {processor.py:830} INFO - Processing file /opt/airflow/dags/nhk_pipeline_dag.py for tasks to queue
[2025-06-16T18:03:44.713+0000] {logging_mixin.py:188} INFO - [2025-06-16T18:03:44.713+0000] {dagbag.py:545} INFO - Filling up the DagBag from /opt/airflow/dags/nhk_pipeline_dag.py
[2025-06-16T18:03:45.027+0000] {processor.py:840} INFO - DAG(s) 'kanji_counter' retrieved from /opt/airflow/dags/nhk_pipeline_dag.py
[2025-06-16T18:03:45.063+0000] {logging_mixin.py:188} INFO - [2025-06-16T18:03:45.062+0000] {dag.py:3096} INFO - Sync 1 DAGs
[2025-06-16T18:03:45.076+0000] {logging_mixin.py:188} INFO - [2025-06-16T18:03:45.076+0000] {dag.py:3954} INFO - Setting next_dagrun for kanji_counter to 2025-06-16 00:00:00+00:00, run_after=2025-06-17 00:00:00+00:00
[2025-06-16T18:03:45.105+0000] {processor.py:183} INFO - Processing /opt/airflow/dags/nhk_pipeline_dag.py took 0.403 seconds
[2025-06-16T18:04:15.354+0000] {processor.py:161} INFO - Started process (PID=357) to work on /opt/airflow/dags/nhk_pipeline_dag.py
[2025-06-16T18:04:15.355+0000] {processor.py:830} INFO - Processing file /opt/airflow/dags/nhk_pipeline_dag.py for tasks to queue
[2025-06-16T18:04:15.357+0000] {logging_mixin.py:188} INFO - [2025-06-16T18:04:15.357+0000] {dagbag.py:545} INFO - Filling up the DagBag from /opt/airflow/dags/nhk_pipeline_dag.py
[2025-06-16T18:04:15.689+0000] {processor.py:840} INFO - DAG(s) 'kanji_counter' retrieved from /opt/airflow/dags/nhk_pipeline_dag.py
[2025-06-16T18:04:15.724+0000] {logging_mixin.py:188} INFO - [2025-06-16T18:04:15.723+0000] {dag.py:3096} INFO - Sync 1 DAGs
[2025-06-16T18:04:15.737+0000] {logging_mixin.py:188} INFO - [2025-06-16T18:04:15.737+0000] {dag.py:3954} INFO - Setting next_dagrun for kanji_counter to 2025-06-16 00:00:00+00:00, run_after=2025-06-17 00:00:00+00:00
[2025-06-16T18:04:15.764+0000] {processor.py:183} INFO - Processing /opt/airflow/dags/nhk_pipeline_dag.py took 0.415 seconds
[2025-06-16T18:04:46.006+0000] {processor.py:161} INFO - Started process (PID=379) to work on /opt/airflow/dags/nhk_pipeline_dag.py
[2025-06-16T18:04:46.007+0000] {processor.py:830} INFO - Processing file /opt/airflow/dags/nhk_pipeline_dag.py for tasks to queue
[2025-06-16T18:04:46.010+0000] {logging_mixin.py:188} INFO - [2025-06-16T18:04:46.009+0000] {dagbag.py:545} INFO - Filling up the DagBag from /opt/airflow/dags/nhk_pipeline_dag.py
[2025-06-16T18:04:46.340+0000] {processor.py:840} INFO - DAG(s) 'kanji_counter' retrieved from /opt/airflow/dags/nhk_pipeline_dag.py
[2025-06-16T18:04:46.385+0000] {logging_mixin.py:188} INFO - [2025-06-16T18:04:46.384+0000] {dag.py:3096} INFO - Sync 1 DAGs
[2025-06-16T18:04:46.401+0000] {logging_mixin.py:188} INFO - [2025-06-16T18:04:46.401+0000] {dag.py:3954} INFO - Setting next_dagrun for kanji_counter to 2025-06-16 00:00:00+00:00, run_after=2025-06-17 00:00:00+00:00
[2025-06-16T18:04:46.427+0000] {processor.py:183} INFO - Processing /opt/airflow/dags/nhk_pipeline_dag.py took 0.428 seconds
[2025-06-16T18:05:16.659+0000] {processor.py:161} INFO - Started process (PID=394) to work on /opt/airflow/dags/nhk_pipeline_dag.py
[2025-06-16T18:05:16.661+0000] {processor.py:830} INFO - Processing file /opt/airflow/dags/nhk_pipeline_dag.py for tasks to queue
[2025-06-16T18:05:16.663+0000] {logging_mixin.py:188} INFO - [2025-06-16T18:05:16.662+0000] {dagbag.py:545} INFO - Filling up the DagBag from /opt/airflow/dags/nhk_pipeline_dag.py
[2025-06-16T18:05:16.967+0000] {processor.py:840} INFO - DAG(s) 'kanji_counter' retrieved from /opt/airflow/dags/nhk_pipeline_dag.py
[2025-06-16T18:05:17.001+0000] {logging_mixin.py:188} INFO - [2025-06-16T18:05:17.001+0000] {dag.py:3096} INFO - Sync 1 DAGs
[2025-06-16T18:05:17.016+0000] {logging_mixin.py:188} INFO - [2025-06-16T18:05:17.015+0000] {dag.py:3954} INFO - Setting next_dagrun for kanji_counter to 2025-06-16 00:00:00+00:00, run_after=2025-06-17 00:00:00+00:00
[2025-06-16T18:05:17.038+0000] {processor.py:183} INFO - Processing /opt/airflow/dags/nhk_pipeline_dag.py took 0.384 seconds
[2025-06-16T18:05:47.292+0000] {processor.py:161} INFO - Started process (PID=416) to work on /opt/airflow/dags/nhk_pipeline_dag.py
[2025-06-16T18:05:47.293+0000] {processor.py:830} INFO - Processing file /opt/airflow/dags/nhk_pipeline_dag.py for tasks to queue
[2025-06-16T18:05:47.295+0000] {logging_mixin.py:188} INFO - [2025-06-16T18:05:47.295+0000] {dagbag.py:545} INFO - Filling up the DagBag from /opt/airflow/dags/nhk_pipeline_dag.py
[2025-06-16T18:05:47.480+0000] {processor.py:840} INFO - DAG(s) 'kanji_counter' retrieved from /opt/airflow/dags/nhk_pipeline_dag.py
[2025-06-16T18:05:47.617+0000] {logging_mixin.py:188} INFO - [2025-06-16T18:05:47.617+0000] {dag.py:3096} INFO - Sync 1 DAGs
[2025-06-16T18:05:47.631+0000] {logging_mixin.py:188} INFO - [2025-06-16T18:05:47.631+0000] {dag.py:3954} INFO - Setting next_dagrun for kanji_counter to 2025-06-16 00:00:00+00:00, run_after=2025-06-17 00:00:00+00:00
[2025-06-16T18:05:47.654+0000] {processor.py:183} INFO - Processing /opt/airflow/dags/nhk_pipeline_dag.py took 0.366 seconds
[2025-06-16T18:06:17.900+0000] {processor.py:161} INFO - Started process (PID=431) to work on /opt/airflow/dags/nhk_pipeline_dag.py
[2025-06-16T18:06:17.901+0000] {processor.py:830} INFO - Processing file /opt/airflow/dags/nhk_pipeline_dag.py for tasks to queue
[2025-06-16T18:06:17.904+0000] {logging_mixin.py:188} INFO - [2025-06-16T18:06:17.903+0000] {dagbag.py:545} INFO - Filling up the DagBag from /opt/airflow/dags/nhk_pipeline_dag.py
[2025-06-16T18:06:18.093+0000] {processor.py:840} INFO - DAG(s) 'kanji_counter' retrieved from /opt/airflow/dags/nhk_pipeline_dag.py
[2025-06-16T18:06:18.137+0000] {logging_mixin.py:188} INFO - [2025-06-16T18:06:18.136+0000] {dag.py:3096} INFO - Sync 1 DAGs
[2025-06-16T18:06:18.156+0000] {logging_mixin.py:188} INFO - [2025-06-16T18:06:18.156+0000] {dag.py:3954} INFO - Setting next_dagrun for kanji_counter to 2025-06-16 00:00:00+00:00, run_after=2025-06-17 00:00:00+00:00
[2025-06-16T18:06:18.185+0000] {processor.py:183} INFO - Processing /opt/airflow/dags/nhk_pipeline_dag.py took 0.290 seconds
[2025-06-16T18:06:48.405+0000] {processor.py:161} INFO - Started process (PID=453) to work on /opt/airflow/dags/nhk_pipeline_dag.py
[2025-06-16T18:06:48.406+0000] {processor.py:830} INFO - Processing file /opt/airflow/dags/nhk_pipeline_dag.py for tasks to queue
[2025-06-16T18:06:48.407+0000] {logging_mixin.py:188} INFO - [2025-06-16T18:06:48.407+0000] {dagbag.py:545} INFO - Filling up the DagBag from /opt/airflow/dags/nhk_pipeline_dag.py
[2025-06-16T18:06:48.705+0000] {processor.py:840} INFO - DAG(s) 'kanji_counter' retrieved from /opt/airflow/dags/nhk_pipeline_dag.py
[2025-06-16T18:06:48.738+0000] {logging_mixin.py:188} INFO - [2025-06-16T18:06:48.738+0000] {dag.py:3096} INFO - Sync 1 DAGs
[2025-06-16T18:06:48.751+0000] {logging_mixin.py:188} INFO - [2025-06-16T18:06:48.751+0000] {dag.py:3954} INFO - Setting next_dagrun for kanji_counter to 2025-06-16 00:00:00+00:00, run_after=2025-06-17 00:00:00+00:00
[2025-06-16T18:06:48.774+0000] {processor.py:183} INFO - Processing /opt/airflow/dags/nhk_pipeline_dag.py took 0.374 seconds
[2025-06-16T18:07:19.024+0000] {processor.py:161} INFO - Started process (PID=468) to work on /opt/airflow/dags/nhk_pipeline_dag.py
[2025-06-16T18:07:19.025+0000] {processor.py:830} INFO - Processing file /opt/airflow/dags/nhk_pipeline_dag.py for tasks to queue
[2025-06-16T18:07:19.027+0000] {logging_mixin.py:188} INFO - [2025-06-16T18:07:19.027+0000] {dagbag.py:545} INFO - Filling up the DagBag from /opt/airflow/dags/nhk_pipeline_dag.py
[2025-06-16T18:07:19.358+0000] {processor.py:840} INFO - DAG(s) 'kanji_counter' retrieved from /opt/airflow/dags/nhk_pipeline_dag.py
[2025-06-16T18:07:19.392+0000] {logging_mixin.py:188} INFO - [2025-06-16T18:07:19.392+0000] {dag.py:3096} INFO - Sync 1 DAGs
[2025-06-16T18:07:19.406+0000] {logging_mixin.py:188} INFO - [2025-06-16T18:07:19.405+0000] {dag.py:3954} INFO - Setting next_dagrun for kanji_counter to 2025-06-16 00:00:00+00:00, run_after=2025-06-17 00:00:00+00:00
[2025-06-16T18:07:19.432+0000] {processor.py:183} INFO - Processing /opt/airflow/dags/nhk_pipeline_dag.py took 0.414 seconds
[2025-06-16T18:07:49.682+0000] {processor.py:161} INFO - Started process (PID=490) to work on /opt/airflow/dags/nhk_pipeline_dag.py
[2025-06-16T18:07:49.683+0000] {processor.py:830} INFO - Processing file /opt/airflow/dags/nhk_pipeline_dag.py for tasks to queue
[2025-06-16T18:07:49.685+0000] {logging_mixin.py:188} INFO - [2025-06-16T18:07:49.685+0000] {dagbag.py:545} INFO - Filling up the DagBag from /opt/airflow/dags/nhk_pipeline_dag.py
[2025-06-16T18:07:49.959+0000] {processor.py:840} INFO - DAG(s) 'kanji_counter' retrieved from /opt/airflow/dags/nhk_pipeline_dag.py
[2025-06-16T18:07:49.993+0000] {logging_mixin.py:188} INFO - [2025-06-16T18:07:49.993+0000] {dag.py:3096} INFO - Sync 1 DAGs
[2025-06-16T18:07:50.007+0000] {logging_mixin.py:188} INFO - [2025-06-16T18:07:50.007+0000] {dag.py:3954} INFO - Setting next_dagrun for kanji_counter to 2025-06-16 00:00:00+00:00, run_after=2025-06-17 00:00:00+00:00
[2025-06-16T18:07:50.030+0000] {processor.py:183} INFO - Processing /opt/airflow/dags/nhk_pipeline_dag.py took 0.353 seconds
[2025-06-16T18:08:20.266+0000] {processor.py:161} INFO - Started process (PID=504) to work on /opt/airflow/dags/nhk_pipeline_dag.py
[2025-06-16T18:08:20.267+0000] {processor.py:830} INFO - Processing file /opt/airflow/dags/nhk_pipeline_dag.py for tasks to queue
[2025-06-16T18:08:20.269+0000] {logging_mixin.py:188} INFO - [2025-06-16T18:08:20.269+0000] {dagbag.py:545} INFO - Filling up the DagBag from /opt/airflow/dags/nhk_pipeline_dag.py
[2025-06-16T18:08:20.546+0000] {processor.py:840} INFO - DAG(s) 'kanji_counter' retrieved from /opt/airflow/dags/nhk_pipeline_dag.py
[2025-06-16T18:08:20.578+0000] {logging_mixin.py:188} INFO - [2025-06-16T18:08:20.578+0000] {dag.py:3096} INFO - Sync 1 DAGs
[2025-06-16T18:08:20.591+0000] {logging_mixin.py:188} INFO - [2025-06-16T18:08:20.590+0000] {dag.py:3954} INFO - Setting next_dagrun for kanji_counter to 2025-06-16 00:00:00+00:00, run_after=2025-06-17 00:00:00+00:00
[2025-06-16T18:08:20.617+0000] {processor.py:183} INFO - Processing /opt/airflow/dags/nhk_pipeline_dag.py took 0.355 seconds
[2025-06-16T18:08:50.859+0000] {processor.py:161} INFO - Started process (PID=526) to work on /opt/airflow/dags/nhk_pipeline_dag.py
[2025-06-16T18:08:50.861+0000] {processor.py:830} INFO - Processing file /opt/airflow/dags/nhk_pipeline_dag.py for tasks to queue
[2025-06-16T18:08:50.862+0000] {logging_mixin.py:188} INFO - [2025-06-16T18:08:50.862+0000] {dagbag.py:545} INFO - Filling up the DagBag from /opt/airflow/dags/nhk_pipeline_dag.py
[2025-06-16T18:08:51.137+0000] {processor.py:840} INFO - DAG(s) 'kanji_counter' retrieved from /opt/airflow/dags/nhk_pipeline_dag.py
[2025-06-16T18:08:51.176+0000] {logging_mixin.py:188} INFO - [2025-06-16T18:08:51.176+0000] {dag.py:3096} INFO - Sync 1 DAGs
[2025-06-16T18:08:51.303+0000] {logging_mixin.py:188} INFO - [2025-06-16T18:08:51.303+0000] {dag.py:3954} INFO - Setting next_dagrun for kanji_counter to 2025-06-16 00:00:00+00:00, run_after=2025-06-17 00:00:00+00:00
[2025-06-16T18:08:51.329+0000] {processor.py:183} INFO - Processing /opt/airflow/dags/nhk_pipeline_dag.py took 0.474 seconds
[2025-06-16T18:09:21.567+0000] {processor.py:161} INFO - Started process (PID=541) to work on /opt/airflow/dags/nhk_pipeline_dag.py
[2025-06-16T18:09:21.569+0000] {processor.py:830} INFO - Processing file /opt/airflow/dags/nhk_pipeline_dag.py for tasks to queue
[2025-06-16T18:09:21.570+0000] {logging_mixin.py:188} INFO - [2025-06-16T18:09:21.570+0000] {dagbag.py:545} INFO - Filling up the DagBag from /opt/airflow/dags/nhk_pipeline_dag.py
[2025-06-16T18:09:21.746+0000] {processor.py:840} INFO - DAG(s) 'kanji_counter' retrieved from /opt/airflow/dags/nhk_pipeline_dag.py
[2025-06-16T18:09:21.895+0000] {logging_mixin.py:188} INFO - [2025-06-16T18:09:21.894+0000] {dag.py:3096} INFO - Sync 1 DAGs
[2025-06-16T18:09:21.908+0000] {logging_mixin.py:188} INFO - [2025-06-16T18:09:21.907+0000] {dag.py:3954} INFO - Setting next_dagrun for kanji_counter to 2025-06-16 00:00:00+00:00, run_after=2025-06-17 00:00:00+00:00
[2025-06-16T18:09:21.929+0000] {processor.py:183} INFO - Processing /opt/airflow/dags/nhk_pipeline_dag.py took 0.366 seconds
[2025-06-16T18:09:52.168+0000] {processor.py:161} INFO - Started process (PID=563) to work on /opt/airflow/dags/nhk_pipeline_dag.py
[2025-06-16T18:09:52.169+0000] {processor.py:830} INFO - Processing file /opt/airflow/dags/nhk_pipeline_dag.py for tasks to queue
[2025-06-16T18:09:52.171+0000] {logging_mixin.py:188} INFO - [2025-06-16T18:09:52.171+0000] {dagbag.py:545} INFO - Filling up the DagBag from /opt/airflow/dags/nhk_pipeline_dag.py
[2025-06-16T18:09:52.350+0000] {processor.py:840} INFO - DAG(s) 'kanji_counter' retrieved from /opt/airflow/dags/nhk_pipeline_dag.py
[2025-06-16T18:09:52.388+0000] {logging_mixin.py:188} INFO - [2025-06-16T18:09:52.388+0000] {dag.py:3096} INFO - Sync 1 DAGs
[2025-06-16T18:09:52.405+0000] {logging_mixin.py:188} INFO - [2025-06-16T18:09:52.405+0000] {dag.py:3954} INFO - Setting next_dagrun for kanji_counter to 2025-06-16 00:00:00+00:00, run_after=2025-06-17 00:00:00+00:00
[2025-06-16T18:09:52.433+0000] {processor.py:183} INFO - Processing /opt/airflow/dags/nhk_pipeline_dag.py took 0.270 seconds
[2025-06-16T18:10:22.687+0000] {processor.py:161} INFO - Started process (PID=585) to work on /opt/airflow/dags/nhk_pipeline_dag.py
[2025-06-16T18:10:22.688+0000] {processor.py:830} INFO - Processing file /opt/airflow/dags/nhk_pipeline_dag.py for tasks to queue
[2025-06-16T18:10:22.690+0000] {logging_mixin.py:188} INFO - [2025-06-16T18:10:22.690+0000] {dagbag.py:545} INFO - Filling up the DagBag from /opt/airflow/dags/nhk_pipeline_dag.py
[2025-06-16T18:10:22.998+0000] {processor.py:840} INFO - DAG(s) 'kanji_counter' retrieved from /opt/airflow/dags/nhk_pipeline_dag.py
[2025-06-16T18:10:23.032+0000] {logging_mixin.py:188} INFO - [2025-06-16T18:10:23.032+0000] {dag.py:3096} INFO - Sync 1 DAGs
[2025-06-16T18:10:23.045+0000] {logging_mixin.py:188} INFO - [2025-06-16T18:10:23.045+0000] {dag.py:3954} INFO - Setting next_dagrun for kanji_counter to 2025-06-16 00:00:00+00:00, run_after=2025-06-17 00:00:00+00:00
[2025-06-16T18:10:23.068+0000] {processor.py:183} INFO - Processing /opt/airflow/dags/nhk_pipeline_dag.py took 0.386 seconds
[2025-06-16T18:10:53.368+0000] {processor.py:161} INFO - Started process (PID=600) to work on /opt/airflow/dags/nhk_pipeline_dag.py
[2025-06-16T18:10:53.369+0000] {processor.py:830} INFO - Processing file /opt/airflow/dags/nhk_pipeline_dag.py for tasks to queue
[2025-06-16T18:10:53.371+0000] {logging_mixin.py:188} INFO - [2025-06-16T18:10:53.371+0000] {dagbag.py:545} INFO - Filling up the DagBag from /opt/airflow/dags/nhk_pipeline_dag.py
[2025-06-16T18:10:53.686+0000] {processor.py:840} INFO - DAG(s) 'kanji_counter' retrieved from /opt/airflow/dags/nhk_pipeline_dag.py
[2025-06-16T18:10:53.721+0000] {logging_mixin.py:188} INFO - [2025-06-16T18:10:53.721+0000] {dag.py:3096} INFO - Sync 1 DAGs
[2025-06-16T18:10:53.734+0000] {logging_mixin.py:188} INFO - [2025-06-16T18:10:53.734+0000] {dag.py:3954} INFO - Setting next_dagrun for kanji_counter to 2025-06-16 00:00:00+00:00, run_after=2025-06-17 00:00:00+00:00
[2025-06-16T18:10:53.763+0000] {processor.py:183} INFO - Processing /opt/airflow/dags/nhk_pipeline_dag.py took 0.399 seconds
[2025-06-16T18:11:24.017+0000] {processor.py:161} INFO - Started process (PID=622) to work on /opt/airflow/dags/nhk_pipeline_dag.py
[2025-06-16T18:11:24.018+0000] {processor.py:830} INFO - Processing file /opt/airflow/dags/nhk_pipeline_dag.py for tasks to queue
[2025-06-16T18:11:24.020+0000] {logging_mixin.py:188} INFO - [2025-06-16T18:11:24.020+0000] {dagbag.py:545} INFO - Filling up the DagBag from /opt/airflow/dags/nhk_pipeline_dag.py
[2025-06-16T18:11:24.344+0000] {processor.py:840} INFO - DAG(s) 'kanji_counter' retrieved from /opt/airflow/dags/nhk_pipeline_dag.py
[2025-06-16T18:11:24.377+0000] {logging_mixin.py:188} INFO - [2025-06-16T18:11:24.376+0000] {dag.py:3096} INFO - Sync 1 DAGs
[2025-06-16T18:11:24.391+0000] {logging_mixin.py:188} INFO - [2025-06-16T18:11:24.390+0000] {dag.py:3954} INFO - Setting next_dagrun for kanji_counter to 2025-06-16 00:00:00+00:00, run_after=2025-06-17 00:00:00+00:00
[2025-06-16T18:11:24.416+0000] {processor.py:183} INFO - Processing /opt/airflow/dags/nhk_pipeline_dag.py took 0.405 seconds
[2025-06-16T18:11:54.673+0000] {processor.py:161} INFO - Started process (PID=637) to work on /opt/airflow/dags/nhk_pipeline_dag.py
[2025-06-16T18:11:54.674+0000] {processor.py:830} INFO - Processing file /opt/airflow/dags/nhk_pipeline_dag.py for tasks to queue
[2025-06-16T18:11:54.676+0000] {logging_mixin.py:188} INFO - [2025-06-16T18:11:54.675+0000] {dagbag.py:545} INFO - Filling up the DagBag from /opt/airflow/dags/nhk_pipeline_dag.py
[2025-06-16T18:11:54.853+0000] {processor.py:840} INFO - DAG(s) 'kanji_counter' retrieved from /opt/airflow/dags/nhk_pipeline_dag.py
[2025-06-16T18:11:54.994+0000] {logging_mixin.py:188} INFO - [2025-06-16T18:11:54.993+0000] {dag.py:3096} INFO - Sync 1 DAGs
[2025-06-16T18:11:55.007+0000] {logging_mixin.py:188} INFO - [2025-06-16T18:11:55.006+0000] {dag.py:3954} INFO - Setting next_dagrun for kanji_counter to 2025-06-16 00:00:00+00:00, run_after=2025-06-17 00:00:00+00:00
[2025-06-16T18:11:55.030+0000] {processor.py:183} INFO - Processing /opt/airflow/dags/nhk_pipeline_dag.py took 0.362 seconds
[2025-06-16T18:12:25.273+0000] {processor.py:161} INFO - Started process (PID=659) to work on /opt/airflow/dags/nhk_pipeline_dag.py
[2025-06-16T18:12:25.274+0000] {processor.py:830} INFO - Processing file /opt/airflow/dags/nhk_pipeline_dag.py for tasks to queue
[2025-06-16T18:12:25.277+0000] {logging_mixin.py:188} INFO - [2025-06-16T18:12:25.276+0000] {dagbag.py:545} INFO - Filling up the DagBag from /opt/airflow/dags/nhk_pipeline_dag.py
[2025-06-16T18:12:25.487+0000] {processor.py:840} INFO - DAG(s) 'kanji_counter' retrieved from /opt/airflow/dags/nhk_pipeline_dag.py
[2025-06-16T18:12:25.525+0000] {logging_mixin.py:188} INFO - [2025-06-16T18:12:25.525+0000] {dag.py:3096} INFO - Sync 1 DAGs
[2025-06-16T18:12:25.539+0000] {logging_mixin.py:188} INFO - [2025-06-16T18:12:25.539+0000] {dag.py:3954} INFO - Setting next_dagrun for kanji_counter to 2025-06-16 00:00:00+00:00, run_after=2025-06-17 00:00:00+00:00
[2025-06-16T18:12:25.571+0000] {processor.py:183} INFO - Processing /opt/airflow/dags/nhk_pipeline_dag.py took 0.303 seconds
[2025-06-16T18:12:55.789+0000] {processor.py:161} INFO - Started process (PID=674) to work on /opt/airflow/dags/nhk_pipeline_dag.py
[2025-06-16T18:12:55.790+0000] {processor.py:830} INFO - Processing file /opt/airflow/dags/nhk_pipeline_dag.py for tasks to queue
[2025-06-16T18:12:55.792+0000] {logging_mixin.py:188} INFO - [2025-06-16T18:12:55.792+0000] {dagbag.py:545} INFO - Filling up the DagBag from /opt/airflow/dags/nhk_pipeline_dag.py
[2025-06-16T18:12:55.980+0000] {processor.py:840} INFO - DAG(s) 'kanji_counter' retrieved from /opt/airflow/dags/nhk_pipeline_dag.py
[2025-06-16T18:12:56.018+0000] {logging_mixin.py:188} INFO - [2025-06-16T18:12:56.018+0000] {dag.py:3096} INFO - Sync 1 DAGs
[2025-06-16T18:12:56.034+0000] {logging_mixin.py:188} INFO - [2025-06-16T18:12:56.034+0000] {dag.py:3954} INFO - Setting next_dagrun for kanji_counter to 2025-06-16 00:00:00+00:00, run_after=2025-06-17 00:00:00+00:00
[2025-06-16T18:12:56.058+0000] {processor.py:183} INFO - Processing /opt/airflow/dags/nhk_pipeline_dag.py took 0.274 seconds
[2025-06-16T18:13:26.260+0000] {processor.py:161} INFO - Started process (PID=696) to work on /opt/airflow/dags/nhk_pipeline_dag.py
[2025-06-16T18:13:26.261+0000] {processor.py:830} INFO - Processing file /opt/airflow/dags/nhk_pipeline_dag.py for tasks to queue
[2025-06-16T18:13:26.263+0000] {logging_mixin.py:188} INFO - [2025-06-16T18:13:26.263+0000] {dagbag.py:545} INFO - Filling up the DagBag from /opt/airflow/dags/nhk_pipeline_dag.py
[2025-06-16T18:13:26.532+0000] {processor.py:840} INFO - DAG(s) 'kanji_counter' retrieved from /opt/airflow/dags/nhk_pipeline_dag.py
[2025-06-16T18:13:26.567+0000] {logging_mixin.py:188} INFO - [2025-06-16T18:13:26.567+0000] {dag.py:3096} INFO - Sync 1 DAGs
[2025-06-16T18:13:26.582+0000] {logging_mixin.py:188} INFO - [2025-06-16T18:13:26.582+0000] {dag.py:3954} INFO - Setting next_dagrun for kanji_counter to 2025-06-16 00:00:00+00:00, run_after=2025-06-17 00:00:00+00:00
[2025-06-16T18:13:26.608+0000] {processor.py:183} INFO - Processing /opt/airflow/dags/nhk_pipeline_dag.py took 0.353 seconds
[2025-06-16T18:13:56.852+0000] {processor.py:161} INFO - Started process (PID=711) to work on /opt/airflow/dags/nhk_pipeline_dag.py
[2025-06-16T18:13:56.854+0000] {processor.py:830} INFO - Processing file /opt/airflow/dags/nhk_pipeline_dag.py for tasks to queue
[2025-06-16T18:13:56.855+0000] {logging_mixin.py:188} INFO - [2025-06-16T18:13:56.855+0000] {dagbag.py:545} INFO - Filling up the DagBag from /opt/airflow/dags/nhk_pipeline_dag.py
[2025-06-16T18:13:57.138+0000] {processor.py:840} INFO - DAG(s) 'kanji_counter' retrieved from /opt/airflow/dags/nhk_pipeline_dag.py
[2025-06-16T18:13:57.173+0000] {logging_mixin.py:188} INFO - [2025-06-16T18:13:57.173+0000] {dag.py:3096} INFO - Sync 1 DAGs
[2025-06-16T18:13:57.186+0000] {logging_mixin.py:188} INFO - [2025-06-16T18:13:57.186+0000] {dag.py:3954} INFO - Setting next_dagrun for kanji_counter to 2025-06-16 00:00:00+00:00, run_after=2025-06-17 00:00:00+00:00
[2025-06-16T18:13:57.212+0000] {processor.py:183} INFO - Processing /opt/airflow/dags/nhk_pipeline_dag.py took 0.364 seconds
[2025-06-16T18:14:27.437+0000] {processor.py:161} INFO - Started process (PID=733) to work on /opt/airflow/dags/nhk_pipeline_dag.py
[2025-06-16T18:14:27.438+0000] {processor.py:830} INFO - Processing file /opt/airflow/dags/nhk_pipeline_dag.py for tasks to queue
[2025-06-16T18:14:27.440+0000] {logging_mixin.py:188} INFO - [2025-06-16T18:14:27.440+0000] {dagbag.py:545} INFO - Filling up the DagBag from /opt/airflow/dags/nhk_pipeline_dag.py
[2025-06-16T18:14:27.722+0000] {processor.py:840} INFO - DAG(s) 'kanji_counter' retrieved from /opt/airflow/dags/nhk_pipeline_dag.py
[2025-06-16T18:14:27.756+0000] {logging_mixin.py:188} INFO - [2025-06-16T18:14:27.755+0000] {dag.py:3096} INFO - Sync 1 DAGs
[2025-06-16T18:14:27.769+0000] {logging_mixin.py:188} INFO - [2025-06-16T18:14:27.769+0000] {dag.py:3954} INFO - Setting next_dagrun for kanji_counter to 2025-06-16 00:00:00+00:00, run_after=2025-06-17 00:00:00+00:00
[2025-06-16T18:14:27.796+0000] {processor.py:183} INFO - Processing /opt/airflow/dags/nhk_pipeline_dag.py took 0.364 seconds
[2025-06-16T18:14:58.036+0000] {processor.py:161} INFO - Started process (PID=747) to work on /opt/airflow/dags/nhk_pipeline_dag.py
[2025-06-16T18:14:58.037+0000] {processor.py:830} INFO - Processing file /opt/airflow/dags/nhk_pipeline_dag.py for tasks to queue
[2025-06-16T18:14:58.039+0000] {logging_mixin.py:188} INFO - [2025-06-16T18:14:58.038+0000] {dagbag.py:545} INFO - Filling up the DagBag from /opt/airflow/dags/nhk_pipeline_dag.py
[2025-06-16T18:14:58.228+0000] {processor.py:840} INFO - DAG(s) 'kanji_counter' retrieved from /opt/airflow/dags/nhk_pipeline_dag.py
[2025-06-16T18:14:58.266+0000] {logging_mixin.py:188} INFO - [2025-06-16T18:14:58.265+0000] {dag.py:3096} INFO - Sync 1 DAGs
[2025-06-16T18:14:58.391+0000] {logging_mixin.py:188} INFO - [2025-06-16T18:14:58.391+0000] {dag.py:3954} INFO - Setting next_dagrun for kanji_counter to 2025-06-16 00:00:00+00:00, run_after=2025-06-17 00:00:00+00:00
[2025-06-16T18:14:58.416+0000] {processor.py:183} INFO - Processing /opt/airflow/dags/nhk_pipeline_dag.py took 0.384 seconds
[2025-06-16T18:15:28.673+0000] {processor.py:161} INFO - Started process (PID=770) to work on /opt/airflow/dags/nhk_pipeline_dag.py
[2025-06-16T18:15:28.675+0000] {processor.py:830} INFO - Processing file /opt/airflow/dags/nhk_pipeline_dag.py for tasks to queue
[2025-06-16T18:15:28.677+0000] {logging_mixin.py:188} INFO - [2025-06-16T18:15:28.677+0000] {dagbag.py:545} INFO - Filling up the DagBag from /opt/airflow/dags/nhk_pipeline_dag.py
[2025-06-16T18:15:28.867+0000] {processor.py:840} INFO - DAG(s) 'kanji_counter' retrieved from /opt/airflow/dags/nhk_pipeline_dag.py
[2025-06-16T18:15:29.050+0000] {logging_mixin.py:188} INFO - [2025-06-16T18:15:29.050+0000] {dag.py:3096} INFO - Sync 1 DAGs
[2025-06-16T18:15:29.064+0000] {logging_mixin.py:188} INFO - [2025-06-16T18:15:29.064+0000] {dag.py:3954} INFO - Setting next_dagrun for kanji_counter to 2025-06-16 00:00:00+00:00, run_after=2025-06-17 00:00:00+00:00
[2025-06-16T18:15:29.092+0000] {processor.py:183} INFO - Processing /opt/airflow/dags/nhk_pipeline_dag.py took 0.425 seconds
[2025-06-16T18:15:59.408+0000] {processor.py:161} INFO - Started process (PID=792) to work on /opt/airflow/dags/nhk_pipeline_dag.py
[2025-06-16T18:15:59.409+0000] {processor.py:830} INFO - Processing file /opt/airflow/dags/nhk_pipeline_dag.py for tasks to queue
[2025-06-16T18:15:59.411+0000] {logging_mixin.py:188} INFO - [2025-06-16T18:15:59.410+0000] {dagbag.py:545} INFO - Filling up the DagBag from /opt/airflow/dags/nhk_pipeline_dag.py
[2025-06-16T18:15:59.728+0000] {processor.py:840} INFO - DAG(s) 'kanji_counter' retrieved from /opt/airflow/dags/nhk_pipeline_dag.py
[2025-06-16T18:15:59.763+0000] {logging_mixin.py:188} INFO - [2025-06-16T18:15:59.763+0000] {dag.py:3096} INFO - Sync 1 DAGs
[2025-06-16T18:15:59.777+0000] {logging_mixin.py:188} INFO - [2025-06-16T18:15:59.777+0000] {dag.py:3954} INFO - Setting next_dagrun for kanji_counter to 2025-06-16 00:00:00+00:00, run_after=2025-06-17 00:00:00+00:00
[2025-06-16T18:15:59.798+0000] {processor.py:183} INFO - Processing /opt/airflow/dags/nhk_pipeline_dag.py took 0.395 seconds
[2025-06-16T18:16:30.045+0000] {processor.py:161} INFO - Started process (PID=807) to work on /opt/airflow/dags/nhk_pipeline_dag.py
[2025-06-16T18:16:30.046+0000] {processor.py:830} INFO - Processing file /opt/airflow/dags/nhk_pipeline_dag.py for tasks to queue
[2025-06-16T18:16:30.048+0000] {logging_mixin.py:188} INFO - [2025-06-16T18:16:30.048+0000] {dagbag.py:545} INFO - Filling up the DagBag from /opt/airflow/dags/nhk_pipeline_dag.py
[2025-06-16T18:16:30.345+0000] {processor.py:840} INFO - DAG(s) 'kanji_counter' retrieved from /opt/airflow/dags/nhk_pipeline_dag.py
[2025-06-16T18:16:30.379+0000] {logging_mixin.py:188} INFO - [2025-06-16T18:16:30.378+0000] {dag.py:3096} INFO - Sync 1 DAGs
[2025-06-16T18:16:30.391+0000] {logging_mixin.py:188} INFO - [2025-06-16T18:16:30.391+0000] {dag.py:3954} INFO - Setting next_dagrun for kanji_counter to 2025-06-16 00:00:00+00:00, run_after=2025-06-17 00:00:00+00:00
[2025-06-16T18:16:30.416+0000] {processor.py:183} INFO - Processing /opt/airflow/dags/nhk_pipeline_dag.py took 0.376 seconds
[2025-06-16T18:17:00.661+0000] {processor.py:161} INFO - Started process (PID=829) to work on /opt/airflow/dags/nhk_pipeline_dag.py
[2025-06-16T18:17:00.663+0000] {processor.py:830} INFO - Processing file /opt/airflow/dags/nhk_pipeline_dag.py for tasks to queue
[2025-06-16T18:17:00.665+0000] {logging_mixin.py:188} INFO - [2025-06-16T18:17:00.665+0000] {dagbag.py:545} INFO - Filling up the DagBag from /opt/airflow/dags/nhk_pipeline_dag.py
[2025-06-16T18:17:00.974+0000] {processor.py:840} INFO - DAG(s) 'kanji_counter' retrieved from /opt/airflow/dags/nhk_pipeline_dag.py
[2025-06-16T18:17:01.009+0000] {logging_mixin.py:188} INFO - [2025-06-16T18:17:01.009+0000] {dag.py:3096} INFO - Sync 1 DAGs
[2025-06-16T18:17:01.022+0000] {logging_mixin.py:188} INFO - [2025-06-16T18:17:01.022+0000] {dag.py:3954} INFO - Setting next_dagrun for kanji_counter to 2025-06-16 00:00:00+00:00, run_after=2025-06-17 00:00:00+00:00
[2025-06-16T18:17:01.046+0000] {processor.py:183} INFO - Processing /opt/airflow/dags/nhk_pipeline_dag.py took 0.390 seconds
[2025-06-16T18:17:52.519+0000] {processor.py:161} INFO - Started process (PID=37) to work on /opt/airflow/dags/nhk_pipeline_dag.py
[2025-06-16T18:17:52.521+0000] {processor.py:830} INFO - Processing file /opt/airflow/dags/nhk_pipeline_dag.py for tasks to queue
[2025-06-16T18:17:52.523+0000] {logging_mixin.py:188} INFO - [2025-06-16T18:17:52.522+0000] {dagbag.py:545} INFO - Filling up the DagBag from /opt/airflow/dags/nhk_pipeline_dag.py
[2025-06-16T18:17:52.753+0000] {processor.py:840} INFO - DAG(s) 'kanji_counter' retrieved from /opt/airflow/dags/nhk_pipeline_dag.py
[2025-06-16T18:17:52.969+0000] {logging_mixin.py:188} INFO - [2025-06-16T18:17:52.968+0000] {override.py:1829} INFO - Created Permission View: can read on DAG:kanji_counter
[2025-06-16T18:17:52.988+0000] {logging_mixin.py:188} INFO - [2025-06-16T18:17:52.988+0000] {override.py:1829} INFO - Created Permission View: can delete on DAG:kanji_counter
[2025-06-16T18:17:53.019+0000] {logging_mixin.py:188} INFO - [2025-06-16T18:17:53.019+0000] {override.py:1829} INFO - Created Permission View: can edit on DAG:kanji_counter
[2025-06-16T18:17:53.020+0000] {logging_mixin.py:188} INFO - [2025-06-16T18:17:53.020+0000] {dag.py:3096} INFO - Sync 1 DAGs
[2025-06-16T18:17:53.030+0000] {logging_mixin.py:188} INFO - [2025-06-16T18:17:53.029+0000] {dag.py:3118} INFO - Creating ORM DAG for kanji_counter
[2025-06-16T18:17:53.040+0000] {logging_mixin.py:188} INFO - [2025-06-16T18:17:53.039+0000] {dag.py:3954} INFO - Setting next_dagrun for kanji_counter to 2025-06-15 00:00:00+00:00, run_after=2025-06-16 00:00:00+00:00
[2025-06-16T18:17:53.192+0000] {processor.py:183} INFO - Processing /opt/airflow/dags/nhk_pipeline_dag.py took 0.677 seconds
[2025-06-16T18:18:23.461+0000] {processor.py:161} INFO - Started process (PID=52) to work on /opt/airflow/dags/nhk_pipeline_dag.py
[2025-06-16T18:18:23.462+0000] {processor.py:830} INFO - Processing file /opt/airflow/dags/nhk_pipeline_dag.py for tasks to queue
[2025-06-16T18:18:23.464+0000] {logging_mixin.py:188} INFO - [2025-06-16T18:18:23.464+0000] {dagbag.py:545} INFO - Filling up the DagBag from /opt/airflow/dags/nhk_pipeline_dag.py
[2025-06-16T18:18:23.644+0000] {processor.py:840} INFO - DAG(s) 'kanji_counter' retrieved from /opt/airflow/dags/nhk_pipeline_dag.py
[2025-06-16T18:18:23.683+0000] {logging_mixin.py:188} INFO - [2025-06-16T18:18:23.683+0000] {dag.py:3096} INFO - Sync 1 DAGs
[2025-06-16T18:18:23.699+0000] {logging_mixin.py:188} INFO - [2025-06-16T18:18:23.699+0000] {dag.py:3954} INFO - Setting next_dagrun for kanji_counter to 2025-06-16 00:00:00+00:00, run_after=2025-06-17 00:00:00+00:00
[2025-06-16T18:18:23.725+0000] {processor.py:183} INFO - Processing /opt/airflow/dags/nhk_pipeline_dag.py took 0.268 seconds
[2025-06-16T18:18:53.924+0000] {processor.py:161} INFO - Started process (PID=74) to work on /opt/airflow/dags/nhk_pipeline_dag.py
[2025-06-16T18:18:53.925+0000] {processor.py:830} INFO - Processing file /opt/airflow/dags/nhk_pipeline_dag.py for tasks to queue
[2025-06-16T18:18:53.927+0000] {logging_mixin.py:188} INFO - [2025-06-16T18:18:53.927+0000] {dagbag.py:545} INFO - Filling up the DagBag from /opt/airflow/dags/nhk_pipeline_dag.py
[2025-06-16T18:18:54.105+0000] {processor.py:840} INFO - DAG(s) 'kanji_counter' retrieved from /opt/airflow/dags/nhk_pipeline_dag.py
[2025-06-16T18:18:54.145+0000] {logging_mixin.py:188} INFO - [2025-06-16T18:18:54.144+0000] {dag.py:3096} INFO - Sync 1 DAGs
[2025-06-16T18:18:54.161+0000] {logging_mixin.py:188} INFO - [2025-06-16T18:18:54.160+0000] {dag.py:3954} INFO - Setting next_dagrun for kanji_counter to 2025-06-16 00:00:00+00:00, run_after=2025-06-17 00:00:00+00:00
[2025-06-16T18:18:54.189+0000] {processor.py:183} INFO - Processing /opt/airflow/dags/nhk_pipeline_dag.py took 0.269 seconds
[2025-06-16T18:19:24.397+0000] {processor.py:161} INFO - Started process (PID=89) to work on /opt/airflow/dags/nhk_pipeline_dag.py
[2025-06-16T18:19:24.398+0000] {processor.py:830} INFO - Processing file /opt/airflow/dags/nhk_pipeline_dag.py for tasks to queue
[2025-06-16T18:19:24.401+0000] {logging_mixin.py:188} INFO - [2025-06-16T18:19:24.400+0000] {dagbag.py:545} INFO - Filling up the DagBag from /opt/airflow/dags/nhk_pipeline_dag.py
[2025-06-16T18:19:24.595+0000] {processor.py:840} INFO - DAG(s) 'kanji_counter' retrieved from /opt/airflow/dags/nhk_pipeline_dag.py
[2025-06-16T18:19:24.651+0000] {logging_mixin.py:188} INFO - [2025-06-16T18:19:24.651+0000] {dag.py:3096} INFO - Sync 1 DAGs
[2025-06-16T18:19:24.667+0000] {logging_mixin.py:188} INFO - [2025-06-16T18:19:24.667+0000] {dag.py:3954} INFO - Setting next_dagrun for kanji_counter to 2025-06-16 00:00:00+00:00, run_after=2025-06-17 00:00:00+00:00
[2025-06-16T18:19:24.692+0000] {processor.py:183} INFO - Processing /opt/airflow/dags/nhk_pipeline_dag.py took 0.299 seconds
[2025-06-16T18:19:54.883+0000] {processor.py:161} INFO - Started process (PID=111) to work on /opt/airflow/dags/nhk_pipeline_dag.py
[2025-06-16T18:19:54.884+0000] {processor.py:830} INFO - Processing file /opt/airflow/dags/nhk_pipeline_dag.py for tasks to queue
[2025-06-16T18:19:54.886+0000] {logging_mixin.py:188} INFO - [2025-06-16T18:19:54.886+0000] {dagbag.py:545} INFO - Filling up the DagBag from /opt/airflow/dags/nhk_pipeline_dag.py
[2025-06-16T18:19:55.039+0000] {processor.py:840} INFO - DAG(s) 'kanji_counter' retrieved from /opt/airflow/dags/nhk_pipeline_dag.py
[2025-06-16T18:19:55.077+0000] {logging_mixin.py:188} INFO - [2025-06-16T18:19:55.076+0000] {dag.py:3096} INFO - Sync 1 DAGs
[2025-06-16T18:19:55.092+0000] {logging_mixin.py:188} INFO - [2025-06-16T18:19:55.092+0000] {dag.py:3954} INFO - Setting next_dagrun for kanji_counter to 2025-06-16 00:00:00+00:00, run_after=2025-06-17 00:00:00+00:00
[2025-06-16T18:19:55.118+0000] {processor.py:183} INFO - Processing /opt/airflow/dags/nhk_pipeline_dag.py took 0.240 seconds
[2025-06-16T18:20:25.329+0000] {processor.py:161} INFO - Started process (PID=126) to work on /opt/airflow/dags/nhk_pipeline_dag.py
[2025-06-16T18:20:25.330+0000] {processor.py:830} INFO - Processing file /opt/airflow/dags/nhk_pipeline_dag.py for tasks to queue
[2025-06-16T18:20:25.332+0000] {logging_mixin.py:188} INFO - [2025-06-16T18:20:25.332+0000] {dagbag.py:545} INFO - Filling up the DagBag from /opt/airflow/dags/nhk_pipeline_dag.py
[2025-06-16T18:20:25.519+0000] {processor.py:840} INFO - DAG(s) 'kanji_counter' retrieved from /opt/airflow/dags/nhk_pipeline_dag.py
[2025-06-16T18:20:25.558+0000] {logging_mixin.py:188} INFO - [2025-06-16T18:20:25.558+0000] {dag.py:3096} INFO - Sync 1 DAGs
[2025-06-16T18:20:25.574+0000] {logging_mixin.py:188} INFO - [2025-06-16T18:20:25.574+0000] {dag.py:3954} INFO - Setting next_dagrun for kanji_counter to 2025-06-16 00:00:00+00:00, run_after=2025-06-17 00:00:00+00:00
[2025-06-16T18:20:25.727+0000] {processor.py:183} INFO - Processing /opt/airflow/dags/nhk_pipeline_dag.py took 0.403 seconds
[2025-06-16T18:20:55.972+0000] {processor.py:161} INFO - Started process (PID=148) to work on /opt/airflow/dags/nhk_pipeline_dag.py
[2025-06-16T18:20:55.973+0000] {processor.py:830} INFO - Processing file /opt/airflow/dags/nhk_pipeline_dag.py for tasks to queue
[2025-06-16T18:20:55.975+0000] {logging_mixin.py:188} INFO - [2025-06-16T18:20:55.975+0000] {dagbag.py:545} INFO - Filling up the DagBag from /opt/airflow/dags/nhk_pipeline_dag.py
[2025-06-16T18:20:56.161+0000] {processor.py:840} INFO - DAG(s) 'kanji_counter' retrieved from /opt/airflow/dags/nhk_pipeline_dag.py
[2025-06-16T18:20:56.197+0000] {logging_mixin.py:188} INFO - [2025-06-16T18:20:56.197+0000] {dag.py:3096} INFO - Sync 1 DAGs
[2025-06-16T18:20:56.319+0000] {logging_mixin.py:188} INFO - [2025-06-16T18:20:56.319+0000] {dag.py:3954} INFO - Setting next_dagrun for kanji_counter to 2025-06-16 00:00:00+00:00, run_after=2025-06-17 00:00:00+00:00
[2025-06-16T18:20:56.340+0000] {processor.py:183} INFO - Processing /opt/airflow/dags/nhk_pipeline_dag.py took 0.372 seconds
[2025-06-16T18:21:26.584+0000] {processor.py:161} INFO - Started process (PID=163) to work on /opt/airflow/dags/nhk_pipeline_dag.py
[2025-06-16T18:21:26.585+0000] {processor.py:830} INFO - Processing file /opt/airflow/dags/nhk_pipeline_dag.py for tasks to queue
[2025-06-16T18:21:26.587+0000] {logging_mixin.py:188} INFO - [2025-06-16T18:21:26.587+0000] {dagbag.py:545} INFO - Filling up the DagBag from /opt/airflow/dags/nhk_pipeline_dag.py
[2025-06-16T18:21:26.765+0000] {processor.py:840} INFO - DAG(s) 'kanji_counter' retrieved from /opt/airflow/dags/nhk_pipeline_dag.py
[2025-06-16T18:21:26.804+0000] {logging_mixin.py:188} INFO - [2025-06-16T18:21:26.803+0000] {dag.py:3096} INFO - Sync 1 DAGs
[2025-06-16T18:21:26.936+0000] {logging_mixin.py:188} INFO - [2025-06-16T18:21:26.936+0000] {dag.py:3954} INFO - Setting next_dagrun for kanji_counter to 2025-06-16 00:00:00+00:00, run_after=2025-06-17 00:00:00+00:00
[2025-06-16T18:21:26.958+0000] {processor.py:183} INFO - Processing /opt/airflow/dags/nhk_pipeline_dag.py took 0.379 seconds
[2025-06-16T18:21:57.193+0000] {processor.py:161} INFO - Started process (PID=185) to work on /opt/airflow/dags/nhk_pipeline_dag.py
[2025-06-16T18:21:57.194+0000] {processor.py:830} INFO - Processing file /opt/airflow/dags/nhk_pipeline_dag.py for tasks to queue
[2025-06-16T18:21:57.196+0000] {logging_mixin.py:188} INFO - [2025-06-16T18:21:57.196+0000] {dagbag.py:545} INFO - Filling up the DagBag from /opt/airflow/dags/nhk_pipeline_dag.py
[2025-06-16T18:21:57.368+0000] {processor.py:840} INFO - DAG(s) 'kanji_counter' retrieved from /opt/airflow/dags/nhk_pipeline_dag.py
[2025-06-16T18:21:57.540+0000] {logging_mixin.py:188} INFO - [2025-06-16T18:21:57.539+0000] {dag.py:3096} INFO - Sync 1 DAGs
[2025-06-16T18:21:57.554+0000] {logging_mixin.py:188} INFO - [2025-06-16T18:21:57.554+0000] {dag.py:3954} INFO - Setting next_dagrun for kanji_counter to 2025-06-16 00:00:00+00:00, run_after=2025-06-17 00:00:00+00:00
[2025-06-16T18:21:57.582+0000] {processor.py:183} INFO - Processing /opt/airflow/dags/nhk_pipeline_dag.py took 0.393 seconds
[2025-06-16T19:03:13.951+0000] {processor.py:161} INFO - Started process (PID=29) to work on /opt/airflow/dags/nhk_pipeline_dag.py
[2025-06-16T19:03:13.953+0000] {processor.py:830} INFO - Processing file /opt/airflow/dags/nhk_pipeline_dag.py for tasks to queue
[2025-06-16T19:03:13.958+0000] {logging_mixin.py:188} INFO - [2025-06-16T19:03:13.957+0000] {dagbag.py:545} INFO - Filling up the DagBag from /opt/airflow/dags/nhk_pipeline_dag.py
[2025-06-16T19:03:14.277+0000] {processor.py:840} INFO - DAG(s) 'kanji_counter' retrieved from /opt/airflow/dags/nhk_pipeline_dag.py
[2025-06-16T19:03:14.530+0000] {logging_mixin.py:188} INFO - [2025-06-16T19:03:14.529+0000] {override.py:1829} INFO - Created Permission View: can edit on DAG:kanji_counter
[2025-06-16T19:03:14.548+0000] {logging_mixin.py:188} INFO - [2025-06-16T19:03:14.547+0000] {override.py:1829} INFO - Created Permission View: can delete on DAG:kanji_counter
[2025-06-16T19:03:14.572+0000] {logging_mixin.py:188} INFO - [2025-06-16T19:03:14.571+0000] {override.py:1829} INFO - Created Permission View: can read on DAG:kanji_counter
[2025-06-16T19:03:14.574+0000] {logging_mixin.py:188} INFO - [2025-06-16T19:03:14.573+0000] {dag.py:3096} INFO - Sync 1 DAGs
[2025-06-16T19:03:14.726+0000] {logging_mixin.py:188} INFO - [2025-06-16T19:03:14.725+0000] {dag.py:3118} INFO - Creating ORM DAG for kanji_counter
[2025-06-16T19:03:14.735+0000] {logging_mixin.py:188} INFO - [2025-06-16T19:03:14.734+0000] {dag.py:3954} INFO - Setting next_dagrun for kanji_counter to 2025-06-15 00:00:00+00:00, run_after=2025-06-16 00:00:00+00:00
[2025-06-16T19:03:14.762+0000] {processor.py:183} INFO - Processing /opt/airflow/dags/nhk_pipeline_dag.py took 0.819 seconds
[2025-06-16T19:03:45.032+0000] {processor.py:161} INFO - Started process (PID=51) to work on /opt/airflow/dags/nhk_pipeline_dag.py
[2025-06-16T19:03:45.033+0000] {processor.py:830} INFO - Processing file /opt/airflow/dags/nhk_pipeline_dag.py for tasks to queue
[2025-06-16T19:03:45.035+0000] {logging_mixin.py:188} INFO - [2025-06-16T19:03:45.034+0000] {dagbag.py:545} INFO - Filling up the DagBag from /opt/airflow/dags/nhk_pipeline_dag.py
[2025-06-16T19:03:45.217+0000] {processor.py:840} INFO - DAG(s) 'kanji_counter' retrieved from /opt/airflow/dags/nhk_pipeline_dag.py
[2025-06-16T19:03:45.252+0000] {logging_mixin.py:188} INFO - [2025-06-16T19:03:45.252+0000] {dag.py:3096} INFO - Sync 1 DAGs
[2025-06-16T19:03:45.268+0000] {logging_mixin.py:188} INFO - [2025-06-16T19:03:45.267+0000] {dag.py:3954} INFO - Setting next_dagrun for kanji_counter to 2025-06-16 00:00:00+00:00, run_after=2025-06-17 00:00:00+00:00
[2025-06-16T19:03:45.295+0000] {processor.py:183} INFO - Processing /opt/airflow/dags/nhk_pipeline_dag.py took 0.267 seconds
[2025-06-16T19:04:15.391+0000] {processor.py:161} INFO - Started process (PID=74) to work on /opt/airflow/dags/nhk_pipeline_dag.py
[2025-06-16T19:04:15.392+0000] {processor.py:830} INFO - Processing file /opt/airflow/dags/nhk_pipeline_dag.py for tasks to queue
[2025-06-16T19:04:15.396+0000] {logging_mixin.py:188} INFO - [2025-06-16T19:04:15.394+0000] {dagbag.py:545} INFO - Filling up the DagBag from /opt/airflow/dags/nhk_pipeline_dag.py
[2025-06-16T19:04:15.577+0000] {processor.py:840} INFO - DAG(s) 'kanji_counter' retrieved from /opt/airflow/dags/nhk_pipeline_dag.py
[2025-06-16T19:04:15.622+0000] {logging_mixin.py:188} INFO - [2025-06-16T19:04:15.622+0000] {dag.py:3096} INFO - Sync 1 DAGs
[2025-06-16T19:04:15.641+0000] {logging_mixin.py:188} INFO - [2025-06-16T19:04:15.641+0000] {dag.py:3954} INFO - Setting next_dagrun for kanji_counter to 2025-06-16 00:00:00+00:00, run_after=2025-06-17 00:00:00+00:00
[2025-06-16T19:04:15.675+0000] {processor.py:183} INFO - Processing /opt/airflow/dags/nhk_pipeline_dag.py took 0.290 seconds
[2025-06-16T19:04:45.879+0000] {processor.py:161} INFO - Started process (PID=89) to work on /opt/airflow/dags/nhk_pipeline_dag.py
[2025-06-16T19:04:45.880+0000] {processor.py:830} INFO - Processing file /opt/airflow/dags/nhk_pipeline_dag.py for tasks to queue
[2025-06-16T19:04:45.882+0000] {logging_mixin.py:188} INFO - [2025-06-16T19:04:45.882+0000] {dagbag.py:545} INFO - Filling up the DagBag from /opt/airflow/dags/nhk_pipeline_dag.py
[2025-06-16T19:04:46.047+0000] {processor.py:840} INFO - DAG(s) 'kanji_counter' retrieved from /opt/airflow/dags/nhk_pipeline_dag.py
[2025-06-16T19:04:46.084+0000] {logging_mixin.py:188} INFO - [2025-06-16T19:04:46.084+0000] {dag.py:3096} INFO - Sync 1 DAGs
[2025-06-16T19:04:46.102+0000] {logging_mixin.py:188} INFO - [2025-06-16T19:04:46.102+0000] {dag.py:3954} INFO - Setting next_dagrun for kanji_counter to 2025-06-16 00:00:00+00:00, run_after=2025-06-17 00:00:00+00:00
[2025-06-16T19:04:46.252+0000] {processor.py:183} INFO - Processing /opt/airflow/dags/nhk_pipeline_dag.py took 0.377 seconds
[2025-06-16T19:05:16.496+0000] {processor.py:161} INFO - Started process (PID=104) to work on /opt/airflow/dags/nhk_pipeline_dag.py
[2025-06-16T19:05:16.497+0000] {processor.py:830} INFO - Processing file /opt/airflow/dags/nhk_pipeline_dag.py for tasks to queue
[2025-06-16T19:05:16.500+0000] {logging_mixin.py:188} INFO - [2025-06-16T19:05:16.500+0000] {dagbag.py:545} INFO - Filling up the DagBag from /opt/airflow/dags/nhk_pipeline_dag.py
[2025-06-16T19:05:16.694+0000] {processor.py:840} INFO - DAG(s) 'kanji_counter' retrieved from /opt/airflow/dags/nhk_pipeline_dag.py
[2025-06-16T19:05:16.740+0000] {logging_mixin.py:188} INFO - [2025-06-16T19:05:16.740+0000] {dag.py:3096} INFO - Sync 1 DAGs
[2025-06-16T19:05:16.925+0000] {logging_mixin.py:188} INFO - [2025-06-16T19:05:16.924+0000] {dag.py:3954} INFO - Setting next_dagrun for kanji_counter to 2025-06-16 00:00:00+00:00, run_after=2025-06-17 00:00:00+00:00
[2025-06-16T19:05:16.950+0000] {processor.py:183} INFO - Processing /opt/airflow/dags/nhk_pipeline_dag.py took 0.461 seconds
[2025-06-16T19:05:47.200+0000] {processor.py:161} INFO - Started process (PID=127) to work on /opt/airflow/dags/nhk_pipeline_dag.py
[2025-06-16T19:05:47.202+0000] {processor.py:830} INFO - Processing file /opt/airflow/dags/nhk_pipeline_dag.py for tasks to queue
[2025-06-16T19:05:47.204+0000] {logging_mixin.py:188} INFO - [2025-06-16T19:05:47.204+0000] {dagbag.py:545} INFO - Filling up the DagBag from /opt/airflow/dags/nhk_pipeline_dag.py
[2025-06-16T19:05:47.387+0000] {processor.py:840} INFO - DAG(s) 'kanji_counter' retrieved from /opt/airflow/dags/nhk_pipeline_dag.py
[2025-06-16T19:05:47.425+0000] {logging_mixin.py:188} INFO - [2025-06-16T19:05:47.425+0000] {dag.py:3096} INFO - Sync 1 DAGs
[2025-06-16T19:05:47.568+0000] {logging_mixin.py:188} INFO - [2025-06-16T19:05:47.568+0000] {dag.py:3954} INFO - Setting next_dagrun for kanji_counter to 2025-06-16 00:00:00+00:00, run_after=2025-06-17 00:00:00+00:00
[2025-06-16T19:05:47.595+0000] {processor.py:183} INFO - Processing /opt/airflow/dags/nhk_pipeline_dag.py took 0.400 seconds
[2025-06-16T19:06:17.862+0000] {processor.py:161} INFO - Started process (PID=149) to work on /opt/airflow/dags/nhk_pipeline_dag.py
[2025-06-16T19:06:17.863+0000] {processor.py:830} INFO - Processing file /opt/airflow/dags/nhk_pipeline_dag.py for tasks to queue
[2025-06-16T19:06:17.866+0000] {logging_mixin.py:188} INFO - [2025-06-16T19:06:17.866+0000] {dagbag.py:545} INFO - Filling up the DagBag from /opt/airflow/dags/nhk_pipeline_dag.py
[2025-06-16T19:06:18.045+0000] {processor.py:840} INFO - DAG(s) 'kanji_counter' retrieved from /opt/airflow/dags/nhk_pipeline_dag.py
[2025-06-16T19:06:18.086+0000] {logging_mixin.py:188} INFO - [2025-06-16T19:06:18.085+0000] {dag.py:3096} INFO - Sync 1 DAGs
[2025-06-16T19:06:18.103+0000] {logging_mixin.py:188} INFO - [2025-06-16T19:06:18.103+0000] {dag.py:3954} INFO - Setting next_dagrun for kanji_counter to 2025-06-16 00:00:00+00:00, run_after=2025-06-17 00:00:00+00:00
[2025-06-16T19:06:18.129+0000] {processor.py:183} INFO - Processing /opt/airflow/dags/nhk_pipeline_dag.py took 0.274 seconds
[2025-06-16T19:06:48.326+0000] {processor.py:161} INFO - Started process (PID=164) to work on /opt/airflow/dags/nhk_pipeline_dag.py
[2025-06-16T19:06:48.328+0000] {processor.py:830} INFO - Processing file /opt/airflow/dags/nhk_pipeline_dag.py for tasks to queue
[2025-06-16T19:06:48.330+0000] {logging_mixin.py:188} INFO - [2025-06-16T19:06:48.330+0000] {dagbag.py:545} INFO - Filling up the DagBag from /opt/airflow/dags/nhk_pipeline_dag.py
[2025-06-16T19:06:48.513+0000] {processor.py:840} INFO - DAG(s) 'kanji_counter' retrieved from /opt/airflow/dags/nhk_pipeline_dag.py
[2025-06-16T19:06:48.554+0000] {logging_mixin.py:188} INFO - [2025-06-16T19:06:48.554+0000] {dag.py:3096} INFO - Sync 1 DAGs
[2025-06-16T19:06:48.571+0000] {logging_mixin.py:188} INFO - [2025-06-16T19:06:48.570+0000] {dag.py:3954} INFO - Setting next_dagrun for kanji_counter to 2025-06-16 00:00:00+00:00, run_after=2025-06-17 00:00:00+00:00
[2025-06-16T19:06:48.596+0000] {processor.py:183} INFO - Processing /opt/airflow/dags/nhk_pipeline_dag.py took 0.275 seconds
[2025-06-16T19:07:18.792+0000] {processor.py:161} INFO - Started process (PID=186) to work on /opt/airflow/dags/nhk_pipeline_dag.py
[2025-06-16T19:07:18.794+0000] {processor.py:830} INFO - Processing file /opt/airflow/dags/nhk_pipeline_dag.py for tasks to queue
[2025-06-16T19:07:18.798+0000] {logging_mixin.py:188} INFO - [2025-06-16T19:07:18.798+0000] {dagbag.py:545} INFO - Filling up the DagBag from /opt/airflow/dags/nhk_pipeline_dag.py
[2025-06-16T19:07:19.107+0000] {processor.py:840} INFO - DAG(s) 'kanji_counter' retrieved from /opt/airflow/dags/nhk_pipeline_dag.py
[2025-06-16T19:07:19.140+0000] {logging_mixin.py:188} INFO - [2025-06-16T19:07:19.140+0000] {dag.py:3096} INFO - Sync 1 DAGs
[2025-06-16T19:07:19.153+0000] {logging_mixin.py:188} INFO - [2025-06-16T19:07:19.152+0000] {dag.py:3954} INFO - Setting next_dagrun for kanji_counter to 2025-06-16 00:00:00+00:00, run_after=2025-06-17 00:00:00+00:00
[2025-06-16T19:07:19.176+0000] {processor.py:183} INFO - Processing /opt/airflow/dags/nhk_pipeline_dag.py took 0.389 seconds
[2025-06-16T19:07:49.407+0000] {processor.py:161} INFO - Started process (PID=200) to work on /opt/airflow/dags/nhk_pipeline_dag.py
[2025-06-16T19:07:49.408+0000] {processor.py:830} INFO - Processing file /opt/airflow/dags/nhk_pipeline_dag.py for tasks to queue
[2025-06-16T19:07:49.410+0000] {logging_mixin.py:188} INFO - [2025-06-16T19:07:49.410+0000] {dagbag.py:545} INFO - Filling up the DagBag from /opt/airflow/dags/nhk_pipeline_dag.py
[2025-06-16T19:07:49.697+0000] {processor.py:840} INFO - DAG(s) 'kanji_counter' retrieved from /opt/airflow/dags/nhk_pipeline_dag.py
[2025-06-16T19:07:49.733+0000] {logging_mixin.py:188} INFO - [2025-06-16T19:07:49.732+0000] {dag.py:3096} INFO - Sync 1 DAGs
[2025-06-16T19:07:49.746+0000] {logging_mixin.py:188} INFO - [2025-06-16T19:07:49.746+0000] {dag.py:3954} INFO - Setting next_dagrun for kanji_counter to 2025-06-16 00:00:00+00:00, run_after=2025-06-17 00:00:00+00:00
[2025-06-16T19:07:49.770+0000] {processor.py:183} INFO - Processing /opt/airflow/dags/nhk_pipeline_dag.py took 0.368 seconds
[2025-06-16T19:08:20.072+0000] {processor.py:161} INFO - Started process (PID=221) to work on /opt/airflow/dags/nhk_pipeline_dag.py
[2025-06-16T19:08:20.073+0000] {processor.py:830} INFO - Processing file /opt/airflow/dags/nhk_pipeline_dag.py for tasks to queue
[2025-06-16T19:08:20.075+0000] {logging_mixin.py:188} INFO - [2025-06-16T19:08:20.074+0000] {dagbag.py:545} INFO - Filling up the DagBag from /opt/airflow/dags/nhk_pipeline_dag.py
[2025-06-16T19:08:20.376+0000] {processor.py:840} INFO - DAG(s) 'kanji_counter' retrieved from /opt/airflow/dags/nhk_pipeline_dag.py
[2025-06-16T19:08:20.409+0000] {logging_mixin.py:188} INFO - [2025-06-16T19:08:20.408+0000] {dag.py:3096} INFO - Sync 1 DAGs
[2025-06-16T19:08:20.421+0000] {logging_mixin.py:188} INFO - [2025-06-16T19:08:20.421+0000] {dag.py:3954} INFO - Setting next_dagrun for kanji_counter to 2025-06-16 00:00:00+00:00, run_after=2025-06-17 00:00:00+00:00
[2025-06-16T19:08:20.443+0000] {processor.py:183} INFO - Processing /opt/airflow/dags/nhk_pipeline_dag.py took 0.376 seconds
[2025-06-16T19:08:50.672+0000] {processor.py:161} INFO - Started process (PID=236) to work on /opt/airflow/dags/nhk_pipeline_dag.py
[2025-06-16T19:08:50.673+0000] {processor.py:830} INFO - Processing file /opt/airflow/dags/nhk_pipeline_dag.py for tasks to queue
[2025-06-16T19:08:50.675+0000] {logging_mixin.py:188} INFO - [2025-06-16T19:08:50.675+0000] {dagbag.py:545} INFO - Filling up the DagBag from /opt/airflow/dags/nhk_pipeline_dag.py
[2025-06-16T19:08:50.847+0000] {processor.py:840} INFO - DAG(s) 'kanji_counter' retrieved from /opt/airflow/dags/nhk_pipeline_dag.py
[2025-06-16T19:08:50.886+0000] {logging_mixin.py:188} INFO - [2025-06-16T19:08:50.885+0000] {dag.py:3096} INFO - Sync 1 DAGs
[2025-06-16T19:08:51.011+0000] {logging_mixin.py:188} INFO - [2025-06-16T19:08:51.011+0000] {dag.py:3954} INFO - Setting next_dagrun for kanji_counter to 2025-06-16 00:00:00+00:00, run_after=2025-06-17 00:00:00+00:00
[2025-06-16T19:08:51.037+0000] {processor.py:183} INFO - Processing /opt/airflow/dags/nhk_pipeline_dag.py took 0.370 seconds
[2025-06-16T19:09:21.262+0000] {processor.py:161} INFO - Started process (PID=258) to work on /opt/airflow/dags/nhk_pipeline_dag.py
[2025-06-16T19:09:21.263+0000] {processor.py:830} INFO - Processing file /opt/airflow/dags/nhk_pipeline_dag.py for tasks to queue
[2025-06-16T19:09:21.265+0000] {logging_mixin.py:188} INFO - [2025-06-16T19:09:21.265+0000] {dagbag.py:545} INFO - Filling up the DagBag from /opt/airflow/dags/nhk_pipeline_dag.py
[2025-06-16T19:09:21.417+0000] {processor.py:840} INFO - DAG(s) 'kanji_counter' retrieved from /opt/airflow/dags/nhk_pipeline_dag.py
[2025-06-16T19:09:21.560+0000] {logging_mixin.py:188} INFO - [2025-06-16T19:09:21.560+0000] {dag.py:3096} INFO - Sync 1 DAGs
[2025-06-16T19:09:21.575+0000] {logging_mixin.py:188} INFO - [2025-06-16T19:09:21.574+0000] {dag.py:3954} INFO - Setting next_dagrun for kanji_counter to 2025-06-16 00:00:00+00:00, run_after=2025-06-17 00:00:00+00:00
[2025-06-16T19:09:21.601+0000] {processor.py:183} INFO - Processing /opt/airflow/dags/nhk_pipeline_dag.py took 0.343 seconds
[2025-06-16T19:15:11.520+0000] {processor.py:161} INFO - Started process (PID=36) to work on /opt/airflow/dags/nhk_pipeline_dag.py
[2025-06-16T19:15:11.522+0000] {processor.py:830} INFO - Processing file /opt/airflow/dags/nhk_pipeline_dag.py for tasks to queue
[2025-06-16T19:15:11.525+0000] {logging_mixin.py:188} INFO - [2025-06-16T19:15:11.525+0000] {dagbag.py:545} INFO - Filling up the DagBag from /opt/airflow/dags/nhk_pipeline_dag.py
[2025-06-16T19:15:11.781+0000] {processor.py:840} INFO - DAG(s) 'kanji_counter' retrieved from /opt/airflow/dags/nhk_pipeline_dag.py
[2025-06-16T19:15:12.021+0000] {logging_mixin.py:188} INFO - [2025-06-16T19:15:12.020+0000] {override.py:1829} INFO - Created Permission View: can delete on DAG:kanji_counter
[2025-06-16T19:15:12.043+0000] {logging_mixin.py:188} INFO - [2025-06-16T19:15:12.042+0000] {override.py:1829} INFO - Created Permission View: can read on DAG:kanji_counter
[2025-06-16T19:15:12.066+0000] {logging_mixin.py:188} INFO - [2025-06-16T19:15:12.065+0000] {override.py:1829} INFO - Created Permission View: can edit on DAG:kanji_counter
[2025-06-16T19:15:12.067+0000] {logging_mixin.py:188} INFO - [2025-06-16T19:15:12.066+0000] {dag.py:3096} INFO - Sync 1 DAGs
[2025-06-16T19:15:12.078+0000] {logging_mixin.py:188} INFO - [2025-06-16T19:15:12.077+0000] {dag.py:3118} INFO - Creating ORM DAG for kanji_counter
[2025-06-16T19:15:12.089+0000] {logging_mixin.py:188} INFO - [2025-06-16T19:15:12.089+0000] {dag.py:3954} INFO - Setting next_dagrun for kanji_counter to 2025-06-15 00:00:00+00:00, run_after=2025-06-16 00:00:00+00:00
[2025-06-16T19:15:12.250+0000] {processor.py:183} INFO - Processing /opt/airflow/dags/nhk_pipeline_dag.py took 0.741 seconds
[2025-06-16T19:15:42.526+0000] {processor.py:161} INFO - Started process (PID=51) to work on /opt/airflow/dags/nhk_pipeline_dag.py
[2025-06-16T19:15:42.527+0000] {processor.py:830} INFO - Processing file /opt/airflow/dags/nhk_pipeline_dag.py for tasks to queue
[2025-06-16T19:15:42.529+0000] {logging_mixin.py:188} INFO - [2025-06-16T19:15:42.529+0000] {dagbag.py:545} INFO - Filling up the DagBag from /opt/airflow/dags/nhk_pipeline_dag.py
[2025-06-16T19:15:42.725+0000] {processor.py:840} INFO - DAG(s) 'kanji_counter' retrieved from /opt/airflow/dags/nhk_pipeline_dag.py
[2025-06-16T19:15:42.763+0000] {logging_mixin.py:188} INFO - [2025-06-16T19:15:42.763+0000] {dag.py:3096} INFO - Sync 1 DAGs
[2025-06-16T19:15:42.779+0000] {logging_mixin.py:188} INFO - [2025-06-16T19:15:42.779+0000] {dag.py:3954} INFO - Setting next_dagrun for kanji_counter to 2025-06-16 00:00:00+00:00, run_after=2025-06-17 00:00:00+00:00
[2025-06-16T19:15:42.811+0000] {processor.py:183} INFO - Processing /opt/airflow/dags/nhk_pipeline_dag.py took 0.290 seconds
[2025-06-16T19:16:12.961+0000] {processor.py:161} INFO - Started process (PID=73) to work on /opt/airflow/dags/nhk_pipeline_dag.py
[2025-06-16T19:16:12.962+0000] {processor.py:830} INFO - Processing file /opt/airflow/dags/nhk_pipeline_dag.py for tasks to queue
[2025-06-16T19:16:12.964+0000] {logging_mixin.py:188} INFO - [2025-06-16T19:16:12.964+0000] {dagbag.py:545} INFO - Filling up the DagBag from /opt/airflow/dags/nhk_pipeline_dag.py
[2025-06-16T19:16:13.231+0000] {processor.py:840} INFO - DAG(s) 'kanji_counter' retrieved from /opt/airflow/dags/nhk_pipeline_dag.py
[2025-06-16T19:16:13.274+0000] {logging_mixin.py:188} INFO - [2025-06-16T19:16:13.273+0000] {dag.py:3096} INFO - Sync 1 DAGs
[2025-06-16T19:16:13.291+0000] {logging_mixin.py:188} INFO - [2025-06-16T19:16:13.291+0000] {dag.py:3954} INFO - Setting next_dagrun for kanji_counter to 2025-06-16 00:00:00+00:00, run_after=2025-06-17 00:00:00+00:00
[2025-06-16T19:16:13.320+0000] {processor.py:183} INFO - Processing /opt/airflow/dags/nhk_pipeline_dag.py took 0.364 seconds
[2025-06-16T19:16:43.533+0000] {processor.py:161} INFO - Started process (PID=89) to work on /opt/airflow/dags/nhk_pipeline_dag.py
[2025-06-16T19:16:43.534+0000] {processor.py:830} INFO - Processing file /opt/airflow/dags/nhk_pipeline_dag.py for tasks to queue
[2025-06-16T19:16:43.536+0000] {logging_mixin.py:188} INFO - [2025-06-16T19:16:43.536+0000] {dagbag.py:545} INFO - Filling up the DagBag from /opt/airflow/dags/nhk_pipeline_dag.py
[2025-06-16T19:16:43.719+0000] {processor.py:840} INFO - DAG(s) 'kanji_counter' retrieved from /opt/airflow/dags/nhk_pipeline_dag.py
[2025-06-16T19:16:43.763+0000] {logging_mixin.py:188} INFO - [2025-06-16T19:16:43.763+0000] {dag.py:3096} INFO - Sync 1 DAGs
[2025-06-16T19:16:43.782+0000] {logging_mixin.py:188} INFO - [2025-06-16T19:16:43.782+0000] {dag.py:3954} INFO - Setting next_dagrun for kanji_counter to 2025-06-16 00:00:00+00:00, run_after=2025-06-17 00:00:00+00:00
[2025-06-16T19:16:43.812+0000] {processor.py:183} INFO - Processing /opt/airflow/dags/nhk_pipeline_dag.py took 0.285 seconds
