[2025-06-13T04:38:29.779+0000] {local_task_job_runner.py:120} INFO - ::group::Pre task execution logs
[2025-06-13T04:38:29.818+0000] {taskinstance.py:2076} INFO - Dependencies all met for dep_context=non-requeueable deps ti=<TaskInstance: kanji_counter.task_two manual__2025-06-13T04:38:18.893616+00:00 [queued]>
[2025-06-13T04:38:29.824+0000] {taskinstance.py:2076} INFO - Dependencies all met for dep_context=requeueable deps ti=<TaskInstance: kanji_counter.task_two manual__2025-06-13T04:38:18.893616+00:00 [queued]>
[2025-06-13T04:38:29.825+0000] {taskinstance.py:2306} INFO - Starting attempt 1 of 1
[2025-06-13T04:38:29.840+0000] {taskinstance.py:2330} INFO - Executing <Task(PythonOperator): task_two> on 2025-06-13 04:38:18.893616+00:00
[2025-06-13T04:38:29.848+0000] {warnings.py:110} WARNING - /home/airflow/.local/lib/python3.12/site-packages/airflow/task/task_runner/standard_task_runner.py:61: DeprecationWarning: This process (pid=616) is multi-threaded, use of fork() may lead to deadlocks in the child.
  pid = os.fork()

[2025-06-13T04:38:29.849+0000] {standard_task_runner.py:63} INFO - Started process 617 to run task
[2025-06-13T04:38:29.850+0000] {standard_task_runner.py:90} INFO - Running: ['airflow', 'tasks', 'run', 'kanji_counter', 'task_two', 'manual__2025-06-13T04:38:18.893616+00:00', '--job-id', '5', '--raw', '--subdir', 'DAGS_FOLDER/nhk_pipeline_dag.py', '--cfg-path', '/tmp/tmp5380eh8z']
[2025-06-13T04:38:29.851+0000] {standard_task_runner.py:91} INFO - Job 5: Subtask task_two
[2025-06-13T04:38:29.888+0000] {warnings.py:110} WARNING - /home/airflow/.local/lib/python3.12/site-packages/airflow/settings.py:195: DeprecationWarning: The sql_alchemy_conn option in [core] has been moved to the sql_alchemy_conn option in [database] - the old setting has been used, but please update your config.
  SQL_ALCHEMY_CONN = conf.get("database", "SQL_ALCHEMY_CONN")

[2025-06-13T04:38:29.954+0000] {task_command.py:426} INFO - Running <TaskInstance: kanji_counter.task_two manual__2025-06-13T04:38:18.893616+00:00 [running]> on host f1962a5bdfc5
[2025-06-13T04:38:30.105+0000] {taskinstance.py:2648} INFO - Exporting env vars: AIRFLOW_CTX_DAG_OWNER='airflow' AIRFLOW_CTX_DAG_ID='kanji_counter' AIRFLOW_CTX_TASK_ID='task_two' AIRFLOW_CTX_EXECUTION_DATE='2025-06-13T04:38:18.893616+00:00' AIRFLOW_CTX_TRY_NUMBER='1' AIRFLOW_CTX_DAG_RUN_ID='manual__2025-06-13T04:38:18.893616+00:00'
[2025-06-13T04:38:30.107+0000] {taskinstance.py:430} INFO - ::endgroup::
[2025-06-13T04:38:30.150+0000] {logging_mixin.py:188} INFO - ❌ Error during batch processing: command find requires authentication, full error: {'ok': 0.0, 'errmsg': 'command find requires authentication', 'code': 13, 'codeName': 'Unauthorized'}
[2025-06-13T04:38:30.151+0000] {logging_mixin.py:188} INFO - 🎉 Done! Total documents processed: 0
[2025-06-13T04:38:30.151+0000] {python.py:237} INFO - Done. Returned value was: None
[2025-06-13T04:38:30.153+0000] {taskinstance.py:441} INFO - ::group::Post task execution logs
[2025-06-13T04:38:30.190+0000] {taskinstance.py:1206} INFO - Marking task as SUCCESS. dag_id=kanji_counter, task_id=task_two, run_id=manual__2025-06-13T04:38:18.893616+00:00, execution_date=20250613T043818, start_date=20250613T043829, end_date=20250613T043830
[2025-06-13T04:38:30.223+0000] {local_task_job_runner.py:240} INFO - Task exited with return code 0
[2025-06-13T04:38:30.254+0000] {taskinstance.py:3498} INFO - 0 downstream tasks scheduled from follow-on schedule check
[2025-06-13T04:38:30.256+0000] {local_task_job_runner.py:222} INFO - ::endgroup::
