[2025-06-13T04:16:16.886+0000] {local_task_job_runner.py:120} INFO - ::group::Pre task execution logs
[2025-06-13T04:16:16.921+0000] {taskinstance.py:2076} INFO - Dependencies all met for dep_context=non-requeueable deps ti=<TaskInstance: kanji_counter.task_two scheduled__2025-06-12T00:00:00+00:00 [queued]>
[2025-06-13T04:16:16.927+0000] {taskinstance.py:2076} INFO - Dependencies all met for dep_context=requeueable deps ti=<TaskInstance: kanji_counter.task_two scheduled__2025-06-12T00:00:00+00:00 [queued]>
[2025-06-13T04:16:16.928+0000] {taskinstance.py:2306} INFO - Starting attempt 1 of 1
[2025-06-13T04:16:16.943+0000] {taskinstance.py:2330} INFO - Executing <Task(PythonOperator): task_two> on 2025-06-12 00:00:00+00:00
[2025-06-13T04:16:16.951+0000] {warnings.py:110} WARNING - /home/airflow/.local/lib/python3.12/site-packages/airflow/task/task_runner/standard_task_runner.py:61: DeprecationWarning: This process (pid=360) is multi-threaded, use of fork() may lead to deadlocks in the child.
  pid = os.fork()

[2025-06-13T04:16:16.952+0000] {standard_task_runner.py:63} INFO - Started process 361 to run task
[2025-06-13T04:16:16.952+0000] {standard_task_runner.py:90} INFO - Running: ['airflow', 'tasks', 'run', 'kanji_counter', 'task_two', 'scheduled__2025-06-12T00:00:00+00:00', '--job-id', '3', '--raw', '--subdir', 'DAGS_FOLDER/nhk_pipeline_dag.py', '--cfg-path', '/tmp/tmp_f2bctvc']
[2025-06-13T04:16:16.954+0000] {standard_task_runner.py:91} INFO - Job 3: Subtask task_two
[2025-06-13T04:16:16.989+0000] {warnings.py:110} WARNING - /home/airflow/.local/lib/python3.12/site-packages/airflow/settings.py:195: DeprecationWarning: The sql_alchemy_conn option in [core] has been moved to the sql_alchemy_conn option in [database] - the old setting has been used, but please update your config.
  SQL_ALCHEMY_CONN = conf.get("database", "SQL_ALCHEMY_CONN")

[2025-06-13T04:16:17.053+0000] {task_command.py:426} INFO - Running <TaskInstance: kanji_counter.task_two scheduled__2025-06-12T00:00:00+00:00 [running]> on host 2a3a0ff38bcd
[2025-06-13T04:16:17.199+0000] {taskinstance.py:2648} INFO - Exporting env vars: AIRFLOW_CTX_DAG_OWNER='airflow' AIRFLOW_CTX_DAG_ID='kanji_counter' AIRFLOW_CTX_TASK_ID='task_two' AIRFLOW_CTX_EXECUTION_DATE='2025-06-12T00:00:00+00:00' AIRFLOW_CTX_TRY_NUMBER='1' AIRFLOW_CTX_DAG_RUN_ID='scheduled__2025-06-12T00:00:00+00:00'
[2025-06-13T04:16:17.200+0000] {taskinstance.py:430} INFO - ::endgroup::
[2025-06-13T04:16:17.245+0000] {logging_mixin.py:188} INFO - ❌ Error during batch processing: command find requires authentication, full error: {'ok': 0.0, 'errmsg': 'command find requires authentication', 'code': 13, 'codeName': 'Unauthorized'}
[2025-06-13T04:16:17.246+0000] {logging_mixin.py:188} INFO - 🎉 Done! Total documents processed: 0
[2025-06-13T04:16:17.246+0000] {python.py:237} INFO - Done. Returned value was: None
[2025-06-13T04:16:17.249+0000] {taskinstance.py:441} INFO - ::group::Post task execution logs
[2025-06-13T04:16:17.274+0000] {taskinstance.py:1206} INFO - Marking task as SUCCESS. dag_id=kanji_counter, task_id=task_two, run_id=scheduled__2025-06-12T00:00:00+00:00, execution_date=20250612T000000, start_date=20250613T041616, end_date=20250613T041617
[2025-06-13T04:16:17.326+0000] {local_task_job_runner.py:240} INFO - Task exited with return code 0
[2025-06-13T04:16:17.358+0000] {taskinstance.py:3498} INFO - 0 downstream tasks scheduled from follow-on schedule check
[2025-06-13T04:16:17.359+0000] {local_task_job_runner.py:222} INFO - ::endgroup::
[2025-06-13T04:26:19.225+0000] {local_task_job_runner.py:120} INFO - ::group::Pre task execution logs
[2025-06-13T04:26:19.269+0000] {taskinstance.py:2076} INFO - Dependencies all met for dep_context=non-requeueable deps ti=<TaskInstance: kanji_counter.task_two scheduled__2025-06-12T00:00:00+00:00 [queued]>
[2025-06-13T04:26:19.275+0000] {taskinstance.py:2076} INFO - Dependencies all met for dep_context=requeueable deps ti=<TaskInstance: kanji_counter.task_two scheduled__2025-06-12T00:00:00+00:00 [queued]>
[2025-06-13T04:26:19.276+0000] {taskinstance.py:2306} INFO - Starting attempt 1 of 1
[2025-06-13T04:26:19.291+0000] {taskinstance.py:2330} INFO - Executing <Task(PythonOperator): task_two> on 2025-06-12 00:00:00+00:00
[2025-06-13T04:26:19.299+0000] {warnings.py:110} WARNING - /home/airflow/.local/lib/python3.12/site-packages/airflow/task/task_runner/standard_task_runner.py:61: DeprecationWarning: This process (pid=193) is multi-threaded, use of fork() may lead to deadlocks in the child.
  pid = os.fork()

[2025-06-13T04:26:19.300+0000] {standard_task_runner.py:63} INFO - Started process 201 to run task
[2025-06-13T04:26:19.300+0000] {standard_task_runner.py:90} INFO - Running: ['airflow', 'tasks', 'run', 'kanji_counter', 'task_two', 'scheduled__2025-06-12T00:00:00+00:00', '--job-id', '3', '--raw', '--subdir', 'DAGS_FOLDER/nhk_pipeline_dag.py', '--cfg-path', '/tmp/tmpkj7d2l_g']
[2025-06-13T04:26:19.303+0000] {standard_task_runner.py:91} INFO - Job 3: Subtask task_two
[2025-06-13T04:26:19.337+0000] {warnings.py:110} WARNING - /home/airflow/.local/lib/python3.12/site-packages/airflow/settings.py:195: DeprecationWarning: The sql_alchemy_conn option in [core] has been moved to the sql_alchemy_conn option in [database] - the old setting has been used, but please update your config.
  SQL_ALCHEMY_CONN = conf.get("database", "SQL_ALCHEMY_CONN")

[2025-06-13T04:26:19.401+0000] {task_command.py:426} INFO - Running <TaskInstance: kanji_counter.task_two scheduled__2025-06-12T00:00:00+00:00 [running]> on host f1962a5bdfc5
[2025-06-13T04:26:19.562+0000] {taskinstance.py:2648} INFO - Exporting env vars: AIRFLOW_CTX_DAG_OWNER='airflow' AIRFLOW_CTX_DAG_ID='kanji_counter' AIRFLOW_CTX_TASK_ID='task_two' AIRFLOW_CTX_EXECUTION_DATE='2025-06-12T00:00:00+00:00' AIRFLOW_CTX_TRY_NUMBER='1' AIRFLOW_CTX_DAG_RUN_ID='scheduled__2025-06-12T00:00:00+00:00'
[2025-06-13T04:26:19.564+0000] {taskinstance.py:430} INFO - ::endgroup::
[2025-06-13T04:26:19.611+0000] {logging_mixin.py:188} INFO - ❌ Error during batch processing: command find requires authentication, full error: {'ok': 0.0, 'errmsg': 'command find requires authentication', 'code': 13, 'codeName': 'Unauthorized'}
[2025-06-13T04:26:19.612+0000] {logging_mixin.py:188} INFO - 🎉 Done! Total documents processed: 0
[2025-06-13T04:26:19.612+0000] {python.py:237} INFO - Done. Returned value was: None
[2025-06-13T04:26:19.615+0000] {taskinstance.py:441} INFO - ::group::Post task execution logs
[2025-06-13T04:26:19.640+0000] {taskinstance.py:1206} INFO - Marking task as SUCCESS. dag_id=kanji_counter, task_id=task_two, run_id=scheduled__2025-06-12T00:00:00+00:00, execution_date=20250612T000000, start_date=20250613T042619, end_date=20250613T042619
[2025-06-13T04:26:19.674+0000] {local_task_job_runner.py:240} INFO - Task exited with return code 0
[2025-06-13T04:26:19.708+0000] {taskinstance.py:3498} INFO - 0 downstream tasks scheduled from follow-on schedule check
[2025-06-13T04:26:19.710+0000] {local_task_job_runner.py:222} INFO - ::endgroup::
