[2025-06-07T05:21:19.459+0000] {processor.py:161} INFO - Started process (PID=31) to work on /opt/airflow/dags/nhk_pipeline_dag.py
[2025-06-07T05:21:19.461+0000] {processor.py:830} INFO - Processing file /opt/airflow/dags/nhk_pipeline_dag.py for tasks to queue
[2025-06-07T05:21:19.464+0000] {logging_mixin.py:188} INFO - [2025-06-07T05:21:19.463+0000] {dagbag.py:545} INFO - Filling up the DagBag from /opt/airflow/dags/nhk_pipeline_dag.py
[2025-06-07T05:21:19.682+0000] {logging_mixin.py:188} INFO - [2025-06-07T05:21:19.674+0000] {dagbag.py:355} ERROR - Failed to import: /opt/airflow/dags/nhk_pipeline_dag.py
Traceback (most recent call last):
  File "/home/airflow/.local/lib/python3.12/site-packages/airflow/models/dagbag.py", line 351, in parse
    loader.exec_module(new_module)
  File "<frozen importlib._bootstrap_external>", line 995, in exec_module
  File "<frozen importlib._bootstrap>", line 488, in _call_with_frames_removed
  File "/opt/airflow/dags/nhk_pipeline_dag.py", line 7, in <module>
    from scrapeNHKnews import scrape_NHK
  File "/opt/airflow/scrapeNHKnews.py", line 3, in <module>
    import neologdn
ModuleNotFoundError: No module named 'neologdn'
[2025-06-07T05:21:19.685+0000] {processor.py:842} WARNING - No viable dags retrieved from /opt/airflow/dags/nhk_pipeline_dag.py
[2025-06-07T05:21:19.729+0000] {processor.py:183} INFO - Processing /opt/airflow/dags/nhk_pipeline_dag.py took 0.276 seconds
[2025-06-07T05:21:49.928+0000] {processor.py:161} INFO - Started process (PID=45) to work on /opt/airflow/dags/nhk_pipeline_dag.py
[2025-06-07T05:21:49.929+0000] {processor.py:830} INFO - Processing file /opt/airflow/dags/nhk_pipeline_dag.py for tasks to queue
[2025-06-07T05:21:49.930+0000] {logging_mixin.py:188} INFO - [2025-06-07T05:21:49.930+0000] {dagbag.py:545} INFO - Filling up the DagBag from /opt/airflow/dags/nhk_pipeline_dag.py
[2025-06-07T05:21:50.045+0000] {logging_mixin.py:188} INFO - [2025-06-07T05:21:50.038+0000] {dagbag.py:355} ERROR - Failed to import: /opt/airflow/dags/nhk_pipeline_dag.py
Traceback (most recent call last):
  File "/home/airflow/.local/lib/python3.12/site-packages/airflow/models/dagbag.py", line 351, in parse
    loader.exec_module(new_module)
  File "<frozen importlib._bootstrap_external>", line 995, in exec_module
  File "<frozen importlib._bootstrap>", line 488, in _call_with_frames_removed
  File "/opt/airflow/dags/nhk_pipeline_dag.py", line 7, in <module>
    from scrapeNHKnews import scrape_NHK
  File "/opt/airflow/scrapeNHKnews.py", line 3, in <module>
    import neologdn
ModuleNotFoundError: No module named 'neologdn'
[2025-06-07T05:21:50.047+0000] {processor.py:842} WARNING - No viable dags retrieved from /opt/airflow/dags/nhk_pipeline_dag.py
[2025-06-07T05:21:50.087+0000] {processor.py:183} INFO - Processing /opt/airflow/dags/nhk_pipeline_dag.py took 0.164 seconds
[2025-06-07T05:22:20.296+0000] {processor.py:161} INFO - Started process (PID=60) to work on /opt/airflow/dags/nhk_pipeline_dag.py
[2025-06-07T05:22:20.296+0000] {processor.py:830} INFO - Processing file /opt/airflow/dags/nhk_pipeline_dag.py for tasks to queue
[2025-06-07T05:22:20.298+0000] {logging_mixin.py:188} INFO - [2025-06-07T05:22:20.298+0000] {dagbag.py:545} INFO - Filling up the DagBag from /opt/airflow/dags/nhk_pipeline_dag.py
[2025-06-07T05:22:20.399+0000] {logging_mixin.py:188} INFO - [2025-06-07T05:22:20.393+0000] {dagbag.py:355} ERROR - Failed to import: /opt/airflow/dags/nhk_pipeline_dag.py
Traceback (most recent call last):
  File "/home/airflow/.local/lib/python3.12/site-packages/airflow/models/dagbag.py", line 351, in parse
    loader.exec_module(new_module)
  File "<frozen importlib._bootstrap_external>", line 995, in exec_module
  File "<frozen importlib._bootstrap>", line 488, in _call_with_frames_removed
  File "/opt/airflow/dags/nhk_pipeline_dag.py", line 7, in <module>
    from scrapeNHKnews import scrape_NHK
  File "/opt/airflow/scrapeNHKnews.py", line 3, in <module>
    import neologdn
ModuleNotFoundError: No module named 'neologdn'
[2025-06-07T05:22:20.401+0000] {processor.py:842} WARNING - No viable dags retrieved from /opt/airflow/dags/nhk_pipeline_dag.py
[2025-06-07T05:22:20.476+0000] {processor.py:183} INFO - Processing /opt/airflow/dags/nhk_pipeline_dag.py took 0.184 seconds
[2025-06-07T05:22:50.631+0000] {processor.py:161} INFO - Started process (PID=83) to work on /opt/airflow/dags/nhk_pipeline_dag.py
[2025-06-07T05:22:50.632+0000] {processor.py:830} INFO - Processing file /opt/airflow/dags/nhk_pipeline_dag.py for tasks to queue
[2025-06-07T05:22:50.634+0000] {logging_mixin.py:188} INFO - [2025-06-07T05:22:50.634+0000] {dagbag.py:545} INFO - Filling up the DagBag from /opt/airflow/dags/nhk_pipeline_dag.py
[2025-06-07T05:22:50.737+0000] {logging_mixin.py:188} INFO - [2025-06-07T05:22:50.731+0000] {dagbag.py:355} ERROR - Failed to import: /opt/airflow/dags/nhk_pipeline_dag.py
Traceback (most recent call last):
  File "/home/airflow/.local/lib/python3.12/site-packages/airflow/models/dagbag.py", line 351, in parse
    loader.exec_module(new_module)
  File "<frozen importlib._bootstrap_external>", line 995, in exec_module
  File "<frozen importlib._bootstrap>", line 488, in _call_with_frames_removed
  File "/opt/airflow/dags/nhk_pipeline_dag.py", line 7, in <module>
    from scrapeNHKnews import scrape_NHK
  File "/opt/airflow/scrapeNHKnews.py", line 3, in <module>
    import neologdn
ModuleNotFoundError: No module named 'neologdn'
[2025-06-07T05:22:50.739+0000] {processor.py:842} WARNING - No viable dags retrieved from /opt/airflow/dags/nhk_pipeline_dag.py
[2025-06-07T05:22:50.782+0000] {processor.py:183} INFO - Processing /opt/airflow/dags/nhk_pipeline_dag.py took 0.155 seconds
[2025-06-07T05:23:20.953+0000] {processor.py:161} INFO - Started process (PID=98) to work on /opt/airflow/dags/nhk_pipeline_dag.py
[2025-06-07T05:23:20.954+0000] {processor.py:830} INFO - Processing file /opt/airflow/dags/nhk_pipeline_dag.py for tasks to queue
[2025-06-07T05:23:20.956+0000] {logging_mixin.py:188} INFO - [2025-06-07T05:23:20.956+0000] {dagbag.py:545} INFO - Filling up the DagBag from /opt/airflow/dags/nhk_pipeline_dag.py
[2025-06-07T05:23:21.067+0000] {logging_mixin.py:188} INFO - [2025-06-07T05:23:21.060+0000] {dagbag.py:355} ERROR - Failed to import: /opt/airflow/dags/nhk_pipeline_dag.py
Traceback (most recent call last):
  File "/home/airflow/.local/lib/python3.12/site-packages/airflow/models/dagbag.py", line 351, in parse
    loader.exec_module(new_module)
  File "<frozen importlib._bootstrap_external>", line 995, in exec_module
  File "<frozen importlib._bootstrap>", line 488, in _call_with_frames_removed
  File "/opt/airflow/dags/nhk_pipeline_dag.py", line 7, in <module>
    from scrapeNHKnews import scrape_NHK
  File "/opt/airflow/scrapeNHKnews.py", line 3, in <module>
    import neologdn
ModuleNotFoundError: No module named 'neologdn'
[2025-06-07T05:23:21.069+0000] {processor.py:842} WARNING - No viable dags retrieved from /opt/airflow/dags/nhk_pipeline_dag.py
[2025-06-07T05:23:21.140+0000] {processor.py:183} INFO - Processing /opt/airflow/dags/nhk_pipeline_dag.py took 0.191 seconds
[2025-06-07T05:23:51.381+0000] {processor.py:161} INFO - Started process (PID=120) to work on /opt/airflow/dags/nhk_pipeline_dag.py
[2025-06-07T05:23:51.382+0000] {processor.py:830} INFO - Processing file /opt/airflow/dags/nhk_pipeline_dag.py for tasks to queue
[2025-06-07T05:23:51.384+0000] {logging_mixin.py:188} INFO - [2025-06-07T05:23:51.383+0000] {dagbag.py:545} INFO - Filling up the DagBag from /opt/airflow/dags/nhk_pipeline_dag.py
[2025-06-07T05:23:51.502+0000] {logging_mixin.py:188} INFO - [2025-06-07T05:23:51.494+0000] {dagbag.py:355} ERROR - Failed to import: /opt/airflow/dags/nhk_pipeline_dag.py
Traceback (most recent call last):
  File "/home/airflow/.local/lib/python3.12/site-packages/airflow/models/dagbag.py", line 351, in parse
    loader.exec_module(new_module)
  File "<frozen importlib._bootstrap_external>", line 995, in exec_module
  File "<frozen importlib._bootstrap>", line 488, in _call_with_frames_removed
  File "/opt/airflow/dags/nhk_pipeline_dag.py", line 7, in <module>
    from scrapeNHKnews import scrape_NHK
  File "/opt/airflow/scrapeNHKnews.py", line 3, in <module>
    import neologdn
ModuleNotFoundError: No module named 'neologdn'
[2025-06-07T05:23:51.505+0000] {processor.py:842} WARNING - No viable dags retrieved from /opt/airflow/dags/nhk_pipeline_dag.py
[2025-06-07T05:23:51.555+0000] {processor.py:183} INFO - Processing /opt/airflow/dags/nhk_pipeline_dag.py took 0.180 seconds
[2025-06-07T05:24:21.702+0000] {processor.py:161} INFO - Started process (PID=136) to work on /opt/airflow/dags/nhk_pipeline_dag.py
[2025-06-07T05:24:21.703+0000] {processor.py:830} INFO - Processing file /opt/airflow/dags/nhk_pipeline_dag.py for tasks to queue
[2025-06-07T05:24:21.705+0000] {logging_mixin.py:188} INFO - [2025-06-07T05:24:21.705+0000] {dagbag.py:545} INFO - Filling up the DagBag from /opt/airflow/dags/nhk_pipeline_dag.py
[2025-06-07T05:24:21.806+0000] {logging_mixin.py:188} INFO - [2025-06-07T05:24:21.800+0000] {dagbag.py:355} ERROR - Failed to import: /opt/airflow/dags/nhk_pipeline_dag.py
Traceback (most recent call last):
  File "/home/airflow/.local/lib/python3.12/site-packages/airflow/models/dagbag.py", line 351, in parse
    loader.exec_module(new_module)
  File "<frozen importlib._bootstrap_external>", line 995, in exec_module
  File "<frozen importlib._bootstrap>", line 488, in _call_with_frames_removed
  File "/opt/airflow/dags/nhk_pipeline_dag.py", line 7, in <module>
    from scrapeNHKnews import scrape_NHK
  File "/opt/airflow/scrapeNHKnews.py", line 3, in <module>
    import neologdn
ModuleNotFoundError: No module named 'neologdn'
[2025-06-07T05:24:21.808+0000] {processor.py:842} WARNING - No viable dags retrieved from /opt/airflow/dags/nhk_pipeline_dag.py
[2025-06-07T05:24:21.845+0000] {processor.py:183} INFO - Processing /opt/airflow/dags/nhk_pipeline_dag.py took 0.146 seconds
[2025-06-07T05:24:51.987+0000] {processor.py:161} INFO - Started process (PID=158) to work on /opt/airflow/dags/nhk_pipeline_dag.py
[2025-06-07T05:24:51.988+0000] {processor.py:830} INFO - Processing file /opt/airflow/dags/nhk_pipeline_dag.py for tasks to queue
[2025-06-07T05:24:51.989+0000] {logging_mixin.py:188} INFO - [2025-06-07T05:24:51.989+0000] {dagbag.py:545} INFO - Filling up the DagBag from /opt/airflow/dags/nhk_pipeline_dag.py
[2025-06-07T05:24:52.089+0000] {logging_mixin.py:188} INFO - [2025-06-07T05:24:52.083+0000] {dagbag.py:355} ERROR - Failed to import: /opt/airflow/dags/nhk_pipeline_dag.py
Traceback (most recent call last):
  File "/home/airflow/.local/lib/python3.12/site-packages/airflow/models/dagbag.py", line 351, in parse
    loader.exec_module(new_module)
  File "<frozen importlib._bootstrap_external>", line 995, in exec_module
  File "<frozen importlib._bootstrap>", line 488, in _call_with_frames_removed
  File "/opt/airflow/dags/nhk_pipeline_dag.py", line 7, in <module>
    from scrapeNHKnews import scrape_NHK
  File "/opt/airflow/scrapeNHKnews.py", line 3, in <module>
    import neologdn
ModuleNotFoundError: No module named 'neologdn'
[2025-06-07T05:24:52.091+0000] {processor.py:842} WARNING - No viable dags retrieved from /opt/airflow/dags/nhk_pipeline_dag.py
[2025-06-07T05:24:52.133+0000] {processor.py:183} INFO - Processing /opt/airflow/dags/nhk_pipeline_dag.py took 0.150 seconds
[2025-06-07T05:25:22.295+0000] {processor.py:161} INFO - Started process (PID=173) to work on /opt/airflow/dags/nhk_pipeline_dag.py
[2025-06-07T05:25:22.296+0000] {processor.py:830} INFO - Processing file /opt/airflow/dags/nhk_pipeline_dag.py for tasks to queue
[2025-06-07T05:25:22.298+0000] {logging_mixin.py:188} INFO - [2025-06-07T05:25:22.298+0000] {dagbag.py:545} INFO - Filling up the DagBag from /opt/airflow/dags/nhk_pipeline_dag.py
[2025-06-07T05:25:22.402+0000] {logging_mixin.py:188} INFO - [2025-06-07T05:25:22.395+0000] {dagbag.py:355} ERROR - Failed to import: /opt/airflow/dags/nhk_pipeline_dag.py
Traceback (most recent call last):
  File "/home/airflow/.local/lib/python3.12/site-packages/airflow/models/dagbag.py", line 351, in parse
    loader.exec_module(new_module)
  File "<frozen importlib._bootstrap_external>", line 995, in exec_module
  File "<frozen importlib._bootstrap>", line 488, in _call_with_frames_removed
  File "/opt/airflow/dags/nhk_pipeline_dag.py", line 7, in <module>
    from scrapeNHKnews import scrape_NHK
  File "/opt/airflow/scrapeNHKnews.py", line 3, in <module>
    import neologdn
ModuleNotFoundError: No module named 'neologdn'
[2025-06-07T05:25:22.404+0000] {processor.py:842} WARNING - No viable dags retrieved from /opt/airflow/dags/nhk_pipeline_dag.py
[2025-06-07T05:25:22.442+0000] {processor.py:183} INFO - Processing /opt/airflow/dags/nhk_pipeline_dag.py took 0.151 seconds
[2025-06-07T05:25:52.639+0000] {processor.py:161} INFO - Started process (PID=188) to work on /opt/airflow/dags/nhk_pipeline_dag.py
[2025-06-07T05:25:52.640+0000] {processor.py:830} INFO - Processing file /opt/airflow/dags/nhk_pipeline_dag.py for tasks to queue
[2025-06-07T05:25:52.642+0000] {logging_mixin.py:188} INFO - [2025-06-07T05:25:52.642+0000] {dagbag.py:545} INFO - Filling up the DagBag from /opt/airflow/dags/nhk_pipeline_dag.py
[2025-06-07T05:25:52.743+0000] {logging_mixin.py:188} INFO - [2025-06-07T05:25:52.737+0000] {dagbag.py:355} ERROR - Failed to import: /opt/airflow/dags/nhk_pipeline_dag.py
Traceback (most recent call last):
  File "/home/airflow/.local/lib/python3.12/site-packages/airflow/models/dagbag.py", line 351, in parse
    loader.exec_module(new_module)
  File "<frozen importlib._bootstrap_external>", line 995, in exec_module
  File "<frozen importlib._bootstrap>", line 488, in _call_with_frames_removed
  File "/opt/airflow/dags/nhk_pipeline_dag.py", line 7, in <module>
    from scrapeNHKnews import scrape_NHK
  File "/opt/airflow/scrapeNHKnews.py", line 3, in <module>
    import neologdn
ModuleNotFoundError: No module named 'neologdn'
[2025-06-07T05:25:52.745+0000] {processor.py:842} WARNING - No viable dags retrieved from /opt/airflow/dags/nhk_pipeline_dag.py
[2025-06-07T05:25:52.783+0000] {processor.py:183} INFO - Processing /opt/airflow/dags/nhk_pipeline_dag.py took 0.147 seconds
[2025-06-07T05:26:22.840+0000] {processor.py:161} INFO - Started process (PID=210) to work on /opt/airflow/dags/nhk_pipeline_dag.py
[2025-06-07T05:26:22.840+0000] {processor.py:830} INFO - Processing file /opt/airflow/dags/nhk_pipeline_dag.py for tasks to queue
[2025-06-07T05:26:22.842+0000] {logging_mixin.py:188} INFO - [2025-06-07T05:26:22.842+0000] {dagbag.py:545} INFO - Filling up the DagBag from /opt/airflow/dags/nhk_pipeline_dag.py
[2025-06-07T05:26:22.948+0000] {logging_mixin.py:188} INFO - [2025-06-07T05:26:22.941+0000] {dagbag.py:355} ERROR - Failed to import: /opt/airflow/dags/nhk_pipeline_dag.py
Traceback (most recent call last):
  File "/home/airflow/.local/lib/python3.12/site-packages/airflow/models/dagbag.py", line 351, in parse
    loader.exec_module(new_module)
  File "<frozen importlib._bootstrap_external>", line 995, in exec_module
  File "<frozen importlib._bootstrap>", line 488, in _call_with_frames_removed
  File "/opt/airflow/dags/nhk_pipeline_dag.py", line 7, in <module>
    from scrapeNHKnews import scrape_NHK
  File "/opt/airflow/scrapeNHKnews.py", line 3, in <module>
    import neologdn
ModuleNotFoundError: No module named 'neologdn'
[2025-06-07T05:26:22.950+0000] {processor.py:842} WARNING - No viable dags retrieved from /opt/airflow/dags/nhk_pipeline_dag.py
[2025-06-07T05:26:22.987+0000] {processor.py:183} INFO - Processing /opt/airflow/dags/nhk_pipeline_dag.py took 0.152 seconds
[2025-06-07T05:26:53.102+0000] {processor.py:161} INFO - Started process (PID=225) to work on /opt/airflow/dags/nhk_pipeline_dag.py
[2025-06-07T05:26:53.103+0000] {processor.py:830} INFO - Processing file /opt/airflow/dags/nhk_pipeline_dag.py for tasks to queue
[2025-06-07T05:26:53.105+0000] {logging_mixin.py:188} INFO - [2025-06-07T05:26:53.104+0000] {dagbag.py:545} INFO - Filling up the DagBag from /opt/airflow/dags/nhk_pipeline_dag.py
[2025-06-07T05:26:53.207+0000] {logging_mixin.py:188} INFO - [2025-06-07T05:26:53.200+0000] {dagbag.py:355} ERROR - Failed to import: /opt/airflow/dags/nhk_pipeline_dag.py
Traceback (most recent call last):
  File "/home/airflow/.local/lib/python3.12/site-packages/airflow/models/dagbag.py", line 351, in parse
    loader.exec_module(new_module)
  File "<frozen importlib._bootstrap_external>", line 995, in exec_module
  File "<frozen importlib._bootstrap>", line 488, in _call_with_frames_removed
  File "/opt/airflow/dags/nhk_pipeline_dag.py", line 7, in <module>
    from scrapeNHKnews import scrape_NHK
  File "/opt/airflow/scrapeNHKnews.py", line 3, in <module>
    import neologdn
ModuleNotFoundError: No module named 'neologdn'
[2025-06-07T05:26:53.209+0000] {processor.py:842} WARNING - No viable dags retrieved from /opt/airflow/dags/nhk_pipeline_dag.py
[2025-06-07T05:26:53.245+0000] {processor.py:183} INFO - Processing /opt/airflow/dags/nhk_pipeline_dag.py took 0.147 seconds
[2025-06-07T05:27:23.301+0000] {processor.py:161} INFO - Started process (PID=247) to work on /opt/airflow/dags/nhk_pipeline_dag.py
[2025-06-07T05:27:23.302+0000] {processor.py:830} INFO - Processing file /opt/airflow/dags/nhk_pipeline_dag.py for tasks to queue
[2025-06-07T05:27:23.304+0000] {logging_mixin.py:188} INFO - [2025-06-07T05:27:23.304+0000] {dagbag.py:545} INFO - Filling up the DagBag from /opt/airflow/dags/nhk_pipeline_dag.py
[2025-06-07T05:27:23.415+0000] {logging_mixin.py:188} INFO - [2025-06-07T05:27:23.409+0000] {dagbag.py:355} ERROR - Failed to import: /opt/airflow/dags/nhk_pipeline_dag.py
Traceback (most recent call last):
  File "/home/airflow/.local/lib/python3.12/site-packages/airflow/models/dagbag.py", line 351, in parse
    loader.exec_module(new_module)
  File "<frozen importlib._bootstrap_external>", line 995, in exec_module
  File "<frozen importlib._bootstrap>", line 488, in _call_with_frames_removed
  File "/opt/airflow/dags/nhk_pipeline_dag.py", line 7, in <module>
    from scrapeNHKnews import scrape_NHK
  File "/opt/airflow/scrapeNHKnews.py", line 3, in <module>
    import neologdn
ModuleNotFoundError: No module named 'neologdn'
[2025-06-07T05:27:23.417+0000] {processor.py:842} WARNING - No viable dags retrieved from /opt/airflow/dags/nhk_pipeline_dag.py
[2025-06-07T05:27:23.457+0000] {processor.py:183} INFO - Processing /opt/airflow/dags/nhk_pipeline_dag.py took 0.162 seconds
[2025-06-07T05:27:53.556+0000] {processor.py:161} INFO - Started process (PID=262) to work on /opt/airflow/dags/nhk_pipeline_dag.py
[2025-06-07T05:27:53.556+0000] {processor.py:830} INFO - Processing file /opt/airflow/dags/nhk_pipeline_dag.py for tasks to queue
[2025-06-07T05:27:53.559+0000] {logging_mixin.py:188} INFO - [2025-06-07T05:27:53.559+0000] {dagbag.py:545} INFO - Filling up the DagBag from /opt/airflow/dags/nhk_pipeline_dag.py
[2025-06-07T05:27:53.758+0000] {logging_mixin.py:188} INFO - [2025-06-07T05:27:53.748+0000] {dagbag.py:355} ERROR - Failed to import: /opt/airflow/dags/nhk_pipeline_dag.py
Traceback (most recent call last):
  File "/home/airflow/.local/lib/python3.12/site-packages/airflow/models/dagbag.py", line 351, in parse
    loader.exec_module(new_module)
  File "<frozen importlib._bootstrap_external>", line 995, in exec_module
  File "<frozen importlib._bootstrap>", line 488, in _call_with_frames_removed
  File "/opt/airflow/dags/nhk_pipeline_dag.py", line 7, in <module>
    from scrapeNHKnews import scrape_NHK
  File "/opt/airflow/scrapeNHKnews.py", line 3, in <module>
    import neologdn
ModuleNotFoundError: No module named 'neologdn'
[2025-06-07T05:27:53.761+0000] {processor.py:842} WARNING - No viable dags retrieved from /opt/airflow/dags/nhk_pipeline_dag.py
[2025-06-07T05:27:53.805+0000] {processor.py:183} INFO - Processing /opt/airflow/dags/nhk_pipeline_dag.py took 0.256 seconds
[2025-06-07T05:28:23.967+0000] {processor.py:161} INFO - Started process (PID=277) to work on /opt/airflow/dags/nhk_pipeline_dag.py
[2025-06-07T05:28:23.968+0000] {processor.py:830} INFO - Processing file /opt/airflow/dags/nhk_pipeline_dag.py for tasks to queue
[2025-06-07T05:28:23.970+0000] {logging_mixin.py:188} INFO - [2025-06-07T05:28:23.969+0000] {dagbag.py:545} INFO - Filling up the DagBag from /opt/airflow/dags/nhk_pipeline_dag.py
[2025-06-07T05:28:24.074+0000] {logging_mixin.py:188} INFO - [2025-06-07T05:28:24.068+0000] {dagbag.py:355} ERROR - Failed to import: /opt/airflow/dags/nhk_pipeline_dag.py
Traceback (most recent call last):
  File "/home/airflow/.local/lib/python3.12/site-packages/airflow/models/dagbag.py", line 351, in parse
    loader.exec_module(new_module)
  File "<frozen importlib._bootstrap_external>", line 995, in exec_module
  File "<frozen importlib._bootstrap>", line 488, in _call_with_frames_removed
  File "/opt/airflow/dags/nhk_pipeline_dag.py", line 7, in <module>
    from scrapeNHKnews import scrape_NHK
  File "/opt/airflow/scrapeNHKnews.py", line 3, in <module>
    import neologdn
ModuleNotFoundError: No module named 'neologdn'
[2025-06-07T05:28:24.076+0000] {processor.py:842} WARNING - No viable dags retrieved from /opt/airflow/dags/nhk_pipeline_dag.py
[2025-06-07T05:28:24.114+0000] {processor.py:183} INFO - Processing /opt/airflow/dags/nhk_pipeline_dag.py took 0.151 seconds
[2025-06-07T05:28:54.339+0000] {processor.py:161} INFO - Started process (PID=299) to work on /opt/airflow/dags/nhk_pipeline_dag.py
[2025-06-07T05:28:54.339+0000] {processor.py:830} INFO - Processing file /opt/airflow/dags/nhk_pipeline_dag.py for tasks to queue
[2025-06-07T05:28:54.341+0000] {logging_mixin.py:188} INFO - [2025-06-07T05:28:54.341+0000] {dagbag.py:545} INFO - Filling up the DagBag from /opt/airflow/dags/nhk_pipeline_dag.py
[2025-06-07T05:28:54.448+0000] {logging_mixin.py:188} INFO - [2025-06-07T05:28:54.441+0000] {dagbag.py:355} ERROR - Failed to import: /opt/airflow/dags/nhk_pipeline_dag.py
Traceback (most recent call last):
  File "/home/airflow/.local/lib/python3.12/site-packages/airflow/models/dagbag.py", line 351, in parse
    loader.exec_module(new_module)
  File "<frozen importlib._bootstrap_external>", line 995, in exec_module
  File "<frozen importlib._bootstrap>", line 488, in _call_with_frames_removed
  File "/opt/airflow/dags/nhk_pipeline_dag.py", line 7, in <module>
    from scrapeNHKnews import scrape_NHK
  File "/opt/airflow/scrapeNHKnews.py", line 3, in <module>
    import neologdn
ModuleNotFoundError: No module named 'neologdn'
[2025-06-07T05:28:54.450+0000] {processor.py:842} WARNING - No viable dags retrieved from /opt/airflow/dags/nhk_pipeline_dag.py
[2025-06-07T05:28:54.488+0000] {processor.py:183} INFO - Processing /opt/airflow/dags/nhk_pipeline_dag.py took 0.154 seconds
[2025-06-07T05:29:24.635+0000] {processor.py:161} INFO - Started process (PID=313) to work on /opt/airflow/dags/nhk_pipeline_dag.py
[2025-06-07T05:29:24.636+0000] {processor.py:830} INFO - Processing file /opt/airflow/dags/nhk_pipeline_dag.py for tasks to queue
[2025-06-07T05:29:24.638+0000] {logging_mixin.py:188} INFO - [2025-06-07T05:29:24.637+0000] {dagbag.py:545} INFO - Filling up the DagBag from /opt/airflow/dags/nhk_pipeline_dag.py
[2025-06-07T05:29:24.747+0000] {logging_mixin.py:188} INFO - [2025-06-07T05:29:24.741+0000] {dagbag.py:355} ERROR - Failed to import: /opt/airflow/dags/nhk_pipeline_dag.py
Traceback (most recent call last):
  File "/home/airflow/.local/lib/python3.12/site-packages/airflow/models/dagbag.py", line 351, in parse
    loader.exec_module(new_module)
  File "<frozen importlib._bootstrap_external>", line 995, in exec_module
  File "<frozen importlib._bootstrap>", line 488, in _call_with_frames_removed
  File "/opt/airflow/dags/nhk_pipeline_dag.py", line 7, in <module>
    from scrapeNHKnews import scrape_NHK
  File "/opt/airflow/scrapeNHKnews.py", line 3, in <module>
    import neologdn
ModuleNotFoundError: No module named 'neologdn'
[2025-06-07T05:29:24.749+0000] {processor.py:842} WARNING - No viable dags retrieved from /opt/airflow/dags/nhk_pipeline_dag.py
[2025-06-07T05:29:24.787+0000] {processor.py:183} INFO - Processing /opt/airflow/dags/nhk_pipeline_dag.py took 0.156 seconds
[2025-06-07T05:29:54.960+0000] {processor.py:161} INFO - Started process (PID=335) to work on /opt/airflow/dags/nhk_pipeline_dag.py
[2025-06-07T05:29:54.960+0000] {processor.py:830} INFO - Processing file /opt/airflow/dags/nhk_pipeline_dag.py for tasks to queue
[2025-06-07T05:29:54.963+0000] {logging_mixin.py:188} INFO - [2025-06-07T05:29:54.962+0000] {dagbag.py:545} INFO - Filling up the DagBag from /opt/airflow/dags/nhk_pipeline_dag.py
[2025-06-07T05:29:55.068+0000] {logging_mixin.py:188} INFO - [2025-06-07T05:29:55.062+0000] {dagbag.py:355} ERROR - Failed to import: /opt/airflow/dags/nhk_pipeline_dag.py
Traceback (most recent call last):
  File "/home/airflow/.local/lib/python3.12/site-packages/airflow/models/dagbag.py", line 351, in parse
    loader.exec_module(new_module)
  File "<frozen importlib._bootstrap_external>", line 995, in exec_module
  File "<frozen importlib._bootstrap>", line 488, in _call_with_frames_removed
  File "/opt/airflow/dags/nhk_pipeline_dag.py", line 7, in <module>
    from scrapeNHKnews import scrape_NHK
  File "/opt/airflow/scrapeNHKnews.py", line 3, in <module>
    import neologdn
ModuleNotFoundError: No module named 'neologdn'
[2025-06-07T05:29:55.070+0000] {processor.py:842} WARNING - No viable dags retrieved from /opt/airflow/dags/nhk_pipeline_dag.py
[2025-06-07T05:29:55.108+0000] {processor.py:183} INFO - Processing /opt/airflow/dags/nhk_pipeline_dag.py took 0.153 seconds
[2025-06-07T05:30:25.205+0000] {processor.py:161} INFO - Started process (PID=349) to work on /opt/airflow/dags/nhk_pipeline_dag.py
[2025-06-07T05:30:25.205+0000] {processor.py:830} INFO - Processing file /opt/airflow/dags/nhk_pipeline_dag.py for tasks to queue
[2025-06-07T05:30:25.207+0000] {logging_mixin.py:188} INFO - [2025-06-07T05:30:25.207+0000] {dagbag.py:545} INFO - Filling up the DagBag from /opt/airflow/dags/nhk_pipeline_dag.py
[2025-06-07T05:30:25.308+0000] {logging_mixin.py:188} INFO - [2025-06-07T05:30:25.303+0000] {dagbag.py:355} ERROR - Failed to import: /opt/airflow/dags/nhk_pipeline_dag.py
Traceback (most recent call last):
  File "/home/airflow/.local/lib/python3.12/site-packages/airflow/models/dagbag.py", line 351, in parse
    loader.exec_module(new_module)
  File "<frozen importlib._bootstrap_external>", line 995, in exec_module
  File "<frozen importlib._bootstrap>", line 488, in _call_with_frames_removed
  File "/opt/airflow/dags/nhk_pipeline_dag.py", line 7, in <module>
    from scrapeNHKnews import scrape_NHK
  File "/opt/airflow/scrapeNHKnews.py", line 3, in <module>
    import neologdn
ModuleNotFoundError: No module named 'neologdn'
[2025-06-07T05:30:25.310+0000] {processor.py:842} WARNING - No viable dags retrieved from /opt/airflow/dags/nhk_pipeline_dag.py
[2025-06-07T05:30:25.345+0000] {processor.py:183} INFO - Processing /opt/airflow/dags/nhk_pipeline_dag.py took 0.144 seconds
[2025-06-07T05:30:55.523+0000] {processor.py:161} INFO - Started process (PID=371) to work on /opt/airflow/dags/nhk_pipeline_dag.py
[2025-06-07T05:30:55.524+0000] {processor.py:830} INFO - Processing file /opt/airflow/dags/nhk_pipeline_dag.py for tasks to queue
[2025-06-07T05:30:55.526+0000] {logging_mixin.py:188} INFO - [2025-06-07T05:30:55.525+0000] {dagbag.py:545} INFO - Filling up the DagBag from /opt/airflow/dags/nhk_pipeline_dag.py
[2025-06-07T05:30:55.661+0000] {logging_mixin.py:188} INFO - [2025-06-07T05:30:55.652+0000] {dagbag.py:355} ERROR - Failed to import: /opt/airflow/dags/nhk_pipeline_dag.py
Traceback (most recent call last):
  File "/home/airflow/.local/lib/python3.12/site-packages/airflow/models/dagbag.py", line 351, in parse
    loader.exec_module(new_module)
  File "<frozen importlib._bootstrap_external>", line 995, in exec_module
  File "<frozen importlib._bootstrap>", line 488, in _call_with_frames_removed
  File "/opt/airflow/dags/nhk_pipeline_dag.py", line 7, in <module>
    from scrapeNHKnews import scrape_NHK
  File "/opt/airflow/scrapeNHKnews.py", line 3, in <module>
    import neologdn
ModuleNotFoundError: No module named 'neologdn'
[2025-06-07T05:30:55.665+0000] {processor.py:842} WARNING - No viable dags retrieved from /opt/airflow/dags/nhk_pipeline_dag.py
[2025-06-07T05:30:55.715+0000] {processor.py:183} INFO - Processing /opt/airflow/dags/nhk_pipeline_dag.py took 0.198 seconds
[2025-06-07T05:31:25.756+0000] {processor.py:161} INFO - Started process (PID=385) to work on /opt/airflow/dags/nhk_pipeline_dag.py
[2025-06-07T05:31:25.757+0000] {processor.py:830} INFO - Processing file /opt/airflow/dags/nhk_pipeline_dag.py for tasks to queue
[2025-06-07T05:31:25.759+0000] {logging_mixin.py:188} INFO - [2025-06-07T05:31:25.758+0000] {dagbag.py:545} INFO - Filling up the DagBag from /opt/airflow/dags/nhk_pipeline_dag.py
[2025-06-07T05:31:25.896+0000] {logging_mixin.py:188} INFO - [2025-06-07T05:31:25.879+0000] {dagbag.py:355} ERROR - Failed to import: /opt/airflow/dags/nhk_pipeline_dag.py
Traceback (most recent call last):
  File "/home/airflow/.local/lib/python3.12/site-packages/airflow/models/dagbag.py", line 351, in parse
    loader.exec_module(new_module)
  File "<frozen importlib._bootstrap_external>", line 995, in exec_module
  File "<frozen importlib._bootstrap>", line 488, in _call_with_frames_removed
  File "/opt/airflow/dags/nhk_pipeline_dag.py", line 7, in <module>
    from scrapeNHKnews import scrape_NHK
  File "/opt/airflow/scrapeNHKnews.py", line 3, in <module>
    import neologdn
ModuleNotFoundError: No module named 'neologdn'
[2025-06-07T05:31:25.902+0000] {processor.py:842} WARNING - No viable dags retrieved from /opt/airflow/dags/nhk_pipeline_dag.py
[2025-06-07T05:31:25.988+0000] {processor.py:183} INFO - Processing /opt/airflow/dags/nhk_pipeline_dag.py took 0.236 seconds
[2025-06-07T05:51:00.654+0000] {processor.py:161} INFO - Started process (PID=31) to work on /opt/airflow/dags/nhk_pipeline_dag.py
[2025-06-07T05:51:00.655+0000] {processor.py:830} INFO - Processing file /opt/airflow/dags/nhk_pipeline_dag.py for tasks to queue
[2025-06-07T05:51:00.657+0000] {logging_mixin.py:188} INFO - [2025-06-07T05:51:00.656+0000] {dagbag.py:545} INFO - Filling up the DagBag from /opt/airflow/dags/nhk_pipeline_dag.py
[2025-06-07T05:51:00.912+0000] {logging_mixin.py:188} INFO - [2025-06-07T05:51:00.905+0000] {dagbag.py:355} ERROR - Failed to import: /opt/airflow/dags/nhk_pipeline_dag.py
Traceback (most recent call last):
  File "/home/airflow/.local/lib/python3.12/site-packages/airflow/models/dagbag.py", line 351, in parse
    loader.exec_module(new_module)
  File "<frozen importlib._bootstrap_external>", line 995, in exec_module
  File "<frozen importlib._bootstrap>", line 488, in _call_with_frames_removed
  File "/opt/airflow/dags/nhk_pipeline_dag.py", line 8, in <module>
    from count_kanji import batch_process
  File "/opt/airflow/count_kanji.py", line 6, in <module>
    from tqdm import tqdm
ModuleNotFoundError: No module named 'tqdm'
[2025-06-07T05:51:00.914+0000] {processor.py:842} WARNING - No viable dags retrieved from /opt/airflow/dags/nhk_pipeline_dag.py
[2025-06-07T05:51:00.955+0000] {processor.py:183} INFO - Processing /opt/airflow/dags/nhk_pipeline_dag.py took 0.304 seconds
[2025-06-07T05:51:31.134+0000] {processor.py:161} INFO - Started process (PID=47) to work on /opt/airflow/dags/nhk_pipeline_dag.py
[2025-06-07T05:51:31.135+0000] {processor.py:830} INFO - Processing file /opt/airflow/dags/nhk_pipeline_dag.py for tasks to queue
[2025-06-07T05:51:31.137+0000] {logging_mixin.py:188} INFO - [2025-06-07T05:51:31.137+0000] {dagbag.py:545} INFO - Filling up the DagBag from /opt/airflow/dags/nhk_pipeline_dag.py
[2025-06-07T05:51:31.312+0000] {logging_mixin.py:188} INFO - [2025-06-07T05:51:31.304+0000] {dagbag.py:355} ERROR - Failed to import: /opt/airflow/dags/nhk_pipeline_dag.py
Traceback (most recent call last):
  File "/home/airflow/.local/lib/python3.12/site-packages/airflow/models/dagbag.py", line 351, in parse
    loader.exec_module(new_module)
  File "<frozen importlib._bootstrap_external>", line 995, in exec_module
  File "<frozen importlib._bootstrap>", line 488, in _call_with_frames_removed
  File "/opt/airflow/dags/nhk_pipeline_dag.py", line 8, in <module>
    from count_kanji import batch_process
  File "/opt/airflow/count_kanji.py", line 6, in <module>
    from tqdm import tqdm
ModuleNotFoundError: No module named 'tqdm'
[2025-06-07T05:51:31.315+0000] {processor.py:842} WARNING - No viable dags retrieved from /opt/airflow/dags/nhk_pipeline_dag.py
[2025-06-07T05:51:31.398+0000] {processor.py:183} INFO - Processing /opt/airflow/dags/nhk_pipeline_dag.py took 0.270 seconds
[2025-06-07T05:52:01.558+0000] {processor.py:161} INFO - Started process (PID=68) to work on /opt/airflow/dags/nhk_pipeline_dag.py
[2025-06-07T05:52:01.559+0000] {processor.py:830} INFO - Processing file /opt/airflow/dags/nhk_pipeline_dag.py for tasks to queue
[2025-06-07T05:52:01.561+0000] {logging_mixin.py:188} INFO - [2025-06-07T05:52:01.560+0000] {dagbag.py:545} INFO - Filling up the DagBag from /opt/airflow/dags/nhk_pipeline_dag.py
[2025-06-07T05:52:01.710+0000] {logging_mixin.py:188} INFO - [2025-06-07T05:52:01.704+0000] {dagbag.py:355} ERROR - Failed to import: /opt/airflow/dags/nhk_pipeline_dag.py
Traceback (most recent call last):
  File "/home/airflow/.local/lib/python3.12/site-packages/airflow/models/dagbag.py", line 351, in parse
    loader.exec_module(new_module)
  File "<frozen importlib._bootstrap_external>", line 995, in exec_module
  File "<frozen importlib._bootstrap>", line 488, in _call_with_frames_removed
  File "/opt/airflow/dags/nhk_pipeline_dag.py", line 8, in <module>
    from count_kanji import batch_process
  File "/opt/airflow/count_kanji.py", line 6, in <module>
    from tqdm import tqdm
ModuleNotFoundError: No module named 'tqdm'
[2025-06-07T05:52:01.712+0000] {processor.py:842} WARNING - No viable dags retrieved from /opt/airflow/dags/nhk_pipeline_dag.py
[2025-06-07T05:52:01.751+0000] {processor.py:183} INFO - Processing /opt/airflow/dags/nhk_pipeline_dag.py took 0.197 seconds
[2025-06-07T05:52:31.983+0000] {processor.py:161} INFO - Started process (PID=83) to work on /opt/airflow/dags/nhk_pipeline_dag.py
[2025-06-07T05:52:31.987+0000] {processor.py:830} INFO - Processing file /opt/airflow/dags/nhk_pipeline_dag.py for tasks to queue
[2025-06-07T05:52:31.990+0000] {logging_mixin.py:188} INFO - [2025-06-07T05:52:31.989+0000] {dagbag.py:545} INFO - Filling up the DagBag from /opt/airflow/dags/nhk_pipeline_dag.py
[2025-06-07T05:52:32.156+0000] {logging_mixin.py:188} INFO - [2025-06-07T05:52:32.150+0000] {dagbag.py:355} ERROR - Failed to import: /opt/airflow/dags/nhk_pipeline_dag.py
Traceback (most recent call last):
  File "/home/airflow/.local/lib/python3.12/site-packages/airflow/models/dagbag.py", line 351, in parse
    loader.exec_module(new_module)
  File "<frozen importlib._bootstrap_external>", line 995, in exec_module
  File "<frozen importlib._bootstrap>", line 488, in _call_with_frames_removed
  File "/opt/airflow/dags/nhk_pipeline_dag.py", line 8, in <module>
    from count_kanji import batch_process
  File "/opt/airflow/count_kanji.py", line 6, in <module>
    from tqdm import tqdm
ModuleNotFoundError: No module named 'tqdm'
[2025-06-07T05:52:32.159+0000] {processor.py:842} WARNING - No viable dags retrieved from /opt/airflow/dags/nhk_pipeline_dag.py
[2025-06-07T05:52:32.200+0000] {processor.py:183} INFO - Processing /opt/airflow/dags/nhk_pipeline_dag.py took 0.223 seconds
[2025-06-07T05:53:02.375+0000] {processor.py:161} INFO - Started process (PID=105) to work on /opt/airflow/dags/nhk_pipeline_dag.py
[2025-06-07T05:53:02.376+0000] {processor.py:830} INFO - Processing file /opt/airflow/dags/nhk_pipeline_dag.py for tasks to queue
[2025-06-07T05:53:02.379+0000] {logging_mixin.py:188} INFO - [2025-06-07T05:53:02.378+0000] {dagbag.py:545} INFO - Filling up the DagBag from /opt/airflow/dags/nhk_pipeline_dag.py
[2025-06-07T05:53:02.539+0000] {logging_mixin.py:188} INFO - [2025-06-07T05:53:02.533+0000] {dagbag.py:355} ERROR - Failed to import: /opt/airflow/dags/nhk_pipeline_dag.py
Traceback (most recent call last):
  File "/home/airflow/.local/lib/python3.12/site-packages/airflow/models/dagbag.py", line 351, in parse
    loader.exec_module(new_module)
  File "<frozen importlib._bootstrap_external>", line 995, in exec_module
  File "<frozen importlib._bootstrap>", line 488, in _call_with_frames_removed
  File "/opt/airflow/dags/nhk_pipeline_dag.py", line 8, in <module>
    from count_kanji import batch_process
  File "/opt/airflow/count_kanji.py", line 6, in <module>
    from tqdm import tqdm
ModuleNotFoundError: No module named 'tqdm'
[2025-06-07T05:53:02.541+0000] {processor.py:842} WARNING - No viable dags retrieved from /opt/airflow/dags/nhk_pipeline_dag.py
[2025-06-07T05:53:02.583+0000] {processor.py:183} INFO - Processing /opt/airflow/dags/nhk_pipeline_dag.py took 0.214 seconds
[2025-06-07T05:53:32.812+0000] {processor.py:161} INFO - Started process (PID=120) to work on /opt/airflow/dags/nhk_pipeline_dag.py
[2025-06-07T05:53:32.813+0000] {processor.py:830} INFO - Processing file /opt/airflow/dags/nhk_pipeline_dag.py for tasks to queue
[2025-06-07T05:53:32.814+0000] {logging_mixin.py:188} INFO - [2025-06-07T05:53:32.814+0000] {dagbag.py:545} INFO - Filling up the DagBag from /opt/airflow/dags/nhk_pipeline_dag.py
[2025-06-07T05:53:32.980+0000] {processor.py:840} INFO - DAG(s) 'kanji_counter' retrieved from /opt/airflow/dags/nhk_pipeline_dag.py
[2025-06-07T05:53:33.331+0000] {logging_mixin.py:188} INFO - [2025-06-07T05:53:33.331+0000] {override.py:1829} INFO - Created Permission View: can delete on DAG:kanji_counter
[2025-06-07T05:53:33.342+0000] {logging_mixin.py:188} INFO - [2025-06-07T05:53:33.342+0000] {override.py:1829} INFO - Created Permission View: can read on DAG:kanji_counter
[2025-06-07T05:53:33.349+0000] {logging_mixin.py:188} INFO - [2025-06-07T05:53:33.349+0000] {override.py:1829} INFO - Created Permission View: can edit on DAG:kanji_counter
[2025-06-07T05:53:33.349+0000] {logging_mixin.py:188} INFO - [2025-06-07T05:53:33.349+0000] {dag.py:3096} INFO - Sync 1 DAGs
[2025-06-07T05:53:33.356+0000] {logging_mixin.py:188} INFO - [2025-06-07T05:53:33.356+0000] {dag.py:3118} INFO - Creating ORM DAG for kanji_counter
[2025-06-07T05:53:33.363+0000] {logging_mixin.py:188} INFO - [2025-06-07T05:53:33.363+0000] {dag.py:3954} INFO - Setting next_dagrun for kanji_counter to 2025-06-06 00:00:00+00:00, run_after=2025-06-07 00:00:00+00:00
[2025-06-07T05:53:33.385+0000] {processor.py:183} INFO - Processing /opt/airflow/dags/nhk_pipeline_dag.py took 0.579 seconds
[2025-06-07T05:54:34.458+0000] {processor.py:161} INFO - Started process (PID=31) to work on /opt/airflow/dags/nhk_pipeline_dag.py
[2025-06-07T05:54:34.459+0000] {processor.py:830} INFO - Processing file /opt/airflow/dags/nhk_pipeline_dag.py for tasks to queue
[2025-06-07T05:54:34.460+0000] {logging_mixin.py:188} INFO - [2025-06-07T05:54:34.460+0000] {dagbag.py:545} INFO - Filling up the DagBag from /opt/airflow/dags/nhk_pipeline_dag.py
[2025-06-07T05:54:34.666+0000] {processor.py:840} INFO - DAG(s) 'kanji_counter' retrieved from /opt/airflow/dags/nhk_pipeline_dag.py
[2025-06-07T05:54:34.879+0000] {logging_mixin.py:188} INFO - [2025-06-07T05:54:34.879+0000] {override.py:1829} INFO - Created Permission View: can read on DAG:kanji_counter
[2025-06-07T05:54:34.890+0000] {logging_mixin.py:188} INFO - [2025-06-07T05:54:34.890+0000] {override.py:1829} INFO - Created Permission View: can delete on DAG:kanji_counter
[2025-06-07T05:54:34.897+0000] {logging_mixin.py:188} INFO - [2025-06-07T05:54:34.897+0000] {override.py:1829} INFO - Created Permission View: can edit on DAG:kanji_counter
[2025-06-07T05:54:34.897+0000] {logging_mixin.py:188} INFO - [2025-06-07T05:54:34.897+0000] {dag.py:3096} INFO - Sync 1 DAGs
[2025-06-07T05:54:34.907+0000] {logging_mixin.py:188} INFO - [2025-06-07T05:54:34.907+0000] {dag.py:3118} INFO - Creating ORM DAG for kanji_counter
[2025-06-07T05:54:34.916+0000] {logging_mixin.py:188} INFO - [2025-06-07T05:54:34.916+0000] {dag.py:3954} INFO - Setting next_dagrun for kanji_counter to 2025-06-06 00:00:00+00:00, run_after=2025-06-07 00:00:00+00:00
[2025-06-07T05:54:35.100+0000] {processor.py:183} INFO - Processing /opt/airflow/dags/nhk_pipeline_dag.py took 0.646 seconds
[2025-06-07T05:55:05.307+0000] {processor.py:161} INFO - Started process (PID=53) to work on /opt/airflow/dags/nhk_pipeline_dag.py
[2025-06-07T05:55:05.308+0000] {processor.py:830} INFO - Processing file /opt/airflow/dags/nhk_pipeline_dag.py for tasks to queue
[2025-06-07T05:55:05.310+0000] {logging_mixin.py:188} INFO - [2025-06-07T05:55:05.310+0000] {dagbag.py:545} INFO - Filling up the DagBag from /opt/airflow/dags/nhk_pipeline_dag.py
[2025-06-07T05:55:05.565+0000] {processor.py:840} INFO - DAG(s) 'kanji_counter' retrieved from /opt/airflow/dags/nhk_pipeline_dag.py
[2025-06-07T05:55:05.661+0000] {logging_mixin.py:188} INFO - [2025-06-07T05:55:05.660+0000] {dag.py:3096} INFO - Sync 1 DAGs
[2025-06-07T05:55:05.700+0000] {logging_mixin.py:188} INFO - [2025-06-07T05:55:05.699+0000] {dag.py:3954} INFO - Setting next_dagrun for kanji_counter to 2025-06-06 00:00:00+00:00, run_after=2025-06-07 00:00:00+00:00
[2025-06-07T05:55:05.734+0000] {processor.py:183} INFO - Processing /opt/airflow/dags/nhk_pipeline_dag.py took 0.432 seconds
[2025-06-07T05:55:35.890+0000] {processor.py:161} INFO - Started process (PID=68) to work on /opt/airflow/dags/nhk_pipeline_dag.py
[2025-06-07T05:55:35.891+0000] {processor.py:830} INFO - Processing file /opt/airflow/dags/nhk_pipeline_dag.py for tasks to queue
[2025-06-07T05:55:35.893+0000] {logging_mixin.py:188} INFO - [2025-06-07T05:55:35.892+0000] {dagbag.py:545} INFO - Filling up the DagBag from /opt/airflow/dags/nhk_pipeline_dag.py
[2025-06-07T05:55:36.063+0000] {processor.py:840} INFO - DAG(s) 'kanji_counter' retrieved from /opt/airflow/dags/nhk_pipeline_dag.py
[2025-06-07T05:55:36.107+0000] {logging_mixin.py:188} INFO - [2025-06-07T05:55:36.107+0000] {dag.py:3096} INFO - Sync 1 DAGs
[2025-06-07T05:55:36.124+0000] {logging_mixin.py:188} INFO - [2025-06-07T05:55:36.124+0000] {dag.py:3954} INFO - Setting next_dagrun for kanji_counter to 2025-06-06 00:00:00+00:00, run_after=2025-06-07 00:00:00+00:00
[2025-06-07T05:55:36.145+0000] {processor.py:183} INFO - Processing /opt/airflow/dags/nhk_pipeline_dag.py took 0.260 seconds
[2025-06-07T05:56:06.317+0000] {processor.py:161} INFO - Started process (PID=84) to work on /opt/airflow/dags/nhk_pipeline_dag.py
[2025-06-07T05:56:06.318+0000] {processor.py:830} INFO - Processing file /opt/airflow/dags/nhk_pipeline_dag.py for tasks to queue
[2025-06-07T05:56:06.320+0000] {logging_mixin.py:188} INFO - [2025-06-07T05:56:06.320+0000] {dagbag.py:545} INFO - Filling up the DagBag from /opt/airflow/dags/nhk_pipeline_dag.py
[2025-06-07T05:56:06.486+0000] {processor.py:840} INFO - DAG(s) 'kanji_counter' retrieved from /opt/airflow/dags/nhk_pipeline_dag.py
[2025-06-07T05:56:06.528+0000] {logging_mixin.py:188} INFO - [2025-06-07T05:56:06.528+0000] {dag.py:3096} INFO - Sync 1 DAGs
[2025-06-07T05:56:06.544+0000] {logging_mixin.py:188} INFO - [2025-06-07T05:56:06.544+0000] {dag.py:3954} INFO - Setting next_dagrun for kanji_counter to 2025-06-06 00:00:00+00:00, run_after=2025-06-07 00:00:00+00:00
[2025-06-07T05:56:06.563+0000] {processor.py:183} INFO - Processing /opt/airflow/dags/nhk_pipeline_dag.py took 0.251 seconds
[2025-06-07T05:56:36.730+0000] {processor.py:161} INFO - Started process (PID=106) to work on /opt/airflow/dags/nhk_pipeline_dag.py
[2025-06-07T05:56:36.731+0000] {processor.py:830} INFO - Processing file /opt/airflow/dags/nhk_pipeline_dag.py for tasks to queue
[2025-06-07T05:56:36.733+0000] {logging_mixin.py:188} INFO - [2025-06-07T05:56:36.733+0000] {dagbag.py:545} INFO - Filling up the DagBag from /opt/airflow/dags/nhk_pipeline_dag.py
[2025-06-07T05:56:36.880+0000] {processor.py:840} INFO - DAG(s) 'kanji_counter' retrieved from /opt/airflow/dags/nhk_pipeline_dag.py
[2025-06-07T05:56:36.920+0000] {logging_mixin.py:188} INFO - [2025-06-07T05:56:36.919+0000] {dag.py:3096} INFO - Sync 1 DAGs
[2025-06-07T05:56:36.938+0000] {logging_mixin.py:188} INFO - [2025-06-07T05:56:36.937+0000] {dag.py:3954} INFO - Setting next_dagrun for kanji_counter to 2025-06-07 00:00:00+00:00, run_after=2025-06-08 00:00:00+00:00
[2025-06-07T05:56:36.957+0000] {processor.py:183} INFO - Processing /opt/airflow/dags/nhk_pipeline_dag.py took 0.231 seconds
[2025-06-07T05:57:07.066+0000] {processor.py:161} INFO - Started process (PID=121) to work on /opt/airflow/dags/nhk_pipeline_dag.py
[2025-06-07T05:57:07.067+0000] {processor.py:830} INFO - Processing file /opt/airflow/dags/nhk_pipeline_dag.py for tasks to queue
[2025-06-07T05:57:07.069+0000] {logging_mixin.py:188} INFO - [2025-06-07T05:57:07.068+0000] {dagbag.py:545} INFO - Filling up the DagBag from /opt/airflow/dags/nhk_pipeline_dag.py
[2025-06-07T05:57:07.220+0000] {processor.py:840} INFO - DAG(s) 'kanji_counter' retrieved from /opt/airflow/dags/nhk_pipeline_dag.py
[2025-06-07T05:57:07.262+0000] {logging_mixin.py:188} INFO - [2025-06-07T05:57:07.262+0000] {dag.py:3096} INFO - Sync 1 DAGs
[2025-06-07T05:57:07.278+0000] {logging_mixin.py:188} INFO - [2025-06-07T05:57:07.278+0000] {dag.py:3954} INFO - Setting next_dagrun for kanji_counter to 2025-06-07 00:00:00+00:00, run_after=2025-06-08 00:00:00+00:00
[2025-06-07T05:57:07.295+0000] {processor.py:183} INFO - Processing /opt/airflow/dags/nhk_pipeline_dag.py took 0.234 seconds
[2025-06-07T05:57:37.495+0000] {processor.py:161} INFO - Started process (PID=144) to work on /opt/airflow/dags/nhk_pipeline_dag.py
[2025-06-07T05:57:37.504+0000] {processor.py:830} INFO - Processing file /opt/airflow/dags/nhk_pipeline_dag.py for tasks to queue
[2025-06-07T05:57:37.525+0000] {logging_mixin.py:188} INFO - [2025-06-07T05:57:37.524+0000] {dagbag.py:545} INFO - Filling up the DagBag from /opt/airflow/dags/nhk_pipeline_dag.py
[2025-06-07T05:57:37.802+0000] {processor.py:840} INFO - DAG(s) 'kanji_counter' retrieved from /opt/airflow/dags/nhk_pipeline_dag.py
[2025-06-07T05:57:37.901+0000] {logging_mixin.py:188} INFO - [2025-06-07T05:57:37.900+0000] {dag.py:3096} INFO - Sync 1 DAGs
[2025-06-07T05:57:37.945+0000] {logging_mixin.py:188} INFO - [2025-06-07T05:57:37.945+0000] {dag.py:3954} INFO - Setting next_dagrun for kanji_counter to 2025-06-07 00:00:00+00:00, run_after=2025-06-08 00:00:00+00:00
[2025-06-07T05:57:38.473+0000] {processor.py:183} INFO - Processing /opt/airflow/dags/nhk_pipeline_dag.py took 1.003 seconds
[2025-06-07T05:58:08.655+0000] {processor.py:161} INFO - Started process (PID=160) to work on /opt/airflow/dags/nhk_pipeline_dag.py
[2025-06-07T05:58:08.656+0000] {processor.py:830} INFO - Processing file /opt/airflow/dags/nhk_pipeline_dag.py for tasks to queue
[2025-06-07T05:58:08.658+0000] {logging_mixin.py:188} INFO - [2025-06-07T05:58:08.657+0000] {dagbag.py:545} INFO - Filling up the DagBag from /opt/airflow/dags/nhk_pipeline_dag.py
[2025-06-07T05:58:08.810+0000] {processor.py:840} INFO - DAG(s) 'kanji_counter' retrieved from /opt/airflow/dags/nhk_pipeline_dag.py
[2025-06-07T05:58:08.850+0000] {logging_mixin.py:188} INFO - [2025-06-07T05:58:08.850+0000] {dag.py:3096} INFO - Sync 1 DAGs
[2025-06-07T05:58:09.020+0000] {logging_mixin.py:188} INFO - [2025-06-07T05:58:09.020+0000] {dag.py:3954} INFO - Setting next_dagrun for kanji_counter to 2025-06-07 00:00:00+00:00, run_after=2025-06-08 00:00:00+00:00
[2025-06-07T05:58:09.038+0000] {processor.py:183} INFO - Processing /opt/airflow/dags/nhk_pipeline_dag.py took 0.387 seconds
[2025-06-07T05:58:39.237+0000] {processor.py:161} INFO - Started process (PID=182) to work on /opt/airflow/dags/nhk_pipeline_dag.py
[2025-06-07T05:58:39.238+0000] {processor.py:830} INFO - Processing file /opt/airflow/dags/nhk_pipeline_dag.py for tasks to queue
[2025-06-07T05:58:39.240+0000] {logging_mixin.py:188} INFO - [2025-06-07T05:58:39.240+0000] {dagbag.py:545} INFO - Filling up the DagBag from /opt/airflow/dags/nhk_pipeline_dag.py
[2025-06-07T05:58:39.401+0000] {processor.py:840} INFO - DAG(s) 'kanji_counter' retrieved from /opt/airflow/dags/nhk_pipeline_dag.py
[2025-06-07T05:58:39.441+0000] {logging_mixin.py:188} INFO - [2025-06-07T05:58:39.440+0000] {dag.py:3096} INFO - Sync 1 DAGs
[2025-06-07T05:58:39.608+0000] {logging_mixin.py:188} INFO - [2025-06-07T05:58:39.608+0000] {dag.py:3954} INFO - Setting next_dagrun for kanji_counter to 2025-06-07 00:00:00+00:00, run_after=2025-06-08 00:00:00+00:00
[2025-06-07T05:58:39.627+0000] {processor.py:183} INFO - Processing /opt/airflow/dags/nhk_pipeline_dag.py took 0.395 seconds
[2025-06-07T05:59:09.858+0000] {processor.py:161} INFO - Started process (PID=197) to work on /opt/airflow/dags/nhk_pipeline_dag.py
[2025-06-07T05:59:09.859+0000] {processor.py:830} INFO - Processing file /opt/airflow/dags/nhk_pipeline_dag.py for tasks to queue
[2025-06-07T05:59:09.861+0000] {logging_mixin.py:188} INFO - [2025-06-07T05:59:09.861+0000] {dagbag.py:545} INFO - Filling up the DagBag from /opt/airflow/dags/nhk_pipeline_dag.py
[2025-06-07T05:59:10.007+0000] {processor.py:840} INFO - DAG(s) 'kanji_counter' retrieved from /opt/airflow/dags/nhk_pipeline_dag.py
[2025-06-07T05:59:10.175+0000] {logging_mixin.py:188} INFO - [2025-06-07T05:59:10.175+0000] {dag.py:3096} INFO - Sync 1 DAGs
[2025-06-07T05:59:10.190+0000] {logging_mixin.py:188} INFO - [2025-06-07T05:59:10.190+0000] {dag.py:3954} INFO - Setting next_dagrun for kanji_counter to 2025-06-07 00:00:00+00:00, run_after=2025-06-08 00:00:00+00:00
[2025-06-07T05:59:10.211+0000] {processor.py:183} INFO - Processing /opt/airflow/dags/nhk_pipeline_dag.py took 0.357 seconds
[2025-06-07T05:59:40.452+0000] {processor.py:161} INFO - Started process (PID=211) to work on /opt/airflow/dags/nhk_pipeline_dag.py
[2025-06-07T05:59:40.453+0000] {processor.py:830} INFO - Processing file /opt/airflow/dags/nhk_pipeline_dag.py for tasks to queue
[2025-06-07T05:59:40.455+0000] {logging_mixin.py:188} INFO - [2025-06-07T05:59:40.455+0000] {dagbag.py:545} INFO - Filling up the DagBag from /opt/airflow/dags/nhk_pipeline_dag.py
[2025-06-07T05:59:40.767+0000] {processor.py:840} INFO - DAG(s) 'kanji_counter' retrieved from /opt/airflow/dags/nhk_pipeline_dag.py
[2025-06-07T05:59:40.806+0000] {logging_mixin.py:188} INFO - [2025-06-07T05:59:40.806+0000] {dag.py:3096} INFO - Sync 1 DAGs
[2025-06-07T05:59:40.822+0000] {logging_mixin.py:188} INFO - [2025-06-07T05:59:40.822+0000] {dag.py:3954} INFO - Setting next_dagrun for kanji_counter to 2025-06-07 00:00:00+00:00, run_after=2025-06-08 00:00:00+00:00
[2025-06-07T05:59:40.843+0000] {processor.py:183} INFO - Processing /opt/airflow/dags/nhk_pipeline_dag.py took 0.396 seconds
[2025-06-07T06:00:11.047+0000] {processor.py:161} INFO - Started process (PID=232) to work on /opt/airflow/dags/nhk_pipeline_dag.py
[2025-06-07T06:00:11.048+0000] {processor.py:830} INFO - Processing file /opt/airflow/dags/nhk_pipeline_dag.py for tasks to queue
[2025-06-07T06:00:11.050+0000] {logging_mixin.py:188} INFO - [2025-06-07T06:00:11.050+0000] {dagbag.py:545} INFO - Filling up the DagBag from /opt/airflow/dags/nhk_pipeline_dag.py
[2025-06-07T06:00:11.324+0000] {processor.py:840} INFO - DAG(s) 'kanji_counter' retrieved from /opt/airflow/dags/nhk_pipeline_dag.py
[2025-06-07T06:00:11.361+0000] {logging_mixin.py:188} INFO - [2025-06-07T06:00:11.361+0000] {dag.py:3096} INFO - Sync 1 DAGs
[2025-06-07T06:00:11.375+0000] {logging_mixin.py:188} INFO - [2025-06-07T06:00:11.375+0000] {dag.py:3954} INFO - Setting next_dagrun for kanji_counter to 2025-06-07 00:00:00+00:00, run_after=2025-06-08 00:00:00+00:00
[2025-06-07T06:00:11.392+0000] {processor.py:183} INFO - Processing /opt/airflow/dags/nhk_pipeline_dag.py took 0.350 seconds
[2025-06-07T06:00:41.595+0000] {processor.py:161} INFO - Started process (PID=247) to work on /opt/airflow/dags/nhk_pipeline_dag.py
[2025-06-07T06:00:41.603+0000] {processor.py:830} INFO - Processing file /opt/airflow/dags/nhk_pipeline_dag.py for tasks to queue
[2025-06-07T06:00:41.605+0000] {logging_mixin.py:188} INFO - [2025-06-07T06:00:41.604+0000] {dagbag.py:545} INFO - Filling up the DagBag from /opt/airflow/dags/nhk_pipeline_dag.py
[2025-06-07T06:00:41.778+0000] {processor.py:840} INFO - DAG(s) 'kanji_counter' retrieved from /opt/airflow/dags/nhk_pipeline_dag.py
[2025-06-07T06:00:41.820+0000] {logging_mixin.py:188} INFO - [2025-06-07T06:00:41.820+0000] {dag.py:3096} INFO - Sync 1 DAGs
[2025-06-07T06:00:41.838+0000] {logging_mixin.py:188} INFO - [2025-06-07T06:00:41.838+0000] {dag.py:3954} INFO - Setting next_dagrun for kanji_counter to 2025-06-07 00:00:00+00:00, run_after=2025-06-08 00:00:00+00:00
[2025-06-07T06:00:42.064+0000] {processor.py:183} INFO - Processing /opt/airflow/dags/nhk_pipeline_dag.py took 0.475 seconds
