[2025-06-09T16:55:15.858+0000] {local_task_job_runner.py:120} INFO - ::group::Pre task execution logs
[2025-06-09T16:55:15.895+0000] {taskinstance.py:2076} INFO - Dependencies all met for dep_context=non-requeueable deps ti=<TaskInstance: kanji_counter.task_one scheduled__2025-06-08T00:00:00+00:00 [queued]>
[2025-06-09T16:55:15.903+0000] {taskinstance.py:2076} INFO - Dependencies all met for dep_context=requeueable deps ti=<TaskInstance: kanji_counter.task_one scheduled__2025-06-08T00:00:00+00:00 [queued]>
[2025-06-09T16:55:15.909+0000] {taskinstance.py:2306} INFO - Starting attempt 1 of 1
[2025-06-09T16:55:15.933+0000] {taskinstance.py:2330} INFO - Executing <Task(PythonOperator): task_one> on 2025-06-08 00:00:00+00:00
[2025-06-09T16:55:15.939+0000] {warnings.py:110} WARNING - /home/airflow/.local/lib/python3.12/site-packages/airflow/task/task_runner/standard_task_runner.py:61: DeprecationWarning: This process (pid=83) is multi-threaded, use of fork() may lead to deadlocks in the child.
  pid = os.fork()

[2025-06-09T16:55:15.940+0000] {standard_task_runner.py:63} INFO - Started process 84 to run task
[2025-06-09T16:55:15.941+0000] {standard_task_runner.py:90} INFO - Running: ['airflow', 'tasks', 'run', 'kanji_counter', 'task_one', 'scheduled__2025-06-08T00:00:00+00:00', '--job-id', '2', '--raw', '--subdir', 'DAGS_FOLDER/nhk_pipeline_dag.py', '--cfg-path', '/tmp/tmpycno6flb']
[2025-06-09T16:55:15.943+0000] {standard_task_runner.py:91} INFO - Job 2: Subtask task_one
[2025-06-09T16:55:15.991+0000] {warnings.py:110} WARNING - /home/airflow/.local/lib/python3.12/site-packages/airflow/settings.py:195: DeprecationWarning: The sql_alchemy_conn option in [core] has been moved to the sql_alchemy_conn option in [database] - the old setting has been used, but please update your config.
  SQL_ALCHEMY_CONN = conf.get("database", "SQL_ALCHEMY_CONN")

[2025-06-09T16:55:16.069+0000] {task_command.py:426} INFO - Running <TaskInstance: kanji_counter.task_one scheduled__2025-06-08T00:00:00+00:00 [running]> on host 976dd349aed5
[2025-06-09T16:55:16.243+0000] {taskinstance.py:2648} INFO - Exporting env vars: AIRFLOW_CTX_DAG_OWNER='airflow' AIRFLOW_CTX_DAG_ID='kanji_counter' AIRFLOW_CTX_TASK_ID='task_one' AIRFLOW_CTX_EXECUTION_DATE='2025-06-08T00:00:00+00:00' AIRFLOW_CTX_TRY_NUMBER='1' AIRFLOW_CTX_DAG_RUN_ID='scheduled__2025-06-08T00:00:00+00:00'
[2025-06-09T16:55:16.245+0000] {taskinstance.py:430} INFO - ::endgroup::
[2025-06-09T16:55:20.599+0000] {logging_mixin.py:188} INFO - No recognizable content section found.
[2025-06-09T16:55:20.629+0000] {taskinstance.py:441} INFO - ::group::Post task execution logs
[2025-06-09T16:55:20.630+0000] {taskinstance.py:2905} ERROR - Task failed with exception
Traceback (most recent call last):
  File "/home/airflow/.local/lib/python3.12/site-packages/airflow/models/taskinstance.py", line 465, in _execute_task
    result = _execute_callable(context=context, **execute_callable_kwargs)
             ^^^^^^^^^^^^^^^^^^^^^^^^^^^^^^^^^^^^^^^^^^^^^^^^^^^^^^^^^^^^^
  File "/home/airflow/.local/lib/python3.12/site-packages/airflow/models/taskinstance.py", line 432, in _execute_callable
    return execute_callable(context=context, **execute_callable_kwargs)
           ^^^^^^^^^^^^^^^^^^^^^^^^^^^^^^^^^^^^^^^^^^^^^^^^^^^^^^^^^^^^
  File "/home/airflow/.local/lib/python3.12/site-packages/airflow/models/baseoperator.py", line 400, in wrapper
    return func(self, *args, **kwargs)
           ^^^^^^^^^^^^^^^^^^^^^^^^^^^
  File "/home/airflow/.local/lib/python3.12/site-packages/airflow/operators/python.py", line 235, in execute
    return_value = self.execute_callable()
                   ^^^^^^^^^^^^^^^^^^^^^^^
  File "/home/airflow/.local/lib/python3.12/site-packages/airflow/operators/python.py", line 252, in execute_callable
    return self.python_callable(*self.op_args, **self.op_kwargs)
           ^^^^^^^^^^^^^^^^^^^^^^^^^^^^^^^^^^^^^^^^^^^^^^^^^^^^^
  File "/opt/airflow/scrapeNHKnews.py", line 102, in scrape_NHK
    load_mongo(content)
  File "/opt/airflow/load_mongo.py", line 20, in load_mongo
    result = article_collection.insert_many(content)
             ^^^^^^^^^^^^^^^^^^^^^^^^^^^^^^^^^^^^^^^
  File "/home/airflow/.local/lib/python3.12/site-packages/pymongo/_csot.py", line 119, in csot_wrapper
    return func(self, *args, **kwargs)
           ^^^^^^^^^^^^^^^^^^^^^^^^^^^
  File "/home/airflow/.local/lib/python3.12/site-packages/pymongo/synchronous/collection.py", line 959, in insert_many
    raise TypeError("documents must be a non-empty list")
TypeError: documents must be a non-empty list
[2025-06-09T16:55:20.665+0000] {taskinstance.py:1206} INFO - Marking task as FAILED. dag_id=kanji_counter, task_id=task_one, run_id=scheduled__2025-06-08T00:00:00+00:00, execution_date=20250608T000000, start_date=20250609T165515, end_date=20250609T165520
[2025-06-09T16:55:20.690+0000] {standard_task_runner.py:110} ERROR - Failed to execute job 2 for task task_one (documents must be a non-empty list; 84)
[2025-06-09T16:55:20.735+0000] {local_task_job_runner.py:240} INFO - Task exited with return code 1
[2025-06-09T16:55:20.786+0000] {taskinstance.py:3498} INFO - 0 downstream tasks scheduled from follow-on schedule check
[2025-06-09T16:55:20.801+0000] {local_task_job_runner.py:222} INFO - ::endgroup::
[2025-06-09T23:22:17.170+0000] {local_task_job_runner.py:120} INFO - ::group::Pre task execution logs
[2025-06-09T23:22:17.210+0000] {taskinstance.py:2076} INFO - Dependencies all met for dep_context=non-requeueable deps ti=<TaskInstance: kanji_counter.task_one scheduled__2025-06-08T00:00:00+00:00 [queued]>
[2025-06-09T23:22:17.218+0000] {taskinstance.py:2076} INFO - Dependencies all met for dep_context=requeueable deps ti=<TaskInstance: kanji_counter.task_one scheduled__2025-06-08T00:00:00+00:00 [queued]>
[2025-06-09T23:22:17.218+0000] {taskinstance.py:2306} INFO - Starting attempt 1 of 1
[2025-06-09T23:22:17.237+0000] {taskinstance.py:2330} INFO - Executing <Task(PythonOperator): task_one> on 2025-06-08 00:00:00+00:00
[2025-06-09T23:22:17.246+0000] {warnings.py:110} WARNING - /home/airflow/.local/lib/python3.12/site-packages/airflow/task/task_runner/standard_task_runner.py:61: DeprecationWarning: This process (pid=62) is multi-threaded, use of fork() may lead to deadlocks in the child.
  pid = os.fork()

[2025-06-09T23:22:17.247+0000] {standard_task_runner.py:63} INFO - Started process 63 to run task
[2025-06-09T23:22:17.248+0000] {standard_task_runner.py:90} INFO - Running: ['airflow', 'tasks', 'run', 'kanji_counter', 'task_one', 'scheduled__2025-06-08T00:00:00+00:00', '--job-id', '2', '--raw', '--subdir', 'DAGS_FOLDER/nhk_pipeline_dag.py', '--cfg-path', '/tmp/tmpqwvz0bzc']
[2025-06-09T23:22:17.251+0000] {standard_task_runner.py:91} INFO - Job 2: Subtask task_one
[2025-06-09T23:22:17.320+0000] {warnings.py:110} WARNING - /home/airflow/.local/lib/python3.12/site-packages/airflow/settings.py:195: DeprecationWarning: The sql_alchemy_conn option in [core] has been moved to the sql_alchemy_conn option in [database] - the old setting has been used, but please update your config.
  SQL_ALCHEMY_CONN = conf.get("database", "SQL_ALCHEMY_CONN")

[2025-06-09T23:22:17.767+0000] {task_command.py:426} INFO - Running <TaskInstance: kanji_counter.task_one scheduled__2025-06-08T00:00:00+00:00 [running]> on host 4eb6f1b05e11
[2025-06-09T23:22:17.981+0000] {taskinstance.py:2648} INFO - Exporting env vars: AIRFLOW_CTX_DAG_OWNER='airflow' AIRFLOW_CTX_DAG_ID='kanji_counter' AIRFLOW_CTX_TASK_ID='task_one' AIRFLOW_CTX_EXECUTION_DATE='2025-06-08T00:00:00+00:00' AIRFLOW_CTX_TRY_NUMBER='1' AIRFLOW_CTX_DAG_RUN_ID='scheduled__2025-06-08T00:00:00+00:00'
[2025-06-09T23:22:17.982+0000] {taskinstance.py:430} INFO - ::endgroup::
[2025-06-09T23:22:31.643+0000] {logging_mixin.py:188} INFO - [!] Playwright fallback failed: HTTPConnectionPool(host='nhk-playwright', port=5010): Max retries exceeded with url: /render (Caused by NameResolutionError("<urllib3.connection.HTTPConnection object at 0x7f3694de9eb0>: Failed to resolve 'nhk-playwright' ([Errno -3] Temporary failure in name resolution)"))
[2025-06-09T23:22:31.701+0000] {logging_mixin.py:188} INFO - Article collection created!
[2025-06-09T23:22:31.702+0000] {logging_mixin.py:188} INFO - Inserted 302 documents.
[2025-06-09T23:22:31.703+0000] {python.py:237} INFO - Done. Returned value was: None
[2025-06-09T23:22:31.704+0000] {taskinstance.py:441} INFO - ::group::Post task execution logs
[2025-06-09T23:22:31.735+0000] {taskinstance.py:1206} INFO - Marking task as SUCCESS. dag_id=kanji_counter, task_id=task_one, run_id=scheduled__2025-06-08T00:00:00+00:00, execution_date=20250608T000000, start_date=20250609T232217, end_date=20250609T232231
[2025-06-09T23:22:31.772+0000] {local_task_job_runner.py:240} INFO - Task exited with return code 0
[2025-06-09T23:22:31.807+0000] {taskinstance.py:3498} INFO - 1 downstream tasks scheduled from follow-on schedule check
[2025-06-09T23:22:31.812+0000] {local_task_job_runner.py:222} INFO - ::endgroup::
