[2025-06-17T01:35:30.475+0000] {local_task_job_runner.py:120} INFO - ::group::Pre task execution logs
[2025-06-17T01:35:30.511+0000] {taskinstance.py:2076} INFO - Dependencies all met for dep_context=non-requeueable deps ti=<TaskInstance: kanji_counter.task_two scheduled__2025-06-16T00:00:00+00:00 [queued]>
[2025-06-17T01:35:30.516+0000] {taskinstance.py:2076} INFO - Dependencies all met for dep_context=requeueable deps ti=<TaskInstance: kanji_counter.task_two scheduled__2025-06-16T00:00:00+00:00 [queued]>
[2025-06-17T01:35:30.517+0000] {taskinstance.py:2306} INFO - Starting attempt 1 of 1
[2025-06-17T01:35:30.531+0000] {taskinstance.py:2330} INFO - Executing <Task(PythonOperator): task_two> on 2025-06-16 00:00:00+00:00
[2025-06-17T01:35:30.538+0000] {warnings.py:110} WARNING - /home/airflow/.local/lib/python3.12/site-packages/airflow/task/task_runner/standard_task_runner.py:61: DeprecationWarning: This process (pid=329) is multi-threaded, use of fork() may lead to deadlocks in the child.
  pid = os.fork()

[2025-06-17T01:35:30.539+0000] {standard_task_runner.py:63} INFO - Started process 330 to run task
[2025-06-17T01:35:30.539+0000] {standard_task_runner.py:90} INFO - Running: ['airflow', 'tasks', 'run', 'kanji_counter', 'task_two', 'scheduled__2025-06-16T00:00:00+00:00', '--job-id', '3', '--raw', '--subdir', 'DAGS_FOLDER/nhk_pipeline_dag.py', '--cfg-path', '/tmp/tmpkmdk_rwn']
[2025-06-17T01:35:30.541+0000] {standard_task_runner.py:91} INFO - Job 3: Subtask task_two
[2025-06-17T01:35:30.575+0000] {warnings.py:110} WARNING - /home/airflow/.local/lib/python3.12/site-packages/airflow/settings.py:195: DeprecationWarning: The sql_alchemy_conn option in [core] has been moved to the sql_alchemy_conn option in [database] - the old setting has been used, but please update your config.
  SQL_ALCHEMY_CONN = conf.get("database", "SQL_ALCHEMY_CONN")

[2025-06-17T01:35:30.639+0000] {task_command.py:426} INFO - Running <TaskInstance: kanji_counter.task_two scheduled__2025-06-16T00:00:00+00:00 [running]> on host 1c484d919e14
[2025-06-17T01:35:30.774+0000] {taskinstance.py:2648} INFO - Exporting env vars: AIRFLOW_CTX_DAG_OWNER='airflow' AIRFLOW_CTX_DAG_ID='kanji_counter' AIRFLOW_CTX_TASK_ID='task_two' AIRFLOW_CTX_EXECUTION_DATE='2025-06-16T00:00:00+00:00' AIRFLOW_CTX_TRY_NUMBER='1' AIRFLOW_CTX_DAG_RUN_ID='scheduled__2025-06-16T00:00:00+00:00'
[2025-06-17T01:35:30.775+0000] {taskinstance.py:430} INFO - ::endgroup::
[2025-06-17T01:35:30.799+0000] {logging_mixin.py:188} INFO - 🔎 Fetching last processed ID from metadata...
[2025-06-17T01:35:30.819+0000] {logging_mixin.py:188} INFO - ✅ Successfully connected to MySQL.
[2025-06-17T01:35:30.823+0000] {logging_mixin.py:188} INFO - ⚠️ No processed ID found in metadata.
[2025-06-17T01:35:30.843+0000] {logging_mixin.py:188} INFO - ✅ Successfully connected to MySQL.
[2025-06-17T01:35:30.892+0000] {logging_mixin.py:188} INFO - 📝 Updating last processed ID to: 6850c661bec77d426a679fc8
[2025-06-17T01:35:30.897+0000] {logging_mixin.py:188} INFO - ✅ Processed 371 documents. Last ID: 6850c661bec77d426a679fc8
[2025-06-17T01:35:30.898+0000] {logging_mixin.py:188} INFO - ✅ No more documents to process.
[2025-06-17T01:35:30.899+0000] {logging_mixin.py:188} INFO - 🎉 Done! Total documents processed: 371
[2025-06-17T01:35:30.900+0000] {python.py:237} INFO - Done. Returned value was: None
[2025-06-17T01:35:30.901+0000] {taskinstance.py:441} INFO - ::group::Post task execution logs
[2025-06-17T01:35:30.925+0000] {taskinstance.py:1206} INFO - Marking task as SUCCESS. dag_id=kanji_counter, task_id=task_two, run_id=scheduled__2025-06-16T00:00:00+00:00, execution_date=20250616T000000, start_date=20250617T013530, end_date=20250617T013530
[2025-06-17T01:35:30.953+0000] {local_task_job_runner.py:240} INFO - Task exited with return code 0
[2025-06-17T01:35:30.984+0000] {taskinstance.py:3498} INFO - 0 downstream tasks scheduled from follow-on schedule check
[2025-06-17T01:35:30.985+0000] {local_task_job_runner.py:222} INFO - ::endgroup::
[2025-06-17T02:10:09.826+0000] {local_task_job_runner.py:120} INFO - ::group::Pre task execution logs
[2025-06-17T02:10:09.860+0000] {taskinstance.py:2076} INFO - Dependencies all met for dep_context=non-requeueable deps ti=<TaskInstance: kanji_counter.task_two scheduled__2025-06-16T00:00:00+00:00 [queued]>
[2025-06-17T02:10:09.866+0000] {taskinstance.py:2076} INFO - Dependencies all met for dep_context=requeueable deps ti=<TaskInstance: kanji_counter.task_two scheduled__2025-06-16T00:00:00+00:00 [queued]>
[2025-06-17T02:10:09.867+0000] {taskinstance.py:2306} INFO - Starting attempt 1 of 1
[2025-06-17T02:10:09.882+0000] {taskinstance.py:2330} INFO - Executing <Task(PythonOperator): task_two> on 2025-06-16 00:00:00+00:00
[2025-06-17T02:10:09.889+0000] {warnings.py:110} WARNING - /home/airflow/.local/lib/python3.12/site-packages/airflow/task/task_runner/standard_task_runner.py:61: DeprecationWarning: This process (pid=119) is multi-threaded, use of fork() may lead to deadlocks in the child.
  pid = os.fork()

[2025-06-17T02:10:09.889+0000] {standard_task_runner.py:63} INFO - Started process 120 to run task
[2025-06-17T02:10:09.890+0000] {standard_task_runner.py:90} INFO - Running: ['airflow', 'tasks', 'run', 'kanji_counter', 'task_two', 'scheduled__2025-06-16T00:00:00+00:00', '--job-id', '3', '--raw', '--subdir', 'DAGS_FOLDER/nhk_pipeline_dag.py', '--cfg-path', '/tmp/tmpbzq6mtvt']
[2025-06-17T02:10:09.892+0000] {standard_task_runner.py:91} INFO - Job 3: Subtask task_two
[2025-06-17T02:10:09.925+0000] {warnings.py:110} WARNING - /home/airflow/.local/lib/python3.12/site-packages/airflow/settings.py:195: DeprecationWarning: The sql_alchemy_conn option in [core] has been moved to the sql_alchemy_conn option in [database] - the old setting has been used, but please update your config.
  SQL_ALCHEMY_CONN = conf.get("database", "SQL_ALCHEMY_CONN")

[2025-06-17T02:10:09.988+0000] {task_command.py:426} INFO - Running <TaskInstance: kanji_counter.task_two scheduled__2025-06-16T00:00:00+00:00 [running]> on host 469d6aade061
[2025-06-17T02:10:10.126+0000] {taskinstance.py:2648} INFO - Exporting env vars: AIRFLOW_CTX_DAG_OWNER='airflow' AIRFLOW_CTX_DAG_ID='kanji_counter' AIRFLOW_CTX_TASK_ID='task_two' AIRFLOW_CTX_EXECUTION_DATE='2025-06-16T00:00:00+00:00' AIRFLOW_CTX_TRY_NUMBER='1' AIRFLOW_CTX_DAG_RUN_ID='scheduled__2025-06-16T00:00:00+00:00'
[2025-06-17T02:10:10.127+0000] {taskinstance.py:430} INFO - ::endgroup::
[2025-06-17T02:10:10.151+0000] {logging_mixin.py:188} INFO - 🔎 Fetching last processed ID from metadata...
[2025-06-17T02:10:10.173+0000] {logging_mixin.py:188} INFO - ✅ Successfully connected to MySQL.
[2025-06-17T02:10:10.175+0000] {logging_mixin.py:188} INFO - ⚠️ No processed ID found in metadata.
[2025-06-17T02:10:10.196+0000] {logging_mixin.py:188} INFO - ✅ Successfully connected to MySQL.
[2025-06-17T02:10:10.244+0000] {logging_mixin.py:188} INFO - 📝 Updating last processed ID to: 6850ce80329223441a31bf78
[2025-06-17T02:10:10.249+0000] {logging_mixin.py:188} INFO - ✅ Processed 376 documents. Last ID: 6850ce80329223441a31bf78
[2025-06-17T02:10:10.250+0000] {logging_mixin.py:188} INFO - ✅ No more documents to process.
[2025-06-17T02:10:10.252+0000] {logging_mixin.py:188} INFO - 🎉 Done! Total documents processed: 376
[2025-06-17T02:10:10.252+0000] {python.py:237} INFO - Done. Returned value was: None
[2025-06-17T02:10:10.253+0000] {taskinstance.py:441} INFO - ::group::Post task execution logs
[2025-06-17T02:10:10.293+0000] {taskinstance.py:1206} INFO - Marking task as SUCCESS. dag_id=kanji_counter, task_id=task_two, run_id=scheduled__2025-06-16T00:00:00+00:00, execution_date=20250616T000000, start_date=20250617T021009, end_date=20250617T021010
[2025-06-17T02:10:10.344+0000] {local_task_job_runner.py:240} INFO - Task exited with return code 0
[2025-06-17T02:10:10.374+0000] {taskinstance.py:3498} INFO - 0 downstream tasks scheduled from follow-on schedule check
[2025-06-17T02:10:10.376+0000] {local_task_job_runner.py:222} INFO - ::endgroup::
