[2025-06-16T18:21:29.228+0000] {local_task_job_runner.py:120} INFO - ::group::Pre task execution logs
[2025-06-16T18:21:29.262+0000] {taskinstance.py:2076} INFO - Dependencies all met for dep_context=non-requeueable deps ti=<TaskInstance: kanji_counter.task_one manual__2025-06-16T18:21:27.833599+00:00 [queued]>
[2025-06-16T18:21:29.269+0000] {taskinstance.py:2076} INFO - Dependencies all met for dep_context=requeueable deps ti=<TaskInstance: kanji_counter.task_one manual__2025-06-16T18:21:27.833599+00:00 [queued]>
[2025-06-16T18:21:29.269+0000] {taskinstance.py:2306} INFO - Starting attempt 1 of 1
[2025-06-16T18:21:29.289+0000] {taskinstance.py:2330} INFO - Executing <Task(PythonOperator): task_one> on 2025-06-16 18:21:27.833599+00:00
[2025-06-16T18:21:29.294+0000] {warnings.py:110} WARNING - /home/airflow/.local/lib/python3.12/site-packages/airflow/task/task_runner/standard_task_runner.py:61: DeprecationWarning: This process (pid=193) is multi-threaded, use of fork() may lead to deadlocks in the child.
  pid = os.fork()

[2025-06-16T18:21:29.295+0000] {standard_task_runner.py:63} INFO - Started process 194 to run task
[2025-06-16T18:21:29.295+0000] {standard_task_runner.py:90} INFO - Running: ['airflow', 'tasks', 'run', 'kanji_counter', 'task_one', 'manual__2025-06-16T18:21:27.833599+00:00', '--job-id', '4', '--raw', '--subdir', 'DAGS_FOLDER/nhk_pipeline_dag.py', '--cfg-path', '/tmp/tmpsj_5bxs3']
[2025-06-16T18:21:29.300+0000] {standard_task_runner.py:91} INFO - Job 4: Subtask task_one
[2025-06-16T18:21:29.338+0000] {warnings.py:110} WARNING - /home/airflow/.local/lib/python3.12/site-packages/airflow/settings.py:195: DeprecationWarning: The sql_alchemy_conn option in [core] has been moved to the sql_alchemy_conn option in [database] - the old setting has been used, but please update your config.
  SQL_ALCHEMY_CONN = conf.get("database", "SQL_ALCHEMY_CONN")

[2025-06-16T18:21:29.403+0000] {task_command.py:426} INFO - Running <TaskInstance: kanji_counter.task_one manual__2025-06-16T18:21:27.833599+00:00 [running]> on host 7fc1152dac4c
[2025-06-16T18:21:29.564+0000] {taskinstance.py:2648} INFO - Exporting env vars: AIRFLOW_CTX_DAG_OWNER='airflow' AIRFLOW_CTX_DAG_ID='kanji_counter' AIRFLOW_CTX_TASK_ID='task_one' AIRFLOW_CTX_EXECUTION_DATE='2025-06-16T18:21:27.833599+00:00' AIRFLOW_CTX_TRY_NUMBER='1' AIRFLOW_CTX_DAG_RUN_ID='manual__2025-06-16T18:21:27.833599+00:00'
[2025-06-16T18:21:29.567+0000] {taskinstance.py:430} INFO - ::endgroup::
[2025-06-16T18:21:34.970+0000] {logging_mixin.py:188} INFO - Article collection created!
[2025-06-16T18:21:34.971+0000] {logging_mixin.py:188} INFO - Inserted 394 documents.
[2025-06-16T18:21:34.972+0000] {python.py:237} INFO - Done. Returned value was: None
[2025-06-16T18:21:34.972+0000] {taskinstance.py:441} INFO - ::group::Post task execution logs
[2025-06-16T18:21:34.996+0000] {taskinstance.py:1206} INFO - Marking task as SUCCESS. dag_id=kanji_counter, task_id=task_one, run_id=manual__2025-06-16T18:21:27.833599+00:00, execution_date=20250616T182127, start_date=20250616T182129, end_date=20250616T182134
[2025-06-16T18:21:35.052+0000] {local_task_job_runner.py:240} INFO - Task exited with return code 0
[2025-06-16T18:21:35.085+0000] {taskinstance.py:3498} INFO - 1 downstream tasks scheduled from follow-on schedule check
[2025-06-16T18:21:35.093+0000] {local_task_job_runner.py:222} INFO - ::endgroup::
