[2026-04-03T18:30:04.767+0000] {local_task_job_runner.py:120} INFO - ::group::Pre task execution logs
[2026-04-03T18:30:04.800+0000] {taskinstance.py:2076} INFO - Dependencies all met for dep_context=non-requeueable deps ti=<TaskInstance: kanji_counter.task_two manual__2026-04-03T18:17:39.639080+00:00 [queued]>
[2026-04-03T18:30:04.807+0000] {taskinstance.py:2076} INFO - Dependencies all met for dep_context=requeueable deps ti=<TaskInstance: kanji_counter.task_two manual__2026-04-03T18:17:39.639080+00:00 [queued]>
[2026-04-03T18:30:04.810+0000] {taskinstance.py:2306} INFO - Starting attempt 1 of 1
[2026-04-03T18:30:04.830+0000] {taskinstance.py:2330} INFO - Executing <Task(PythonOperator): task_two> on 2026-04-03 18:17:39.639080+00:00
[2026-04-03T18:30:04.834+0000] {warnings.py:110} WARNING - /home/airflow/.local/lib/python3.12/site-packages/airflow/task/task_runner/standard_task_runner.py:61: DeprecationWarning: This process (pid=1148) is multi-threaded, use of fork() may lead to deadlocks in the child.
  pid = os.fork()

[2026-04-03T18:30:04.836+0000] {standard_task_runner.py:63} INFO - Started process 1149 to run task
[2026-04-03T18:30:04.836+0000] {standard_task_runner.py:90} INFO - Running: ['airflow', 'tasks', 'run', 'kanji_counter', 'task_two', 'manual__2026-04-03T18:17:39.639080+00:00', '--job-id', '13', '--raw', '--subdir', 'DAGS_FOLDER/nhk_pipeline_dag.py', '--cfg-path', '/tmp/tmpvm5k0it5']
[2026-04-03T18:30:04.838+0000] {standard_task_runner.py:91} INFO - Job 13: Subtask task_two
[2026-04-03T18:30:04.878+0000] {warnings.py:110} WARNING - /home/airflow/.local/lib/python3.12/site-packages/airflow/settings.py:195: DeprecationWarning: The sql_alchemy_conn option in [core] has been moved to the sql_alchemy_conn option in [database] - the old setting has been used, but please update your config.
  SQL_ALCHEMY_CONN = conf.get("database", "SQL_ALCHEMY_CONN")

[2026-04-03T18:30:04.940+0000] {task_command.py:426} INFO - Running <TaskInstance: kanji_counter.task_two manual__2026-04-03T18:17:39.639080+00:00 [running]> on host b11942d3304d
[2026-04-03T18:30:05.159+0000] {taskinstance.py:2648} INFO - Exporting env vars: AIRFLOW_CTX_DAG_OWNER='airflow' AIRFLOW_CTX_DAG_ID='kanji_counter' AIRFLOW_CTX_TASK_ID='task_two' AIRFLOW_CTX_EXECUTION_DATE='2026-04-03T18:17:39.639080+00:00' AIRFLOW_CTX_TRY_NUMBER='1' AIRFLOW_CTX_DAG_RUN_ID='manual__2026-04-03T18:17:39.639080+00:00'
[2026-04-03T18:30:05.161+0000] {taskinstance.py:430} INFO - ::endgroup::
[2026-04-03T18:30:05.194+0000] {logging_mixin.py:188} INFO - 🔎 Fetching last processed ID from metadata...
[2026-04-03T18:30:05.213+0000] {logging_mixin.py:188} INFO - ✅ Successfully connected to MySQL.
[2026-04-03T18:30:05.215+0000] {logging_mixin.py:188} INFO - ⚠️ No processed ID found in metadata.
[2026-04-03T18:30:05.235+0000] {logging_mixin.py:188} INFO - ✅ Successfully connected to MySQL.
[2026-04-03T18:30:05.273+0000] {logging_mixin.py:188} INFO - 📝 Updating last processed ID to: 69d0072b588edf05611daba7
[2026-04-03T18:30:05.282+0000] {logging_mixin.py:188} INFO - ✅ Processed 273 documents. Last ID: 69d0072b588edf05611daba7
[2026-04-03T18:30:05.322+0000] {logging_mixin.py:188} INFO - 📝 Updating last processed ID to: 69d0072b588edf05611daf8f
[2026-04-03T18:30:05.330+0000] {logging_mixin.py:188} INFO - ✅ Processed 472 documents. Last ID: 69d0072b588edf05611daf8f
[2026-04-03T18:30:05.344+0000] {logging_mixin.py:188} INFO - 📝 Updating last processed ID to: 69d0072b588edf05611db236
[2026-04-03T18:30:05.352+0000] {logging_mixin.py:188} INFO - ✅ Processed 574 documents. Last ID: 69d0072b588edf05611db236
[2026-04-03T18:30:05.354+0000] {logging_mixin.py:188} INFO - ✅ No more documents to process.
[2026-04-03T18:30:05.355+0000] {logging_mixin.py:188} INFO - 🎉 Done! Total documents processed: 574
[2026-04-03T18:30:05.356+0000] {python.py:237} INFO - Done. Returned value was: None
[2026-04-03T18:30:05.357+0000] {taskinstance.py:441} INFO - ::group::Post task execution logs
[2026-04-03T18:30:05.380+0000] {taskinstance.py:1206} INFO - Marking task as SUCCESS. dag_id=kanji_counter, task_id=task_two, run_id=manual__2026-04-03T18:17:39.639080+00:00, execution_date=20260403T181739, start_date=20260403T183004, end_date=20260403T183005
[2026-04-03T18:30:05.412+0000] {local_task_job_runner.py:240} INFO - Task exited with return code 0
[2026-04-03T18:30:05.442+0000] {taskinstance.py:3498} INFO - 0 downstream tasks scheduled from follow-on schedule check
[2026-04-03T18:30:05.444+0000] {local_task_job_runner.py:222} INFO - ::endgroup::
